[2022-04-23 20:58:55,429] {taskinstance.py:1032} INFO - Dependencies all met for <TaskInstance: local_2_gcs_2_bq_dag.delete_dataset_task manual__2022-04-23T20:58:13.257581+00:00 [queued]>
[2022-04-23 20:58:55,455] {taskinstance.py:1032} INFO - Dependencies all met for <TaskInstance: local_2_gcs_2_bq_dag.delete_dataset_task manual__2022-04-23T20:58:13.257581+00:00 [queued]>
[2022-04-23 20:58:55,456] {taskinstance.py:1238} INFO - 
--------------------------------------------------------------------------------
[2022-04-23 20:58:55,458] {taskinstance.py:1239} INFO - Starting attempt 1 of 2
[2022-04-23 20:58:55,461] {taskinstance.py:1240} INFO - 
--------------------------------------------------------------------------------
[2022-04-23 20:58:55,495] {taskinstance.py:1259} INFO - Executing <Task(BashOperator): delete_dataset_task> on 2022-04-23 20:58:13.257581+00:00
[2022-04-23 20:58:55,511] {standard_task_runner.py:52} INFO - Started process 212 to run task
[2022-04-23 20:58:55,534] {standard_task_runner.py:76} INFO - Running: ['***', 'tasks', 'run', 'local_2_gcs_2_bq_dag', 'delete_dataset_task', 'manual__2022-04-23T20:58:13.257581+00:00', '--job-id', '12', '--raw', '--subdir', 'DAGS_FOLDER/download_2_gcs_dag.py', '--cfg-path', '/tmp/tmpfq7wna7u', '--error-file', '/tmp/tmpuy2h5zie']
[2022-04-23 20:58:55,537] {standard_task_runner.py:77} INFO - Job 12: Subtask delete_dataset_task
[2022-04-23 20:58:55,687] {logging_mixin.py:109} INFO - Running <TaskInstance: local_2_gcs_2_bq_dag.delete_dataset_task manual__2022-04-23T20:58:13.257581+00:00 [running]> on host dfdc12da349c
[2022-04-23 20:58:55,810] {taskinstance.py:1426} INFO - Exporting the following env vars:
AIRFLOW_CTX_DAG_OWNER=***
AIRFLOW_CTX_DAG_ID=local_2_gcs_2_bq_dag
AIRFLOW_CTX_TASK_ID=delete_dataset_task
AIRFLOW_CTX_EXECUTION_DATE=2022-04-23T20:58:13.257581+00:00
AIRFLOW_CTX_DAG_RUN_ID=manual__2022-04-23T20:58:13.257581+00:00
[2022-04-23 20:58:55,822] {subprocess.py:62} INFO - Tmp dir root location: 
 /tmp
[2022-04-23 20:58:55,827] {subprocess.py:74} INFO - Running command: ['bash', '-c', 'rm /opt/***/85ca-t3if.csv /opt/***/85ca-t3if.parquet']
[2022-04-23 20:58:55,870] {subprocess.py:85} INFO - Output:
[2022-04-23 20:58:55,892] {subprocess.py:93} INFO - Command exited with return code 0
[2022-04-23 20:58:55,957] {taskinstance.py:1277} INFO - Marking task as SUCCESS. dag_id=local_2_gcs_2_bq_dag, task_id=delete_dataset_task, execution_date=20220423T205813, start_date=20220423T205855, end_date=20220423T205855
[2022-04-23 20:58:56,029] {local_task_job.py:154} INFO - Task exited with return code 0
[2022-04-23 20:58:56,112] {local_task_job.py:264} INFO - 0 downstream tasks scheduled from follow-on schedule check
