[2022-05-01 15:40:55,907] {taskinstance.py:1032} INFO - Dependencies all met for <TaskInstance: local_gcs_sparkdataproc_bq_dag.download_local_and_upload_GCS.format_people_to_parquet_task scheduled__2022-05-01T00:00:00+00:00 [queued]>
[2022-05-01 15:40:56,343] {taskinstance.py:1032} INFO - Dependencies all met for <TaskInstance: local_gcs_sparkdataproc_bq_dag.download_local_and_upload_GCS.format_people_to_parquet_task scheduled__2022-05-01T00:00:00+00:00 [queued]>
[2022-05-01 15:40:56,346] {taskinstance.py:1238} INFO - 
--------------------------------------------------------------------------------
[2022-05-01 15:40:56,354] {taskinstance.py:1239} INFO - Starting attempt 1 of 2
[2022-05-01 15:40:56,361] {taskinstance.py:1240} INFO - 
--------------------------------------------------------------------------------
[2022-05-01 15:40:56,498] {taskinstance.py:1259} INFO - Executing <Task(PythonOperator): download_local_and_upload_GCS.format_people_to_parquet_task> on 2022-05-01 00:00:00+00:00
[2022-05-01 15:40:56,578] {standard_task_runner.py:52} INFO - Started process 987 to run task
[2022-05-01 15:40:56,711] {standard_task_runner.py:76} INFO - Running: ['***', 'tasks', 'run', 'local_gcs_sparkdataproc_bq_dag', 'download_local_and_upload_GCS.format_people_to_parquet_task', 'scheduled__2022-05-01T00:00:00+00:00', '--job-id', '19', '--raw', '--subdir', 'DAGS_FOLDER/final_dag.py', '--cfg-path', '/tmp/tmp1fhh4gsw', '--error-file', '/tmp/tmp12x7unrc']
[2022-05-01 15:40:56,724] {standard_task_runner.py:77} INFO - Job 19: Subtask download_local_and_upload_GCS.format_people_to_parquet_task
[2022-05-01 15:40:57,614] {logging_mixin.py:109} INFO - Running <TaskInstance: local_gcs_sparkdataproc_bq_dag.download_local_and_upload_GCS.format_people_to_parquet_task scheduled__2022-05-01T00:00:00+00:00 [running]> on host 97b9d78a285f
[2022-05-01 15:40:58,926] {taskinstance.py:1426} INFO - Exporting the following env vars:
AIRFLOW_CTX_DAG_OWNER=***
AIRFLOW_CTX_DAG_ID=local_gcs_sparkdataproc_bq_dag
AIRFLOW_CTX_TASK_ID=download_local_and_upload_GCS.format_people_to_parquet_task
AIRFLOW_CTX_EXECUTION_DATE=2022-05-01T00:00:00+00:00
AIRFLOW_CTX_DAG_RUN_ID=scheduled__2022-05-01T00:00:00+00:00
[2022-05-01 15:44:45,927] {python.py:175} INFO - Done. Returned value was: None
[2022-05-01 15:44:46,721] {taskinstance.py:1277} INFO - Marking task as SUCCESS. dag_id=local_gcs_sparkdataproc_bq_dag, task_id=download_local_and_upload_GCS.format_people_to_parquet_task, execution_date=20220501T000000, start_date=20220501T154055, end_date=20220501T154446
[2022-05-01 15:44:48,362] {local_task_job.py:154} INFO - Task exited with return code 0
[2022-05-01 15:44:49,404] {local_task_job.py:264} INFO - 0 downstream tasks scheduled from follow-on schedule check
