[2022-05-01 15:37:59,757] {taskinstance.py:1032} INFO - Dependencies all met for <TaskInstance: local_gcs_sparkdataproc_bq_dag.download_local_and_upload_GCS.download_crash_dataset_task scheduled__2022-05-01T00:00:00+00:00 [queued]>
[2022-05-01 15:37:59,973] {taskinstance.py:1032} INFO - Dependencies all met for <TaskInstance: local_gcs_sparkdataproc_bq_dag.download_local_and_upload_GCS.download_crash_dataset_task scheduled__2022-05-01T00:00:00+00:00 [queued]>
[2022-05-01 15:37:59,984] {taskinstance.py:1238} INFO - 
--------------------------------------------------------------------------------
[2022-05-01 15:37:59,987] {taskinstance.py:1239} INFO - Starting attempt 1 of 2
[2022-05-01 15:37:59,990] {taskinstance.py:1240} INFO - 
--------------------------------------------------------------------------------
[2022-05-01 15:38:00,221] {taskinstance.py:1259} INFO - Executing <Task(BashOperator): download_local_and_upload_GCS.download_crash_dataset_task> on 2022-05-01 00:00:00+00:00
[2022-05-01 15:38:00,348] {standard_task_runner.py:52} INFO - Started process 888 to run task
[2022-05-01 15:38:00,390] {standard_task_runner.py:76} INFO - Running: ['***', 'tasks', 'run', 'local_gcs_sparkdataproc_bq_dag', 'download_local_and_upload_GCS.download_crash_dataset_task', 'scheduled__2022-05-01T00:00:00+00:00', '--job-id', '15', '--raw', '--subdir', 'DAGS_FOLDER/final_dag.py', '--cfg-path', '/tmp/tmp_b8_upct', '--error-file', '/tmp/tmph_d75u_h']
[2022-05-01 15:38:00,418] {standard_task_runner.py:77} INFO - Job 15: Subtask download_local_and_upload_GCS.download_crash_dataset_task
[2022-05-01 15:38:01,026] {logging_mixin.py:109} INFO - Running <TaskInstance: local_gcs_sparkdataproc_bq_dag.download_local_and_upload_GCS.download_crash_dataset_task scheduled__2022-05-01T00:00:00+00:00 [running]> on host 97b9d78a285f
[2022-05-01 15:38:01,540] {taskinstance.py:1426} INFO - Exporting the following env vars:
AIRFLOW_CTX_DAG_OWNER=***
AIRFLOW_CTX_DAG_ID=local_gcs_sparkdataproc_bq_dag
AIRFLOW_CTX_TASK_ID=download_local_and_upload_GCS.download_crash_dataset_task
AIRFLOW_CTX_EXECUTION_DATE=2022-05-01T00:00:00+00:00
AIRFLOW_CTX_DAG_RUN_ID=scheduled__2022-05-01T00:00:00+00:00
[2022-05-01 15:38:01,550] {subprocess.py:62} INFO - Tmp dir root location: 
 /tmp
[2022-05-01 15:38:01,557] {subprocess.py:74} INFO - Running command: ['bash', '-c', 'curl -sS https://data.cityofchicago.org/api/views/85ca-t3if/rows.csv?accessType=DOWNLOAD > /opt/***/85ca-t3if.csv']
[2022-05-01 15:38:01,637] {subprocess.py:85} INFO - Output:
[2022-05-01 15:39:59,733] {subprocess.py:93} INFO - Command exited with return code 0
[2022-05-01 15:40:00,810] {taskinstance.py:1277} INFO - Marking task as SUCCESS. dag_id=local_gcs_sparkdataproc_bq_dag, task_id=download_local_and_upload_GCS.download_crash_dataset_task, execution_date=20220501T000000, start_date=20220501T153759, end_date=20220501T154000
[2022-05-01 15:40:01,368] {local_task_job.py:154} INFO - Task exited with return code 0
[2022-05-01 15:40:01,938] {local_task_job.py:264} INFO - 1 downstream tasks scheduled from follow-on schedule check
