[2022-04-24 00:58:44,987] {taskinstance.py:1032} INFO - Dependencies all met for <TaskInstance: local_2_gcs_2_bq_dag.download_dataset_task manual__2022-04-24T00:11:17.448389+00:00 [queued]>
[2022-04-24 00:58:45,016] {taskinstance.py:1032} INFO - Dependencies all met for <TaskInstance: local_2_gcs_2_bq_dag.download_dataset_task manual__2022-04-24T00:11:17.448389+00:00 [queued]>
[2022-04-24 00:58:45,019] {taskinstance.py:1238} INFO - 
--------------------------------------------------------------------------------
[2022-04-24 00:58:45,021] {taskinstance.py:1239} INFO - Starting attempt 2 of 3
[2022-04-24 00:58:45,022] {taskinstance.py:1240} INFO - 
--------------------------------------------------------------------------------
[2022-04-24 00:58:45,054] {taskinstance.py:1259} INFO - Executing <Task(BashOperator): download_dataset_task> on 2022-04-24 00:11:17.448389+00:00
[2022-04-24 00:58:45,076] {standard_task_runner.py:52} INFO - Started process 2926 to run task
[2022-04-24 00:58:45,086] {standard_task_runner.py:76} INFO - Running: ['***', 'tasks', 'run', 'local_2_gcs_2_bq_dag', 'download_dataset_task', 'manual__2022-04-24T00:11:17.448389+00:00', '--job-id', '27', '--raw', '--subdir', 'DAGS_FOLDER/download_2_gcs_dag_V2.py', '--cfg-path', '/tmp/tmpirk9khfo', '--error-file', '/tmp/tmpofjiedl7']
[2022-04-24 00:58:45,091] {standard_task_runner.py:77} INFO - Job 27: Subtask download_dataset_task
[2022-04-24 00:58:45,281] {logging_mixin.py:109} INFO - Running <TaskInstance: local_2_gcs_2_bq_dag.download_dataset_task manual__2022-04-24T00:11:17.448389+00:00 [running]> on host 65283f82c270
[2022-04-24 00:58:45,405] {taskinstance.py:1426} INFO - Exporting the following env vars:
AIRFLOW_CTX_DAG_OWNER=***
AIRFLOW_CTX_DAG_ID=local_2_gcs_2_bq_dag
AIRFLOW_CTX_TASK_ID=download_dataset_task
AIRFLOW_CTX_EXECUTION_DATE=2022-04-24T00:11:17.448389+00:00
AIRFLOW_CTX_DAG_RUN_ID=manual__2022-04-24T00:11:17.448389+00:00
[2022-04-24 00:58:45,415] {subprocess.py:62} INFO - Tmp dir root location: 
 /tmp
[2022-04-24 00:58:45,424] {subprocess.py:74} INFO - Running command: ['bash', '-c', 'curl -sS https://data.cityofchicago.org/resource/u6pd-qa9d.csv > /opt/***/u6pd-qa9d.csv']
[2022-04-24 00:58:45,462] {subprocess.py:85} INFO - Output:
[2022-04-24 00:58:47,369] {subprocess.py:93} INFO - Command exited with return code 0
[2022-04-24 00:58:47,422] {taskinstance.py:1277} INFO - Marking task as SUCCESS. dag_id=local_2_gcs_2_bq_dag, task_id=download_dataset_task, execution_date=20220424T001117, start_date=20220424T005844, end_date=20220424T005847
[2022-04-24 00:58:47,510] {local_task_job.py:154} INFO - Task exited with return code 0
[2022-04-24 00:58:47,606] {local_task_job.py:264} INFO - 1 downstream tasks scheduled from follow-on schedule check
