[2022-04-23 20:17:35,489] {taskinstance.py:1032} INFO - Dependencies all met for <TaskInstance: local_2_gcs_2_bq_dag.format_to_parquet_task manual__2022-04-23T20:11:58.987417+00:00 [queued]>
[2022-04-23 20:17:35,543] {taskinstance.py:1032} INFO - Dependencies all met for <TaskInstance: local_2_gcs_2_bq_dag.format_to_parquet_task manual__2022-04-23T20:11:58.987417+00:00 [queued]>
[2022-04-23 20:17:35,545] {taskinstance.py:1238} INFO - 
--------------------------------------------------------------------------------
[2022-04-23 20:17:35,548] {taskinstance.py:1239} INFO - Starting attempt 1 of 2
[2022-04-23 20:17:35,552] {taskinstance.py:1240} INFO - 
--------------------------------------------------------------------------------
[2022-04-23 20:17:35,595] {taskinstance.py:1259} INFO - Executing <Task(PythonOperator): format_to_parquet_task> on 2022-04-23 20:11:58.987417+00:00
[2022-04-23 20:17:35,616] {standard_task_runner.py:52} INFO - Started process 415 to run task
[2022-04-23 20:17:35,649] {standard_task_runner.py:76} INFO - Running: ['***', 'tasks', 'run', 'local_2_gcs_2_bq_dag', 'format_to_parquet_task', 'manual__2022-04-23T20:11:58.987417+00:00', '--job-id', '9', '--raw', '--subdir', 'DAGS_FOLDER/download_2_gcs_dag.py', '--cfg-path', '/tmp/tmp6u48h0oq', '--error-file', '/tmp/tmp9uptvvd_']
[2022-04-23 20:17:35,656] {standard_task_runner.py:77} INFO - Job 9: Subtask format_to_parquet_task
[2022-04-23 20:17:35,839] {logging_mixin.py:109} INFO - Running <TaskInstance: local_2_gcs_2_bq_dag.format_to_parquet_task manual__2022-04-23T20:11:58.987417+00:00 [running]> on host 96670acc8582
[2022-04-23 20:17:35,963] {taskinstance.py:1426} INFO - Exporting the following env vars:
AIRFLOW_CTX_DAG_OWNER=***
AIRFLOW_CTX_DAG_ID=local_2_gcs_2_bq_dag
AIRFLOW_CTX_TASK_ID=format_to_parquet_task
AIRFLOW_CTX_EXECUTION_DATE=2022-04-23T20:11:58.987417+00:00
AIRFLOW_CTX_DAG_RUN_ID=manual__2022-04-23T20:11:58.987417+00:00
[2022-04-23 20:17:36,429] {python.py:175} INFO - Done. Returned value was: None
[2022-04-23 20:17:36,471] {taskinstance.py:1277} INFO - Marking task as SUCCESS. dag_id=local_2_gcs_2_bq_dag, task_id=format_to_parquet_task, execution_date=20220423T201158, start_date=20220423T201735, end_date=20220423T201736
[2022-04-23 20:17:36,695] {local_task_job.py:154} INFO - Task exited with return code 0
[2022-04-23 20:17:36,900] {local_task_job.py:264} INFO - 1 downstream tasks scheduled from follow-on schedule check
