[2022-04-24 00:11:27,729] {taskinstance.py:1032} INFO - Dependencies all met for <TaskInstance: local_2_gcs_2_bq_dag.download_dataset_task scheduled__2022-04-23T00:00:00+00:00 [queued]>
[2022-04-24 00:11:27,752] {taskinstance.py:1032} INFO - Dependencies all met for <TaskInstance: local_2_gcs_2_bq_dag.download_dataset_task scheduled__2022-04-23T00:00:00+00:00 [queued]>
[2022-04-24 00:11:27,754] {taskinstance.py:1238} INFO - 
--------------------------------------------------------------------------------
[2022-04-24 00:11:27,756] {taskinstance.py:1239} INFO - Starting attempt 1 of 2
[2022-04-24 00:11:27,757] {taskinstance.py:1240} INFO - 
--------------------------------------------------------------------------------
[2022-04-24 00:11:27,777] {taskinstance.py:1259} INFO - Executing <Task(BashOperator): download_dataset_task> on 2022-04-23 00:00:00+00:00
[2022-04-24 00:11:27,790] {standard_task_runner.py:52} INFO - Started process 973 to run task
[2022-04-24 00:11:27,803] {standard_task_runner.py:76} INFO - Running: ['***', 'tasks', 'run', 'local_2_gcs_2_bq_dag', 'download_dataset_task', 'scheduled__2022-04-23T00:00:00+00:00', '--job-id', '7', '--raw', '--subdir', 'DAGS_FOLDER/download_2_gcs_dag_V2.py', '--cfg-path', '/tmp/tmpg13v9h43', '--error-file', '/tmp/tmpqqjdlr9a']
[2022-04-24 00:11:27,807] {standard_task_runner.py:77} INFO - Job 7: Subtask download_dataset_task
[2022-04-24 00:11:27,900] {logging_mixin.py:109} INFO - Running <TaskInstance: local_2_gcs_2_bq_dag.download_dataset_task scheduled__2022-04-23T00:00:00+00:00 [running]> on host 65283f82c270
[2022-04-24 00:11:28,004] {taskinstance.py:1426} INFO - Exporting the following env vars:
AIRFLOW_CTX_DAG_OWNER=***
AIRFLOW_CTX_DAG_ID=local_2_gcs_2_bq_dag
AIRFLOW_CTX_TASK_ID=download_dataset_task
AIRFLOW_CTX_EXECUTION_DATE=2022-04-23T00:00:00+00:00
AIRFLOW_CTX_DAG_RUN_ID=scheduled__2022-04-23T00:00:00+00:00
[2022-04-24 00:11:28,013] {subprocess.py:62} INFO - Tmp dir root location: 
 /tmp
[2022-04-24 00:11:28,017] {subprocess.py:74} INFO - Running command: ['bash', '-c', 'curl -sS https://data.cityofchicago.org/resource/u6pd-qa9d.csv > /opt/***/u6pd-qa9d.csv']
[2022-04-24 00:11:28,040] {subprocess.py:85} INFO - Output:
[2022-04-24 00:11:30,168] {subprocess.py:93} INFO - Command exited with return code 0
[2022-04-24 00:11:30,251] {taskinstance.py:1277} INFO - Marking task as SUCCESS. dag_id=local_2_gcs_2_bq_dag, task_id=download_dataset_task, execution_date=20220423T000000, start_date=20220424T001127, end_date=20220424T001130
[2022-04-24 00:11:30,328] {local_task_job.py:154} INFO - Task exited with return code 0
[2022-04-24 00:11:30,475] {local_task_job.py:264} INFO - 1 downstream tasks scheduled from follow-on schedule check
