[2022-04-24 00:55:33,764] {taskinstance.py:1032} INFO - Dependencies all met for <TaskInstance: local_2_gcs_2_bq_dag.download_dataset_task scheduled__2022-04-23T00:00:00+00:00 [queued]>
[2022-04-24 00:55:33,797] {taskinstance.py:1032} INFO - Dependencies all met for <TaskInstance: local_2_gcs_2_bq_dag.download_dataset_task scheduled__2022-04-23T00:00:00+00:00 [queued]>
[2022-04-24 00:55:33,798] {taskinstance.py:1238} INFO - 
--------------------------------------------------------------------------------
[2022-04-24 00:55:33,800] {taskinstance.py:1239} INFO - Starting attempt 3 of 4
[2022-04-24 00:55:33,801] {taskinstance.py:1240} INFO - 
--------------------------------------------------------------------------------
[2022-04-24 00:55:33,829] {taskinstance.py:1259} INFO - Executing <Task(BashOperator): download_dataset_task> on 2022-04-23 00:00:00+00:00
[2022-04-24 00:55:33,851] {standard_task_runner.py:52} INFO - Started process 2802 to run task
[2022-04-24 00:55:33,882] {standard_task_runner.py:76} INFO - Running: ['***', 'tasks', 'run', 'local_2_gcs_2_bq_dag', 'download_dataset_task', 'scheduled__2022-04-23T00:00:00+00:00', '--job-id', '22', '--raw', '--subdir', 'DAGS_FOLDER/download_2_gcs_dag_V2.py', '--cfg-path', '/tmp/tmpbz03chxr', '--error-file', '/tmp/tmp21pj1aej']
[2022-04-24 00:55:33,885] {standard_task_runner.py:77} INFO - Job 22: Subtask download_dataset_task
[2022-04-24 00:55:34,127] {logging_mixin.py:109} INFO - Running <TaskInstance: local_2_gcs_2_bq_dag.download_dataset_task scheduled__2022-04-23T00:00:00+00:00 [running]> on host 65283f82c270
[2022-04-24 00:55:34,456] {taskinstance.py:1426} INFO - Exporting the following env vars:
AIRFLOW_CTX_DAG_OWNER=***
AIRFLOW_CTX_DAG_ID=local_2_gcs_2_bq_dag
AIRFLOW_CTX_TASK_ID=download_dataset_task
AIRFLOW_CTX_EXECUTION_DATE=2022-04-23T00:00:00+00:00
AIRFLOW_CTX_DAG_RUN_ID=scheduled__2022-04-23T00:00:00+00:00
[2022-04-24 00:55:34,461] {subprocess.py:62} INFO - Tmp dir root location: 
 /tmp
[2022-04-24 00:55:34,465] {subprocess.py:74} INFO - Running command: ['bash', '-c', 'curl -sS https://data.cityofchicago.org/resource/u6pd-qa9d.csv > /opt/***/u6pd-qa9d.csv']
[2022-04-24 00:55:34,503] {subprocess.py:85} INFO - Output:
[2022-04-24 00:55:36,831] {subprocess.py:93} INFO - Command exited with return code 0
[2022-04-24 00:55:36,974] {taskinstance.py:1277} INFO - Marking task as SUCCESS. dag_id=local_2_gcs_2_bq_dag, task_id=download_dataset_task, execution_date=20220423T000000, start_date=20220424T005533, end_date=20220424T005536
[2022-04-24 00:55:37,089] {local_task_job.py:154} INFO - Task exited with return code 0
[2022-04-24 00:55:37,244] {local_task_job.py:264} INFO - 1 downstream tasks scheduled from follow-on schedule check
