[2022-04-23 20:58:47,325] {taskinstance.py:1032} INFO - Dependencies all met for <TaskInstance: local_2_gcs_2_bq_dag.local_to_gcs_task manual__2022-04-23T20:58:13.257581+00:00 [queued]>
[2022-04-23 20:58:47,347] {taskinstance.py:1032} INFO - Dependencies all met for <TaskInstance: local_2_gcs_2_bq_dag.local_to_gcs_task manual__2022-04-23T20:58:13.257581+00:00 [queued]>
[2022-04-23 20:58:47,349] {taskinstance.py:1238} INFO - 
--------------------------------------------------------------------------------
[2022-04-23 20:58:47,351] {taskinstance.py:1239} INFO - Starting attempt 1 of 2
[2022-04-23 20:58:47,353] {taskinstance.py:1240} INFO - 
--------------------------------------------------------------------------------
[2022-04-23 20:58:47,383] {taskinstance.py:1259} INFO - Executing <Task(PythonOperator): local_to_gcs_task> on 2022-04-23 20:58:13.257581+00:00
[2022-04-23 20:58:47,397] {standard_task_runner.py:52} INFO - Started process 206 to run task
[2022-04-23 20:58:47,416] {standard_task_runner.py:76} INFO - Running: ['***', 'tasks', 'run', 'local_2_gcs_2_bq_dag', 'local_to_gcs_task', 'manual__2022-04-23T20:58:13.257581+00:00', '--job-id', '10', '--raw', '--subdir', 'DAGS_FOLDER/download_2_gcs_dag.py', '--cfg-path', '/tmp/tmp4e1xtexf', '--error-file', '/tmp/tmpwmallen7']
[2022-04-23 20:58:47,419] {standard_task_runner.py:77} INFO - Job 10: Subtask local_to_gcs_task
[2022-04-23 20:58:47,535] {logging_mixin.py:109} INFO - Running <TaskInstance: local_2_gcs_2_bq_dag.local_to_gcs_task manual__2022-04-23T20:58:13.257581+00:00 [running]> on host dfdc12da349c
[2022-04-23 20:58:47,749] {taskinstance.py:1426} INFO - Exporting the following env vars:
AIRFLOW_CTX_DAG_OWNER=***
AIRFLOW_CTX_DAG_ID=local_2_gcs_2_bq_dag
AIRFLOW_CTX_TASK_ID=local_to_gcs_task
AIRFLOW_CTX_EXECUTION_DATE=2022-04-23T20:58:13.257581+00:00
AIRFLOW_CTX_DAG_RUN_ID=manual__2022-04-23T20:58:13.257581+00:00
[2022-04-23 20:58:48,228] {python.py:175} INFO - Done. Returned value was: None
[2022-04-23 20:58:48,275] {taskinstance.py:1277} INFO - Marking task as SUCCESS. dag_id=local_2_gcs_2_bq_dag, task_id=local_to_gcs_task, execution_date=20220423T205813, start_date=20220423T205847, end_date=20220423T205848
[2022-04-23 20:58:48,343] {local_task_job.py:154} INFO - Task exited with return code 0
[2022-04-23 20:58:48,480] {local_task_job.py:264} INFO - 1 downstream tasks scheduled from follow-on schedule check
