[2022-04-30 23:45:31,024] {taskinstance.py:1032} INFO - Dependencies all met for <TaskInstance: dataproc_bqext_bqpart_dag.bq_create_partitioned_table_task manual__2022-04-30T23:39:40.736273+00:00 [queued]>
[2022-04-30 23:45:31,145] {taskinstance.py:1032} INFO - Dependencies all met for <TaskInstance: dataproc_bqext_bqpart_dag.bq_create_partitioned_table_task manual__2022-04-30T23:39:40.736273+00:00 [queued]>
[2022-04-30 23:45:31,150] {taskinstance.py:1238} INFO - 
--------------------------------------------------------------------------------
[2022-04-30 23:45:31,160] {taskinstance.py:1239} INFO - Starting attempt 1 of 2
[2022-04-30 23:45:31,167] {taskinstance.py:1240} INFO - 
--------------------------------------------------------------------------------
[2022-04-30 23:45:31,263] {taskinstance.py:1259} INFO - Executing <Task(BigQueryInsertJobOperator): bq_create_partitioned_table_task> on 2022-04-30 23:39:40.736273+00:00
[2022-04-30 23:45:31,326] {standard_task_runner.py:52} INFO - Started process 449 to run task
[2022-04-30 23:45:31,366] {standard_task_runner.py:76} INFO - Running: ['***', 'tasks', 'run', 'dataproc_bqext_bqpart_dag', 'bq_create_partitioned_table_task', 'manual__2022-04-30T23:39:40.736273+00:00', '--job-id', '7', '--raw', '--subdir', 'DAGS_FOLDER/dataproc_spark_dagv3.py', '--cfg-path', '/tmp/tmpwyhj9red', '--error-file', '/tmp/tmpgxxyf1vv']
[2022-04-30 23:45:31,387] {standard_task_runner.py:77} INFO - Job 7: Subtask bq_create_partitioned_table_task
[2022-04-30 23:45:31,674] {logging_mixin.py:109} INFO - Running <TaskInstance: dataproc_bqext_bqpart_dag.bq_create_partitioned_table_task manual__2022-04-30T23:39:40.736273+00:00 [running]> on host 87df04080a08
[2022-04-30 23:45:31,908] {taskinstance.py:1426} INFO - Exporting the following env vars:
AIRFLOW_CTX_DAG_OWNER=***
AIRFLOW_CTX_DAG_ID=dataproc_bqext_bqpart_dag
AIRFLOW_CTX_TASK_ID=bq_create_partitioned_table_task
AIRFLOW_CTX_EXECUTION_DATE=2022-04-30T23:39:40.736273+00:00
AIRFLOW_CTX_DAG_RUN_ID=manual__2022-04-30T23:39:40.736273+00:00
[2022-04-30 23:45:31,913] {crypto.py:82} WARNING - empty cryptography key - values will not be stored encrypted.
[2022-04-30 23:45:31,926] {warnings.py:110} WARNING - /home/***/.local/lib/python3.7/site-packages/***/utils/context.py:152: AirflowContextDeprecationWarning: Accessing 'execution_date' from the template is deprecated and will be removed in a future version. Please use 'data_interval_start' or 'logical_date' instead.
  warnings.warn(_create_deprecation_warning(key, self._deprecation_replacements[key]))

[2022-04-30 23:45:31,978] {bigquery.py:1637} INFO - Inserting job ***_dataproc_bqext_bqpart_dag_bq_create_partitioned_table_task_2022_04_30T23_39_40_736273_00_00_d22d10cae59025f1c5a32bda03ffec35
[2022-04-30 23:45:51,186] {taskinstance.py:1277} INFO - Marking task as SUCCESS. dag_id=dataproc_bqext_bqpart_dag, task_id=bq_create_partitioned_table_task, execution_date=20220430T233940, start_date=20220430T234531, end_date=20220430T234551
[2022-04-30 23:45:51,289] {local_task_job.py:154} INFO - Task exited with return code 0
[2022-04-30 23:45:51,448] {local_task_job.py:264} INFO - 1 downstream tasks scheduled from follow-on schedule check
