[2022-04-24 22:52:08,851] {taskinstance.py:1032} INFO - Dependencies all met for <TaskInstance: local_2_gcs_2_bq_dag.vehicles_local_to_gcs_task manual__2022-04-24T22:27:24.245486+00:00 [queued]>
[2022-04-24 22:52:08,923] {taskinstance.py:1032} INFO - Dependencies all met for <TaskInstance: local_2_gcs_2_bq_dag.vehicles_local_to_gcs_task manual__2022-04-24T22:27:24.245486+00:00 [queued]>
[2022-04-24 22:52:08,926] {taskinstance.py:1238} INFO - 
--------------------------------------------------------------------------------
[2022-04-24 22:52:08,931] {taskinstance.py:1239} INFO - Starting attempt 3 of 4
[2022-04-24 22:52:08,933] {taskinstance.py:1240} INFO - 
--------------------------------------------------------------------------------
[2022-04-24 22:52:09,024] {taskinstance.py:1259} INFO - Executing <Task(PythonOperator): vehicles_local_to_gcs_task> on 2022-04-24 22:27:24.245486+00:00
[2022-04-24 22:52:09,056] {standard_task_runner.py:52} INFO - Started process 1488 to run task
[2022-04-24 22:52:09,098] {standard_task_runner.py:76} INFO - Running: ['***', 'tasks', 'run', 'local_2_gcs_2_bq_dag', 'vehicles_local_to_gcs_task', 'manual__2022-04-24T22:27:24.245486+00:00', '--job-id', '101', '--raw', '--subdir', 'DAGS_FOLDER/download_2_gcs_dag_V3.py', '--cfg-path', '/tmp/tmpvxl3n345', '--error-file', '/tmp/tmpkxkjsdj4']
[2022-04-24 22:52:09,116] {standard_task_runner.py:77} INFO - Job 101: Subtask vehicles_local_to_gcs_task
[2022-04-24 22:52:09,737] {logging_mixin.py:109} INFO - Running <TaskInstance: local_2_gcs_2_bq_dag.vehicles_local_to_gcs_task manual__2022-04-24T22:27:24.245486+00:00 [running]> on host 2bdc5459fc64
[2022-04-24 22:52:10,205] {taskinstance.py:1426} INFO - Exporting the following env vars:
AIRFLOW_CTX_DAG_OWNER=***
AIRFLOW_CTX_DAG_ID=local_2_gcs_2_bq_dag
AIRFLOW_CTX_TASK_ID=vehicles_local_to_gcs_task
AIRFLOW_CTX_EXECUTION_DATE=2022-04-24T22:27:24.245486+00:00
AIRFLOW_CTX_DAG_RUN_ID=manual__2022-04-24T22:27:24.245486+00:00
[2022-04-24 22:55:17,261] {python.py:175} INFO - Done. Returned value was: None
[2022-04-24 22:55:17,319] {taskinstance.py:1277} INFO - Marking task as SUCCESS. dag_id=local_2_gcs_2_bq_dag, task_id=vehicles_local_to_gcs_task, execution_date=20220424T222724, start_date=20220424T225208, end_date=20220424T225517
[2022-04-24 22:55:17,387] {local_task_job.py:154} INFO - Task exited with return code 0
[2022-04-24 22:55:17,432] {local_task_job.py:264} INFO - 0 downstream tasks scheduled from follow-on schedule check
