[2022-04-24 23:22:14,582] {taskinstance.py:1032} INFO - Dependencies all met for <TaskInstance: local_2_gcs_2_bq_dag.vehicles_local_to_gcs_task manual__2022-04-24T22:27:24.245486+00:00 [queued]>
[2022-04-24 23:22:14,694] {taskinstance.py:1032} INFO - Dependencies all met for <TaskInstance: local_2_gcs_2_bq_dag.vehicles_local_to_gcs_task manual__2022-04-24T22:27:24.245486+00:00 [queued]>
[2022-04-24 23:22:14,695] {taskinstance.py:1238} INFO - 
--------------------------------------------------------------------------------
[2022-04-24 23:22:14,700] {taskinstance.py:1239} INFO - Starting attempt 4 of 5
[2022-04-24 23:22:14,702] {taskinstance.py:1240} INFO - 
--------------------------------------------------------------------------------
[2022-04-24 23:22:14,758] {taskinstance.py:1259} INFO - Executing <Task(PythonOperator): vehicles_local_to_gcs_task> on 2022-04-24 22:27:24.245486+00:00
[2022-04-24 23:22:14,804] {standard_task_runner.py:52} INFO - Started process 2799 to run task
[2022-04-24 23:22:14,838] {standard_task_runner.py:76} INFO - Running: ['***', 'tasks', 'run', 'local_2_gcs_2_bq_dag', 'vehicles_local_to_gcs_task', 'manual__2022-04-24T22:27:24.245486+00:00', '--job-id', '117', '--raw', '--subdir', 'DAGS_FOLDER/download_2_gcs_dag_V3.py', '--cfg-path', '/tmp/tmpe_wt7yc8', '--error-file', '/tmp/tmpicawfbv1']
[2022-04-24 23:22:14,847] {standard_task_runner.py:77} INFO - Job 117: Subtask vehicles_local_to_gcs_task
[2022-04-24 23:22:15,211] {logging_mixin.py:109} INFO - Running <TaskInstance: local_2_gcs_2_bq_dag.vehicles_local_to_gcs_task manual__2022-04-24T22:27:24.245486+00:00 [running]> on host 2bdc5459fc64
[2022-04-24 23:22:15,800] {taskinstance.py:1426} INFO - Exporting the following env vars:
AIRFLOW_CTX_DAG_OWNER=***
AIRFLOW_CTX_DAG_ID=local_2_gcs_2_bq_dag
AIRFLOW_CTX_TASK_ID=vehicles_local_to_gcs_task
AIRFLOW_CTX_EXECUTION_DATE=2022-04-24T22:27:24.245486+00:00
AIRFLOW_CTX_DAG_RUN_ID=manual__2022-04-24T22:27:24.245486+00:00
[2022-04-24 23:25:47,992] {python.py:175} INFO - Done. Returned value was: None
[2022-04-24 23:25:48,025] {taskinstance.py:1277} INFO - Marking task as SUCCESS. dag_id=local_2_gcs_2_bq_dag, task_id=vehicles_local_to_gcs_task, execution_date=20220424T222724, start_date=20220424T232214, end_date=20220424T232548
[2022-04-24 23:25:48,140] {local_task_job.py:154} INFO - Task exited with return code 0
[2022-04-24 23:25:48,243] {local_task_job.py:264} INFO - 0 downstream tasks scheduled from follow-on schedule check
