[2022-04-25 00:28:24,823] {taskinstance.py:1032} INFO - Dependencies all met for <TaskInstance: local_2_gcs_2_bq_dag.vehicles_local_to_gcs_task manual__2022-04-24T22:27:24.245486+00:00 [queued]>
[2022-04-25 00:28:25,091] {taskinstance.py:1032} INFO - Dependencies all met for <TaskInstance: local_2_gcs_2_bq_dag.vehicles_local_to_gcs_task manual__2022-04-24T22:27:24.245486+00:00 [queued]>
[2022-04-25 00:28:25,095] {taskinstance.py:1238} INFO - 
--------------------------------------------------------------------------------
[2022-04-25 00:28:25,108] {taskinstance.py:1239} INFO - Starting attempt 7 of 8
[2022-04-25 00:28:25,112] {taskinstance.py:1240} INFO - 
--------------------------------------------------------------------------------
[2022-04-25 00:28:25,322] {taskinstance.py:1259} INFO - Executing <Task(PythonOperator): vehicles_local_to_gcs_task> on 2022-04-24 22:27:24.245486+00:00
[2022-04-25 00:28:25,365] {standard_task_runner.py:52} INFO - Started process 5662 to run task
[2022-04-25 00:28:25,426] {standard_task_runner.py:76} INFO - Running: ['***', 'tasks', 'run', 'local_2_gcs_2_bq_dag', 'vehicles_local_to_gcs_task', 'manual__2022-04-24T22:27:24.245486+00:00', '--job-id', '162', '--raw', '--subdir', 'DAGS_FOLDER/download_2_gcs_dag_V3.py', '--cfg-path', '/tmp/tmp1zxo7a7o', '--error-file', '/tmp/tmpxf98d92q']
[2022-04-25 00:28:25,432] {standard_task_runner.py:77} INFO - Job 162: Subtask vehicles_local_to_gcs_task
[2022-04-25 00:28:26,289] {logging_mixin.py:109} INFO - Running <TaskInstance: local_2_gcs_2_bq_dag.vehicles_local_to_gcs_task manual__2022-04-24T22:27:24.245486+00:00 [running]> on host 2bdc5459fc64
[2022-04-25 00:28:27,206] {taskinstance.py:1426} INFO - Exporting the following env vars:
AIRFLOW_CTX_DAG_OWNER=***
AIRFLOW_CTX_DAG_ID=local_2_gcs_2_bq_dag
AIRFLOW_CTX_TASK_ID=vehicles_local_to_gcs_task
AIRFLOW_CTX_EXECUTION_DATE=2022-04-24T22:27:24.245486+00:00
AIRFLOW_CTX_DAG_RUN_ID=manual__2022-04-24T22:27:24.245486+00:00
[2022-04-25 00:30:01,915] {python.py:175} INFO - Done. Returned value was: None
[2022-04-25 00:30:02,779] {taskinstance.py:1277} INFO - Marking task as SUCCESS. dag_id=local_2_gcs_2_bq_dag, task_id=vehicles_local_to_gcs_task, execution_date=20220424T222724, start_date=20220425T002824, end_date=20220425T003002
[2022-04-25 00:30:03,346] {local_task_job.py:154} INFO - Task exited with return code 0
[2022-04-25 00:30:03,845] {local_task_job.py:264} INFO - 0 downstream tasks scheduled from follow-on schedule check
