[2022-04-30 22:47:53,790] {taskinstance.py:1032} INFO - Dependencies all met for <TaskInstance: dataproc_bqext_bqpart_dag.spark_transform_sparksubmit manual__2022-04-30T02:41:16.885061+00:00 [queued]>
[2022-04-30 22:47:53,812] {taskinstance.py:1032} INFO - Dependencies all met for <TaskInstance: dataproc_bqext_bqpart_dag.spark_transform_sparksubmit manual__2022-04-30T02:41:16.885061+00:00 [queued]>
[2022-04-30 22:47:53,814] {taskinstance.py:1238} INFO - 
--------------------------------------------------------------------------------
[2022-04-30 22:47:53,816] {taskinstance.py:1239} INFO - Starting attempt 2 of 3
[2022-04-30 22:47:53,818] {taskinstance.py:1240} INFO - 
--------------------------------------------------------------------------------
[2022-04-30 22:47:53,842] {taskinstance.py:1259} INFO - Executing <Task(DataprocSubmitJobOperator): spark_transform_sparksubmit> on 2022-04-30 02:41:16.885061+00:00
[2022-04-30 22:47:53,861] {standard_task_runner.py:52} INFO - Started process 274 to run task
[2022-04-30 22:47:53,867] {standard_task_runner.py:76} INFO - Running: ['***', 'tasks', 'run', 'dataproc_bqext_bqpart_dag', 'spark_transform_sparksubmit', 'manual__2022-04-30T02:41:16.885061+00:00', '--job-id', '19', '--raw', '--subdir', 'DAGS_FOLDER/dataproc_spark_dagv3.py', '--cfg-path', '/tmp/tmp1oq9rr_o', '--error-file', '/tmp/tmpcwpxqv6q']
[2022-04-30 22:47:53,870] {standard_task_runner.py:77} INFO - Job 19: Subtask spark_transform_sparksubmit
[2022-04-30 22:47:53,968] {logging_mixin.py:109} INFO - Running <TaskInstance: dataproc_bqext_bqpart_dag.spark_transform_sparksubmit manual__2022-04-30T02:41:16.885061+00:00 [running]> on host 5836c044666c
[2022-04-30 22:47:54,066] {taskinstance.py:1426} INFO - Exporting the following env vars:
AIRFLOW_CTX_DAG_OWNER=***
AIRFLOW_CTX_DAG_ID=dataproc_bqext_bqpart_dag
AIRFLOW_CTX_TASK_ID=spark_transform_sparksubmit
AIRFLOW_CTX_EXECUTION_DATE=2022-04-30T02:41:16.885061+00:00
AIRFLOW_CTX_DAG_RUN_ID=manual__2022-04-30T02:41:16.885061+00:00
[2022-04-30 22:47:54,068] {dataproc.py:1997} INFO - Submitting job
[2022-04-30 22:47:54,071] {crypto.py:82} WARNING - empty cryptography key - values will not be stored encrypted.
[2022-04-30 22:47:54,386] {dataproc.py:2009} INFO - Job c5fffb13-618d-4248-bc2f-a36305391683 submitted successfully.
[2022-04-30 22:47:54,434] {dataproc.py:2022} INFO - Waiting for job c5fffb13-618d-4248-bc2f-a36305391683 to complete
[2022-04-30 22:49:46,801] {dataproc.py:2026} INFO - Job c5fffb13-618d-4248-bc2f-a36305391683 completed successfully.
[2022-04-30 22:49:46,846] {taskinstance.py:1277} INFO - Marking task as SUCCESS. dag_id=dataproc_bqext_bqpart_dag, task_id=spark_transform_sparksubmit, execution_date=20220430T024116, start_date=20220430T224753, end_date=20220430T224946
[2022-04-30 22:49:46,998] {local_task_job.py:154} INFO - Task exited with return code 0
[2022-04-30 22:49:47,161] {local_task_job.py:264} INFO - 1 downstream tasks scheduled from follow-on schedule check
