[2022-05-01 00:00:05,869] {taskinstance.py:1032} INFO - Dependencies all met for <TaskInstance: dataproc_bqext_bqpart_dag.create_dataproc_cluster scheduled__2022-04-30T00:00:00+00:00 [queued]>
[2022-05-01 00:00:05,918] {taskinstance.py:1032} INFO - Dependencies all met for <TaskInstance: dataproc_bqext_bqpart_dag.create_dataproc_cluster scheduled__2022-04-30T00:00:00+00:00 [queued]>
[2022-05-01 00:00:05,920] {taskinstance.py:1238} INFO - 
--------------------------------------------------------------------------------
[2022-05-01 00:00:05,925] {taskinstance.py:1239} INFO - Starting attempt 1 of 2
[2022-05-01 00:00:05,929] {taskinstance.py:1240} INFO - 
--------------------------------------------------------------------------------
[2022-05-01 00:00:06,144] {taskinstance.py:1259} INFO - Executing <Task(DataprocCreateClusterOperator): create_dataproc_cluster> on 2022-04-30 00:00:00+00:00
[2022-05-01 00:00:06,180] {standard_task_runner.py:52} INFO - Started process 917 to run task
[2022-05-01 00:00:06,204] {standard_task_runner.py:76} INFO - Running: ['***', 'tasks', 'run', 'dataproc_bqext_bqpart_dag', 'create_dataproc_cluster', 'scheduled__2022-04-30T00:00:00+00:00', '--job-id', '10', '--raw', '--subdir', 'DAGS_FOLDER/dataproc_spark_dagv3.py', '--cfg-path', '/tmp/tmps3pgxzbw', '--error-file', '/tmp/tmpu3vwtnqi']
[2022-05-01 00:00:06,212] {standard_task_runner.py:77} INFO - Job 10: Subtask create_dataproc_cluster
[2022-05-01 00:00:06,889] {logging_mixin.py:109} INFO - Running <TaskInstance: dataproc_bqext_bqpart_dag.create_dataproc_cluster scheduled__2022-04-30T00:00:00+00:00 [running]> on host 87df04080a08
[2022-05-01 00:00:07,627] {taskinstance.py:1426} INFO - Exporting the following env vars:
AIRFLOW_CTX_DAG_OWNER=***
AIRFLOW_CTX_DAG_ID=dataproc_bqext_bqpart_dag
AIRFLOW_CTX_TASK_ID=create_dataproc_cluster
AIRFLOW_CTX_EXECUTION_DATE=2022-04-30T00:00:00+00:00
AIRFLOW_CTX_DAG_RUN_ID=scheduled__2022-04-30T00:00:00+00:00
[2022-05-01 00:00:07,641] {dataproc.py:662} INFO - Creating cluster: dtc-capstone-cluster
[2022-05-01 00:00:07,658] {crypto.py:82} WARNING - empty cryptography key - values will not be stored encrypted.
[2022-05-01 00:02:32,342] {dataproc.py:606} INFO - Cluster created.
[2022-05-01 00:02:32,675] {taskinstance.py:1277} INFO - Marking task as SUCCESS. dag_id=dataproc_bqext_bqpart_dag, task_id=create_dataproc_cluster, execution_date=20220430T000000, start_date=20220501T000005, end_date=20220501T000232
[2022-05-01 00:02:33,089] {local_task_job.py:154} INFO - Task exited with return code 0
[2022-05-01 00:02:33,598] {local_task_job.py:264} INFO - 1 downstream tasks scheduled from follow-on schedule check
