[2022-04-30 03:11:24,569] {taskinstance.py:1032} INFO - Dependencies all met for <TaskInstance: dataproc_bqext_bqpart_dag.bigquery_external_table_task manual__2022-04-30T02:41:16.885061+00:00 [queued]>
[2022-04-30 03:11:24,665] {taskinstance.py:1032} INFO - Dependencies all met for <TaskInstance: dataproc_bqext_bqpart_dag.bigquery_external_table_task manual__2022-04-30T02:41:16.885061+00:00 [queued]>
[2022-04-30 03:11:24,671] {taskinstance.py:1238} INFO - 
--------------------------------------------------------------------------------
[2022-04-30 03:11:24,673] {taskinstance.py:1239} INFO - Starting attempt 5 of 6
[2022-04-30 03:11:24,674] {taskinstance.py:1240} INFO - 
--------------------------------------------------------------------------------
[2022-04-30 03:11:24,771] {taskinstance.py:1259} INFO - Executing <Task(BigQueryCreateExternalTableOperator): bigquery_external_table_task> on 2022-04-30 02:41:16.885061+00:00
[2022-04-30 03:11:24,806] {standard_task_runner.py:52} INFO - Started process 1447 to run task
[2022-04-30 03:11:24,867] {standard_task_runner.py:76} INFO - Running: ['***', 'tasks', 'run', 'dataproc_bqext_bqpart_dag', 'bigquery_external_table_task', 'manual__2022-04-30T02:41:16.885061+00:00', '--job-id', '10', '--raw', '--subdir', 'DAGS_FOLDER/dataproc_spark_dagv3.py', '--cfg-path', '/tmp/tmp_uwtmw9u', '--error-file', '/tmp/tmplet8kg0f']
[2022-04-30 03:11:24,873] {standard_task_runner.py:77} INFO - Job 10: Subtask bigquery_external_table_task
[2022-04-30 03:11:25,106] {logging_mixin.py:109} INFO - Running <TaskInstance: dataproc_bqext_bqpart_dag.bigquery_external_table_task manual__2022-04-30T02:41:16.885061+00:00 [running]> on host 2793a00d8448
[2022-04-30 03:11:25,347] {taskinstance.py:1426} INFO - Exporting the following env vars:
AIRFLOW_CTX_DAG_OWNER=***
AIRFLOW_CTX_DAG_ID=dataproc_bqext_bqpart_dag
AIRFLOW_CTX_TASK_ID=bigquery_external_table_task
AIRFLOW_CTX_EXECUTION_DATE=2022-04-30T02:41:16.885061+00:00
AIRFLOW_CTX_DAG_RUN_ID=manual__2022-04-30T02:41:16.885061+00:00
[2022-04-30 03:11:25,358] {crypto.py:82} WARNING - empty cryptography key - values will not be stored encrypted.
[2022-04-30 03:11:26,447] {taskinstance.py:1277} INFO - Marking task as SUCCESS. dag_id=dataproc_bqext_bqpart_dag, task_id=bigquery_external_table_task, execution_date=20220430T024116, start_date=20220430T031124, end_date=20220430T031126
[2022-04-30 03:11:26,741] {local_task_job.py:154} INFO - Task exited with return code 0
[2022-04-30 03:11:27,047] {local_task_job.py:264} INFO - 1 downstream tasks scheduled from follow-on schedule check
