[2022-04-30 22:59:26,689] {taskinstance.py:1032} INFO - Dependencies all met for <TaskInstance: dataproc_bqext_bqpart_dag.bigquery_external_table_task manual__2022-04-30T02:41:16.885061+00:00 [queued]>
[2022-04-30 22:59:26,812] {taskinstance.py:1032} INFO - Dependencies all met for <TaskInstance: dataproc_bqext_bqpart_dag.bigquery_external_table_task manual__2022-04-30T02:41:16.885061+00:00 [queued]>
[2022-04-30 22:59:26,814] {taskinstance.py:1238} INFO - 
--------------------------------------------------------------------------------
[2022-04-30 22:59:26,821] {taskinstance.py:1239} INFO - Starting attempt 8 of 9
[2022-04-30 22:59:26,824] {taskinstance.py:1240} INFO - 
--------------------------------------------------------------------------------
[2022-04-30 22:59:26,871] {taskinstance.py:1259} INFO - Executing <Task(BigQueryCreateExternalTableOperator): bigquery_external_table_task> on 2022-04-30 02:41:16.885061+00:00
[2022-04-30 22:59:26,901] {standard_task_runner.py:52} INFO - Started process 766 to run task
[2022-04-30 22:59:26,931] {standard_task_runner.py:76} INFO - Running: ['***', 'tasks', 'run', 'dataproc_bqext_bqpart_dag', 'bigquery_external_table_task', 'manual__2022-04-30T02:41:16.885061+00:00', '--job-id', '23', '--raw', '--subdir', 'DAGS_FOLDER/dataproc_spark_dagv3.py', '--cfg-path', '/tmp/tmp1dww9m57', '--error-file', '/tmp/tmp3oa_xjyt']
[2022-04-30 22:59:26,940] {standard_task_runner.py:77} INFO - Job 23: Subtask bigquery_external_table_task
[2022-04-30 22:59:27,226] {logging_mixin.py:109} INFO - Running <TaskInstance: dataproc_bqext_bqpart_dag.bigquery_external_table_task manual__2022-04-30T02:41:16.885061+00:00 [running]> on host 5836c044666c
[2022-04-30 22:59:27,501] {taskinstance.py:1426} INFO - Exporting the following env vars:
AIRFLOW_CTX_DAG_OWNER=***
AIRFLOW_CTX_DAG_ID=dataproc_bqext_bqpart_dag
AIRFLOW_CTX_TASK_ID=bigquery_external_table_task
AIRFLOW_CTX_EXECUTION_DATE=2022-04-30T02:41:16.885061+00:00
AIRFLOW_CTX_DAG_RUN_ID=manual__2022-04-30T02:41:16.885061+00:00
[2022-04-30 22:59:27,508] {crypto.py:82} WARNING - empty cryptography key - values will not be stored encrypted.
[2022-04-30 22:59:28,247] {taskinstance.py:1277} INFO - Marking task as SUCCESS. dag_id=dataproc_bqext_bqpart_dag, task_id=bigquery_external_table_task, execution_date=20220430T024116, start_date=20220430T225926, end_date=20220430T225928
[2022-04-30 22:59:28,335] {local_task_job.py:154} INFO - Task exited with return code 0
[2022-04-30 22:59:28,429] {local_task_job.py:264} INFO - 1 downstream tasks scheduled from follow-on schedule check
