[2022-04-25 00:32:31,037] {taskinstance.py:1032} INFO - Dependencies all met for <TaskInstance: local_2_gcs_2_bq_dag.delete_people_dataset_task manual__2022-04-24T22:27:24.245486+00:00 [queued]>
[2022-04-25 00:32:31,068] {taskinstance.py:1032} INFO - Dependencies all met for <TaskInstance: local_2_gcs_2_bq_dag.delete_people_dataset_task manual__2022-04-24T22:27:24.245486+00:00 [queued]>
[2022-04-25 00:32:31,070] {taskinstance.py:1238} INFO - 
--------------------------------------------------------------------------------
[2022-04-25 00:32:31,072] {taskinstance.py:1239} INFO - Starting attempt 6 of 7
[2022-04-25 00:32:31,091] {taskinstance.py:1240} INFO - 
--------------------------------------------------------------------------------
[2022-04-25 00:32:31,197] {taskinstance.py:1259} INFO - Executing <Task(BashOperator): delete_people_dataset_task> on 2022-04-24 22:27:24.245486+00:00
[2022-04-25 00:32:31,211] {standard_task_runner.py:52} INFO - Started process 5836 to run task
[2022-04-25 00:32:31,226] {standard_task_runner.py:76} INFO - Running: ['***', 'tasks', 'run', 'local_2_gcs_2_bq_dag', 'delete_people_dataset_task', 'manual__2022-04-24T22:27:24.245486+00:00', '--job-id', '173', '--raw', '--subdir', 'DAGS_FOLDER/download_2_gcs_dag_V3.py', '--cfg-path', '/tmp/tmp5y0veo_6', '--error-file', '/tmp/tmpr190_mnt']
[2022-04-25 00:32:31,228] {standard_task_runner.py:77} INFO - Job 173: Subtask delete_people_dataset_task
[2022-04-25 00:32:31,342] {logging_mixin.py:109} INFO - Running <TaskInstance: local_2_gcs_2_bq_dag.delete_people_dataset_task manual__2022-04-24T22:27:24.245486+00:00 [running]> on host 2bdc5459fc64
[2022-04-25 00:32:31,429] {taskinstance.py:1426} INFO - Exporting the following env vars:
AIRFLOW_CTX_DAG_OWNER=***
AIRFLOW_CTX_DAG_ID=local_2_gcs_2_bq_dag
AIRFLOW_CTX_TASK_ID=delete_people_dataset_task
AIRFLOW_CTX_EXECUTION_DATE=2022-04-24T22:27:24.245486+00:00
AIRFLOW_CTX_DAG_RUN_ID=manual__2022-04-24T22:27:24.245486+00:00
[2022-04-25 00:32:31,433] {subprocess.py:62} INFO - Tmp dir root location: 
 /tmp
[2022-04-25 00:32:31,435] {subprocess.py:74} INFO - Running command: ['bash', '-c', 'rm /opt/***/u6pd-qa9d.csv /opt/***/u6pd-qa9d.parquet']
[2022-04-25 00:32:31,467] {subprocess.py:85} INFO - Output:
[2022-04-25 00:32:31,812] {subprocess.py:93} INFO - Command exited with return code 0
[2022-04-25 00:32:31,848] {taskinstance.py:1277} INFO - Marking task as SUCCESS. dag_id=local_2_gcs_2_bq_dag, task_id=delete_people_dataset_task, execution_date=20220424T222724, start_date=20220425T003231, end_date=20220425T003231
[2022-04-25 00:32:31,957] {local_task_job.py:154} INFO - Task exited with return code 0
[2022-04-25 00:32:32,057] {local_task_job.py:264} INFO - 1 downstream tasks scheduled from follow-on schedule check
