[2022-04-24 01:21:25,545] {taskinstance.py:1032} INFO - Dependencies all met for <TaskInstance: local_2_gcs_2_bq_dag.bigquery_external_table_task manual__2022-04-24T01:21:04.443060+00:00 [queued]>
[2022-04-24 01:21:25,559] {taskinstance.py:1032} INFO - Dependencies all met for <TaskInstance: local_2_gcs_2_bq_dag.bigquery_external_table_task manual__2022-04-24T01:21:04.443060+00:00 [queued]>
[2022-04-24 01:21:25,561] {taskinstance.py:1238} INFO - 
--------------------------------------------------------------------------------
[2022-04-24 01:21:25,563] {taskinstance.py:1239} INFO - Starting attempt 1 of 2
[2022-04-24 01:21:25,564] {taskinstance.py:1240} INFO - 
--------------------------------------------------------------------------------
[2022-04-24 01:21:25,584] {taskinstance.py:1259} INFO - Executing <Task(BigQueryCreateExternalTableOperator): bigquery_external_table_task> on 2022-04-24 01:21:04.443060+00:00
[2022-04-24 01:21:25,592] {standard_task_runner.py:52} INFO - Started process 3828 to run task
[2022-04-24 01:21:25,604] {standard_task_runner.py:76} INFO - Running: ['***', 'tasks', 'run', 'local_2_gcs_2_bq_dag', 'bigquery_external_table_task', 'manual__2022-04-24T01:21:04.443060+00:00', '--job-id', '35', '--raw', '--subdir', 'DAGS_FOLDER/download_2_gcs_dag_V2.py', '--cfg-path', '/tmp/tmp138qs62w', '--error-file', '/tmp/tmpag7d_pqb']
[2022-04-24 01:21:25,607] {standard_task_runner.py:77} INFO - Job 35: Subtask bigquery_external_table_task
[2022-04-24 01:21:25,714] {logging_mixin.py:109} INFO - Running <TaskInstance: local_2_gcs_2_bq_dag.bigquery_external_table_task manual__2022-04-24T01:21:04.443060+00:00 [running]> on host 65283f82c270
[2022-04-24 01:21:25,828] {taskinstance.py:1426} INFO - Exporting the following env vars:
AIRFLOW_CTX_DAG_OWNER=***
AIRFLOW_CTX_DAG_ID=local_2_gcs_2_bq_dag
AIRFLOW_CTX_TASK_ID=bigquery_external_table_task
AIRFLOW_CTX_EXECUTION_DATE=2022-04-24T01:21:04.443060+00:00
AIRFLOW_CTX_DAG_RUN_ID=manual__2022-04-24T01:21:04.443060+00:00
[2022-04-24 01:21:25,835] {crypto.py:82} WARNING - empty cryptography key - values will not be stored encrypted.
[2022-04-24 01:21:26,871] {taskinstance.py:1277} INFO - Marking task as SUCCESS. dag_id=local_2_gcs_2_bq_dag, task_id=bigquery_external_table_task, execution_date=20220424T012104, start_date=20220424T012125, end_date=20220424T012126
[2022-04-24 01:21:26,981] {local_task_job.py:154} INFO - Task exited with return code 0
[2022-04-24 01:21:27,057] {local_task_job.py:264} INFO - 1 downstream tasks scheduled from follow-on schedule check
