[2022-04-30 04:49:26,563] {taskinstance.py:1032} INFO - Dependencies all met for <TaskInstance: dataproc_bqext_bqpart_dag.bq_create_partitioned_table_task manual__2022-04-30T02:41:16.885061+00:00 [queued]>
[2022-04-30 04:49:26,602] {taskinstance.py:1032} INFO - Dependencies all met for <TaskInstance: dataproc_bqext_bqpart_dag.bq_create_partitioned_table_task manual__2022-04-30T02:41:16.885061+00:00 [queued]>
[2022-04-30 04:49:26,607] {taskinstance.py:1238} INFO - 
--------------------------------------------------------------------------------
[2022-04-30 04:49:26,609] {taskinstance.py:1239} INFO - Starting attempt 5 of 6
[2022-04-30 04:49:26,611] {taskinstance.py:1240} INFO - 
--------------------------------------------------------------------------------
[2022-04-30 04:49:26,657] {taskinstance.py:1259} INFO - Executing <Task(BigQueryInsertJobOperator): bq_create_partitioned_table_task> on 2022-04-30 02:41:16.885061+00:00
[2022-04-30 04:49:26,688] {standard_task_runner.py:52} INFO - Started process 4891 to run task
[2022-04-30 04:49:26,729] {standard_task_runner.py:76} INFO - Running: ['***', 'tasks', 'run', 'dataproc_bqext_bqpart_dag', 'bq_create_partitioned_table_task', 'manual__2022-04-30T02:41:16.885061+00:00', '--job-id', '15', '--raw', '--subdir', 'DAGS_FOLDER/dataproc_spark_dagv3.py', '--cfg-path', '/tmp/tmpz_ol2e_n', '--error-file', '/tmp/tmpow5eq4vs']
[2022-04-30 04:49:26,739] {standard_task_runner.py:77} INFO - Job 15: Subtask bq_create_partitioned_table_task
[2022-04-30 04:49:27,013] {logging_mixin.py:109} INFO - Running <TaskInstance: dataproc_bqext_bqpart_dag.bq_create_partitioned_table_task manual__2022-04-30T02:41:16.885061+00:00 [running]> on host 2793a00d8448
[2022-04-30 04:49:27,302] {taskinstance.py:1426} INFO - Exporting the following env vars:
AIRFLOW_CTX_DAG_OWNER=***
AIRFLOW_CTX_DAG_ID=dataproc_bqext_bqpart_dag
AIRFLOW_CTX_TASK_ID=bq_create_partitioned_table_task
AIRFLOW_CTX_EXECUTION_DATE=2022-04-30T02:41:16.885061+00:00
AIRFLOW_CTX_DAG_RUN_ID=manual__2022-04-30T02:41:16.885061+00:00
[2022-04-30 04:49:27,311] {crypto.py:82} WARNING - empty cryptography key - values will not be stored encrypted.
[2022-04-30 04:49:27,315] {warnings.py:110} WARNING - /home/***/.local/lib/python3.7/site-packages/***/utils/context.py:152: AirflowContextDeprecationWarning: Accessing 'execution_date' from the template is deprecated and will be removed in a future version. Please use 'data_interval_start' or 'logical_date' instead.
  warnings.warn(_create_deprecation_warning(key, self._deprecation_replacements[key]))

[2022-04-30 04:49:27,369] {bigquery.py:1637} INFO - Inserting job ***_dataproc_bqext_bqpart_dag_bq_create_partitioned_table_task_2022_04_30T02_41_16_885061_00_00_645cf73b1618a68f341f1a101869e134
[2022-04-30 04:49:45,374] {taskinstance.py:1277} INFO - Marking task as SUCCESS. dag_id=dataproc_bqext_bqpart_dag, task_id=bq_create_partitioned_table_task, execution_date=20220430T024116, start_date=20220430T044926, end_date=20220430T044945
[2022-04-30 04:49:45,590] {local_task_job.py:154} INFO - Task exited with return code 0
[2022-04-30 04:49:45,762] {local_task_job.py:264} INFO - 1 downstream tasks scheduled from follow-on schedule check
