[2022-04-30 22:59:31,177] {taskinstance.py:1032} INFO - Dependencies all met for <TaskInstance: dataproc_bqext_bqpart_dag.bq_create_partitioned_table_task manual__2022-04-30T02:41:16.885061+00:00 [queued]>
[2022-04-30 22:59:31,216] {taskinstance.py:1032} INFO - Dependencies all met for <TaskInstance: dataproc_bqext_bqpart_dag.bq_create_partitioned_table_task manual__2022-04-30T02:41:16.885061+00:00 [queued]>
[2022-04-30 22:59:31,219] {taskinstance.py:1238} INFO - 
--------------------------------------------------------------------------------
[2022-04-30 22:59:31,222] {taskinstance.py:1239} INFO - Starting attempt 6 of 7
[2022-04-30 22:59:31,227] {taskinstance.py:1240} INFO - 
--------------------------------------------------------------------------------
[2022-04-30 22:59:31,259] {taskinstance.py:1259} INFO - Executing <Task(BigQueryInsertJobOperator): bq_create_partitioned_table_task> on 2022-04-30 02:41:16.885061+00:00
[2022-04-30 22:59:31,275] {standard_task_runner.py:52} INFO - Started process 769 to run task
[2022-04-30 22:59:31,299] {standard_task_runner.py:76} INFO - Running: ['***', 'tasks', 'run', 'dataproc_bqext_bqpart_dag', 'bq_create_partitioned_table_task', 'manual__2022-04-30T02:41:16.885061+00:00', '--job-id', '24', '--raw', '--subdir', 'DAGS_FOLDER/dataproc_spark_dagv3.py', '--cfg-path', '/tmp/tmpf2pwjhvc', '--error-file', '/tmp/tmp1dwjytce']
[2022-04-30 22:59:31,304] {standard_task_runner.py:77} INFO - Job 24: Subtask bq_create_partitioned_table_task
[2022-04-30 22:59:31,477] {logging_mixin.py:109} INFO - Running <TaskInstance: dataproc_bqext_bqpart_dag.bq_create_partitioned_table_task manual__2022-04-30T02:41:16.885061+00:00 [running]> on host 5836c044666c
[2022-04-30 22:59:31,644] {taskinstance.py:1426} INFO - Exporting the following env vars:
AIRFLOW_CTX_DAG_OWNER=***
AIRFLOW_CTX_DAG_ID=dataproc_bqext_bqpart_dag
AIRFLOW_CTX_TASK_ID=bq_create_partitioned_table_task
AIRFLOW_CTX_EXECUTION_DATE=2022-04-30T02:41:16.885061+00:00
AIRFLOW_CTX_DAG_RUN_ID=manual__2022-04-30T02:41:16.885061+00:00
[2022-04-30 22:59:31,656] {crypto.py:82} WARNING - empty cryptography key - values will not be stored encrypted.
[2022-04-30 22:59:31,661] {warnings.py:110} WARNING - /home/***/.local/lib/python3.7/site-packages/***/utils/context.py:152: AirflowContextDeprecationWarning: Accessing 'execution_date' from the template is deprecated and will be removed in a future version. Please use 'data_interval_start' or 'logical_date' instead.
  warnings.warn(_create_deprecation_warning(key, self._deprecation_replacements[key]))

[2022-04-30 22:59:31,691] {bigquery.py:1637} INFO - Inserting job ***_dataproc_bqext_bqpart_dag_bq_create_partitioned_table_task_2022_04_30T02_41_16_885061_00_00_b4a7830ac20d75b482796a6271e43e46
[2022-04-30 22:59:45,452] {taskinstance.py:1277} INFO - Marking task as SUCCESS. dag_id=dataproc_bqext_bqpart_dag, task_id=bq_create_partitioned_table_task, execution_date=20220430T024116, start_date=20220430T225931, end_date=20220430T225945
[2022-04-30 22:59:45,512] {local_task_job.py:154} INFO - Task exited with return code 0
[2022-04-30 22:59:45,574] {local_task_job.py:264} INFO - 1 downstream tasks scheduled from follow-on schedule check
