[2022-04-30 22:45:19,397] {taskinstance.py:1032} INFO - Dependencies all met for <TaskInstance: dataproc_bqext_bqpart_dag.create_dataproc_cluster manual__2022-04-30T02:41:16.885061+00:00 [queued]>
[2022-04-30 22:45:19,453] {taskinstance.py:1032} INFO - Dependencies all met for <TaskInstance: dataproc_bqext_bqpart_dag.create_dataproc_cluster manual__2022-04-30T02:41:16.885061+00:00 [queued]>
[2022-04-30 22:45:19,464] {taskinstance.py:1238} INFO - 
--------------------------------------------------------------------------------
[2022-04-30 22:45:19,466] {taskinstance.py:1239} INFO - Starting attempt 2 of 3
[2022-04-30 22:45:19,470] {taskinstance.py:1240} INFO - 
--------------------------------------------------------------------------------
[2022-04-30 22:45:19,534] {taskinstance.py:1259} INFO - Executing <Task(DataprocCreateClusterOperator): create_dataproc_cluster> on 2022-04-30 02:41:16.885061+00:00
[2022-04-30 22:45:19,581] {standard_task_runner.py:52} INFO - Started process 171 to run task
[2022-04-30 22:45:19,659] {standard_task_runner.py:76} INFO - Running: ['***', 'tasks', 'run', 'dataproc_bqext_bqpart_dag', 'create_dataproc_cluster', 'manual__2022-04-30T02:41:16.885061+00:00', '--job-id', '18', '--raw', '--subdir', 'DAGS_FOLDER/dataproc_spark_dagv3.py', '--cfg-path', '/tmp/tmpp62tjsme', '--error-file', '/tmp/tmpv4tp6w8x']
[2022-04-30 22:45:19,662] {standard_task_runner.py:77} INFO - Job 18: Subtask create_dataproc_cluster
[2022-04-30 22:45:20,026] {logging_mixin.py:109} INFO - Running <TaskInstance: dataproc_bqext_bqpart_dag.create_dataproc_cluster manual__2022-04-30T02:41:16.885061+00:00 [running]> on host 5836c044666c
[2022-04-30 22:45:20,271] {taskinstance.py:1426} INFO - Exporting the following env vars:
AIRFLOW_CTX_DAG_OWNER=***
AIRFLOW_CTX_DAG_ID=dataproc_bqext_bqpart_dag
AIRFLOW_CTX_TASK_ID=create_dataproc_cluster
AIRFLOW_CTX_EXECUTION_DATE=2022-04-30T02:41:16.885061+00:00
AIRFLOW_CTX_DAG_RUN_ID=manual__2022-04-30T02:41:16.885061+00:00
[2022-04-30 22:45:20,276] {dataproc.py:662} INFO - Creating cluster: dtc-capstone-cluster
[2022-04-30 22:45:20,298] {crypto.py:82} WARNING - empty cryptography key - values will not be stored encrypted.
[2022-04-30 22:47:50,941] {dataproc.py:606} INFO - Cluster created.
[2022-04-30 22:47:51,141] {taskinstance.py:1277} INFO - Marking task as SUCCESS. dag_id=dataproc_bqext_bqpart_dag, task_id=create_dataproc_cluster, execution_date=20220430T024116, start_date=20220430T224519, end_date=20220430T224751
[2022-04-30 22:47:51,294] {local_task_job.py:154} INFO - Task exited with return code 0
[2022-04-30 22:47:51,599] {local_task_job.py:264} INFO - 1 downstream tasks scheduled from follow-on schedule check
