[2022-04-30 23:05:05,833] {taskinstance.py:1032} INFO - Dependencies all met for <TaskInstance: dataproc_bqext_bqpart_dag.create_dataproc_cluster manual__2022-04-30T02:41:16.885061+00:00 [queued]>
[2022-04-30 23:05:05,880] {taskinstance.py:1032} INFO - Dependencies all met for <TaskInstance: dataproc_bqext_bqpart_dag.create_dataproc_cluster manual__2022-04-30T02:41:16.885061+00:00 [queued]>
[2022-04-30 23:05:05,882] {taskinstance.py:1238} INFO - 
--------------------------------------------------------------------------------
[2022-04-30 23:05:05,884] {taskinstance.py:1239} INFO - Starting attempt 3 of 4
[2022-04-30 23:05:05,886] {taskinstance.py:1240} INFO - 
--------------------------------------------------------------------------------
[2022-04-30 23:05:05,941] {taskinstance.py:1259} INFO - Executing <Task(DataprocCreateClusterOperator): create_dataproc_cluster> on 2022-04-30 02:41:16.885061+00:00
[2022-04-30 23:05:05,959] {standard_task_runner.py:52} INFO - Started process 973 to run task
[2022-04-30 23:05:05,985] {standard_task_runner.py:76} INFO - Running: ['***', 'tasks', 'run', 'dataproc_bqext_bqpart_dag', 'create_dataproc_cluster', 'manual__2022-04-30T02:41:16.885061+00:00', '--job-id', '25', '--raw', '--subdir', 'DAGS_FOLDER/dataproc_spark_dagv3.py', '--cfg-path', '/tmp/tmp6zit1vod', '--error-file', '/tmp/tmpm16xm77i']
[2022-04-30 23:05:05,997] {standard_task_runner.py:77} INFO - Job 25: Subtask create_dataproc_cluster
[2022-04-30 23:05:06,171] {logging_mixin.py:109} INFO - Running <TaskInstance: dataproc_bqext_bqpart_dag.create_dataproc_cluster manual__2022-04-30T02:41:16.885061+00:00 [running]> on host 5836c044666c
[2022-04-30 23:05:06,367] {taskinstance.py:1426} INFO - Exporting the following env vars:
AIRFLOW_CTX_DAG_OWNER=***
AIRFLOW_CTX_DAG_ID=dataproc_bqext_bqpart_dag
AIRFLOW_CTX_TASK_ID=create_dataproc_cluster
AIRFLOW_CTX_EXECUTION_DATE=2022-04-30T02:41:16.885061+00:00
AIRFLOW_CTX_DAG_RUN_ID=manual__2022-04-30T02:41:16.885061+00:00
[2022-04-30 23:05:06,370] {dataproc.py:662} INFO - Creating cluster: dtc-capstone-cluster
[2022-04-30 23:05:06,378] {crypto.py:82} WARNING - empty cryptography key - values will not be stored encrypted.
[2022-04-30 23:07:31,835] {dataproc.py:606} INFO - Cluster created.
[2022-04-30 23:07:31,953] {taskinstance.py:1277} INFO - Marking task as SUCCESS. dag_id=dataproc_bqext_bqpart_dag, task_id=create_dataproc_cluster, execution_date=20220430T024116, start_date=20220430T230505, end_date=20220430T230731
[2022-04-30 23:07:32,108] {local_task_job.py:154} INFO - Task exited with return code 0
[2022-04-30 23:07:32,216] {local_task_job.py:264} INFO - 1 downstream tasks scheduled from follow-on schedule check
