[2022-04-25 03:51:46,282] {taskinstance.py:1032} INFO - Dependencies all met for <TaskInstance: gcs_2_bq_dag.bq_external_table_task manual__2022-04-25T02:28:33.380840+00:00 [queued]>
[2022-04-25 03:51:46,296] {taskinstance.py:1032} INFO - Dependencies all met for <TaskInstance: gcs_2_bq_dag.bq_external_table_task manual__2022-04-25T02:28:33.380840+00:00 [queued]>
[2022-04-25 03:51:46,297] {taskinstance.py:1238} INFO - 
--------------------------------------------------------------------------------
[2022-04-25 03:51:46,298] {taskinstance.py:1239} INFO - Starting attempt 1 of 2
[2022-04-25 03:51:46,299] {taskinstance.py:1240} INFO - 
--------------------------------------------------------------------------------
[2022-04-25 03:51:46,313] {taskinstance.py:1259} INFO - Executing <Task(BigQueryCreateExternalTableOperator): bq_external_table_task> on 2022-04-25 02:28:33.380840+00:00
[2022-04-25 03:51:46,321] {standard_task_runner.py:52} INFO - Started process 3520 to run task
[2022-04-25 03:51:46,327] {standard_task_runner.py:76} INFO - Running: ['***', 'tasks', 'run', 'gcs_2_bq_dag', 'bq_external_table_task', 'manual__2022-04-25T02:28:33.380840+00:00', '--job-id', '202', '--raw', '--subdir', 'DAGS_FOLDER/gcs_to_bq_v1.py', '--cfg-path', '/tmp/tmpzrjlp8ek', '--error-file', '/tmp/tmpn6g7o5xl']
[2022-04-25 03:51:46,330] {standard_task_runner.py:77} INFO - Job 202: Subtask bq_external_table_task
[2022-04-25 03:51:46,402] {logging_mixin.py:109} INFO - Running <TaskInstance: gcs_2_bq_dag.bq_external_table_task manual__2022-04-25T02:28:33.380840+00:00 [running]> on host 2c2e7134f604
[2022-04-25 03:51:46,479] {taskinstance.py:1426} INFO - Exporting the following env vars:
AIRFLOW_CTX_DAG_OWNER=***
AIRFLOW_CTX_DAG_ID=gcs_2_bq_dag
AIRFLOW_CTX_TASK_ID=bq_external_table_task
AIRFLOW_CTX_EXECUTION_DATE=2022-04-25T02:28:33.380840+00:00
AIRFLOW_CTX_DAG_RUN_ID=manual__2022-04-25T02:28:33.380840+00:00
[2022-04-25 03:51:46,484] {crypto.py:82} WARNING - empty cryptography key - values will not be stored encrypted.
[2022-04-25 03:51:47,310] {taskinstance.py:1277} INFO - Marking task as SUCCESS. dag_id=gcs_2_bq_dag, task_id=bq_external_table_task, execution_date=20220425T022833, start_date=20220425T035146, end_date=20220425T035147
[2022-04-25 03:51:47,352] {local_task_job.py:154} INFO - Task exited with return code 0
[2022-04-25 03:51:47,398] {dagrun.py:628} WARNING - Failed to get task '<TaskInstance: gcs_2_bq_dag.bq_clean_crashes_summ_external_table_task manual__2022-04-25T02:28:33.380840+00:00 [removed]>' for dag 'gcs_2_bq_dag'. Marking it as removed.
[2022-04-25 03:51:47,400] {dagrun.py:628} WARNING - Failed to get task '<TaskInstance: gcs_2_bq_dag.bq_create_clean_crashes_summ_native_table_task manual__2022-04-25T02:28:33.380840+00:00 [removed]>' for dag 'gcs_2_bq_dag'. Marking it as removed.
[2022-04-25 03:51:47,402] {dagrun.py:628} WARNING - Failed to get task '<TaskInstance: gcs_2_bq_dag.bq_create_clean_crashes_summ_partitioned_table_task manual__2022-04-25T02:28:33.380840+00:00 [removed]>' for dag 'gcs_2_bq_dag'. Marking it as removed.
[2022-04-25 03:51:47,411] {local_task_job.py:264} INFO - 1 downstream tasks scheduled from follow-on schedule check
