[2022-04-24 00:59:03,666] {taskinstance.py:1032} INFO - Dependencies all met for <TaskInstance: local_2_gcs_2_bq_dag.bigquery_external_table_task manual__2022-04-24T00:11:17.448389+00:00 [queued]>
[2022-04-24 00:59:03,750] {taskinstance.py:1032} INFO - Dependencies all met for <TaskInstance: local_2_gcs_2_bq_dag.bigquery_external_table_task manual__2022-04-24T00:11:17.448389+00:00 [queued]>
[2022-04-24 00:59:03,753] {taskinstance.py:1238} INFO - 
--------------------------------------------------------------------------------
[2022-04-24 00:59:03,760] {taskinstance.py:1239} INFO - Starting attempt 3 of 4
[2022-04-24 00:59:03,766] {taskinstance.py:1240} INFO - 
--------------------------------------------------------------------------------
[2022-04-24 00:59:03,844] {taskinstance.py:1259} INFO - Executing <Task(BigQueryCreateExternalTableOperator): bigquery_external_table_task> on 2022-04-24 00:11:17.448389+00:00
[2022-04-24 00:59:03,862] {standard_task_runner.py:52} INFO - Started process 2950 to run task
[2022-04-24 00:59:03,879] {standard_task_runner.py:76} INFO - Running: ['***', 'tasks', 'run', 'local_2_gcs_2_bq_dag', 'bigquery_external_table_task', 'manual__2022-04-24T00:11:17.448389+00:00', '--job-id', '30', '--raw', '--subdir', 'DAGS_FOLDER/download_2_gcs_dag_V2.py', '--cfg-path', '/tmp/tmp1acrmftz', '--error-file', '/tmp/tmpuezo2p6w']
[2022-04-24 00:59:03,887] {standard_task_runner.py:77} INFO - Job 30: Subtask bigquery_external_table_task
[2022-04-24 00:59:04,247] {logging_mixin.py:109} INFO - Running <TaskInstance: local_2_gcs_2_bq_dag.bigquery_external_table_task manual__2022-04-24T00:11:17.448389+00:00 [running]> on host 65283f82c270
[2022-04-24 00:59:04,531] {taskinstance.py:1426} INFO - Exporting the following env vars:
AIRFLOW_CTX_DAG_OWNER=***
AIRFLOW_CTX_DAG_ID=local_2_gcs_2_bq_dag
AIRFLOW_CTX_TASK_ID=bigquery_external_table_task
AIRFLOW_CTX_EXECUTION_DATE=2022-04-24T00:11:17.448389+00:00
AIRFLOW_CTX_DAG_RUN_ID=manual__2022-04-24T00:11:17.448389+00:00
[2022-04-24 00:59:04,551] {crypto.py:82} WARNING - empty cryptography key - values will not be stored encrypted.
[2022-04-24 00:59:05,534] {taskinstance.py:1277} INFO - Marking task as SUCCESS. dag_id=local_2_gcs_2_bq_dag, task_id=bigquery_external_table_task, execution_date=20220424T001117, start_date=20220424T005903, end_date=20220424T005905
[2022-04-24 00:59:05,731] {local_task_job.py:154} INFO - Task exited with return code 0
[2022-04-24 00:59:05,872] {local_task_job.py:264} INFO - 1 downstream tasks scheduled from follow-on schedule check
