[2022-04-23 19:55:05,239] {taskinstance.py:1032} INFO - Dependencies all met for <TaskInstance: local_2_gcs_2_bq_dag.format_to_parquet_task scheduled__2022-04-22T00:00:00+00:00 [queued]>
[2022-04-23 19:55:05,330] {taskinstance.py:1032} INFO - Dependencies all met for <TaskInstance: local_2_gcs_2_bq_dag.format_to_parquet_task scheduled__2022-04-22T00:00:00+00:00 [queued]>
[2022-04-23 19:55:05,334] {taskinstance.py:1238} INFO - 
--------------------------------------------------------------------------------
[2022-04-23 19:55:05,336] {taskinstance.py:1239} INFO - Starting attempt 1 of 2
[2022-04-23 19:55:05,338] {taskinstance.py:1240} INFO - 
--------------------------------------------------------------------------------
[2022-04-23 19:55:05,404] {taskinstance.py:1259} INFO - Executing <Task(PythonOperator): format_to_parquet_task> on 2022-04-22 00:00:00+00:00
[2022-04-23 19:55:05,428] {standard_task_runner.py:52} INFO - Started process 213 to run task
[2022-04-23 19:55:05,455] {standard_task_runner.py:76} INFO - Running: ['***', 'tasks', 'run', 'local_2_gcs_2_bq_dag', 'format_to_parquet_task', 'scheduled__2022-04-22T00:00:00+00:00', '--job-id', '4', '--raw', '--subdir', 'DAGS_FOLDER/download_2_gcs_dag.py', '--cfg-path', '/tmp/tmp5ow468zf', '--error-file', '/tmp/tmp669snpix']
[2022-04-23 19:55:05,467] {standard_task_runner.py:77} INFO - Job 4: Subtask format_to_parquet_task
[2022-04-23 19:55:05,674] {logging_mixin.py:109} INFO - Running <TaskInstance: local_2_gcs_2_bq_dag.format_to_parquet_task scheduled__2022-04-22T00:00:00+00:00 [running]> on host 6ad9a715895d
[2022-04-23 19:55:05,853] {taskinstance.py:1426} INFO - Exporting the following env vars:
AIRFLOW_CTX_DAG_OWNER=***
AIRFLOW_CTX_DAG_ID=local_2_gcs_2_bq_dag
AIRFLOW_CTX_TASK_ID=format_to_parquet_task
AIRFLOW_CTX_EXECUTION_DATE=2022-04-22T00:00:00+00:00
AIRFLOW_CTX_DAG_RUN_ID=scheduled__2022-04-22T00:00:00+00:00
[2022-04-23 19:55:06,271] {python.py:175} INFO - Done. Returned value was: None
[2022-04-23 19:55:06,314] {taskinstance.py:1277} INFO - Marking task as SUCCESS. dag_id=local_2_gcs_2_bq_dag, task_id=format_to_parquet_task, execution_date=20220422T000000, start_date=20220423T195505, end_date=20220423T195506
[2022-04-23 19:55:06,410] {local_task_job.py:154} INFO - Task exited with return code 0
[2022-04-23 19:55:06,506] {local_task_job.py:264} INFO - 1 downstream tasks scheduled from follow-on schedule check
[2022-04-23 20:12:12,820] {taskinstance.py:1032} INFO - Dependencies all met for <TaskInstance: local_2_gcs_2_bq_dag.format_to_parquet_task scheduled__2022-04-22T00:00:00+00:00 [queued]>
[2022-04-23 20:12:12,848] {taskinstance.py:1032} INFO - Dependencies all met for <TaskInstance: local_2_gcs_2_bq_dag.format_to_parquet_task scheduled__2022-04-22T00:00:00+00:00 [queued]>
[2022-04-23 20:12:12,850] {taskinstance.py:1238} INFO - 
--------------------------------------------------------------------------------
[2022-04-23 20:12:12,852] {taskinstance.py:1239} INFO - Starting attempt 1 of 2
[2022-04-23 20:12:12,853] {taskinstance.py:1240} INFO - 
--------------------------------------------------------------------------------
[2022-04-23 20:12:12,878] {taskinstance.py:1259} INFO - Executing <Task(PythonOperator): format_to_parquet_task> on 2022-04-22 00:00:00+00:00
[2022-04-23 20:12:12,899] {standard_task_runner.py:52} INFO - Started process 183 to run task
[2022-04-23 20:12:12,907] {standard_task_runner.py:76} INFO - Running: ['***', 'tasks', 'run', 'local_2_gcs_2_bq_dag', 'format_to_parquet_task', 'scheduled__2022-04-22T00:00:00+00:00', '--job-id', '4', '--raw', '--subdir', 'DAGS_FOLDER/download_2_gcs_dag.py', '--cfg-path', '/tmp/tmp0igdm75f', '--error-file', '/tmp/tmpl4zu6hdv']
[2022-04-23 20:12:12,910] {standard_task_runner.py:77} INFO - Job 4: Subtask format_to_parquet_task
[2022-04-23 20:12:13,002] {logging_mixin.py:109} INFO - Running <TaskInstance: local_2_gcs_2_bq_dag.format_to_parquet_task scheduled__2022-04-22T00:00:00+00:00 [running]> on host 96670acc8582
[2022-04-23 20:12:13,107] {taskinstance.py:1426} INFO - Exporting the following env vars:
AIRFLOW_CTX_DAG_OWNER=***
AIRFLOW_CTX_DAG_ID=local_2_gcs_2_bq_dag
AIRFLOW_CTX_TASK_ID=format_to_parquet_task
AIRFLOW_CTX_EXECUTION_DATE=2022-04-22T00:00:00+00:00
AIRFLOW_CTX_DAG_RUN_ID=scheduled__2022-04-22T00:00:00+00:00
[2022-04-23 20:12:13,293] {python.py:175} INFO - Done. Returned value was: None
[2022-04-23 20:12:13,361] {taskinstance.py:1277} INFO - Marking task as SUCCESS. dag_id=local_2_gcs_2_bq_dag, task_id=format_to_parquet_task, execution_date=20220422T000000, start_date=20220423T201212, end_date=20220423T201213
[2022-04-23 20:12:13,468] {local_task_job.py:154} INFO - Task exited with return code 0
[2022-04-23 20:12:13,604] {local_task_job.py:264} INFO - 1 downstream tasks scheduled from follow-on schedule check
[2022-04-23 20:38:05,541] {taskinstance.py:1032} INFO - Dependencies all met for <TaskInstance: local_2_gcs_2_bq_dag.format_to_parquet_task scheduled__2022-04-22T00:00:00+00:00 [queued]>
[2022-04-23 20:38:05,559] {taskinstance.py:1032} INFO - Dependencies all met for <TaskInstance: local_2_gcs_2_bq_dag.format_to_parquet_task scheduled__2022-04-22T00:00:00+00:00 [queued]>
[2022-04-23 20:38:05,560] {taskinstance.py:1238} INFO - 
--------------------------------------------------------------------------------
[2022-04-23 20:38:05,561] {taskinstance.py:1239} INFO - Starting attempt 1 of 2
[2022-04-23 20:38:05,563] {taskinstance.py:1240} INFO - 
--------------------------------------------------------------------------------
[2022-04-23 20:38:05,596] {taskinstance.py:1259} INFO - Executing <Task(PythonOperator): format_to_parquet_task> on 2022-04-22 00:00:00+00:00
[2022-04-23 20:38:05,608] {standard_task_runner.py:52} INFO - Started process 282 to run task
[2022-04-23 20:38:05,636] {standard_task_runner.py:76} INFO - Running: ['***', 'tasks', 'run', 'local_2_gcs_2_bq_dag', 'format_to_parquet_task', 'scheduled__2022-04-22T00:00:00+00:00', '--job-id', '4', '--raw', '--subdir', 'DAGS_FOLDER/download_2_gcs_dag.py', '--cfg-path', '/tmp/tmpq7rc9571', '--error-file', '/tmp/tmpre50boc7']
[2022-04-23 20:38:05,639] {standard_task_runner.py:77} INFO - Job 4: Subtask format_to_parquet_task
[2022-04-23 20:38:05,781] {logging_mixin.py:109} INFO - Running <TaskInstance: local_2_gcs_2_bq_dag.format_to_parquet_task scheduled__2022-04-22T00:00:00+00:00 [running]> on host 48adf994ba41
[2022-04-23 20:38:05,936] {taskinstance.py:1426} INFO - Exporting the following env vars:
AIRFLOW_CTX_DAG_OWNER=***
AIRFLOW_CTX_DAG_ID=local_2_gcs_2_bq_dag
AIRFLOW_CTX_TASK_ID=format_to_parquet_task
AIRFLOW_CTX_EXECUTION_DATE=2022-04-22T00:00:00+00:00
AIRFLOW_CTX_DAG_RUN_ID=scheduled__2022-04-22T00:00:00+00:00
[2022-04-23 20:38:06,032] {python.py:175} INFO - Done. Returned value was: None
[2022-04-23 20:38:06,057] {taskinstance.py:1277} INFO - Marking task as SUCCESS. dag_id=local_2_gcs_2_bq_dag, task_id=format_to_parquet_task, execution_date=20220422T000000, start_date=20220423T203805, end_date=20220423T203806
[2022-04-23 20:38:06,121] {local_task_job.py:154} INFO - Task exited with return code 0
[2022-04-23 20:38:06,278] {local_task_job.py:264} INFO - 0 downstream tasks scheduled from follow-on schedule check
[2022-04-23 20:58:25,966] {taskinstance.py:1032} INFO - Dependencies all met for <TaskInstance: local_2_gcs_2_bq_dag.format_to_parquet_task scheduled__2022-04-22T00:00:00+00:00 [queued]>
[2022-04-23 20:58:26,037] {taskinstance.py:1032} INFO - Dependencies all met for <TaskInstance: local_2_gcs_2_bq_dag.format_to_parquet_task scheduled__2022-04-22T00:00:00+00:00 [queued]>
[2022-04-23 20:58:26,038] {taskinstance.py:1238} INFO - 
--------------------------------------------------------------------------------
[2022-04-23 20:58:26,040] {taskinstance.py:1239} INFO - Starting attempt 1 of 2
[2022-04-23 20:58:26,042] {taskinstance.py:1240} INFO - 
--------------------------------------------------------------------------------
[2022-04-23 20:58:26,083] {taskinstance.py:1259} INFO - Executing <Task(PythonOperator): format_to_parquet_task> on 2022-04-22 00:00:00+00:00
[2022-04-23 20:58:26,103] {standard_task_runner.py:52} INFO - Started process 167 to run task
[2022-04-23 20:58:26,109] {standard_task_runner.py:76} INFO - Running: ['***', 'tasks', 'run', 'local_2_gcs_2_bq_dag', 'format_to_parquet_task', 'scheduled__2022-04-22T00:00:00+00:00', '--job-id', '4', '--raw', '--subdir', 'DAGS_FOLDER/download_2_gcs_dag.py', '--cfg-path', '/tmp/tmp9ji5zbyz', '--error-file', '/tmp/tmp_aktmn8m']
[2022-04-23 20:58:26,126] {standard_task_runner.py:77} INFO - Job 4: Subtask format_to_parquet_task
[2022-04-23 20:58:26,296] {logging_mixin.py:109} INFO - Running <TaskInstance: local_2_gcs_2_bq_dag.format_to_parquet_task scheduled__2022-04-22T00:00:00+00:00 [running]> on host dfdc12da349c
[2022-04-23 20:58:26,471] {taskinstance.py:1426} INFO - Exporting the following env vars:
AIRFLOW_CTX_DAG_OWNER=***
AIRFLOW_CTX_DAG_ID=local_2_gcs_2_bq_dag
AIRFLOW_CTX_TASK_ID=format_to_parquet_task
AIRFLOW_CTX_EXECUTION_DATE=2022-04-22T00:00:00+00:00
AIRFLOW_CTX_DAG_RUN_ID=scheduled__2022-04-22T00:00:00+00:00
[2022-04-23 20:58:27,033] {python.py:175} INFO - Done. Returned value was: None
[2022-04-23 20:58:27,102] {taskinstance.py:1277} INFO - Marking task as SUCCESS. dag_id=local_2_gcs_2_bq_dag, task_id=format_to_parquet_task, execution_date=20220422T000000, start_date=20220423T205825, end_date=20220423T205827
[2022-04-23 20:58:27,303] {local_task_job.py:154} INFO - Task exited with return code 0
[2022-04-23 20:58:27,445] {local_task_job.py:264} INFO - 1 downstream tasks scheduled from follow-on schedule check
