[2022-04-24 22:31:23,191] {taskinstance.py:1032} INFO - Dependencies all met for <TaskInstance: local_2_gcs_2_bq_dag.people_bigquery_external_table_task manual__2022-04-24T22:27:24.245486+00:00 [queued]>
[2022-04-24 22:31:23,213] {taskinstance.py:1032} INFO - Dependencies all met for <TaskInstance: local_2_gcs_2_bq_dag.people_bigquery_external_table_task manual__2022-04-24T22:27:24.245486+00:00 [queued]>
[2022-04-24 22:31:23,214] {taskinstance.py:1238} INFO - 
--------------------------------------------------------------------------------
[2022-04-24 22:31:23,215] {taskinstance.py:1239} INFO - Starting attempt 1 of 2
[2022-04-24 22:31:23,216] {taskinstance.py:1240} INFO - 
--------------------------------------------------------------------------------
[2022-04-24 22:31:23,246] {taskinstance.py:1259} INFO - Executing <Task(BigQueryCreateExternalTableOperator): people_bigquery_external_table_task> on 2022-04-24 22:27:24.245486+00:00
[2022-04-24 22:31:23,271] {standard_task_runner.py:52} INFO - Started process 600 to run task
[2022-04-24 22:31:23,302] {standard_task_runner.py:76} INFO - Running: ['***', 'tasks', 'run', 'local_2_gcs_2_bq_dag', 'people_bigquery_external_table_task', 'manual__2022-04-24T22:27:24.245486+00:00', '--job-id', '85', '--raw', '--subdir', 'DAGS_FOLDER/download_2_gcs_dag_V3.py', '--cfg-path', '/tmp/tmp9yobp1sp', '--error-file', '/tmp/tmp1gwlvo6g']
[2022-04-24 22:31:23,311] {standard_task_runner.py:77} INFO - Job 85: Subtask people_bigquery_external_table_task
[2022-04-24 22:31:23,513] {logging_mixin.py:109} INFO - Running <TaskInstance: local_2_gcs_2_bq_dag.people_bigquery_external_table_task manual__2022-04-24T22:27:24.245486+00:00 [running]> on host 2bdc5459fc64
[2022-04-24 22:31:23,692] {taskinstance.py:1426} INFO - Exporting the following env vars:
AIRFLOW_CTX_DAG_OWNER=***
AIRFLOW_CTX_DAG_ID=local_2_gcs_2_bq_dag
AIRFLOW_CTX_TASK_ID=people_bigquery_external_table_task
AIRFLOW_CTX_EXECUTION_DATE=2022-04-24T22:27:24.245486+00:00
AIRFLOW_CTX_DAG_RUN_ID=manual__2022-04-24T22:27:24.245486+00:00
[2022-04-24 22:31:23,696] {crypto.py:82} WARNING - empty cryptography key - values will not be stored encrypted.
[2022-04-24 22:31:26,187] {taskinstance.py:1277} INFO - Marking task as SUCCESS. dag_id=local_2_gcs_2_bq_dag, task_id=people_bigquery_external_table_task, execution_date=20220424T222724, start_date=20220424T223123, end_date=20220424T223126
[2022-04-24 22:31:26,247] {local_task_job.py:154} INFO - Task exited with return code 0
[2022-04-24 22:31:26,333] {local_task_job.py:264} INFO - 1 downstream tasks scheduled from follow-on schedule check
