[2022-04-24 01:52:55,148] {taskinstance.py:1032} INFO - Dependencies all met for <TaskInstance: local_2_gcs_2_bq_dag.people_local_to_gcs_task manual__2022-04-24T01:52:31.743537+00:00 [queued]>
[2022-04-24 01:52:55,237] {taskinstance.py:1032} INFO - Dependencies all met for <TaskInstance: local_2_gcs_2_bq_dag.people_local_to_gcs_task manual__2022-04-24T01:52:31.743537+00:00 [queued]>
[2022-04-24 01:52:55,247] {taskinstance.py:1238} INFO - 
--------------------------------------------------------------------------------
[2022-04-24 01:52:55,250] {taskinstance.py:1239} INFO - Starting attempt 1 of 2
[2022-04-24 01:52:55,252] {taskinstance.py:1240} INFO - 
--------------------------------------------------------------------------------
[2022-04-24 01:52:55,291] {taskinstance.py:1259} INFO - Executing <Task(PythonOperator): people_local_to_gcs_task> on 2022-04-24 01:52:31.743537+00:00
[2022-04-24 01:52:55,325] {standard_task_runner.py:52} INFO - Started process 5139 to run task
[2022-04-24 01:52:55,357] {standard_task_runner.py:76} INFO - Running: ['***', 'tasks', 'run', 'local_2_gcs_2_bq_dag', 'people_local_to_gcs_task', 'manual__2022-04-24T01:52:31.743537+00:00', '--job-id', '45', '--raw', '--subdir', 'DAGS_FOLDER/download_2_gcs_dag_V2.py', '--cfg-path', '/tmp/tmpsw9xpjg6', '--error-file', '/tmp/tmpxeba1u9c']
[2022-04-24 01:52:55,370] {standard_task_runner.py:77} INFO - Job 45: Subtask people_local_to_gcs_task
[2022-04-24 01:52:55,553] {logging_mixin.py:109} INFO - Running <TaskInstance: local_2_gcs_2_bq_dag.people_local_to_gcs_task manual__2022-04-24T01:52:31.743537+00:00 [running]> on host 65283f82c270
[2022-04-24 01:52:55,675] {taskinstance.py:1426} INFO - Exporting the following env vars:
AIRFLOW_CTX_DAG_OWNER=***
AIRFLOW_CTX_DAG_ID=local_2_gcs_2_bq_dag
AIRFLOW_CTX_TASK_ID=people_local_to_gcs_task
AIRFLOW_CTX_EXECUTION_DATE=2022-04-24T01:52:31.743537+00:00
AIRFLOW_CTX_DAG_RUN_ID=manual__2022-04-24T01:52:31.743537+00:00
[2022-04-24 01:52:56,085] {python.py:175} INFO - Done. Returned value was: None
[2022-04-24 01:52:56,176] {taskinstance.py:1277} INFO - Marking task as SUCCESS. dag_id=local_2_gcs_2_bq_dag, task_id=people_local_to_gcs_task, execution_date=20220424T015231, start_date=20220424T015255, end_date=20220424T015256
[2022-04-24 01:52:56,392] {local_task_job.py:154} INFO - Task exited with return code 0
[2022-04-24 01:52:56,623] {local_task_job.py:264} INFO - 1 downstream tasks scheduled from follow-on schedule check
