[2022-04-24 02:22:51,141] {taskinstance.py:1032} INFO - Dependencies all met for <TaskInstance: local_2_gcs_2_bq_dag.people_local_to_gcs_task manual__2022-04-24T01:52:31.743537+00:00 [queued]>
[2022-04-24 02:22:51,281] {taskinstance.py:1032} INFO - Dependencies all met for <TaskInstance: local_2_gcs_2_bq_dag.people_local_to_gcs_task manual__2022-04-24T01:52:31.743537+00:00 [queued]>
[2022-04-24 02:22:51,283] {taskinstance.py:1238} INFO - 
--------------------------------------------------------------------------------
[2022-04-24 02:22:51,284] {taskinstance.py:1239} INFO - Starting attempt 2 of 3
[2022-04-24 02:22:51,286] {taskinstance.py:1240} INFO - 
--------------------------------------------------------------------------------
[2022-04-24 02:22:51,319] {taskinstance.py:1259} INFO - Executing <Task(PythonOperator): people_local_to_gcs_task> on 2022-04-24 01:52:31.743537+00:00
[2022-04-24 02:22:51,337] {standard_task_runner.py:52} INFO - Started process 321 to run task
[2022-04-24 02:22:51,367] {standard_task_runner.py:76} INFO - Running: ['***', 'tasks', 'run', 'local_2_gcs_2_bq_dag', 'people_local_to_gcs_task', 'manual__2022-04-24T01:52:31.743537+00:00', '--job-id', '65', '--raw', '--subdir', 'DAGS_FOLDER/download_2_gcs_dag_V2.py', '--cfg-path', '/tmp/tmpr5y_x51t', '--error-file', '/tmp/tmppjlk1ipm']
[2022-04-24 02:22:51,370] {standard_task_runner.py:77} INFO - Job 65: Subtask people_local_to_gcs_task
[2022-04-24 02:22:51,540] {logging_mixin.py:109} INFO - Running <TaskInstance: local_2_gcs_2_bq_dag.people_local_to_gcs_task manual__2022-04-24T01:52:31.743537+00:00 [running]> on host 1f2512cca76d
[2022-04-24 02:22:51,737] {taskinstance.py:1426} INFO - Exporting the following env vars:
AIRFLOW_CTX_DAG_OWNER=***
AIRFLOW_CTX_DAG_ID=local_2_gcs_2_bq_dag
AIRFLOW_CTX_TASK_ID=people_local_to_gcs_task
AIRFLOW_CTX_EXECUTION_DATE=2022-04-24T01:52:31.743537+00:00
AIRFLOW_CTX_DAG_RUN_ID=manual__2022-04-24T01:52:31.743537+00:00
[2022-04-24 02:26:14,913] {python.py:175} INFO - Done. Returned value was: None
[2022-04-24 02:26:14,969] {taskinstance.py:1277} INFO - Marking task as SUCCESS. dag_id=local_2_gcs_2_bq_dag, task_id=people_local_to_gcs_task, execution_date=20220424T015231, start_date=20220424T022251, end_date=20220424T022614
[2022-04-24 02:26:15,137] {local_task_job.py:154} INFO - Task exited with return code 0
[2022-04-24 02:26:15,317] {local_task_job.py:264} INFO - 1 downstream tasks scheduled from follow-on schedule check
