[2022-04-24 23:43:45,307] {taskinstance.py:1032} INFO - Dependencies all met for <TaskInstance: local_2_gcs_2_bq_dag.download_vehicles_dataset_task manual__2022-04-24T22:27:24.245486+00:00 [queued]>
[2022-04-24 23:43:45,366] {taskinstance.py:1032} INFO - Dependencies all met for <TaskInstance: local_2_gcs_2_bq_dag.download_vehicles_dataset_task manual__2022-04-24T22:27:24.245486+00:00 [queued]>
[2022-04-24 23:43:45,382] {taskinstance.py:1238} INFO - 
--------------------------------------------------------------------------------
[2022-04-24 23:43:45,417] {taskinstance.py:1239} INFO - Starting attempt 5 of 6
[2022-04-24 23:43:45,419] {taskinstance.py:1240} INFO - 
--------------------------------------------------------------------------------
[2022-04-24 23:43:45,543] {taskinstance.py:1259} INFO - Executing <Task(BashOperator): download_vehicles_dataset_task> on 2022-04-24 22:27:24.245486+00:00
[2022-04-24 23:43:45,581] {standard_task_runner.py:52} INFO - Started process 3730 to run task
[2022-04-24 23:43:45,640] {standard_task_runner.py:76} INFO - Running: ['***', 'tasks', 'run', 'local_2_gcs_2_bq_dag', 'download_vehicles_dataset_task', 'manual__2022-04-24T22:27:24.245486+00:00', '--job-id', '148', '--raw', '--subdir', 'DAGS_FOLDER/download_2_gcs_dag_V3.py', '--cfg-path', '/tmp/tmptspel93t', '--error-file', '/tmp/tmpxjg07n57']
[2022-04-24 23:43:45,647] {standard_task_runner.py:77} INFO - Job 148: Subtask download_vehicles_dataset_task
[2022-04-24 23:43:46,155] {logging_mixin.py:109} INFO - Running <TaskInstance: local_2_gcs_2_bq_dag.download_vehicles_dataset_task manual__2022-04-24T22:27:24.245486+00:00 [running]> on host 2bdc5459fc64
[2022-04-24 23:43:46,925] {taskinstance.py:1426} INFO - Exporting the following env vars:
AIRFLOW_CTX_DAG_OWNER=***
AIRFLOW_CTX_DAG_ID=local_2_gcs_2_bq_dag
AIRFLOW_CTX_TASK_ID=download_vehicles_dataset_task
AIRFLOW_CTX_EXECUTION_DATE=2022-04-24T22:27:24.245486+00:00
AIRFLOW_CTX_DAG_RUN_ID=manual__2022-04-24T22:27:24.245486+00:00
[2022-04-24 23:43:46,942] {subprocess.py:62} INFO - Tmp dir root location: 
 /tmp
[2022-04-24 23:43:46,953] {subprocess.py:74} INFO - Running command: ['bash', '-c', 'curl -sS https://data.cityofchicago.org/api/views/68nd-jvt3/rows.csv?accessType=DOWNLOAD > /opt/***/68nd-jvt3.csv']
[2022-04-24 23:43:47,133] {subprocess.py:85} INFO - Output:
[2022-04-24 23:48:59,697] {subprocess.py:93} INFO - Command exited with return code 0
[2022-04-24 23:48:59,764] {taskinstance.py:1277} INFO - Marking task as SUCCESS. dag_id=local_2_gcs_2_bq_dag, task_id=download_vehicles_dataset_task, execution_date=20220424T222724, start_date=20220424T234345, end_date=20220424T234859
[2022-04-24 23:48:59,928] {local_task_job.py:154} INFO - Task exited with return code 0
[2022-04-24 23:49:00,015] {local_task_job.py:264} INFO - 0 downstream tasks scheduled from follow-on schedule check
