[2022-04-24 00:16:52,452] {taskinstance.py:1032} INFO - Dependencies all met for <TaskInstance: local_2_gcs_2_bq_dag.format_to_parquet_task manual__2022-04-24T00:11:17.448389+00:00 [queued]>
[2022-04-24 00:16:52,481] {taskinstance.py:1032} INFO - Dependencies all met for <TaskInstance: local_2_gcs_2_bq_dag.format_to_parquet_task manual__2022-04-24T00:11:17.448389+00:00 [queued]>
[2022-04-24 00:16:52,490] {taskinstance.py:1238} INFO - 
--------------------------------------------------------------------------------
[2022-04-24 00:16:52,492] {taskinstance.py:1239} INFO - Starting attempt 1 of 2
[2022-04-24 00:16:52,494] {taskinstance.py:1240} INFO - 
--------------------------------------------------------------------------------
[2022-04-24 00:16:52,533] {taskinstance.py:1259} INFO - Executing <Task(PythonOperator): format_to_parquet_task> on 2022-04-24 00:11:17.448389+00:00
[2022-04-24 00:16:52,551] {standard_task_runner.py:52} INFO - Started process 1195 to run task
[2022-04-24 00:16:52,562] {standard_task_runner.py:76} INFO - Running: ['***', 'tasks', 'run', 'local_2_gcs_2_bq_dag', 'format_to_parquet_task', 'manual__2022-04-24T00:11:17.448389+00:00', '--job-id', '13', '--raw', '--subdir', 'DAGS_FOLDER/download_2_gcs_dag_V2.py', '--cfg-path', '/tmp/tmpa3xwntq2', '--error-file', '/tmp/tmpth1tue5n']
[2022-04-24 00:16:52,573] {standard_task_runner.py:77} INFO - Job 13: Subtask format_to_parquet_task
[2022-04-24 00:16:52,757] {logging_mixin.py:109} INFO - Running <TaskInstance: local_2_gcs_2_bq_dag.format_to_parquet_task manual__2022-04-24T00:11:17.448389+00:00 [running]> on host 65283f82c270
[2022-04-24 00:16:52,846] {taskinstance.py:1426} INFO - Exporting the following env vars:
AIRFLOW_CTX_DAG_OWNER=***
AIRFLOW_CTX_DAG_ID=local_2_gcs_2_bq_dag
AIRFLOW_CTX_TASK_ID=format_to_parquet_task
AIRFLOW_CTX_EXECUTION_DATE=2022-04-24T00:11:17.448389+00:00
AIRFLOW_CTX_DAG_RUN_ID=manual__2022-04-24T00:11:17.448389+00:00
[2022-04-24 00:16:52,997] {python.py:175} INFO - Done. Returned value was: None
[2022-04-24 00:16:53,018] {taskinstance.py:1277} INFO - Marking task as SUCCESS. dag_id=local_2_gcs_2_bq_dag, task_id=format_to_parquet_task, execution_date=20220424T001117, start_date=20220424T001652, end_date=20220424T001653
[2022-04-24 00:16:53,077] {local_task_job.py:154} INFO - Task exited with return code 0
[2022-04-24 00:16:53,156] {local_task_job.py:264} INFO - 1 downstream tasks scheduled from follow-on schedule check
