[2022-04-28 01:08:51,186] {taskinstance.py:1032} INFO - Dependencies all met for <TaskInstance: local_2_gcs_2_bq_dag.format_crash_to_parquet_task scheduled__2022-04-28T00:00:00+00:00 [queued]>
[2022-04-28 01:08:51,696] {taskinstance.py:1032} INFO - Dependencies all met for <TaskInstance: local_2_gcs_2_bq_dag.format_crash_to_parquet_task scheduled__2022-04-28T00:00:00+00:00 [queued]>
[2022-04-28 01:08:51,699] {taskinstance.py:1238} INFO - 
--------------------------------------------------------------------------------
[2022-04-28 01:08:51,715] {taskinstance.py:1239} INFO - Starting attempt 1 of 2
[2022-04-28 01:08:51,719] {taskinstance.py:1240} INFO - 
--------------------------------------------------------------------------------
[2022-04-28 01:08:52,010] {taskinstance.py:1259} INFO - Executing <Task(PythonOperator): format_crash_to_parquet_task> on 2022-04-28 00:00:00+00:00
[2022-04-28 01:08:52,095] {standard_task_runner.py:52} INFO - Started process 202 to run task
[2022-04-28 01:08:52,307] {standard_task_runner.py:76} INFO - Running: ['***', 'tasks', 'run', 'local_2_gcs_2_bq_dag', 'format_crash_to_parquet_task', 'scheduled__2022-04-28T00:00:00+00:00', '--job-id', '7', '--raw', '--subdir', 'DAGS_FOLDER/download_2_gcs_dag_V2.py', '--cfg-path', '/tmp/tmpfujbms98', '--error-file', '/tmp/tmp8e201nff']
[2022-04-28 01:08:52,325] {standard_task_runner.py:77} INFO - Job 7: Subtask format_crash_to_parquet_task
[2022-04-28 01:08:53,005] {logging_mixin.py:109} INFO - Running <TaskInstance: local_2_gcs_2_bq_dag.format_crash_to_parquet_task scheduled__2022-04-28T00:00:00+00:00 [running]> on host 130e3b0cefbc
[2022-04-28 01:08:53,569] {taskinstance.py:1426} INFO - Exporting the following env vars:
AIRFLOW_CTX_DAG_OWNER=***
AIRFLOW_CTX_DAG_ID=local_2_gcs_2_bq_dag
AIRFLOW_CTX_TASK_ID=format_crash_to_parquet_task
AIRFLOW_CTX_EXECUTION_DATE=2022-04-28T00:00:00+00:00
AIRFLOW_CTX_DAG_RUN_ID=scheduled__2022-04-28T00:00:00+00:00
[2022-04-28 01:09:45,276] {python.py:175} INFO - Done. Returned value was: None
[2022-04-28 01:09:45,391] {taskinstance.py:1277} INFO - Marking task as SUCCESS. dag_id=local_2_gcs_2_bq_dag, task_id=format_crash_to_parquet_task, execution_date=20220428T000000, start_date=20220428T010851, end_date=20220428T010945
[2022-04-28 01:09:45,703] {local_task_job.py:154} INFO - Task exited with return code 0
[2022-04-28 01:09:45,944] {local_task_job.py:264} INFO - 1 downstream tasks scheduled from follow-on schedule check
[2022-04-28 01:55:44,047] {taskinstance.py:1032} INFO - Dependencies all met for <TaskInstance: local_2_gcs_2_bq_dag.format_crash_to_parquet_task scheduled__2022-04-28T00:00:00+00:00 [queued]>
[2022-04-28 01:55:44,201] {taskinstance.py:1032} INFO - Dependencies all met for <TaskInstance: local_2_gcs_2_bq_dag.format_crash_to_parquet_task scheduled__2022-04-28T00:00:00+00:00 [queued]>
[2022-04-28 01:55:44,203] {taskinstance.py:1238} INFO - 
--------------------------------------------------------------------------------
[2022-04-28 01:55:44,207] {taskinstance.py:1239} INFO - Starting attempt 1 of 2
[2022-04-28 01:55:44,212] {taskinstance.py:1240} INFO - 
--------------------------------------------------------------------------------
[2022-04-28 01:55:44,331] {taskinstance.py:1259} INFO - Executing <Task(PythonOperator): format_crash_to_parquet_task> on 2022-04-28 00:00:00+00:00
[2022-04-28 01:55:44,386] {standard_task_runner.py:52} INFO - Started process 561 to run task
[2022-04-28 01:55:44,417] {standard_task_runner.py:76} INFO - Running: ['***', 'tasks', 'run', 'local_2_gcs_2_bq_dag', 'format_crash_to_parquet_task', 'scheduled__2022-04-28T00:00:00+00:00', '--job-id', '6', '--raw', '--subdir', 'DAGS_FOLDER/download_2_gcs_dag_V2.py', '--cfg-path', '/tmp/tmpjbi7i2mw', '--error-file', '/tmp/tmp7z3wpdj8']
[2022-04-28 01:55:44,452] {standard_task_runner.py:77} INFO - Job 6: Subtask format_crash_to_parquet_task
[2022-04-28 01:55:45,627] {logging_mixin.py:109} INFO - Running <TaskInstance: local_2_gcs_2_bq_dag.format_crash_to_parquet_task scheduled__2022-04-28T00:00:00+00:00 [running]> on host 1d2c8c1aba91
[2022-04-28 01:55:46,337] {taskinstance.py:1426} INFO - Exporting the following env vars:
AIRFLOW_CTX_DAG_OWNER=***
AIRFLOW_CTX_DAG_ID=local_2_gcs_2_bq_dag
AIRFLOW_CTX_TASK_ID=format_crash_to_parquet_task
AIRFLOW_CTX_EXECUTION_DATE=2022-04-28T00:00:00+00:00
AIRFLOW_CTX_DAG_RUN_ID=scheduled__2022-04-28T00:00:00+00:00
[2022-04-28 01:56:23,746] {python.py:175} INFO - Done. Returned value was: None
[2022-04-28 01:56:23,874] {taskinstance.py:1277} INFO - Marking task as SUCCESS. dag_id=local_2_gcs_2_bq_dag, task_id=format_crash_to_parquet_task, execution_date=20220428T000000, start_date=20220428T015544, end_date=20220428T015623
[2022-04-28 01:56:24,504] {local_task_job.py:154} INFO - Task exited with return code 0
[2022-04-28 01:56:24,947] {local_task_job.py:264} INFO - 1 downstream tasks scheduled from follow-on schedule check
