[2022-05-01 15:59:11,043] {taskinstance.py:1032} INFO - Dependencies all met for <TaskInstance: local_gcs_sparkdataproc_bq_dag.download_local_and_upload_GCS.format_vehicles_to_parquet_task manual__2022-05-01T15:37:36.925969+00:00 [queued]>
[2022-05-01 15:59:11,399] {taskinstance.py:1032} INFO - Dependencies all met for <TaskInstance: local_gcs_sparkdataproc_bq_dag.download_local_and_upload_GCS.format_vehicles_to_parquet_task manual__2022-05-01T15:37:36.925969+00:00 [queued]>
[2022-05-01 15:59:11,408] {taskinstance.py:1238} INFO - 
--------------------------------------------------------------------------------
[2022-05-01 15:59:11,431] {taskinstance.py:1239} INFO - Starting attempt 1 of 2
[2022-05-01 15:59:11,451] {taskinstance.py:1240} INFO - 
--------------------------------------------------------------------------------
[2022-05-01 15:59:11,738] {taskinstance.py:1259} INFO - Executing <Task(PythonOperator): download_local_and_upload_GCS.format_vehicles_to_parquet_task> on 2022-05-01 15:37:36.925969+00:00
[2022-05-01 15:59:12,001] {standard_task_runner.py:52} INFO - Started process 1678 to run task
[2022-05-01 15:59:12,254] {standard_task_runner.py:76} INFO - Running: ['***', 'tasks', 'run', 'local_gcs_sparkdataproc_bq_dag', 'download_local_and_upload_GCS.format_vehicles_to_parquet_task', 'manual__2022-05-01T15:37:36.925969+00:00', '--job-id', '35', '--raw', '--subdir', 'DAGS_FOLDER/final_dag.py', '--cfg-path', '/tmp/tmp__q9xv3v', '--error-file', '/tmp/tmpvotgsulm']
[2022-05-01 15:59:12,327] {standard_task_runner.py:77} INFO - Job 35: Subtask download_local_and_upload_GCS.format_vehicles_to_parquet_task
[2022-05-01 15:59:14,432] {logging_mixin.py:109} INFO - Running <TaskInstance: local_gcs_sparkdataproc_bq_dag.download_local_and_upload_GCS.format_vehicles_to_parquet_task manual__2022-05-01T15:37:36.925969+00:00 [running]> on host 97b9d78a285f
[2022-05-01 15:59:15,772] {taskinstance.py:1426} INFO - Exporting the following env vars:
AIRFLOW_CTX_DAG_OWNER=***
AIRFLOW_CTX_DAG_ID=local_gcs_sparkdataproc_bq_dag
AIRFLOW_CTX_TASK_ID=download_local_and_upload_GCS.format_vehicles_to_parquet_task
AIRFLOW_CTX_EXECUTION_DATE=2022-05-01T15:37:36.925969+00:00
AIRFLOW_CTX_DAG_RUN_ID=manual__2022-05-01T15:37:36.925969+00:00
[2022-05-01 16:00:32,086] {python.py:175} INFO - Done. Returned value was: None
[2022-05-01 16:00:32,131] {taskinstance.py:1277} INFO - Marking task as SUCCESS. dag_id=local_gcs_sparkdataproc_bq_dag, task_id=download_local_and_upload_GCS.format_vehicles_to_parquet_task, execution_date=20220501T153736, start_date=20220501T155911, end_date=20220501T160032
[2022-05-01 16:00:32,314] {local_task_job.py:154} INFO - Task exited with return code 0
[2022-05-01 16:00:32,505] {local_task_job.py:264} INFO - 1 downstream tasks scheduled from follow-on schedule check
