[2022-04-23 19:54:58,821] {taskinstance.py:1032} INFO - Dependencies all met for <TaskInstance: local_2_gcs_2_bq_dag.download_dataset_task scheduled__2022-04-22T00:00:00+00:00 [queued]>
[2022-04-23 19:54:58,851] {taskinstance.py:1032} INFO - Dependencies all met for <TaskInstance: local_2_gcs_2_bq_dag.download_dataset_task scheduled__2022-04-22T00:00:00+00:00 [queued]>
[2022-04-23 19:54:58,854] {taskinstance.py:1238} INFO - 
--------------------------------------------------------------------------------
[2022-04-23 19:54:58,856] {taskinstance.py:1239} INFO - Starting attempt 1 of 2
[2022-04-23 19:54:58,858] {taskinstance.py:1240} INFO - 
--------------------------------------------------------------------------------
[2022-04-23 19:54:58,892] {taskinstance.py:1259} INFO - Executing <Task(BashOperator): download_dataset_task> on 2022-04-22 00:00:00+00:00
[2022-04-23 19:54:58,902] {standard_task_runner.py:52} INFO - Started process 196 to run task
[2022-04-23 19:54:58,922] {standard_task_runner.py:76} INFO - Running: ['***', 'tasks', 'run', 'local_2_gcs_2_bq_dag', 'download_dataset_task', 'scheduled__2022-04-22T00:00:00+00:00', '--job-id', '3', '--raw', '--subdir', 'DAGS_FOLDER/download_2_gcs_dag.py', '--cfg-path', '/tmp/tmpqqkw444_', '--error-file', '/tmp/tmp8tqt3uty']
[2022-04-23 19:54:58,927] {standard_task_runner.py:77} INFO - Job 3: Subtask download_dataset_task
[2022-04-23 19:54:59,052] {logging_mixin.py:109} INFO - Running <TaskInstance: local_2_gcs_2_bq_dag.download_dataset_task scheduled__2022-04-22T00:00:00+00:00 [running]> on host 6ad9a715895d
[2022-04-23 19:54:59,168] {taskinstance.py:1426} INFO - Exporting the following env vars:
AIRFLOW_CTX_DAG_OWNER=***
AIRFLOW_CTX_DAG_ID=local_2_gcs_2_bq_dag
AIRFLOW_CTX_TASK_ID=download_dataset_task
AIRFLOW_CTX_EXECUTION_DATE=2022-04-22T00:00:00+00:00
AIRFLOW_CTX_DAG_RUN_ID=scheduled__2022-04-22T00:00:00+00:00
[2022-04-23 19:54:59,174] {subprocess.py:62} INFO - Tmp dir root location: 
 /tmp
[2022-04-23 19:54:59,184] {subprocess.py:74} INFO - Running command: ['bash', '-c', 'curl -sS https://data.cityofchicago.org/resource/85ca-t3if.csv > /opt/***/85ca-t3if.csv']
[2022-04-23 19:54:59,222] {subprocess.py:85} INFO - Output:
[2022-04-23 19:55:01,560] {subprocess.py:93} INFO - Command exited with return code 0
[2022-04-23 19:55:01,797] {taskinstance.py:1277} INFO - Marking task as SUCCESS. dag_id=local_2_gcs_2_bq_dag, task_id=download_dataset_task, execution_date=20220422T000000, start_date=20220423T195458, end_date=20220423T195501
[2022-04-23 19:55:01,964] {local_task_job.py:154} INFO - Task exited with return code 0
[2022-04-23 19:55:02,162] {local_task_job.py:264} INFO - 0 downstream tasks scheduled from follow-on schedule check
[2022-04-23 20:12:09,837] {taskinstance.py:1032} INFO - Dependencies all met for <TaskInstance: local_2_gcs_2_bq_dag.download_dataset_task scheduled__2022-04-22T00:00:00+00:00 [queued]>
[2022-04-23 20:12:09,872] {taskinstance.py:1032} INFO - Dependencies all met for <TaskInstance: local_2_gcs_2_bq_dag.download_dataset_task scheduled__2022-04-22T00:00:00+00:00 [queued]>
[2022-04-23 20:12:09,874] {taskinstance.py:1238} INFO - 
--------------------------------------------------------------------------------
[2022-04-23 20:12:09,875] {taskinstance.py:1239} INFO - Starting attempt 1 of 2
[2022-04-23 20:12:09,877] {taskinstance.py:1240} INFO - 
--------------------------------------------------------------------------------
[2022-04-23 20:12:09,896] {taskinstance.py:1259} INFO - Executing <Task(BashOperator): download_dataset_task> on 2022-04-22 00:00:00+00:00
[2022-04-23 20:12:09,911] {standard_task_runner.py:52} INFO - Started process 177 to run task
[2022-04-23 20:12:09,925] {standard_task_runner.py:76} INFO - Running: ['***', 'tasks', 'run', 'local_2_gcs_2_bq_dag', 'download_dataset_task', 'scheduled__2022-04-22T00:00:00+00:00', '--job-id', '3', '--raw', '--subdir', 'DAGS_FOLDER/download_2_gcs_dag.py', '--cfg-path', '/tmp/tmpmzatd_sr', '--error-file', '/tmp/tmp9y1auhy4']
[2022-04-23 20:12:09,930] {standard_task_runner.py:77} INFO - Job 3: Subtask download_dataset_task
[2022-04-23 20:12:10,055] {logging_mixin.py:109} INFO - Running <TaskInstance: local_2_gcs_2_bq_dag.download_dataset_task scheduled__2022-04-22T00:00:00+00:00 [running]> on host 96670acc8582
[2022-04-23 20:12:10,183] {taskinstance.py:1426} INFO - Exporting the following env vars:
AIRFLOW_CTX_DAG_OWNER=***
AIRFLOW_CTX_DAG_ID=local_2_gcs_2_bq_dag
AIRFLOW_CTX_TASK_ID=download_dataset_task
AIRFLOW_CTX_EXECUTION_DATE=2022-04-22T00:00:00+00:00
AIRFLOW_CTX_DAG_RUN_ID=scheduled__2022-04-22T00:00:00+00:00
[2022-04-23 20:12:10,189] {subprocess.py:62} INFO - Tmp dir root location: 
 /tmp
[2022-04-23 20:12:10,194] {subprocess.py:74} INFO - Running command: ['bash', '-c', 'curl -sS https://data.cityofchicago.org/resource/85ca-t3if.csv > /opt/***/85ca-t3if.csv']
[2022-04-23 20:12:10,250] {subprocess.py:85} INFO - Output:
[2022-04-23 20:12:11,166] {subprocess.py:93} INFO - Command exited with return code 0
[2022-04-23 20:12:11,226] {taskinstance.py:1277} INFO - Marking task as SUCCESS. dag_id=local_2_gcs_2_bq_dag, task_id=download_dataset_task, execution_date=20220422T000000, start_date=20220423T201209, end_date=20220423T201211
[2022-04-23 20:12:11,312] {local_task_job.py:154} INFO - Task exited with return code 0
[2022-04-23 20:12:11,424] {local_task_job.py:264} INFO - 1 downstream tasks scheduled from follow-on schedule check
[2022-04-23 20:37:59,662] {taskinstance.py:1032} INFO - Dependencies all met for <TaskInstance: local_2_gcs_2_bq_dag.download_dataset_task scheduled__2022-04-22T00:00:00+00:00 [queued]>
[2022-04-23 20:37:59,688] {taskinstance.py:1032} INFO - Dependencies all met for <TaskInstance: local_2_gcs_2_bq_dag.download_dataset_task scheduled__2022-04-22T00:00:00+00:00 [queued]>
[2022-04-23 20:37:59,690] {taskinstance.py:1238} INFO - 
--------------------------------------------------------------------------------
[2022-04-23 20:37:59,693] {taskinstance.py:1239} INFO - Starting attempt 1 of 2
[2022-04-23 20:37:59,696] {taskinstance.py:1240} INFO - 
--------------------------------------------------------------------------------
[2022-04-23 20:37:59,726] {taskinstance.py:1259} INFO - Executing <Task(BashOperator): download_dataset_task> on 2022-04-22 00:00:00+00:00
[2022-04-23 20:37:59,739] {standard_task_runner.py:52} INFO - Started process 266 to run task
[2022-04-23 20:37:59,760] {standard_task_runner.py:76} INFO - Running: ['***', 'tasks', 'run', 'local_2_gcs_2_bq_dag', 'download_dataset_task', 'scheduled__2022-04-22T00:00:00+00:00', '--job-id', '3', '--raw', '--subdir', 'DAGS_FOLDER/download_2_gcs_dag.py', '--cfg-path', '/tmp/tmp8oujfn51', '--error-file', '/tmp/tmpjj3mv_u8']
[2022-04-23 20:37:59,763] {standard_task_runner.py:77} INFO - Job 3: Subtask download_dataset_task
[2022-04-23 20:37:59,930] {logging_mixin.py:109} INFO - Running <TaskInstance: local_2_gcs_2_bq_dag.download_dataset_task scheduled__2022-04-22T00:00:00+00:00 [running]> on host 48adf994ba41
[2022-04-23 20:38:00,087] {taskinstance.py:1426} INFO - Exporting the following env vars:
AIRFLOW_CTX_DAG_OWNER=***
AIRFLOW_CTX_DAG_ID=local_2_gcs_2_bq_dag
AIRFLOW_CTX_TASK_ID=download_dataset_task
AIRFLOW_CTX_EXECUTION_DATE=2022-04-22T00:00:00+00:00
AIRFLOW_CTX_DAG_RUN_ID=scheduled__2022-04-22T00:00:00+00:00
[2022-04-23 20:38:00,094] {subprocess.py:62} INFO - Tmp dir root location: 
 /tmp
[2022-04-23 20:38:00,097] {subprocess.py:74} INFO - Running command: ['bash', '-c', 'curl -sS https://data.cityofchicago.org/resource/85ca-t3if.csv > /opt/***/85ca-t3if.csv']
[2022-04-23 20:38:00,121] {subprocess.py:85} INFO - Output:
[2022-04-23 20:38:02,399] {subprocess.py:93} INFO - Command exited with return code 0
[2022-04-23 20:38:02,522] {taskinstance.py:1277} INFO - Marking task as SUCCESS. dag_id=local_2_gcs_2_bq_dag, task_id=download_dataset_task, execution_date=20220422T000000, start_date=20220423T203759, end_date=20220423T203802
[2022-04-23 20:38:02,590] {local_task_job.py:154} INFO - Task exited with return code 0
[2022-04-23 20:38:02,691] {local_task_job.py:264} INFO - 1 downstream tasks scheduled from follow-on schedule check
[2022-04-23 20:58:19,055] {taskinstance.py:1032} INFO - Dependencies all met for <TaskInstance: local_2_gcs_2_bq_dag.download_dataset_task scheduled__2022-04-22T00:00:00+00:00 [queued]>
[2022-04-23 20:58:19,101] {taskinstance.py:1032} INFO - Dependencies all met for <TaskInstance: local_2_gcs_2_bq_dag.download_dataset_task scheduled__2022-04-22T00:00:00+00:00 [queued]>
[2022-04-23 20:58:19,105] {taskinstance.py:1238} INFO - 
--------------------------------------------------------------------------------
[2022-04-23 20:58:19,111] {taskinstance.py:1239} INFO - Starting attempt 1 of 2
[2022-04-23 20:58:19,113] {taskinstance.py:1240} INFO - 
--------------------------------------------------------------------------------
[2022-04-23 20:58:19,200] {taskinstance.py:1259} INFO - Executing <Task(BashOperator): download_dataset_task> on 2022-04-22 00:00:00+00:00
[2022-04-23 20:58:19,225] {standard_task_runner.py:52} INFO - Started process 154 to run task
[2022-04-23 20:58:19,243] {standard_task_runner.py:76} INFO - Running: ['***', 'tasks', 'run', 'local_2_gcs_2_bq_dag', 'download_dataset_task', 'scheduled__2022-04-22T00:00:00+00:00', '--job-id', '3', '--raw', '--subdir', 'DAGS_FOLDER/download_2_gcs_dag.py', '--cfg-path', '/tmp/tmpp9shgf3w', '--error-file', '/tmp/tmptlqra0ao']
[2022-04-23 20:58:19,255] {standard_task_runner.py:77} INFO - Job 3: Subtask download_dataset_task
[2022-04-23 20:58:19,420] {logging_mixin.py:109} INFO - Running <TaskInstance: local_2_gcs_2_bq_dag.download_dataset_task scheduled__2022-04-22T00:00:00+00:00 [running]> on host dfdc12da349c
[2022-04-23 20:58:19,515] {taskinstance.py:1426} INFO - Exporting the following env vars:
AIRFLOW_CTX_DAG_OWNER=***
AIRFLOW_CTX_DAG_ID=local_2_gcs_2_bq_dag
AIRFLOW_CTX_TASK_ID=download_dataset_task
AIRFLOW_CTX_EXECUTION_DATE=2022-04-22T00:00:00+00:00
AIRFLOW_CTX_DAG_RUN_ID=scheduled__2022-04-22T00:00:00+00:00
[2022-04-23 20:58:19,519] {subprocess.py:62} INFO - Tmp dir root location: 
 /tmp
[2022-04-23 20:58:19,521] {subprocess.py:74} INFO - Running command: ['bash', '-c', 'curl -sS https://data.cityofchicago.org/resource/85ca-t3if.csv > /opt/***/85ca-t3if.csv']
[2022-04-23 20:58:19,544] {subprocess.py:85} INFO - Output:
[2022-04-23 20:58:22,204] {subprocess.py:93} INFO - Command exited with return code 0
[2022-04-23 20:58:22,259] {taskinstance.py:1277} INFO - Marking task as SUCCESS. dag_id=local_2_gcs_2_bq_dag, task_id=download_dataset_task, execution_date=20220422T000000, start_date=20220423T205819, end_date=20220423T205822
[2022-04-23 20:58:22,335] {local_task_job.py:154} INFO - Task exited with return code 0
[2022-04-23 20:58:22,452] {local_task_job.py:264} INFO - 0 downstream tasks scheduled from follow-on schedule check
