[2022-04-23 20:41:20,527] {taskinstance.py:1032} INFO - Dependencies all met for <TaskInstance: local_2_gcs_2_bq_dag.download_dataset_task scheduled__2022-04-22T00:00:00+00:00 [queued]>
[2022-04-23 20:41:20,615] {taskinstance.py:1032} INFO - Dependencies all met for <TaskInstance: local_2_gcs_2_bq_dag.download_dataset_task scheduled__2022-04-22T00:00:00+00:00 [queued]>
[2022-04-23 20:41:20,626] {taskinstance.py:1238} INFO - 
--------------------------------------------------------------------------------
[2022-04-23 20:41:20,628] {taskinstance.py:1239} INFO - Starting attempt 2 of 3
[2022-04-23 20:41:20,629] {taskinstance.py:1240} INFO - 
--------------------------------------------------------------------------------
[2022-04-23 20:41:20,688] {taskinstance.py:1259} INFO - Executing <Task(BashOperator): download_dataset_task> on 2022-04-22 00:00:00+00:00
[2022-04-23 20:41:20,708] {standard_task_runner.py:52} INFO - Started process 418 to run task
[2022-04-23 20:41:20,738] {standard_task_runner.py:76} INFO - Running: ['***', 'tasks', 'run', 'local_2_gcs_2_bq_dag', 'download_dataset_task', 'scheduled__2022-04-22T00:00:00+00:00', '--job-id', '8', '--raw', '--subdir', 'DAGS_FOLDER/download_2_gcs_dag.py', '--cfg-path', '/tmp/tmp7xh1xjhd', '--error-file', '/tmp/tmpcdv5swv7']
[2022-04-23 20:41:20,746] {standard_task_runner.py:77} INFO - Job 8: Subtask download_dataset_task
[2022-04-23 20:41:20,971] {logging_mixin.py:109} INFO - Running <TaskInstance: local_2_gcs_2_bq_dag.download_dataset_task scheduled__2022-04-22T00:00:00+00:00 [running]> on host 48adf994ba41
[2022-04-23 20:41:21,244] {taskinstance.py:1426} INFO - Exporting the following env vars:
AIRFLOW_CTX_DAG_OWNER=***
AIRFLOW_CTX_DAG_ID=local_2_gcs_2_bq_dag
AIRFLOW_CTX_TASK_ID=download_dataset_task
AIRFLOW_CTX_EXECUTION_DATE=2022-04-22T00:00:00+00:00
AIRFLOW_CTX_DAG_RUN_ID=scheduled__2022-04-22T00:00:00+00:00
[2022-04-23 20:41:21,252] {subprocess.py:62} INFO - Tmp dir root location: 
 /tmp
[2022-04-23 20:41:21,272] {subprocess.py:74} INFO - Running command: ['bash', '-c', 'curl -sS https://data.cityofchicago.org/resource/85ca-t3if.csv > /opt/***/85ca-t3if.csv']
[2022-04-23 20:41:21,321] {subprocess.py:85} INFO - Output:
[2022-04-23 20:41:22,358] {subprocess.py:93} INFO - Command exited with return code 0
[2022-04-23 20:41:22,551] {taskinstance.py:1277} INFO - Marking task as SUCCESS. dag_id=local_2_gcs_2_bq_dag, task_id=download_dataset_task, execution_date=20220422T000000, start_date=20220423T204120, end_date=20220423T204122
[2022-04-23 20:41:22,715] {local_task_job.py:154} INFO - Task exited with return code 0
[2022-04-23 20:41:22,922] {local_task_job.py:264} INFO - 1 downstream tasks scheduled from follow-on schedule check
