[2022-04-28 02:00:58,926] {taskinstance.py:1032} INFO - Dependencies all met for <TaskInstance: local_2_gcs_2_bq_dag.delete_people_dataset_task scheduled__2022-04-28T00:00:00+00:00 [queued]>
[2022-04-28 02:00:58,959] {taskinstance.py:1032} INFO - Dependencies all met for <TaskInstance: local_2_gcs_2_bq_dag.delete_people_dataset_task scheduled__2022-04-28T00:00:00+00:00 [queued]>
[2022-04-28 02:00:58,962] {taskinstance.py:1238} INFO - 
--------------------------------------------------------------------------------
[2022-04-28 02:00:58,963] {taskinstance.py:1239} INFO - Starting attempt 1 of 2
[2022-04-28 02:00:58,964] {taskinstance.py:1240} INFO - 
--------------------------------------------------------------------------------
[2022-04-28 02:00:59,012] {taskinstance.py:1259} INFO - Executing <Task(BashOperator): delete_people_dataset_task> on 2022-04-28 00:00:00+00:00
[2022-04-28 02:00:59,041] {standard_task_runner.py:52} INFO - Started process 779 to run task
[2022-04-28 02:00:59,063] {standard_task_runner.py:76} INFO - Running: ['***', 'tasks', 'run', 'local_2_gcs_2_bq_dag', 'delete_people_dataset_task', 'scheduled__2022-04-28T00:00:00+00:00', '--job-id', '13', '--raw', '--subdir', 'DAGS_FOLDER/download_2_gcs_dag_V2.py', '--cfg-path', '/tmp/tmp6wt_j9e7', '--error-file', '/tmp/tmpkf9fugoq']
[2022-04-28 02:00:59,072] {standard_task_runner.py:77} INFO - Job 13: Subtask delete_people_dataset_task
[2022-04-28 02:00:59,265] {logging_mixin.py:109} INFO - Running <TaskInstance: local_2_gcs_2_bq_dag.delete_people_dataset_task scheduled__2022-04-28T00:00:00+00:00 [running]> on host 1d2c8c1aba91
[2022-04-28 02:00:59,436] {taskinstance.py:1426} INFO - Exporting the following env vars:
AIRFLOW_CTX_DAG_OWNER=***
AIRFLOW_CTX_DAG_ID=local_2_gcs_2_bq_dag
AIRFLOW_CTX_TASK_ID=delete_people_dataset_task
AIRFLOW_CTX_EXECUTION_DATE=2022-04-28T00:00:00+00:00
AIRFLOW_CTX_DAG_RUN_ID=scheduled__2022-04-28T00:00:00+00:00
[2022-04-28 02:00:59,442] {subprocess.py:62} INFO - Tmp dir root location: 
 /tmp
[2022-04-28 02:00:59,449] {subprocess.py:74} INFO - Running command: ['bash', '-c', 'rm /opt/***/u6pd-qa9d.csv /opt/***/u6pd-qa9d.parquet']
[2022-04-28 02:00:59,528] {subprocess.py:85} INFO - Output:
[2022-04-28 02:00:59,655] {subprocess.py:93} INFO - Command exited with return code 0
[2022-04-28 02:00:59,743] {taskinstance.py:1277} INFO - Marking task as SUCCESS. dag_id=local_2_gcs_2_bq_dag, task_id=delete_people_dataset_task, execution_date=20220428T000000, start_date=20220428T020058, end_date=20220428T020059
[2022-04-28 02:00:59,845] {local_task_job.py:154} INFO - Task exited with return code 0
[2022-04-28 02:00:59,912] {local_task_job.py:264} INFO - 0 downstream tasks scheduled from follow-on schedule check
