[2022-05-01 00:00:40,357] {processor.py:163} INFO - Started process (PID=1104) to work on /opt/airflow/dags/dataproc_spark_dagv3.py
[2022-05-01 00:00:40,384] {processor.py:642} INFO - Processing file /opt/airflow/dags/dataproc_spark_dagv3.py for tasks to queue
[2022-05-01 00:00:40,404] {logging_mixin.py:109} INFO - [2022-05-01 00:00:40,404] {dagbag.py:500} INFO - Filling up the DagBag from /opt/airflow/dags/dataproc_spark_dagv3.py
[2022-05-01 00:00:45,346] {processor.py:654} INFO - DAG(s) dict_keys(['dataproc_bqext_bqpart_dag']) retrieved from /opt/airflow/dags/dataproc_spark_dagv3.py
[2022-05-01 00:00:45,423] {logging_mixin.py:109} INFO - [2022-05-01 00:00:45,423] {dag.py:2396} INFO - Sync 1 DAGs
[2022-05-01 00:00:45,501] {logging_mixin.py:109} INFO - [2022-05-01 00:00:45,501] {dag.py:2935} INFO - Setting next_dagrun for dataproc_bqext_bqpart_dag to 2022-05-01T00:00:00+00:00
[2022-05-01 00:00:45,534] {processor.py:171} INFO - Processing /opt/airflow/dags/dataproc_spark_dagv3.py took 5.236 seconds
[2022-05-01 00:01:16,035] {processor.py:163} INFO - Started process (PID=1131) to work on /opt/airflow/dags/dataproc_spark_dagv3.py
[2022-05-01 00:01:16,079] {processor.py:642} INFO - Processing file /opt/airflow/dags/dataproc_spark_dagv3.py for tasks to queue
[2022-05-01 00:01:16,088] {logging_mixin.py:109} INFO - [2022-05-01 00:01:16,088] {dagbag.py:500} INFO - Filling up the DagBag from /opt/airflow/dags/dataproc_spark_dagv3.py
[2022-05-01 00:01:23,735] {processor.py:654} INFO - DAG(s) dict_keys(['dataproc_bqext_bqpart_dag']) retrieved from /opt/airflow/dags/dataproc_spark_dagv3.py
[2022-05-01 00:01:23,761] {logging_mixin.py:109} INFO - [2022-05-01 00:01:23,760] {dag.py:2396} INFO - Sync 1 DAGs
[2022-05-01 00:01:23,796] {logging_mixin.py:109} INFO - [2022-05-01 00:01:23,796] {dag.py:2935} INFO - Setting next_dagrun for dataproc_bqext_bqpart_dag to 2022-05-01T00:00:00+00:00
[2022-05-01 00:01:23,823] {processor.py:171} INFO - Processing /opt/airflow/dags/dataproc_spark_dagv3.py took 7.873 seconds
[2022-05-01 00:01:54,286] {processor.py:163} INFO - Started process (PID=1152) to work on /opt/airflow/dags/dataproc_spark_dagv3.py
[2022-05-01 00:01:54,302] {processor.py:642} INFO - Processing file /opt/airflow/dags/dataproc_spark_dagv3.py for tasks to queue
[2022-05-01 00:01:54,306] {logging_mixin.py:109} INFO - [2022-05-01 00:01:54,306] {dagbag.py:500} INFO - Filling up the DagBag from /opt/airflow/dags/dataproc_spark_dagv3.py
[2022-05-01 00:02:05,119] {processor.py:654} INFO - DAG(s) dict_keys(['dataproc_bqext_bqpart_dag']) retrieved from /opt/airflow/dags/dataproc_spark_dagv3.py
[2022-05-01 00:02:05,214] {logging_mixin.py:109} INFO - [2022-05-01 00:02:05,213] {dag.py:2396} INFO - Sync 1 DAGs
[2022-05-01 00:02:05,315] {logging_mixin.py:109} INFO - [2022-05-01 00:02:05,314] {dag.py:2935} INFO - Setting next_dagrun for dataproc_bqext_bqpart_dag to 2022-05-01T00:00:00+00:00
[2022-05-01 00:02:05,455] {processor.py:171} INFO - Processing /opt/airflow/dags/dataproc_spark_dagv3.py took 11.235 seconds
[2022-05-01 00:02:35,887] {processor.py:163} INFO - Started process (PID=1180) to work on /opt/airflow/dags/dataproc_spark_dagv3.py
[2022-05-01 00:02:35,892] {processor.py:642} INFO - Processing file /opt/airflow/dags/dataproc_spark_dagv3.py for tasks to queue
[2022-05-01 00:02:35,913] {logging_mixin.py:109} INFO - [2022-05-01 00:02:35,913] {dagbag.py:500} INFO - Filling up the DagBag from /opt/airflow/dags/dataproc_spark_dagv3.py
[2022-05-01 00:02:46,859] {processor.py:654} INFO - DAG(s) dict_keys(['dataproc_bqext_bqpart_dag']) retrieved from /opt/airflow/dags/dataproc_spark_dagv3.py
[2022-05-01 00:02:46,905] {logging_mixin.py:109} INFO - [2022-05-01 00:02:46,905] {dag.py:2396} INFO - Sync 1 DAGs
[2022-05-01 00:02:46,995] {logging_mixin.py:109} INFO - [2022-05-01 00:02:46,994] {dag.py:2935} INFO - Setting next_dagrun for dataproc_bqext_bqpart_dag to 2022-05-01T00:00:00+00:00
[2022-05-01 00:02:47,057] {processor.py:171} INFO - Processing /opt/airflow/dags/dataproc_spark_dagv3.py took 11.315 seconds
[2022-05-01 00:03:17,720] {processor.py:163} INFO - Started process (PID=1209) to work on /opt/airflow/dags/dataproc_spark_dagv3.py
[2022-05-01 00:03:17,725] {processor.py:642} INFO - Processing file /opt/airflow/dags/dataproc_spark_dagv3.py for tasks to queue
[2022-05-01 00:03:17,730] {logging_mixin.py:109} INFO - [2022-05-01 00:03:17,730] {dagbag.py:500} INFO - Filling up the DagBag from /opt/airflow/dags/dataproc_spark_dagv3.py
[2022-05-01 00:03:19,983] {processor.py:654} INFO - DAG(s) dict_keys(['dataproc_bqext_bqpart_dag']) retrieved from /opt/airflow/dags/dataproc_spark_dagv3.py
[2022-05-01 00:03:20,011] {logging_mixin.py:109} INFO - [2022-05-01 00:03:20,010] {dag.py:2396} INFO - Sync 1 DAGs
[2022-05-01 00:03:20,043] {logging_mixin.py:109} INFO - [2022-05-01 00:03:20,043] {dag.py:2935} INFO - Setting next_dagrun for dataproc_bqext_bqpart_dag to 2022-05-01T00:00:00+00:00
[2022-05-01 00:03:20,069] {processor.py:171} INFO - Processing /opt/airflow/dags/dataproc_spark_dagv3.py took 2.388 seconds
[2022-05-01 15:16:19,224] {processor.py:163} INFO - Started process (PID=77) to work on /opt/airflow/dags/dataproc_spark_dagv3.py
[2022-05-01 15:16:19,242] {processor.py:642} INFO - Processing file /opt/airflow/dags/dataproc_spark_dagv3.py for tasks to queue
[2022-05-01 15:16:19,282] {logging_mixin.py:109} INFO - [2022-05-01 15:16:19,259] {dagbag.py:500} INFO - Filling up the DagBag from /opt/airflow/dags/dataproc_spark_dagv3.py
[2022-05-01 15:16:45,995] {processor.py:654} INFO - DAG(s) dict_keys(['dataproc_bqext_bqpart_dag']) retrieved from /opt/airflow/dags/dataproc_spark_dagv3.py
[2022-05-01 15:16:46,193] {logging_mixin.py:109} INFO - [2022-05-01 15:16:46,184] {dag.py:2396} INFO - Sync 1 DAGs
[2022-05-01 15:16:46,475] {logging_mixin.py:109} INFO - [2022-05-01 15:16:46,475] {dag.py:2935} INFO - Setting next_dagrun for dataproc_bqext_bqpart_dag to 2022-05-01T00:00:00+00:00
[2022-05-01 15:16:46,574] {processor.py:171} INFO - Processing /opt/airflow/dags/dataproc_spark_dagv3.py took 27.584 seconds
[2022-05-01 15:16:46,909] {processor.py:163} INFO - Started process (PID=91) to work on /opt/airflow/dags/dataproc_spark_dagv3.py
[2022-05-01 15:16:46,924] {processor.py:642} INFO - Processing file /opt/airflow/dags/dataproc_spark_dagv3.py for tasks to queue
[2022-05-01 15:16:46,953] {logging_mixin.py:109} INFO - [2022-05-01 15:16:46,953] {dagbag.py:500} INFO - Filling up the DagBag from /opt/airflow/dags/dataproc_spark_dagv3.py
[2022-05-01 15:17:01,156] {processor.py:654} INFO - DAG(s) dict_keys(['dataproc_bqext_bqpart_dag']) retrieved from /opt/airflow/dags/dataproc_spark_dagv3.py
[2022-05-01 15:17:02,094] {processor.py:608} INFO - Executed failure callback for <TaskInstance: dataproc_bqext_bqpart_dag.spark_transform_sparksubmit scheduled__2022-04-30T00:00:00+00:00 [up_for_retry]> in state up_for_retry
[2022-05-01 15:17:02,366] {processor.py:608} INFO - Executed failure callback for <TaskInstance: dataproc_bqext_bqpart_dag.spark_transform_sparksubmit scheduled__2022-04-30T00:00:00+00:00 [failed]> in state failed
[2022-05-01 15:17:02,658] {processor.py:608} INFO - Executed failure callback for <TaskInstance: dataproc_bqext_bqpart_dag.spark_transform_sparksubmit scheduled__2022-04-30T00:00:00+00:00 [failed]> in state failed
[2022-05-01 15:17:02,846] {logging_mixin.py:109} INFO - [2022-05-01 15:17:02,846] {dag.py:2396} INFO - Sync 1 DAGs
[2022-05-01 15:17:03,144] {logging_mixin.py:109} INFO - [2022-05-01 15:17:03,144] {dag.py:2935} INFO - Setting next_dagrun for dataproc_bqext_bqpart_dag to 2022-05-01T00:00:00+00:00
[2022-05-01 15:17:03,281] {processor.py:171} INFO - Processing /opt/airflow/dags/dataproc_spark_dagv3.py took 16.446 seconds
[2022-05-01 15:17:03,754] {processor.py:163} INFO - Started process (PID=107) to work on /opt/airflow/dags/dataproc_spark_dagv3.py
[2022-05-01 15:17:03,791] {processor.py:642} INFO - Processing file /opt/airflow/dags/dataproc_spark_dagv3.py for tasks to queue
[2022-05-01 15:17:03,805] {logging_mixin.py:109} INFO - [2022-05-01 15:17:03,804] {dagbag.py:500} INFO - Filling up the DagBag from /opt/airflow/dags/dataproc_spark_dagv3.py
[2022-05-01 15:17:19,017] {processor.py:654} INFO - DAG(s) dict_keys(['dataproc_bqext_bqpart_dag']) retrieved from /opt/airflow/dags/dataproc_spark_dagv3.py
[2022-05-01 15:17:19,856] {processor.py:608} INFO - Executed failure callback for <TaskInstance: dataproc_bqext_bqpart_dag.spark_transform_sparksubmit scheduled__2022-04-30T00:00:00+00:00 [failed]> in state failed
[2022-05-01 15:17:20,190] {processor.py:608} INFO - Executed failure callback for <TaskInstance: dataproc_bqext_bqpart_dag.spark_transform_sparksubmit scheduled__2022-04-30T00:00:00+00:00 [failed]> in state failed
[2022-05-01 15:17:20,353] {logging_mixin.py:109} INFO - [2022-05-01 15:17:20,352] {dag.py:2396} INFO - Sync 1 DAGs
[2022-05-01 15:17:20,518] {logging_mixin.py:109} INFO - [2022-05-01 15:17:20,511] {dag.py:2935} INFO - Setting next_dagrun for dataproc_bqext_bqpart_dag to 2022-05-01T00:00:00+00:00
[2022-05-01 15:17:20,702] {processor.py:171} INFO - Processing /opt/airflow/dags/dataproc_spark_dagv3.py took 17.010 seconds
[2022-05-01 15:17:51,523] {processor.py:163} INFO - Started process (PID=140) to work on /opt/airflow/dags/dataproc_spark_dagv3.py
[2022-05-01 15:17:51,534] {processor.py:642} INFO - Processing file /opt/airflow/dags/dataproc_spark_dagv3.py for tasks to queue
[2022-05-01 15:17:51,538] {logging_mixin.py:109} INFO - [2022-05-01 15:17:51,538] {dagbag.py:500} INFO - Filling up the DagBag from /opt/airflow/dags/dataproc_spark_dagv3.py
[2022-05-01 15:17:55,839] {processor.py:654} INFO - DAG(s) dict_keys(['dataproc_bqext_bqpart_dag']) retrieved from /opt/airflow/dags/dataproc_spark_dagv3.py
[2022-05-01 15:17:55,921] {logging_mixin.py:109} INFO - [2022-05-01 15:17:55,918] {dag.py:2396} INFO - Sync 1 DAGs
[2022-05-01 15:17:56,016] {logging_mixin.py:109} INFO - [2022-05-01 15:17:56,016] {dag.py:2935} INFO - Setting next_dagrun for dataproc_bqext_bqpart_dag to 2022-05-01T00:00:00+00:00
[2022-05-01 15:17:56,056] {processor.py:171} INFO - Processing /opt/airflow/dags/dataproc_spark_dagv3.py took 4.542 seconds
[2022-05-01 15:18:26,743] {processor.py:163} INFO - Started process (PID=168) to work on /opt/airflow/dags/dataproc_spark_dagv3.py
[2022-05-01 15:18:26,747] {processor.py:642} INFO - Processing file /opt/airflow/dags/dataproc_spark_dagv3.py for tasks to queue
[2022-05-01 15:18:26,750] {logging_mixin.py:109} INFO - [2022-05-01 15:18:26,750] {dagbag.py:500} INFO - Filling up the DagBag from /opt/airflow/dags/dataproc_spark_dagv3.py
[2022-05-01 15:18:28,471] {processor.py:654} INFO - DAG(s) dict_keys(['dataproc_bqext_bqpart_dag']) retrieved from /opt/airflow/dags/dataproc_spark_dagv3.py
[2022-05-01 15:18:28,498] {logging_mixin.py:109} INFO - [2022-05-01 15:18:28,498] {dag.py:2396} INFO - Sync 1 DAGs
[2022-05-01 15:18:28,532] {logging_mixin.py:109} INFO - [2022-05-01 15:18:28,532] {dag.py:2935} INFO - Setting next_dagrun for dataproc_bqext_bqpart_dag to 2022-05-01T00:00:00+00:00
[2022-05-01 15:18:28,559] {processor.py:171} INFO - Processing /opt/airflow/dags/dataproc_spark_dagv3.py took 1.829 seconds
[2022-05-01 15:18:58,982] {processor.py:163} INFO - Started process (PID=200) to work on /opt/airflow/dags/dataproc_spark_dagv3.py
[2022-05-01 15:18:58,986] {processor.py:642} INFO - Processing file /opt/airflow/dags/dataproc_spark_dagv3.py for tasks to queue
[2022-05-01 15:18:58,994] {logging_mixin.py:109} INFO - [2022-05-01 15:18:58,993] {dagbag.py:500} INFO - Filling up the DagBag from /opt/airflow/dags/dataproc_spark_dagv3.py
[2022-05-01 15:19:01,332] {processor.py:654} INFO - DAG(s) dict_keys(['dataproc_bqext_bqpart_dag']) retrieved from /opt/airflow/dags/dataproc_spark_dagv3.py
[2022-05-01 15:19:01,360] {logging_mixin.py:109} INFO - [2022-05-01 15:19:01,359] {dag.py:2396} INFO - Sync 1 DAGs
[2022-05-01 15:19:01,392] {logging_mixin.py:109} INFO - [2022-05-01 15:19:01,392] {dag.py:2935} INFO - Setting next_dagrun for dataproc_bqext_bqpart_dag to 2022-05-01T00:00:00+00:00
[2022-05-01 15:19:01,411] {processor.py:171} INFO - Processing /opt/airflow/dags/dataproc_spark_dagv3.py took 2.476 seconds
[2022-05-01 15:19:32,214] {processor.py:163} INFO - Started process (PID=231) to work on /opt/airflow/dags/dataproc_spark_dagv3.py
[2022-05-01 15:19:32,241] {processor.py:642} INFO - Processing file /opt/airflow/dags/dataproc_spark_dagv3.py for tasks to queue
[2022-05-01 15:19:32,264] {logging_mixin.py:109} INFO - [2022-05-01 15:19:32,264] {dagbag.py:500} INFO - Filling up the DagBag from /opt/airflow/dags/dataproc_spark_dagv3.py
[2022-05-01 15:19:34,345] {processor.py:654} INFO - DAG(s) dict_keys(['dataproc_bqext_bqpart_dag']) retrieved from /opt/airflow/dags/dataproc_spark_dagv3.py
[2022-05-01 15:19:34,365] {logging_mixin.py:109} INFO - [2022-05-01 15:19:34,364] {dag.py:2396} INFO - Sync 1 DAGs
[2022-05-01 15:19:34,387] {logging_mixin.py:109} INFO - [2022-05-01 15:19:34,387] {dag.py:2935} INFO - Setting next_dagrun for dataproc_bqext_bqpart_dag to 2022-05-01T00:00:00+00:00
[2022-05-01 15:19:34,404] {processor.py:171} INFO - Processing /opt/airflow/dags/dataproc_spark_dagv3.py took 2.213 seconds
[2022-05-01 15:20:04,916] {processor.py:163} INFO - Started process (PID=260) to work on /opt/airflow/dags/dataproc_spark_dagv3.py
[2022-05-01 15:20:04,920] {processor.py:642} INFO - Processing file /opt/airflow/dags/dataproc_spark_dagv3.py for tasks to queue
[2022-05-01 15:20:04,933] {logging_mixin.py:109} INFO - [2022-05-01 15:20:04,932] {dagbag.py:500} INFO - Filling up the DagBag from /opt/airflow/dags/dataproc_spark_dagv3.py
[2022-05-01 15:20:06,323] {processor.py:654} INFO - DAG(s) dict_keys(['dataproc_bqext_bqpart_dag']) retrieved from /opt/airflow/dags/dataproc_spark_dagv3.py
[2022-05-01 15:20:06,341] {logging_mixin.py:109} INFO - [2022-05-01 15:20:06,340] {dag.py:2396} INFO - Sync 1 DAGs
[2022-05-01 15:20:06,373] {logging_mixin.py:109} INFO - [2022-05-01 15:20:06,373] {dag.py:2935} INFO - Setting next_dagrun for dataproc_bqext_bqpart_dag to 2022-05-01T00:00:00+00:00
[2022-05-01 15:20:06,397] {processor.py:171} INFO - Processing /opt/airflow/dags/dataproc_spark_dagv3.py took 1.490 seconds
[2022-05-01 15:20:36,777] {processor.py:163} INFO - Started process (PID=288) to work on /opt/airflow/dags/dataproc_spark_dagv3.py
[2022-05-01 15:20:36,783] {processor.py:642} INFO - Processing file /opt/airflow/dags/dataproc_spark_dagv3.py for tasks to queue
[2022-05-01 15:20:36,786] {logging_mixin.py:109} INFO - [2022-05-01 15:20:36,785] {dagbag.py:500} INFO - Filling up the DagBag from /opt/airflow/dags/dataproc_spark_dagv3.py
[2022-05-01 15:20:38,609] {processor.py:654} INFO - DAG(s) dict_keys(['dataproc_bqext_bqpart_dag']) retrieved from /opt/airflow/dags/dataproc_spark_dagv3.py
[2022-05-01 15:20:38,641] {logging_mixin.py:109} INFO - [2022-05-01 15:20:38,641] {dag.py:2396} INFO - Sync 1 DAGs
[2022-05-01 15:20:38,683] {logging_mixin.py:109} INFO - [2022-05-01 15:20:38,682] {dag.py:2935} INFO - Setting next_dagrun for dataproc_bqext_bqpart_dag to 2022-05-01T00:00:00+00:00
[2022-05-01 15:20:38,705] {processor.py:171} INFO - Processing /opt/airflow/dags/dataproc_spark_dagv3.py took 1.934 seconds
[2022-05-01 15:21:09,022] {processor.py:163} INFO - Started process (PID=319) to work on /opt/airflow/dags/dataproc_spark_dagv3.py
[2022-05-01 15:21:09,033] {processor.py:642} INFO - Processing file /opt/airflow/dags/dataproc_spark_dagv3.py for tasks to queue
[2022-05-01 15:21:09,071] {logging_mixin.py:109} INFO - [2022-05-01 15:21:09,071] {dagbag.py:500} INFO - Filling up the DagBag from /opt/airflow/dags/dataproc_spark_dagv3.py
[2022-05-01 15:21:10,691] {processor.py:654} INFO - DAG(s) dict_keys(['dataproc_bqext_bqpart_dag']) retrieved from /opt/airflow/dags/dataproc_spark_dagv3.py
[2022-05-01 15:21:10,708] {logging_mixin.py:109} INFO - [2022-05-01 15:21:10,708] {dag.py:2396} INFO - Sync 1 DAGs
[2022-05-01 15:21:10,737] {logging_mixin.py:109} INFO - [2022-05-01 15:21:10,737] {dag.py:2935} INFO - Setting next_dagrun for dataproc_bqext_bqpart_dag to 2022-05-01T00:00:00+00:00
[2022-05-01 15:21:10,758] {processor.py:171} INFO - Processing /opt/airflow/dags/dataproc_spark_dagv3.py took 1.751 seconds
[2022-05-01 15:21:41,019] {processor.py:163} INFO - Started process (PID=349) to work on /opt/airflow/dags/dataproc_spark_dagv3.py
[2022-05-01 15:21:41,031] {processor.py:642} INFO - Processing file /opt/airflow/dags/dataproc_spark_dagv3.py for tasks to queue
[2022-05-01 15:21:41,034] {logging_mixin.py:109} INFO - [2022-05-01 15:21:41,034] {dagbag.py:500} INFO - Filling up the DagBag from /opt/airflow/dags/dataproc_spark_dagv3.py
[2022-05-01 15:21:42,721] {processor.py:654} INFO - DAG(s) dict_keys(['dataproc_bqext_bqpart_dag']) retrieved from /opt/airflow/dags/dataproc_spark_dagv3.py
[2022-05-01 15:21:42,737] {logging_mixin.py:109} INFO - [2022-05-01 15:21:42,737] {dag.py:2396} INFO - Sync 1 DAGs
[2022-05-01 15:21:42,758] {logging_mixin.py:109} INFO - [2022-05-01 15:21:42,758] {dag.py:2935} INFO - Setting next_dagrun for dataproc_bqext_bqpart_dag to 2022-05-01T00:00:00+00:00
[2022-05-01 15:21:42,772] {processor.py:171} INFO - Processing /opt/airflow/dags/dataproc_spark_dagv3.py took 1.765 seconds
[2022-05-01 15:22:13,385] {processor.py:163} INFO - Started process (PID=391) to work on /opt/airflow/dags/dataproc_spark_dagv3.py
[2022-05-01 15:22:13,392] {processor.py:642} INFO - Processing file /opt/airflow/dags/dataproc_spark_dagv3.py for tasks to queue
[2022-05-01 15:22:13,394] {logging_mixin.py:109} INFO - [2022-05-01 15:22:13,394] {dagbag.py:500} INFO - Filling up the DagBag from /opt/airflow/dags/dataproc_spark_dagv3.py
[2022-05-01 15:22:15,381] {processor.py:654} INFO - DAG(s) dict_keys(['dataproc_bqext_bqpart_dag']) retrieved from /opt/airflow/dags/dataproc_spark_dagv3.py
[2022-05-01 15:22:15,407] {logging_mixin.py:109} INFO - [2022-05-01 15:22:15,407] {dag.py:2396} INFO - Sync 1 DAGs
[2022-05-01 15:22:15,437] {logging_mixin.py:109} INFO - [2022-05-01 15:22:15,434] {dag.py:2935} INFO - Setting next_dagrun for dataproc_bqext_bqpart_dag to 2022-05-01T00:00:00+00:00
[2022-05-01 15:22:15,468] {processor.py:171} INFO - Processing /opt/airflow/dags/dataproc_spark_dagv3.py took 2.099 seconds
[2022-05-01 15:22:45,831] {processor.py:163} INFO - Started process (PID=422) to work on /opt/airflow/dags/dataproc_spark_dagv3.py
[2022-05-01 15:22:45,836] {processor.py:642} INFO - Processing file /opt/airflow/dags/dataproc_spark_dagv3.py for tasks to queue
[2022-05-01 15:22:45,839] {logging_mixin.py:109} INFO - [2022-05-01 15:22:45,838] {dagbag.py:500} INFO - Filling up the DagBag from /opt/airflow/dags/dataproc_spark_dagv3.py
[2022-05-01 15:22:46,980] {processor.py:654} INFO - DAG(s) dict_keys(['dataproc_bqext_bqpart_dag']) retrieved from /opt/airflow/dags/dataproc_spark_dagv3.py
[2022-05-01 15:22:46,994] {logging_mixin.py:109} INFO - [2022-05-01 15:22:46,993] {dag.py:2396} INFO - Sync 1 DAGs
[2022-05-01 15:22:47,018] {logging_mixin.py:109} INFO - [2022-05-01 15:22:47,018] {dag.py:2935} INFO - Setting next_dagrun for dataproc_bqext_bqpart_dag to 2022-05-01T00:00:00+00:00
[2022-05-01 15:22:47,033] {processor.py:171} INFO - Processing /opt/airflow/dags/dataproc_spark_dagv3.py took 1.209 seconds
[2022-05-01 15:23:17,161] {processor.py:163} INFO - Started process (PID=450) to work on /opt/airflow/dags/dataproc_spark_dagv3.py
[2022-05-01 15:23:17,167] {processor.py:642} INFO - Processing file /opt/airflow/dags/dataproc_spark_dagv3.py for tasks to queue
[2022-05-01 15:23:17,171] {logging_mixin.py:109} INFO - [2022-05-01 15:23:17,170] {dagbag.py:500} INFO - Filling up the DagBag from /opt/airflow/dags/dataproc_spark_dagv3.py
[2022-05-01 15:23:18,459] {processor.py:654} INFO - DAG(s) dict_keys(['dataproc_bqext_bqpart_dag']) retrieved from /opt/airflow/dags/dataproc_spark_dagv3.py
[2022-05-01 15:23:18,511] {logging_mixin.py:109} INFO - [2022-05-01 15:23:18,511] {dag.py:2396} INFO - Sync 1 DAGs
[2022-05-01 15:23:18,538] {logging_mixin.py:109} INFO - [2022-05-01 15:23:18,537] {dag.py:2935} INFO - Setting next_dagrun for dataproc_bqext_bqpart_dag to 2022-05-01T00:00:00+00:00
[2022-05-01 15:23:18,555] {processor.py:171} INFO - Processing /opt/airflow/dags/dataproc_spark_dagv3.py took 1.404 seconds
[2022-05-01 15:23:49,305] {processor.py:163} INFO - Started process (PID=480) to work on /opt/airflow/dags/dataproc_spark_dagv3.py
[2022-05-01 15:23:49,317] {processor.py:642} INFO - Processing file /opt/airflow/dags/dataproc_spark_dagv3.py for tasks to queue
[2022-05-01 15:23:49,321] {logging_mixin.py:109} INFO - [2022-05-01 15:23:49,321] {dagbag.py:500} INFO - Filling up the DagBag from /opt/airflow/dags/dataproc_spark_dagv3.py
[2022-05-01 15:23:54,412] {processor.py:654} INFO - DAG(s) dict_keys(['dataproc_bqext_bqpart_dag']) retrieved from /opt/airflow/dags/dataproc_spark_dagv3.py
[2022-05-01 15:23:54,441] {logging_mixin.py:109} INFO - [2022-05-01 15:23:54,440] {dag.py:2396} INFO - Sync 1 DAGs
[2022-05-01 15:23:54,461] {logging_mixin.py:109} INFO - [2022-05-01 15:23:54,461] {dag.py:2935} INFO - Setting next_dagrun for dataproc_bqext_bqpart_dag to 2022-05-01T00:00:00+00:00
[2022-05-01 15:23:54,480] {processor.py:171} INFO - Processing /opt/airflow/dags/dataproc_spark_dagv3.py took 5.179 seconds
[2022-05-01 15:24:24,730] {processor.py:163} INFO - Started process (PID=517) to work on /opt/airflow/dags/dataproc_spark_dagv3.py
[2022-05-01 15:24:24,739] {processor.py:642} INFO - Processing file /opt/airflow/dags/dataproc_spark_dagv3.py for tasks to queue
[2022-05-01 15:24:24,743] {logging_mixin.py:109} INFO - [2022-05-01 15:24:24,743] {dagbag.py:500} INFO - Filling up the DagBag from /opt/airflow/dags/dataproc_spark_dagv3.py
[2022-05-01 15:24:26,234] {processor.py:654} INFO - DAG(s) dict_keys(['dataproc_bqext_bqpart_dag']) retrieved from /opt/airflow/dags/dataproc_spark_dagv3.py
[2022-05-01 15:24:26,253] {logging_mixin.py:109} INFO - [2022-05-01 15:24:26,253] {dag.py:2396} INFO - Sync 1 DAGs
[2022-05-01 15:24:26,273] {logging_mixin.py:109} INFO - [2022-05-01 15:24:26,273] {dag.py:2935} INFO - Setting next_dagrun for dataproc_bqext_bqpart_dag to 2022-05-01T00:00:00+00:00
[2022-05-01 15:24:26,290] {processor.py:171} INFO - Processing /opt/airflow/dags/dataproc_spark_dagv3.py took 1.577 seconds
[2022-05-01 15:24:56,409] {processor.py:163} INFO - Started process (PID=547) to work on /opt/airflow/dags/dataproc_spark_dagv3.py
[2022-05-01 15:24:56,420] {processor.py:642} INFO - Processing file /opt/airflow/dags/dataproc_spark_dagv3.py for tasks to queue
[2022-05-01 15:24:56,433] {logging_mixin.py:109} INFO - [2022-05-01 15:24:56,433] {dagbag.py:500} INFO - Filling up the DagBag from /opt/airflow/dags/dataproc_spark_dagv3.py
[2022-05-01 15:24:59,557] {processor.py:654} INFO - DAG(s) dict_keys(['dataproc_bqext_bqpart_dag']) retrieved from /opt/airflow/dags/dataproc_spark_dagv3.py
[2022-05-01 15:24:59,605] {logging_mixin.py:109} INFO - [2022-05-01 15:24:59,605] {dag.py:2396} INFO - Sync 1 DAGs
[2022-05-01 15:24:59,629] {logging_mixin.py:109} INFO - [2022-05-01 15:24:59,629] {dag.py:2935} INFO - Setting next_dagrun for dataproc_bqext_bqpart_dag to 2022-05-01T00:00:00+00:00
[2022-05-01 15:24:59,649] {processor.py:171} INFO - Processing /opt/airflow/dags/dataproc_spark_dagv3.py took 3.257 seconds
[2022-05-01 15:25:29,927] {processor.py:163} INFO - Started process (PID=579) to work on /opt/airflow/dags/dataproc_spark_dagv3.py
[2022-05-01 15:25:29,949] {processor.py:642} INFO - Processing file /opt/airflow/dags/dataproc_spark_dagv3.py for tasks to queue
[2022-05-01 15:25:29,965] {logging_mixin.py:109} INFO - [2022-05-01 15:25:29,964] {dagbag.py:500} INFO - Filling up the DagBag from /opt/airflow/dags/dataproc_spark_dagv3.py
[2022-05-01 15:25:33,348] {processor.py:654} INFO - DAG(s) dict_keys(['dataproc_bqext_bqpart_dag']) retrieved from /opt/airflow/dags/dataproc_spark_dagv3.py
[2022-05-01 15:25:33,371] {logging_mixin.py:109} INFO - [2022-05-01 15:25:33,371] {dag.py:2396} INFO - Sync 1 DAGs
[2022-05-01 15:25:33,395] {logging_mixin.py:109} INFO - [2022-05-01 15:25:33,395] {dag.py:2935} INFO - Setting next_dagrun for dataproc_bqext_bqpart_dag to 2022-05-01T00:00:00+00:00
[2022-05-01 15:25:33,415] {processor.py:171} INFO - Processing /opt/airflow/dags/dataproc_spark_dagv3.py took 3.549 seconds
[2022-05-01 15:26:03,849] {processor.py:163} INFO - Started process (PID=608) to work on /opt/airflow/dags/dataproc_spark_dagv3.py
[2022-05-01 15:26:03,856] {processor.py:642} INFO - Processing file /opt/airflow/dags/dataproc_spark_dagv3.py for tasks to queue
[2022-05-01 15:26:03,863] {logging_mixin.py:109} INFO - [2022-05-01 15:26:03,863] {dagbag.py:500} INFO - Filling up the DagBag from /opt/airflow/dags/dataproc_spark_dagv3.py
[2022-05-01 15:26:06,764] {processor.py:654} INFO - DAG(s) dict_keys(['dataproc_bqext_bqpart_dag']) retrieved from /opt/airflow/dags/dataproc_spark_dagv3.py
[2022-05-01 15:26:06,791] {logging_mixin.py:109} INFO - [2022-05-01 15:26:06,790] {dag.py:2396} INFO - Sync 1 DAGs
[2022-05-01 15:26:06,821] {logging_mixin.py:109} INFO - [2022-05-01 15:26:06,821] {dag.py:2935} INFO - Setting next_dagrun for dataproc_bqext_bqpart_dag to 2022-05-01T00:00:00+00:00
[2022-05-01 15:26:06,854] {processor.py:171} INFO - Processing /opt/airflow/dags/dataproc_spark_dagv3.py took 3.013 seconds
[2022-05-01 15:26:37,386] {processor.py:163} INFO - Started process (PID=637) to work on /opt/airflow/dags/dataproc_spark_dagv3.py
[2022-05-01 15:26:37,391] {processor.py:642} INFO - Processing file /opt/airflow/dags/dataproc_spark_dagv3.py for tasks to queue
[2022-05-01 15:26:37,396] {logging_mixin.py:109} INFO - [2022-05-01 15:26:37,395] {dagbag.py:500} INFO - Filling up the DagBag from /opt/airflow/dags/dataproc_spark_dagv3.py
[2022-05-01 15:26:39,487] {processor.py:654} INFO - DAG(s) dict_keys(['dataproc_bqext_bqpart_dag']) retrieved from /opt/airflow/dags/dataproc_spark_dagv3.py
[2022-05-01 15:26:39,518] {logging_mixin.py:109} INFO - [2022-05-01 15:26:39,518] {dag.py:2396} INFO - Sync 1 DAGs
[2022-05-01 15:26:39,549] {logging_mixin.py:109} INFO - [2022-05-01 15:26:39,549] {dag.py:2935} INFO - Setting next_dagrun for dataproc_bqext_bqpart_dag to 2022-05-01T00:00:00+00:00
[2022-05-01 15:26:39,567] {processor.py:171} INFO - Processing /opt/airflow/dags/dataproc_spark_dagv3.py took 2.193 seconds
[2022-05-01 15:27:10,104] {processor.py:163} INFO - Started process (PID=666) to work on /opt/airflow/dags/dataproc_spark_dagv3.py
[2022-05-01 15:27:10,108] {processor.py:642} INFO - Processing file /opt/airflow/dags/dataproc_spark_dagv3.py for tasks to queue
[2022-05-01 15:27:10,112] {logging_mixin.py:109} INFO - [2022-05-01 15:27:10,112] {dagbag.py:500} INFO - Filling up the DagBag from /opt/airflow/dags/dataproc_spark_dagv3.py
[2022-05-01 15:27:12,353] {processor.py:654} INFO - DAG(s) dict_keys(['dataproc_bqext_bqpart_dag']) retrieved from /opt/airflow/dags/dataproc_spark_dagv3.py
[2022-05-01 15:27:12,408] {logging_mixin.py:109} INFO - [2022-05-01 15:27:12,407] {dag.py:2396} INFO - Sync 1 DAGs
[2022-05-01 15:27:12,483] {logging_mixin.py:109} INFO - [2022-05-01 15:27:12,483] {dag.py:2935} INFO - Setting next_dagrun for dataproc_bqext_bqpart_dag to 2022-05-01T00:00:00+00:00
[2022-05-01 15:27:12,513] {processor.py:171} INFO - Processing /opt/airflow/dags/dataproc_spark_dagv3.py took 2.421 seconds
[2022-05-01 15:27:49,552] {processor.py:163} INFO - Started process (PID=699) to work on /opt/airflow/dags/dataproc_spark_dagv3.py
[2022-05-01 15:27:49,556] {processor.py:642} INFO - Processing file /opt/airflow/dags/dataproc_spark_dagv3.py for tasks to queue
[2022-05-01 15:27:49,568] {logging_mixin.py:109} INFO - [2022-05-01 15:27:49,568] {dagbag.py:500} INFO - Filling up the DagBag from /opt/airflow/dags/dataproc_spark_dagv3.py
[2022-05-01 15:27:57,063] {processor.py:654} INFO - DAG(s) dict_keys(['dataproc_bqext_bqpart_dag']) retrieved from /opt/airflow/dags/dataproc_spark_dagv3.py
[2022-05-01 15:27:57,104] {logging_mixin.py:109} INFO - [2022-05-01 15:27:57,104] {dag.py:2396} INFO - Sync 1 DAGs
[2022-05-01 15:27:57,150] {logging_mixin.py:109} INFO - [2022-05-01 15:27:57,150] {dag.py:2935} INFO - Setting next_dagrun for dataproc_bqext_bqpart_dag to 2022-05-01T00:00:00+00:00
[2022-05-01 15:27:57,185] {processor.py:171} INFO - Processing /opt/airflow/dags/dataproc_spark_dagv3.py took 7.681 seconds
[2022-05-01 15:28:28,197] {processor.py:163} INFO - Started process (PID=735) to work on /opt/airflow/dags/dataproc_spark_dagv3.py
[2022-05-01 15:28:28,229] {processor.py:642} INFO - Processing file /opt/airflow/dags/dataproc_spark_dagv3.py for tasks to queue
[2022-05-01 15:28:28,242] {logging_mixin.py:109} INFO - [2022-05-01 15:28:28,242] {dagbag.py:500} INFO - Filling up the DagBag from /opt/airflow/dags/dataproc_spark_dagv3.py
[2022-05-01 15:28:30,242] {processor.py:654} INFO - DAG(s) dict_keys(['dataproc_bqext_bqpart_dag']) retrieved from /opt/airflow/dags/dataproc_spark_dagv3.py
[2022-05-01 15:28:30,272] {logging_mixin.py:109} INFO - [2022-05-01 15:28:30,272] {dag.py:2396} INFO - Sync 1 DAGs
[2022-05-01 15:28:30,269] {logging_mixin.py:109} INFO - [2022-05-01 15:28:30,269] {dag.py:2935} INFO - Setting next_dagrun for dataproc_bqext_bqpart_dag to 2022-05-01T00:00:00+00:00
[2022-05-01 15:28:30,288] {processor.py:171} INFO - Processing /opt/airflow/dags/dataproc_spark_dagv3.py took 2.140 seconds
[2022-05-01 15:29:01,125] {processor.py:163} INFO - Started process (PID=762) to work on /opt/airflow/dags/dataproc_spark_dagv3.py
[2022-05-01 15:29:01,138] {processor.py:642} INFO - Processing file /opt/airflow/dags/dataproc_spark_dagv3.py for tasks to queue
[2022-05-01 15:29:01,158] {logging_mixin.py:109} INFO - [2022-05-01 15:29:01,155] {dagbag.py:500} INFO - Filling up the DagBag from /opt/airflow/dags/dataproc_spark_dagv3.py
[2022-05-01 15:29:05,733] {processor.py:654} INFO - DAG(s) dict_keys(['dataproc_bqext_bqpart_dag']) retrieved from /opt/airflow/dags/dataproc_spark_dagv3.py
[2022-05-01 15:29:05,760] {logging_mixin.py:109} INFO - [2022-05-01 15:29:05,759] {dag.py:2396} INFO - Sync 1 DAGs
[2022-05-01 15:29:05,799] {logging_mixin.py:109} INFO - [2022-05-01 15:29:05,798] {dag.py:2935} INFO - Setting next_dagrun for dataproc_bqext_bqpart_dag to 2022-05-01T00:00:00+00:00
[2022-05-01 15:29:05,846] {processor.py:171} INFO - Processing /opt/airflow/dags/dataproc_spark_dagv3.py took 4.727 seconds
[2022-05-01 15:29:36,556] {processor.py:163} INFO - Started process (PID=792) to work on /opt/airflow/dags/dataproc_spark_dagv3.py
[2022-05-01 15:29:36,575] {processor.py:642} INFO - Processing file /opt/airflow/dags/dataproc_spark_dagv3.py for tasks to queue
[2022-05-01 15:29:36,614] {logging_mixin.py:109} INFO - [2022-05-01 15:29:36,614] {dagbag.py:500} INFO - Filling up the DagBag from /opt/airflow/dags/dataproc_spark_dagv3.py
[2022-05-01 15:29:41,396] {processor.py:654} INFO - DAG(s) dict_keys(['dataproc_bqext_bqpart_dag']) retrieved from /opt/airflow/dags/dataproc_spark_dagv3.py
[2022-05-01 15:29:41,633] {logging_mixin.py:109} INFO - [2022-05-01 15:29:41,631] {dag.py:2396} INFO - Sync 1 DAGs
[2022-05-01 15:29:41,796] {logging_mixin.py:109} INFO - [2022-05-01 15:29:41,795] {dag.py:2935} INFO - Setting next_dagrun for dataproc_bqext_bqpart_dag to 2022-05-01T00:00:00+00:00
[2022-05-01 15:29:41,859] {processor.py:171} INFO - Processing /opt/airflow/dags/dataproc_spark_dagv3.py took 5.331 seconds
[2022-05-01 15:30:12,381] {processor.py:163} INFO - Started process (PID=812) to work on /opt/airflow/dags/dataproc_spark_dagv3.py
[2022-05-01 15:30:12,393] {processor.py:642} INFO - Processing file /opt/airflow/dags/dataproc_spark_dagv3.py for tasks to queue
[2022-05-01 15:30:12,397] {logging_mixin.py:109} INFO - [2022-05-01 15:30:12,396] {dagbag.py:500} INFO - Filling up the DagBag from /opt/airflow/dags/dataproc_spark_dagv3.py
[2022-05-01 15:30:16,154] {processor.py:654} INFO - DAG(s) dict_keys(['dataproc_bqext_bqpart_dag']) retrieved from /opt/airflow/dags/dataproc_spark_dagv3.py
[2022-05-01 15:30:16,280] {logging_mixin.py:109} INFO - [2022-05-01 15:30:16,280] {dag.py:2396} INFO - Sync 1 DAGs
[2022-05-01 15:30:16,503] {logging_mixin.py:109} INFO - [2022-05-01 15:30:16,503] {dag.py:2935} INFO - Setting next_dagrun for dataproc_bqext_bqpart_dag to 2022-05-01T00:00:00+00:00
[2022-05-01 15:30:16,576] {processor.py:171} INFO - Processing /opt/airflow/dags/dataproc_spark_dagv3.py took 4.202 seconds
[2022-05-01 15:30:47,453] {processor.py:163} INFO - Started process (PID=840) to work on /opt/airflow/dags/dataproc_spark_dagv3.py
[2022-05-01 15:30:47,461] {processor.py:642} INFO - Processing file /opt/airflow/dags/dataproc_spark_dagv3.py for tasks to queue
[2022-05-01 15:30:47,464] {logging_mixin.py:109} INFO - [2022-05-01 15:30:47,463] {dagbag.py:500} INFO - Filling up the DagBag from /opt/airflow/dags/dataproc_spark_dagv3.py
[2022-05-01 15:30:51,522] {processor.py:654} INFO - DAG(s) dict_keys(['dataproc_bqext_bqpart_dag']) retrieved from /opt/airflow/dags/dataproc_spark_dagv3.py
[2022-05-01 15:30:51,637] {logging_mixin.py:109} INFO - [2022-05-01 15:30:51,636] {dag.py:2396} INFO - Sync 1 DAGs
[2022-05-01 15:30:51,826] {logging_mixin.py:109} INFO - [2022-05-01 15:30:51,825] {dag.py:2935} INFO - Setting next_dagrun for dataproc_bqext_bqpart_dag to 2022-05-01T00:00:00+00:00
[2022-05-01 15:30:51,888] {processor.py:171} INFO - Processing /opt/airflow/dags/dataproc_spark_dagv3.py took 4.443 seconds
[2022-05-01 15:31:22,306] {processor.py:163} INFO - Started process (PID=867) to work on /opt/airflow/dags/dataproc_spark_dagv3.py
[2022-05-01 15:31:22,313] {processor.py:642} INFO - Processing file /opt/airflow/dags/dataproc_spark_dagv3.py for tasks to queue
[2022-05-01 15:31:22,317] {logging_mixin.py:109} INFO - [2022-05-01 15:31:22,316] {dagbag.py:500} INFO - Filling up the DagBag from /opt/airflow/dags/dataproc_spark_dagv3.py
[2022-05-01 15:31:24,430] {processor.py:654} INFO - DAG(s) dict_keys(['dataproc_bqext_bqpart_dag']) retrieved from /opt/airflow/dags/dataproc_spark_dagv3.py
[2022-05-01 15:31:24,460] {logging_mixin.py:109} INFO - [2022-05-01 15:31:24,459] {dag.py:2396} INFO - Sync 1 DAGs
[2022-05-01 15:31:24,489] {logging_mixin.py:109} INFO - [2022-05-01 15:31:24,489] {dag.py:2935} INFO - Setting next_dagrun for dataproc_bqext_bqpart_dag to 2022-05-01T00:00:00+00:00
[2022-05-01 15:31:24,512] {processor.py:171} INFO - Processing /opt/airflow/dags/dataproc_spark_dagv3.py took 2.213 seconds
[2022-05-01 15:31:54,750] {processor.py:163} INFO - Started process (PID=900) to work on /opt/airflow/dags/dataproc_spark_dagv3.py
[2022-05-01 15:31:54,757] {processor.py:642} INFO - Processing file /opt/airflow/dags/dataproc_spark_dagv3.py for tasks to queue
[2022-05-01 15:31:54,761] {logging_mixin.py:109} INFO - [2022-05-01 15:31:54,760] {dagbag.py:500} INFO - Filling up the DagBag from /opt/airflow/dags/dataproc_spark_dagv3.py
[2022-05-01 15:31:57,879] {processor.py:654} INFO - DAG(s) dict_keys(['dataproc_bqext_bqpart_dag']) retrieved from /opt/airflow/dags/dataproc_spark_dagv3.py
[2022-05-01 15:31:57,908] {logging_mixin.py:109} INFO - [2022-05-01 15:31:57,907] {dag.py:2396} INFO - Sync 1 DAGs
[2022-05-01 15:31:57,943] {logging_mixin.py:109} INFO - [2022-05-01 15:31:57,943] {dag.py:2935} INFO - Setting next_dagrun for dataproc_bqext_bqpart_dag to 2022-05-01T00:00:00+00:00
[2022-05-01 15:31:57,975] {processor.py:171} INFO - Processing /opt/airflow/dags/dataproc_spark_dagv3.py took 3.231 seconds
[2022-05-01 15:32:29,030] {processor.py:163} INFO - Started process (PID=938) to work on /opt/airflow/dags/dataproc_spark_dagv3.py
[2022-05-01 15:32:29,034] {processor.py:642} INFO - Processing file /opt/airflow/dags/dataproc_spark_dagv3.py for tasks to queue
[2022-05-01 15:32:29,039] {logging_mixin.py:109} INFO - [2022-05-01 15:32:29,038] {dagbag.py:500} INFO - Filling up the DagBag from /opt/airflow/dags/dataproc_spark_dagv3.py
[2022-05-01 15:32:32,307] {processor.py:654} INFO - DAG(s) dict_keys(['dataproc_bqext_bqpart_dag']) retrieved from /opt/airflow/dags/dataproc_spark_dagv3.py
[2022-05-01 15:32:32,354] {logging_mixin.py:109} INFO - [2022-05-01 15:32:32,353] {dag.py:2396} INFO - Sync 1 DAGs
[2022-05-01 15:32:32,441] {logging_mixin.py:109} INFO - [2022-05-01 15:32:32,441] {dag.py:2935} INFO - Setting next_dagrun for dataproc_bqext_bqpart_dag to 2022-05-01T00:00:00+00:00
[2022-05-01 15:32:32,479] {processor.py:171} INFO - Processing /opt/airflow/dags/dataproc_spark_dagv3.py took 3.490 seconds
[2022-05-01 15:33:02,746] {processor.py:163} INFO - Started process (PID=967) to work on /opt/airflow/dags/dataproc_spark_dagv3.py
[2022-05-01 15:33:02,753] {processor.py:642} INFO - Processing file /opt/airflow/dags/dataproc_spark_dagv3.py for tasks to queue
[2022-05-01 15:33:02,757] {logging_mixin.py:109} INFO - [2022-05-01 15:33:02,757] {dagbag.py:500} INFO - Filling up the DagBag from /opt/airflow/dags/dataproc_spark_dagv3.py
[2022-05-01 15:33:08,230] {processor.py:654} INFO - DAG(s) dict_keys(['dataproc_bqext_bqpart_dag']) retrieved from /opt/airflow/dags/dataproc_spark_dagv3.py
[2022-05-01 15:33:08,338] {logging_mixin.py:109} INFO - [2022-05-01 15:33:08,334] {dag.py:2396} INFO - Sync 1 DAGs
[2022-05-01 15:33:08,642] {logging_mixin.py:109} INFO - [2022-05-01 15:33:08,642] {dag.py:2935} INFO - Setting next_dagrun for dataproc_bqext_bqpart_dag to 2022-05-01T00:00:00+00:00
[2022-05-01 15:33:08,770] {processor.py:171} INFO - Processing /opt/airflow/dags/dataproc_spark_dagv3.py took 6.037 seconds
[2022-05-01 15:33:39,608] {processor.py:163} INFO - Started process (PID=1006) to work on /opt/airflow/dags/dataproc_spark_dagv3.py
[2022-05-01 15:33:39,612] {processor.py:642} INFO - Processing file /opt/airflow/dags/dataproc_spark_dagv3.py for tasks to queue
[2022-05-01 15:33:39,628] {logging_mixin.py:109} INFO - [2022-05-01 15:33:39,627] {dagbag.py:500} INFO - Filling up the DagBag from /opt/airflow/dags/dataproc_spark_dagv3.py
[2022-05-01 15:33:44,816] {processor.py:654} INFO - DAG(s) dict_keys(['dataproc_bqext_bqpart_dag']) retrieved from /opt/airflow/dags/dataproc_spark_dagv3.py
[2022-05-01 15:33:44,856] {logging_mixin.py:109} INFO - [2022-05-01 15:33:44,853] {dag.py:2396} INFO - Sync 1 DAGs
[2022-05-01 15:33:44,913] {logging_mixin.py:109} INFO - [2022-05-01 15:33:44,913] {dag.py:2935} INFO - Setting next_dagrun for dataproc_bqext_bqpart_dag to 2022-05-01T00:00:00+00:00
[2022-05-01 15:33:44,935] {processor.py:171} INFO - Processing /opt/airflow/dags/dataproc_spark_dagv3.py took 5.362 seconds
[2022-05-01 15:34:15,629] {processor.py:163} INFO - Started process (PID=1036) to work on /opt/airflow/dags/dataproc_spark_dagv3.py
[2022-05-01 15:34:15,639] {processor.py:642} INFO - Processing file /opt/airflow/dags/dataproc_spark_dagv3.py for tasks to queue
[2022-05-01 15:34:15,648] {logging_mixin.py:109} INFO - [2022-05-01 15:34:15,648] {dagbag.py:500} INFO - Filling up the DagBag from /opt/airflow/dags/dataproc_spark_dagv3.py
[2022-05-01 15:34:18,380] {processor.py:654} INFO - DAG(s) dict_keys(['dataproc_bqext_bqpart_dag']) retrieved from /opt/airflow/dags/dataproc_spark_dagv3.py
[2022-05-01 15:34:18,443] {logging_mixin.py:109} INFO - [2022-05-01 15:34:18,442] {dag.py:2396} INFO - Sync 1 DAGs
[2022-05-01 15:34:18,480] {logging_mixin.py:109} INFO - [2022-05-01 15:34:18,480] {dag.py:2935} INFO - Setting next_dagrun for dataproc_bqext_bqpart_dag to 2022-05-01T00:00:00+00:00
[2022-05-01 15:34:18,507] {processor.py:171} INFO - Processing /opt/airflow/dags/dataproc_spark_dagv3.py took 2.892 seconds
[2022-05-01 15:34:49,170] {processor.py:163} INFO - Started process (PID=1065) to work on /opt/airflow/dags/dataproc_spark_dagv3.py
[2022-05-01 15:34:49,180] {processor.py:642} INFO - Processing file /opt/airflow/dags/dataproc_spark_dagv3.py for tasks to queue
[2022-05-01 15:34:49,185] {logging_mixin.py:109} INFO - [2022-05-01 15:34:49,185] {dagbag.py:500} INFO - Filling up the DagBag from /opt/airflow/dags/dataproc_spark_dagv3.py
[2022-05-01 15:34:51,203] {processor.py:654} INFO - DAG(s) dict_keys(['dataproc_bqext_bqpart_dag']) retrieved from /opt/airflow/dags/dataproc_spark_dagv3.py
[2022-05-01 15:34:51,226] {logging_mixin.py:109} INFO - [2022-05-01 15:34:51,226] {dag.py:2396} INFO - Sync 1 DAGs
[2022-05-01 15:34:51,259] {logging_mixin.py:109} INFO - [2022-05-01 15:34:51,258] {dag.py:2935} INFO - Setting next_dagrun for dataproc_bqext_bqpart_dag to 2022-05-01T00:00:00+00:00
[2022-05-01 15:34:51,285] {processor.py:171} INFO - Processing /opt/airflow/dags/dataproc_spark_dagv3.py took 2.137 seconds
[2022-05-01 15:35:21,719] {processor.py:163} INFO - Started process (PID=1094) to work on /opt/airflow/dags/dataproc_spark_dagv3.py
[2022-05-01 15:35:21,721] {processor.py:642} INFO - Processing file /opt/airflow/dags/dataproc_spark_dagv3.py for tasks to queue
[2022-05-01 15:35:21,723] {logging_mixin.py:109} INFO - [2022-05-01 15:35:21,723] {dagbag.py:500} INFO - Filling up the DagBag from /opt/airflow/dags/dataproc_spark_dagv3.py
[2022-05-01 15:35:24,890] {processor.py:654} INFO - DAG(s) dict_keys(['dataproc_bqext_bqpart_dag']) retrieved from /opt/airflow/dags/dataproc_spark_dagv3.py
[2022-05-01 15:35:24,940] {logging_mixin.py:109} INFO - [2022-05-01 15:35:24,939] {dag.py:2396} INFO - Sync 1 DAGs
[2022-05-01 15:35:25,003] {logging_mixin.py:109} INFO - [2022-05-01 15:35:25,002] {dag.py:2935} INFO - Setting next_dagrun for dataproc_bqext_bqpart_dag to 2022-05-01T00:00:00+00:00
[2022-05-01 15:35:25,072] {processor.py:171} INFO - Processing /opt/airflow/dags/dataproc_spark_dagv3.py took 3.358 seconds
[2022-05-01 15:35:55,453] {processor.py:163} INFO - Started process (PID=1124) to work on /opt/airflow/dags/dataproc_spark_dagv3.py
[2022-05-01 15:35:55,457] {processor.py:642} INFO - Processing file /opt/airflow/dags/dataproc_spark_dagv3.py for tasks to queue
[2022-05-01 15:35:55,459] {logging_mixin.py:109} INFO - [2022-05-01 15:35:55,459] {dagbag.py:500} INFO - Filling up the DagBag from /opt/airflow/dags/dataproc_spark_dagv3.py
[2022-05-01 15:35:56,864] {processor.py:654} INFO - DAG(s) dict_keys(['dataproc_bqext_bqpart_dag']) retrieved from /opt/airflow/dags/dataproc_spark_dagv3.py
[2022-05-01 15:35:56,978] {logging_mixin.py:109} INFO - [2022-05-01 15:35:56,976] {dag.py:2396} INFO - Sync 1 DAGs
[2022-05-01 15:35:57,025] {logging_mixin.py:109} INFO - [2022-05-01 15:35:57,025] {dag.py:2935} INFO - Setting next_dagrun for dataproc_bqext_bqpart_dag to 2022-05-01T00:00:00+00:00
[2022-05-01 15:35:57,042] {processor.py:171} INFO - Processing /opt/airflow/dags/dataproc_spark_dagv3.py took 1.596 seconds
[2022-05-01 15:36:27,550] {processor.py:163} INFO - Started process (PID=1155) to work on /opt/airflow/dags/dataproc_spark_dagv3.py
[2022-05-01 15:36:27,554] {processor.py:642} INFO - Processing file /opt/airflow/dags/dataproc_spark_dagv3.py for tasks to queue
[2022-05-01 15:36:27,557] {logging_mixin.py:109} INFO - [2022-05-01 15:36:27,556] {dagbag.py:500} INFO - Filling up the DagBag from /opt/airflow/dags/dataproc_spark_dagv3.py
[2022-05-01 15:36:28,676] {processor.py:654} INFO - DAG(s) dict_keys(['dataproc_bqext_bqpart_dag']) retrieved from /opt/airflow/dags/dataproc_spark_dagv3.py
[2022-05-01 15:36:28,692] {logging_mixin.py:109} INFO - [2022-05-01 15:36:28,691] {dag.py:2396} INFO - Sync 1 DAGs
[2022-05-01 15:36:28,710] {logging_mixin.py:109} INFO - [2022-05-01 15:36:28,710] {dag.py:2935} INFO - Setting next_dagrun for dataproc_bqext_bqpart_dag to 2022-05-01T00:00:00+00:00
[2022-05-01 15:36:28,730] {processor.py:171} INFO - Processing /opt/airflow/dags/dataproc_spark_dagv3.py took 1.192 seconds
[2022-05-01 15:36:58,928] {processor.py:163} INFO - Started process (PID=1197) to work on /opt/airflow/dags/dataproc_spark_dagv3.py
[2022-05-01 15:36:58,933] {processor.py:642} INFO - Processing file /opt/airflow/dags/dataproc_spark_dagv3.py for tasks to queue
[2022-05-01 15:36:58,937] {logging_mixin.py:109} INFO - [2022-05-01 15:36:58,936] {dagbag.py:500} INFO - Filling up the DagBag from /opt/airflow/dags/dataproc_spark_dagv3.py
[2022-05-01 15:37:00,217] {processor.py:654} INFO - DAG(s) dict_keys(['dataproc_bqext_bqpart_dag']) retrieved from /opt/airflow/dags/dataproc_spark_dagv3.py
[2022-05-01 15:37:00,261] {logging_mixin.py:109} INFO - [2022-05-01 15:37:00,259] {dag.py:2396} INFO - Sync 1 DAGs
[2022-05-01 15:37:00,286] {logging_mixin.py:109} INFO - [2022-05-01 15:37:00,286] {dag.py:2935} INFO - Setting next_dagrun for dataproc_bqext_bqpart_dag to 2022-05-01T00:00:00+00:00
[2022-05-01 15:37:00,302] {processor.py:171} INFO - Processing /opt/airflow/dags/dataproc_spark_dagv3.py took 1.412 seconds
[2022-05-01 15:37:30,655] {processor.py:163} INFO - Started process (PID=1226) to work on /opt/airflow/dags/dataproc_spark_dagv3.py
[2022-05-01 15:37:30,659] {processor.py:642} INFO - Processing file /opt/airflow/dags/dataproc_spark_dagv3.py for tasks to queue
[2022-05-01 15:37:30,663] {logging_mixin.py:109} INFO - [2022-05-01 15:37:30,662] {dagbag.py:500} INFO - Filling up the DagBag from /opt/airflow/dags/dataproc_spark_dagv3.py
[2022-05-01 15:37:32,004] {processor.py:654} INFO - DAG(s) dict_keys(['dataproc_bqext_bqpart_dag']) retrieved from /opt/airflow/dags/dataproc_spark_dagv3.py
[2022-05-01 15:37:32,096] {logging_mixin.py:109} INFO - [2022-05-01 15:37:32,089] {dag.py:2396} INFO - Sync 1 DAGs
[2022-05-01 15:37:32,142] {logging_mixin.py:109} INFO - [2022-05-01 15:37:32,141] {dag.py:2935} INFO - Setting next_dagrun for dataproc_bqext_bqpart_dag to 2022-05-01T00:00:00+00:00
[2022-05-01 15:37:32,168] {processor.py:171} INFO - Processing /opt/airflow/dags/dataproc_spark_dagv3.py took 1.523 seconds
[2022-05-01 15:38:03,487] {processor.py:163} INFO - Started process (PID=1256) to work on /opt/airflow/dags/dataproc_spark_dagv3.py
[2022-05-01 15:38:03,495] {processor.py:642} INFO - Processing file /opt/airflow/dags/dataproc_spark_dagv3.py for tasks to queue
[2022-05-01 15:38:03,499] {logging_mixin.py:109} INFO - [2022-05-01 15:38:03,499] {dagbag.py:500} INFO - Filling up the DagBag from /opt/airflow/dags/dataproc_spark_dagv3.py
[2022-05-01 15:38:19,586] {processor.py:654} INFO - DAG(s) dict_keys(['dataproc_bqext_bqpart_dag']) retrieved from /opt/airflow/dags/dataproc_spark_dagv3.py
[2022-05-01 15:38:19,762] {logging_mixin.py:109} INFO - [2022-05-01 15:38:19,761] {dag.py:2396} INFO - Sync 1 DAGs
[2022-05-01 15:38:20,105] {logging_mixin.py:109} INFO - [2022-05-01 15:38:20,105] {dag.py:2935} INFO - Setting next_dagrun for dataproc_bqext_bqpart_dag to 2022-05-01T00:00:00+00:00
[2022-05-01 15:38:20,302] {processor.py:171} INFO - Processing /opt/airflow/dags/dataproc_spark_dagv3.py took 16.873 seconds
[2022-05-01 15:38:51,265] {processor.py:163} INFO - Started process (PID=1284) to work on /opt/airflow/dags/dataproc_spark_dagv3.py
[2022-05-01 15:38:51,291] {processor.py:642} INFO - Processing file /opt/airflow/dags/dataproc_spark_dagv3.py for tasks to queue
[2022-05-01 15:38:51,305] {logging_mixin.py:109} INFO - [2022-05-01 15:38:51,305] {dagbag.py:500} INFO - Filling up the DagBag from /opt/airflow/dags/dataproc_spark_dagv3.py
[2022-05-01 15:39:12,299] {processor.py:654} INFO - DAG(s) dict_keys(['dataproc_bqext_bqpart_dag']) retrieved from /opt/airflow/dags/dataproc_spark_dagv3.py
[2022-05-01 15:39:12,496] {logging_mixin.py:109} INFO - [2022-05-01 15:39:12,495] {dag.py:2396} INFO - Sync 1 DAGs
[2022-05-01 15:39:12,869] {logging_mixin.py:109} INFO - [2022-05-01 15:39:12,869] {dag.py:2935} INFO - Setting next_dagrun for dataproc_bqext_bqpart_dag to 2022-05-01T00:00:00+00:00
[2022-05-01 15:39:13,037] {processor.py:171} INFO - Processing /opt/airflow/dags/dataproc_spark_dagv3.py took 21.865 seconds
[2022-05-01 15:39:43,901] {processor.py:163} INFO - Started process (PID=1321) to work on /opt/airflow/dags/dataproc_spark_dagv3.py
[2022-05-01 15:39:43,916] {processor.py:642} INFO - Processing file /opt/airflow/dags/dataproc_spark_dagv3.py for tasks to queue
[2022-05-01 15:39:43,931] {logging_mixin.py:109} INFO - [2022-05-01 15:39:43,931] {dagbag.py:500} INFO - Filling up the DagBag from /opt/airflow/dags/dataproc_spark_dagv3.py
[2022-05-01 15:40:01,955] {processor.py:654} INFO - DAG(s) dict_keys(['dataproc_bqext_bqpart_dag']) retrieved from /opt/airflow/dags/dataproc_spark_dagv3.py
[2022-05-01 15:40:02,110] {logging_mixin.py:109} INFO - [2022-05-01 15:40:02,109] {dag.py:2396} INFO - Sync 1 DAGs
[2022-05-01 15:40:02,421] {logging_mixin.py:109} INFO - [2022-05-01 15:40:02,421] {dag.py:2935} INFO - Setting next_dagrun for dataproc_bqext_bqpart_dag to 2022-05-01T00:00:00+00:00
[2022-05-01 15:40:02,777] {processor.py:171} INFO - Processing /opt/airflow/dags/dataproc_spark_dagv3.py took 19.025 seconds
[2022-05-01 15:40:33,619] {processor.py:163} INFO - Started process (PID=1349) to work on /opt/airflow/dags/dataproc_spark_dagv3.py
[2022-05-01 15:40:33,647] {processor.py:642} INFO - Processing file /opt/airflow/dags/dataproc_spark_dagv3.py for tasks to queue
[2022-05-01 15:40:33,675] {logging_mixin.py:109} INFO - [2022-05-01 15:40:33,674] {dagbag.py:500} INFO - Filling up the DagBag from /opt/airflow/dags/dataproc_spark_dagv3.py
[2022-05-01 15:40:40,768] {processor.py:654} INFO - DAG(s) dict_keys(['dataproc_bqext_bqpart_dag']) retrieved from /opt/airflow/dags/dataproc_spark_dagv3.py
[2022-05-01 15:40:40,842] {logging_mixin.py:109} INFO - [2022-05-01 15:40:40,842] {dag.py:2396} INFO - Sync 1 DAGs
[2022-05-01 15:40:40,920] {logging_mixin.py:109} INFO - [2022-05-01 15:40:40,914] {dag.py:2935} INFO - Setting next_dagrun for dataproc_bqext_bqpart_dag to 2022-05-01T00:00:00+00:00
[2022-05-01 15:40:40,969] {processor.py:171} INFO - Processing /opt/airflow/dags/dataproc_spark_dagv3.py took 7.386 seconds
[2022-05-01 15:41:11,539] {processor.py:163} INFO - Started process (PID=1376) to work on /opt/airflow/dags/dataproc_spark_dagv3.py
[2022-05-01 15:41:11,560] {processor.py:642} INFO - Processing file /opt/airflow/dags/dataproc_spark_dagv3.py for tasks to queue
[2022-05-01 15:41:11,569] {logging_mixin.py:109} INFO - [2022-05-01 15:41:11,569] {dagbag.py:500} INFO - Filling up the DagBag from /opt/airflow/dags/dataproc_spark_dagv3.py
[2022-05-01 15:41:23,223] {processor.py:654} INFO - DAG(s) dict_keys(['dataproc_bqext_bqpart_dag']) retrieved from /opt/airflow/dags/dataproc_spark_dagv3.py
[2022-05-01 15:41:23,800] {logging_mixin.py:109} INFO - [2022-05-01 15:41:23,755] {dag.py:2396} INFO - Sync 1 DAGs
[2022-05-01 15:41:24,411] {logging_mixin.py:109} INFO - [2022-05-01 15:41:24,411] {dag.py:2935} INFO - Setting next_dagrun for dataproc_bqext_bqpart_dag to 2022-05-01T00:00:00+00:00
[2022-05-01 15:41:24,813] {processor.py:171} INFO - Processing /opt/airflow/dags/dataproc_spark_dagv3.py took 13.311 seconds
[2022-05-01 15:41:56,632] {processor.py:163} INFO - Started process (PID=1406) to work on /opt/airflow/dags/dataproc_spark_dagv3.py
[2022-05-01 15:41:56,650] {processor.py:642} INFO - Processing file /opt/airflow/dags/dataproc_spark_dagv3.py for tasks to queue
[2022-05-01 15:41:56,671] {logging_mixin.py:109} INFO - [2022-05-01 15:41:56,671] {dagbag.py:500} INFO - Filling up the DagBag from /opt/airflow/dags/dataproc_spark_dagv3.py
[2022-05-01 15:42:27,152] {logging_mixin.py:109} INFO - [2022-05-01 15:42:27,113] {timeout.py:36} ERROR - Process timed out, PID: 1406
[2022-05-01 15:42:27,446] {logging_mixin.py:109} INFO - [2022-05-01 15:42:27,165] {dagbag.py:334} ERROR - Failed to import: /opt/airflow/dags/dataproc_spark_dagv3.py
Traceback (most recent call last):
  File "/home/airflow/.local/lib/python3.7/site-packages/airflow/models/dagbag.py", line 331, in _load_modules_from_file
    loader.exec_module(new_module)
  File "<frozen importlib._bootstrap_external>", line 728, in exec_module
  File "<frozen importlib._bootstrap>", line 219, in _call_with_frames_removed
  File "/opt/airflow/dags/dataproc_spark_dagv3.py", line 22, in <module>
    from airflow.providers.google.cloud.operators.bigquery import BigQueryCreateExternalTableOperator, BigQueryInsertJobOperator, BigQueryUpdateTableSchemaOperator
  File "/home/airflow/.local/lib/python3.7/site-packages/airflow/providers/google/cloud/operators/bigquery.py", line 38, in <module>
    from airflow.providers.google.cloud.hooks.bigquery import BigQueryHook, BigQueryJob
  File "/home/airflow/.local/lib/python3.7/site-packages/airflow/providers/google/cloud/hooks/bigquery.py", line 33, in <module>
    from google.cloud.bigquery import (
  File "/home/airflow/.local/lib/python3.7/site-packages/google/cloud/bigquery/__init__.py", line 35, in <module>
    from google.cloud.bigquery.client import Client
  File "/home/airflow/.local/lib/python3.7/site-packages/google/cloud/bigquery/client.py", line 61, in <module>
    from google.cloud.bigquery_storage_v1.services.big_query_read.client import (
  File "/home/airflow/.local/lib/python3.7/site-packages/google/cloud/bigquery_storage_v1/__init__.py", line 25, in <module>
    from google.cloud.bigquery_storage_v1 import client
  File "/home/airflow/.local/lib/python3.7/site-packages/google/cloud/bigquery_storage_v1/client.py", line 26, in <module>
    from google.cloud.bigquery_storage_v1 import reader
  File "/home/airflow/.local/lib/python3.7/site-packages/google/cloud/bigquery_storage_v1/reader.py", line 28, in <module>
    import pandas
  File "/home/airflow/.local/lib/python3.7/site-packages/pandas/__init__.py", line 50, in <module>
    from pandas.core.api import (
  File "/home/airflow/.local/lib/python3.7/site-packages/pandas/core/api.py", line 48, in <module>
    from pandas.core.groupby import (
  File "/home/airflow/.local/lib/python3.7/site-packages/pandas/core/groupby/__init__.py", line 1, in <module>
    from pandas.core.groupby.generic import (
  File "/home/airflow/.local/lib/python3.7/site-packages/pandas/core/groupby/generic.py", line 73, in <module>
    from pandas.core.frame import DataFrame
  File "/home/airflow/.local/lib/python3.7/site-packages/pandas/core/frame.py", line 129, in <module>
    from pandas.core import (
  File "<frozen importlib._bootstrap>", line 983, in _find_and_load
  File "<frozen importlib._bootstrap>", line 967, in _find_and_load_unlocked
  File "<frozen importlib._bootstrap>", line 677, in _load_unlocked
  File "<frozen importlib._bootstrap_external>", line 724, in exec_module
  File "<frozen importlib._bootstrap_external>", line 857, in get_code
  File "<frozen importlib._bootstrap_external>", line 525, in _compile_bytecode
  File "/home/airflow/.local/lib/python3.7/site-packages/airflow/utils/timeout.py", line 37, in handle_timeout
    raise AirflowTaskTimeout(self.error_message)
airflow.exceptions.AirflowTaskTimeout: DagBag import timeout for /opt/airflow/dags/dataproc_spark_dagv3.py after 30.0s.
Please take a look at these docs to improve your DAG import time:
* https://airflow.apache.org/docs/apache-airflow/2.2.3/best-practices.html#top-level-python-code
* https://airflow.apache.org/docs/apache-airflow/2.2.3/best-practices.html#reducing-dag-complexity, PID: 1406
[2022-05-01 15:42:29,510] {processor.py:690} INFO - Deactivated 1 DAGs which are no longer present in /opt/airflow/dags/dataproc_spark_dagv3.py
[2022-05-01 15:42:29,545] {processor.py:656} WARNING - No viable dags retrieved from /opt/airflow/dags/dataproc_spark_dagv3.py
[2022-05-01 15:42:30,328] {processor.py:171} INFO - Processing /opt/airflow/dags/dataproc_spark_dagv3.py took 33.847 seconds
[2022-05-01 15:43:09,812] {processor.py:163} INFO - Started process (PID=1454) to work on /opt/airflow/dags/dataproc_spark_dagv3.py
[2022-05-01 15:43:09,821] {processor.py:642} INFO - Processing file /opt/airflow/dags/dataproc_spark_dagv3.py for tasks to queue
[2022-05-01 15:43:09,857] {logging_mixin.py:109} INFO - [2022-05-01 15:43:09,843] {dagbag.py:500} INFO - Filling up the DagBag from /opt/airflow/dags/dataproc_spark_dagv3.py
[2022-05-01 15:43:34,095] {processor.py:654} INFO - DAG(s) dict_keys(['dataproc_bqext_bqpart_dag']) retrieved from /opt/airflow/dags/dataproc_spark_dagv3.py
[2022-05-01 15:43:34,325] {logging_mixin.py:109} INFO - [2022-05-01 15:43:34,321] {dag.py:2396} INFO - Sync 1 DAGs
[2022-05-01 15:43:34,529] {logging_mixin.py:109} INFO - [2022-05-01 15:43:34,528] {dag.py:2935} INFO - Setting next_dagrun for dataproc_bqext_bqpart_dag to 2022-05-01T00:00:00+00:00
[2022-05-01 15:43:34,703] {processor.py:171} INFO - Processing /opt/airflow/dags/dataproc_spark_dagv3.py took 24.958 seconds
[2022-05-01 15:44:05,479] {processor.py:163} INFO - Started process (PID=1492) to work on /opt/airflow/dags/dataproc_spark_dagv3.py
[2022-05-01 15:44:05,486] {processor.py:642} INFO - Processing file /opt/airflow/dags/dataproc_spark_dagv3.py for tasks to queue
[2022-05-01 15:44:05,501] {logging_mixin.py:109} INFO - [2022-05-01 15:44:05,500] {dagbag.py:500} INFO - Filling up the DagBag from /opt/airflow/dags/dataproc_spark_dagv3.py
[2022-05-01 15:44:15,809] {processor.py:654} INFO - DAG(s) dict_keys(['dataproc_bqext_bqpart_dag']) retrieved from /opt/airflow/dags/dataproc_spark_dagv3.py
[2022-05-01 15:44:15,853] {logging_mixin.py:109} INFO - [2022-05-01 15:44:15,850] {dag.py:2396} INFO - Sync 1 DAGs
[2022-05-01 15:44:15,915] {logging_mixin.py:109} INFO - [2022-05-01 15:44:15,914] {dag.py:2935} INFO - Setting next_dagrun for dataproc_bqext_bqpart_dag to 2022-05-01T00:00:00+00:00
[2022-05-01 15:44:15,954] {processor.py:171} INFO - Processing /opt/airflow/dags/dataproc_spark_dagv3.py took 10.514 seconds
[2022-05-01 15:44:46,351] {processor.py:163} INFO - Started process (PID=1522) to work on /opt/airflow/dags/dataproc_spark_dagv3.py
[2022-05-01 15:44:46,375] {processor.py:642} INFO - Processing file /opt/airflow/dags/dataproc_spark_dagv3.py for tasks to queue
[2022-05-01 15:44:46,391] {logging_mixin.py:109} INFO - [2022-05-01 15:44:46,389] {dagbag.py:500} INFO - Filling up the DagBag from /opt/airflow/dags/dataproc_spark_dagv3.py
[2022-05-01 15:44:52,354] {processor.py:654} INFO - DAG(s) dict_keys(['dataproc_bqext_bqpart_dag']) retrieved from /opt/airflow/dags/dataproc_spark_dagv3.py
[2022-05-01 15:44:52,410] {logging_mixin.py:109} INFO - [2022-05-01 15:44:52,409] {dag.py:2396} INFO - Sync 1 DAGs
[2022-05-01 15:44:52,480] {logging_mixin.py:109} INFO - [2022-05-01 15:44:52,479] {dag.py:2935} INFO - Setting next_dagrun for dataproc_bqext_bqpart_dag to 2022-05-01T00:00:00+00:00
[2022-05-01 15:44:52,519] {processor.py:171} INFO - Processing /opt/airflow/dags/dataproc_spark_dagv3.py took 6.193 seconds
[2022-05-01 15:45:23,136] {processor.py:163} INFO - Started process (PID=1550) to work on /opt/airflow/dags/dataproc_spark_dagv3.py
[2022-05-01 15:45:23,168] {processor.py:642} INFO - Processing file /opt/airflow/dags/dataproc_spark_dagv3.py for tasks to queue
[2022-05-01 15:45:23,171] {logging_mixin.py:109} INFO - [2022-05-01 15:45:23,170] {dagbag.py:500} INFO - Filling up the DagBag from /opt/airflow/dags/dataproc_spark_dagv3.py
[2022-05-01 15:45:29,725] {processor.py:654} INFO - DAG(s) dict_keys(['dataproc_bqext_bqpart_dag']) retrieved from /opt/airflow/dags/dataproc_spark_dagv3.py
[2022-05-01 15:45:29,816] {logging_mixin.py:109} INFO - [2022-05-01 15:45:29,816] {dag.py:2396} INFO - Sync 1 DAGs
[2022-05-01 15:45:29,894] {logging_mixin.py:109} INFO - [2022-05-01 15:45:29,894] {dag.py:2935} INFO - Setting next_dagrun for dataproc_bqext_bqpart_dag to 2022-05-01T00:00:00+00:00
[2022-05-01 15:45:29,969] {processor.py:171} INFO - Processing /opt/airflow/dags/dataproc_spark_dagv3.py took 6.900 seconds
[2022-05-01 15:46:00,685] {processor.py:163} INFO - Started process (PID=1579) to work on /opt/airflow/dags/dataproc_spark_dagv3.py
[2022-05-01 15:46:00,731] {processor.py:642} INFO - Processing file /opt/airflow/dags/dataproc_spark_dagv3.py for tasks to queue
[2022-05-01 15:46:00,739] {logging_mixin.py:109} INFO - [2022-05-01 15:46:00,738] {dagbag.py:500} INFO - Filling up the DagBag from /opt/airflow/dags/dataproc_spark_dagv3.py
[2022-05-01 15:46:19,645] {processor.py:654} INFO - DAG(s) dict_keys(['dataproc_bqext_bqpart_dag']) retrieved from /opt/airflow/dags/dataproc_spark_dagv3.py
[2022-05-01 15:46:19,981] {logging_mixin.py:109} INFO - [2022-05-01 15:46:19,980] {dag.py:2396} INFO - Sync 1 DAGs
[2022-05-01 15:46:20,151] {logging_mixin.py:109} INFO - [2022-05-01 15:46:20,150] {dag.py:2935} INFO - Setting next_dagrun for dataproc_bqext_bqpart_dag to 2022-05-01T00:00:00+00:00
[2022-05-01 15:46:20,212] {processor.py:171} INFO - Processing /opt/airflow/dags/dataproc_spark_dagv3.py took 19.700 seconds
[2022-05-01 15:46:56,643] {processor.py:163} INFO - Started process (PID=1615) to work on /opt/airflow/dags/dataproc_spark_dagv3.py
[2022-05-01 15:46:56,671] {processor.py:642} INFO - Processing file /opt/airflow/dags/dataproc_spark_dagv3.py for tasks to queue
[2022-05-01 15:46:56,689] {logging_mixin.py:109} INFO - [2022-05-01 15:46:56,689] {dagbag.py:500} INFO - Filling up the DagBag from /opt/airflow/dags/dataproc_spark_dagv3.py
[2022-05-01 15:47:12,584] {processor.py:654} INFO - DAG(s) dict_keys(['dataproc_bqext_bqpart_dag']) retrieved from /opt/airflow/dags/dataproc_spark_dagv3.py
[2022-05-01 15:47:12,711] {logging_mixin.py:109} INFO - [2022-05-01 15:47:12,710] {dag.py:2396} INFO - Sync 1 DAGs
[2022-05-01 15:47:12,830] {logging_mixin.py:109} INFO - [2022-05-01 15:47:12,830] {dag.py:2935} INFO - Setting next_dagrun for dataproc_bqext_bqpart_dag to 2022-05-01T00:00:00+00:00
[2022-05-01 15:47:13,064] {processor.py:171} INFO - Processing /opt/airflow/dags/dataproc_spark_dagv3.py took 16.573 seconds
[2022-05-01 15:47:44,175] {processor.py:163} INFO - Started process (PID=1645) to work on /opt/airflow/dags/dataproc_spark_dagv3.py
[2022-05-01 15:47:44,205] {processor.py:642} INFO - Processing file /opt/airflow/dags/dataproc_spark_dagv3.py for tasks to queue
[2022-05-01 15:47:44,216] {logging_mixin.py:109} INFO - [2022-05-01 15:47:44,213] {dagbag.py:500} INFO - Filling up the DagBag from /opt/airflow/dags/dataproc_spark_dagv3.py
[2022-05-01 15:48:04,868] {processor.py:654} INFO - DAG(s) dict_keys(['dataproc_bqext_bqpart_dag']) retrieved from /opt/airflow/dags/dataproc_spark_dagv3.py
[2022-05-01 15:48:05,163] {logging_mixin.py:109} INFO - [2022-05-01 15:48:05,162] {dag.py:2396} INFO - Sync 1 DAGs
[2022-05-01 15:48:05,961] {logging_mixin.py:109} INFO - [2022-05-01 15:48:05,961] {dag.py:2935} INFO - Setting next_dagrun for dataproc_bqext_bqpart_dag to 2022-05-01T00:00:00+00:00
[2022-05-01 15:48:06,539] {processor.py:171} INFO - Processing /opt/airflow/dags/dataproc_spark_dagv3.py took 22.551 seconds
[2022-05-01 15:48:38,506] {processor.py:163} INFO - Started process (PID=1684) to work on /opt/airflow/dags/dataproc_spark_dagv3.py
[2022-05-01 15:48:38,545] {processor.py:642} INFO - Processing file /opt/airflow/dags/dataproc_spark_dagv3.py for tasks to queue
[2022-05-01 15:48:38,581] {logging_mixin.py:109} INFO - [2022-05-01 15:48:38,581] {dagbag.py:500} INFO - Filling up the DagBag from /opt/airflow/dags/dataproc_spark_dagv3.py
[2022-05-01 15:49:00,082] {processor.py:654} INFO - DAG(s) dict_keys(['dataproc_bqext_bqpart_dag']) retrieved from /opt/airflow/dags/dataproc_spark_dagv3.py
[2022-05-01 15:49:00,226] {logging_mixin.py:109} INFO - [2022-05-01 15:49:00,225] {dag.py:2396} INFO - Sync 1 DAGs
[2022-05-01 15:49:00,796] {logging_mixin.py:109} INFO - [2022-05-01 15:49:00,796] {dag.py:2935} INFO - Setting next_dagrun for dataproc_bqext_bqpart_dag to 2022-05-01T00:00:00+00:00
[2022-05-01 15:49:01,040] {processor.py:171} INFO - Processing /opt/airflow/dags/dataproc_spark_dagv3.py took 22.673 seconds
[2022-05-01 15:49:32,161] {processor.py:163} INFO - Started process (PID=1712) to work on /opt/airflow/dags/dataproc_spark_dagv3.py
[2022-05-01 15:49:32,166] {processor.py:642} INFO - Processing file /opt/airflow/dags/dataproc_spark_dagv3.py for tasks to queue
[2022-05-01 15:49:32,180] {logging_mixin.py:109} INFO - [2022-05-01 15:49:32,180] {dagbag.py:500} INFO - Filling up the DagBag from /opt/airflow/dags/dataproc_spark_dagv3.py
[2022-05-01 15:49:38,521] {processor.py:654} INFO - DAG(s) dict_keys(['dataproc_bqext_bqpart_dag']) retrieved from /opt/airflow/dags/dataproc_spark_dagv3.py
[2022-05-01 15:49:38,599] {logging_mixin.py:109} INFO - [2022-05-01 15:49:38,594] {dag.py:2396} INFO - Sync 1 DAGs
[2022-05-01 15:49:38,740] {logging_mixin.py:109} INFO - [2022-05-01 15:49:38,740] {dag.py:2935} INFO - Setting next_dagrun for dataproc_bqext_bqpart_dag to 2022-05-01T00:00:00+00:00
[2022-05-01 15:49:38,794] {processor.py:171} INFO - Processing /opt/airflow/dags/dataproc_spark_dagv3.py took 6.643 seconds
[2022-05-01 15:50:09,462] {processor.py:163} INFO - Started process (PID=1741) to work on /opt/airflow/dags/dataproc_spark_dagv3.py
[2022-05-01 15:50:09,470] {processor.py:642} INFO - Processing file /opt/airflow/dags/dataproc_spark_dagv3.py for tasks to queue
[2022-05-01 15:50:09,477] {logging_mixin.py:109} INFO - [2022-05-01 15:50:09,476] {dagbag.py:500} INFO - Filling up the DagBag from /opt/airflow/dags/dataproc_spark_dagv3.py
[2022-05-01 15:50:11,396] {processor.py:654} INFO - DAG(s) dict_keys(['dataproc_bqext_bqpart_dag']) retrieved from /opt/airflow/dags/dataproc_spark_dagv3.py
[2022-05-01 15:50:11,464] {logging_mixin.py:109} INFO - [2022-05-01 15:50:11,463] {dag.py:2396} INFO - Sync 1 DAGs
[2022-05-01 15:50:11,519] {logging_mixin.py:109} INFO - [2022-05-01 15:50:11,518] {dag.py:2935} INFO - Setting next_dagrun for dataproc_bqext_bqpart_dag to 2022-05-01T00:00:00+00:00
[2022-05-01 15:50:11,564] {processor.py:171} INFO - Processing /opt/airflow/dags/dataproc_spark_dagv3.py took 2.185 seconds
[2022-05-01 15:50:41,982] {processor.py:163} INFO - Started process (PID=1769) to work on /opt/airflow/dags/dataproc_spark_dagv3.py
[2022-05-01 15:50:41,989] {processor.py:642} INFO - Processing file /opt/airflow/dags/dataproc_spark_dagv3.py for tasks to queue
[2022-05-01 15:50:41,991] {logging_mixin.py:109} INFO - [2022-05-01 15:50:41,991] {dagbag.py:500} INFO - Filling up the DagBag from /opt/airflow/dags/dataproc_spark_dagv3.py
[2022-05-01 15:50:43,702] {processor.py:654} INFO - DAG(s) dict_keys(['dataproc_bqext_bqpart_dag']) retrieved from /opt/airflow/dags/dataproc_spark_dagv3.py
[2022-05-01 15:50:43,736] {logging_mixin.py:109} INFO - [2022-05-01 15:50:43,735] {dag.py:2396} INFO - Sync 1 DAGs
[2022-05-01 15:50:43,765] {logging_mixin.py:109} INFO - [2022-05-01 15:50:43,765] {dag.py:2935} INFO - Setting next_dagrun for dataproc_bqext_bqpart_dag to 2022-05-01T00:00:00+00:00
[2022-05-01 15:50:43,786] {processor.py:171} INFO - Processing /opt/airflow/dags/dataproc_spark_dagv3.py took 1.812 seconds
[2022-05-01 15:51:14,118] {processor.py:163} INFO - Started process (PID=1797) to work on /opt/airflow/dags/dataproc_spark_dagv3.py
[2022-05-01 15:51:14,123] {processor.py:642} INFO - Processing file /opt/airflow/dags/dataproc_spark_dagv3.py for tasks to queue
[2022-05-01 15:51:14,128] {logging_mixin.py:109} INFO - [2022-05-01 15:51:14,127] {dagbag.py:500} INFO - Filling up the DagBag from /opt/airflow/dags/dataproc_spark_dagv3.py
[2022-05-01 15:51:15,656] {processor.py:654} INFO - DAG(s) dict_keys(['dataproc_bqext_bqpart_dag']) retrieved from /opt/airflow/dags/dataproc_spark_dagv3.py
[2022-05-01 15:51:15,676] {logging_mixin.py:109} INFO - [2022-05-01 15:51:15,675] {dag.py:2396} INFO - Sync 1 DAGs
[2022-05-01 15:51:15,701] {logging_mixin.py:109} INFO - [2022-05-01 15:51:15,701] {dag.py:2935} INFO - Setting next_dagrun for dataproc_bqext_bqpart_dag to 2022-05-01T00:00:00+00:00
[2022-05-01 15:51:15,722] {processor.py:171} INFO - Processing /opt/airflow/dags/dataproc_spark_dagv3.py took 1.616 seconds
[2022-05-01 15:51:46,066] {processor.py:163} INFO - Started process (PID=1825) to work on /opt/airflow/dags/dataproc_spark_dagv3.py
[2022-05-01 15:51:46,082] {processor.py:642} INFO - Processing file /opt/airflow/dags/dataproc_spark_dagv3.py for tasks to queue
[2022-05-01 15:51:46,086] {logging_mixin.py:109} INFO - [2022-05-01 15:51:46,086] {dagbag.py:500} INFO - Filling up the DagBag from /opt/airflow/dags/dataproc_spark_dagv3.py
[2022-05-01 15:51:47,683] {processor.py:654} INFO - DAG(s) dict_keys(['dataproc_bqext_bqpart_dag']) retrieved from /opt/airflow/dags/dataproc_spark_dagv3.py
[2022-05-01 15:51:47,707] {logging_mixin.py:109} INFO - [2022-05-01 15:51:47,706] {dag.py:2396} INFO - Sync 1 DAGs
[2022-05-01 15:51:47,732] {logging_mixin.py:109} INFO - [2022-05-01 15:51:47,731] {dag.py:2935} INFO - Setting next_dagrun for dataproc_bqext_bqpart_dag to 2022-05-01T00:00:00+00:00
[2022-05-01 15:51:47,747] {processor.py:171} INFO - Processing /opt/airflow/dags/dataproc_spark_dagv3.py took 1.694 seconds
[2022-05-01 15:52:18,311] {processor.py:163} INFO - Started process (PID=1853) to work on /opt/airflow/dags/dataproc_spark_dagv3.py
[2022-05-01 15:52:18,317] {processor.py:642} INFO - Processing file /opt/airflow/dags/dataproc_spark_dagv3.py for tasks to queue
[2022-05-01 15:52:18,329] {logging_mixin.py:109} INFO - [2022-05-01 15:52:18,329] {dagbag.py:500} INFO - Filling up the DagBag from /opt/airflow/dags/dataproc_spark_dagv3.py
[2022-05-01 15:52:21,985] {processor.py:654} INFO - DAG(s) dict_keys(['dataproc_bqext_bqpart_dag']) retrieved from /opt/airflow/dags/dataproc_spark_dagv3.py
[2022-05-01 15:52:22,096] {logging_mixin.py:109} INFO - [2022-05-01 15:52:22,096] {dag.py:2396} INFO - Sync 1 DAGs
[2022-05-01 15:52:22,163] {logging_mixin.py:109} INFO - [2022-05-01 15:52:22,162] {dag.py:2935} INFO - Setting next_dagrun for dataproc_bqext_bqpart_dag to 2022-05-01T00:00:00+00:00
[2022-05-01 15:52:22,212] {processor.py:171} INFO - Processing /opt/airflow/dags/dataproc_spark_dagv3.py took 3.930 seconds
[2022-05-01 15:52:52,778] {processor.py:163} INFO - Started process (PID=1881) to work on /opt/airflow/dags/dataproc_spark_dagv3.py
[2022-05-01 15:52:52,787] {processor.py:642} INFO - Processing file /opt/airflow/dags/dataproc_spark_dagv3.py for tasks to queue
[2022-05-01 15:52:52,790] {logging_mixin.py:109} INFO - [2022-05-01 15:52:52,790] {dagbag.py:500} INFO - Filling up the DagBag from /opt/airflow/dags/dataproc_spark_dagv3.py
[2022-05-01 15:52:55,556] {processor.py:654} INFO - DAG(s) dict_keys(['dataproc_bqext_bqpart_dag']) retrieved from /opt/airflow/dags/dataproc_spark_dagv3.py
[2022-05-01 15:52:55,617] {logging_mixin.py:109} INFO - [2022-05-01 15:52:55,616] {dag.py:2396} INFO - Sync 1 DAGs
[2022-05-01 15:52:55,654] {logging_mixin.py:109} INFO - [2022-05-01 15:52:55,653] {dag.py:2935} INFO - Setting next_dagrun for dataproc_bqext_bqpart_dag to 2022-05-01T00:00:00+00:00
[2022-05-01 15:52:55,671] {processor.py:171} INFO - Processing /opt/airflow/dags/dataproc_spark_dagv3.py took 2.903 seconds
[2022-05-01 15:53:26,196] {processor.py:163} INFO - Started process (PID=1918) to work on /opt/airflow/dags/dataproc_spark_dagv3.py
[2022-05-01 15:53:26,209] {processor.py:642} INFO - Processing file /opt/airflow/dags/dataproc_spark_dagv3.py for tasks to queue
[2022-05-01 15:53:26,211] {logging_mixin.py:109} INFO - [2022-05-01 15:53:26,211] {dagbag.py:500} INFO - Filling up the DagBag from /opt/airflow/dags/dataproc_spark_dagv3.py
[2022-05-01 15:53:29,176] {processor.py:654} INFO - DAG(s) dict_keys(['dataproc_bqext_bqpart_dag']) retrieved from /opt/airflow/dags/dataproc_spark_dagv3.py
[2022-05-01 15:53:29,211] {logging_mixin.py:109} INFO - [2022-05-01 15:53:29,210] {dag.py:2396} INFO - Sync 1 DAGs
[2022-05-01 15:53:29,248] {logging_mixin.py:109} INFO - [2022-05-01 15:53:29,247] {dag.py:2935} INFO - Setting next_dagrun for dataproc_bqext_bqpart_dag to 2022-05-01T00:00:00+00:00
[2022-05-01 15:53:29,274] {processor.py:171} INFO - Processing /opt/airflow/dags/dataproc_spark_dagv3.py took 3.119 seconds
[2022-05-01 15:53:59,682] {processor.py:163} INFO - Started process (PID=1947) to work on /opt/airflow/dags/dataproc_spark_dagv3.py
[2022-05-01 15:53:59,693] {processor.py:642} INFO - Processing file /opt/airflow/dags/dataproc_spark_dagv3.py for tasks to queue
[2022-05-01 15:53:59,705] {logging_mixin.py:109} INFO - [2022-05-01 15:53:59,704] {dagbag.py:500} INFO - Filling up the DagBag from /opt/airflow/dags/dataproc_spark_dagv3.py
[2022-05-01 15:54:02,948] {processor.py:654} INFO - DAG(s) dict_keys(['dataproc_bqext_bqpart_dag']) retrieved from /opt/airflow/dags/dataproc_spark_dagv3.py
[2022-05-01 15:54:02,982] {logging_mixin.py:109} INFO - [2022-05-01 15:54:02,981] {dag.py:2396} INFO - Sync 1 DAGs
[2022-05-01 15:54:03,025] {logging_mixin.py:109} INFO - [2022-05-01 15:54:03,025] {dag.py:2935} INFO - Setting next_dagrun for dataproc_bqext_bqpart_dag to 2022-05-01T00:00:00+00:00
[2022-05-01 15:54:03,053] {processor.py:171} INFO - Processing /opt/airflow/dags/dataproc_spark_dagv3.py took 3.384 seconds
[2022-05-01 15:54:33,493] {processor.py:163} INFO - Started process (PID=1975) to work on /opt/airflow/dags/dataproc_spark_dagv3.py
[2022-05-01 15:54:33,502] {processor.py:642} INFO - Processing file /opt/airflow/dags/dataproc_spark_dagv3.py for tasks to queue
[2022-05-01 15:54:33,508] {logging_mixin.py:109} INFO - [2022-05-01 15:54:33,508] {dagbag.py:500} INFO - Filling up the DagBag from /opt/airflow/dags/dataproc_spark_dagv3.py
[2022-05-01 15:54:35,558] {processor.py:654} INFO - DAG(s) dict_keys(['dataproc_bqext_bqpart_dag']) retrieved from /opt/airflow/dags/dataproc_spark_dagv3.py
[2022-05-01 15:54:35,590] {logging_mixin.py:109} INFO - [2022-05-01 15:54:35,589] {dag.py:2396} INFO - Sync 1 DAGs
[2022-05-01 15:54:35,634] {logging_mixin.py:109} INFO - [2022-05-01 15:54:35,634] {dag.py:2935} INFO - Setting next_dagrun for dataproc_bqext_bqpart_dag to 2022-05-01T00:00:00+00:00
[2022-05-01 15:54:35,670] {processor.py:171} INFO - Processing /opt/airflow/dags/dataproc_spark_dagv3.py took 2.204 seconds
[2022-05-01 15:55:06,743] {processor.py:163} INFO - Started process (PID=2004) to work on /opt/airflow/dags/dataproc_spark_dagv3.py
[2022-05-01 15:55:06,750] {processor.py:642} INFO - Processing file /opt/airflow/dags/dataproc_spark_dagv3.py for tasks to queue
[2022-05-01 15:55:06,755] {logging_mixin.py:109} INFO - [2022-05-01 15:55:06,755] {dagbag.py:500} INFO - Filling up the DagBag from /opt/airflow/dags/dataproc_spark_dagv3.py
[2022-05-01 15:55:08,115] {processor.py:654} INFO - DAG(s) dict_keys(['dataproc_bqext_bqpart_dag']) retrieved from /opt/airflow/dags/dataproc_spark_dagv3.py
[2022-05-01 15:55:08,139] {logging_mixin.py:109} INFO - [2022-05-01 15:55:08,139] {dag.py:2396} INFO - Sync 1 DAGs
[2022-05-01 15:55:08,163] {logging_mixin.py:109} INFO - [2022-05-01 15:55:08,163] {dag.py:2935} INFO - Setting next_dagrun for dataproc_bqext_bqpart_dag to 2022-05-01T00:00:00+00:00
[2022-05-01 15:55:08,180] {processor.py:171} INFO - Processing /opt/airflow/dags/dataproc_spark_dagv3.py took 1.452 seconds
[2022-05-01 15:55:38,623] {processor.py:163} INFO - Started process (PID=2032) to work on /opt/airflow/dags/dataproc_spark_dagv3.py
[2022-05-01 15:55:38,628] {processor.py:642} INFO - Processing file /opt/airflow/dags/dataproc_spark_dagv3.py for tasks to queue
[2022-05-01 15:55:38,633] {logging_mixin.py:109} INFO - [2022-05-01 15:55:38,633] {dagbag.py:500} INFO - Filling up the DagBag from /opt/airflow/dags/dataproc_spark_dagv3.py
[2022-05-01 15:55:40,532] {processor.py:654} INFO - DAG(s) dict_keys(['dataproc_bqext_bqpart_dag']) retrieved from /opt/airflow/dags/dataproc_spark_dagv3.py
[2022-05-01 15:55:40,564] {logging_mixin.py:109} INFO - [2022-05-01 15:55:40,563] {dag.py:2396} INFO - Sync 1 DAGs
[2022-05-01 15:55:40,593] {logging_mixin.py:109} INFO - [2022-05-01 15:55:40,593] {dag.py:2935} INFO - Setting next_dagrun for dataproc_bqext_bqpart_dag to 2022-05-01T00:00:00+00:00
[2022-05-01 15:55:40,619] {processor.py:171} INFO - Processing /opt/airflow/dags/dataproc_spark_dagv3.py took 2.003 seconds
[2022-05-01 15:56:13,854] {processor.py:163} INFO - Started process (PID=2060) to work on /opt/airflow/dags/dataproc_spark_dagv3.py
[2022-05-01 15:56:13,888] {processor.py:642} INFO - Processing file /opt/airflow/dags/dataproc_spark_dagv3.py for tasks to queue
[2022-05-01 15:56:14,102] {logging_mixin.py:109} INFO - [2022-05-01 15:56:14,102] {dagbag.py:500} INFO - Filling up the DagBag from /opt/airflow/dags/dataproc_spark_dagv3.py
[2022-05-01 15:56:35,878] {processor.py:654} INFO - DAG(s) dict_keys(['dataproc_bqext_bqpart_dag']) retrieved from /opt/airflow/dags/dataproc_spark_dagv3.py
[2022-05-01 15:56:36,126] {logging_mixin.py:109} INFO - [2022-05-01 15:56:36,126] {dag.py:2396} INFO - Sync 1 DAGs
[2022-05-01 15:56:36,627] {logging_mixin.py:109} INFO - [2022-05-01 15:56:36,605] {dag.py:2935} INFO - Setting next_dagrun for dataproc_bqext_bqpart_dag to 2022-05-01T00:00:00+00:00
[2022-05-01 15:56:36,987] {processor.py:171} INFO - Processing /opt/airflow/dags/dataproc_spark_dagv3.py took 23.754 seconds
[2022-05-01 15:57:08,570] {processor.py:163} INFO - Started process (PID=2092) to work on /opt/airflow/dags/dataproc_spark_dagv3.py
[2022-05-01 15:57:08,619] {processor.py:642} INFO - Processing file /opt/airflow/dags/dataproc_spark_dagv3.py for tasks to queue
[2022-05-01 15:57:08,646] {logging_mixin.py:109} INFO - [2022-05-01 15:57:08,646] {dagbag.py:500} INFO - Filling up the DagBag from /opt/airflow/dags/dataproc_spark_dagv3.py
[2022-05-01 15:57:35,467] {processor.py:654} INFO - DAG(s) dict_keys(['dataproc_bqext_bqpart_dag']) retrieved from /opt/airflow/dags/dataproc_spark_dagv3.py
[2022-05-01 15:57:35,664] {logging_mixin.py:109} INFO - [2022-05-01 15:57:35,663] {dag.py:2396} INFO - Sync 1 DAGs
[2022-05-01 15:57:35,963] {logging_mixin.py:109} INFO - [2022-05-01 15:57:35,963] {dag.py:2935} INFO - Setting next_dagrun for dataproc_bqext_bqpart_dag to 2022-05-01T00:00:00+00:00
[2022-05-01 15:57:36,207] {processor.py:171} INFO - Processing /opt/airflow/dags/dataproc_spark_dagv3.py took 27.778 seconds
[2022-05-01 15:58:12,200] {processor.py:163} INFO - Started process (PID=2138) to work on /opt/airflow/dags/dataproc_spark_dagv3.py
[2022-05-01 15:58:12,264] {processor.py:642} INFO - Processing file /opt/airflow/dags/dataproc_spark_dagv3.py for tasks to queue
[2022-05-01 15:58:12,300] {logging_mixin.py:109} INFO - [2022-05-01 15:58:12,300] {dagbag.py:500} INFO - Filling up the DagBag from /opt/airflow/dags/dataproc_spark_dagv3.py
[2022-05-01 15:58:32,018] {processor.py:654} INFO - DAG(s) dict_keys(['dataproc_bqext_bqpart_dag']) retrieved from /opt/airflow/dags/dataproc_spark_dagv3.py
[2022-05-01 15:58:32,091] {logging_mixin.py:109} INFO - [2022-05-01 15:58:32,089] {dag.py:2396} INFO - Sync 1 DAGs
[2022-05-01 15:58:32,288] {logging_mixin.py:109} INFO - [2022-05-01 15:58:32,288] {dag.py:2935} INFO - Setting next_dagrun for dataproc_bqext_bqpart_dag to 2022-05-01T00:00:00+00:00
[2022-05-01 15:58:32,465] {processor.py:171} INFO - Processing /opt/airflow/dags/dataproc_spark_dagv3.py took 20.423 seconds
[2022-05-01 15:59:03,218] {processor.py:163} INFO - Started process (PID=2172) to work on /opt/airflow/dags/dataproc_spark_dagv3.py
[2022-05-01 15:59:03,238] {processor.py:642} INFO - Processing file /opt/airflow/dags/dataproc_spark_dagv3.py for tasks to queue
[2022-05-01 15:59:03,264] {logging_mixin.py:109} INFO - [2022-05-01 15:59:03,263] {dagbag.py:500} INFO - Filling up the DagBag from /opt/airflow/dags/dataproc_spark_dagv3.py
[2022-05-01 15:59:15,917] {processor.py:654} INFO - DAG(s) dict_keys(['dataproc_bqext_bqpart_dag']) retrieved from /opt/airflow/dags/dataproc_spark_dagv3.py
[2022-05-01 15:59:16,071] {logging_mixin.py:109} INFO - [2022-05-01 15:59:16,070] {dag.py:2396} INFO - Sync 1 DAGs
[2022-05-01 15:59:16,367] {logging_mixin.py:109} INFO - [2022-05-01 15:59:16,367] {dag.py:2935} INFO - Setting next_dagrun for dataproc_bqext_bqpart_dag to 2022-05-01T00:00:00+00:00
[2022-05-01 15:59:16,413] {processor.py:171} INFO - Processing /opt/airflow/dags/dataproc_spark_dagv3.py took 13.243 seconds
[2022-05-01 15:59:47,110] {processor.py:163} INFO - Started process (PID=2207) to work on /opt/airflow/dags/dataproc_spark_dagv3.py
[2022-05-01 15:59:47,128] {processor.py:642} INFO - Processing file /opt/airflow/dags/dataproc_spark_dagv3.py for tasks to queue
[2022-05-01 15:59:47,131] {logging_mixin.py:109} INFO - [2022-05-01 15:59:47,131] {dagbag.py:500} INFO - Filling up the DagBag from /opt/airflow/dags/dataproc_spark_dagv3.py
[2022-05-01 15:59:54,720] {processor.py:654} INFO - DAG(s) dict_keys(['dataproc_bqext_bqpart_dag']) retrieved from /opt/airflow/dags/dataproc_spark_dagv3.py
[2022-05-01 15:59:54,833] {logging_mixin.py:109} INFO - [2022-05-01 15:59:54,833] {dag.py:2396} INFO - Sync 1 DAGs
[2022-05-01 15:59:54,978] {logging_mixin.py:109} INFO - [2022-05-01 15:59:54,978] {dag.py:2935} INFO - Setting next_dagrun for dataproc_bqext_bqpart_dag to 2022-05-01T00:00:00+00:00
[2022-05-01 15:59:55,047] {processor.py:171} INFO - Processing /opt/airflow/dags/dataproc_spark_dagv3.py took 7.970 seconds
[2022-05-01 16:00:25,522] {processor.py:163} INFO - Started process (PID=2231) to work on /opt/airflow/dags/dataproc_spark_dagv3.py
[2022-05-01 16:00:25,529] {processor.py:642} INFO - Processing file /opt/airflow/dags/dataproc_spark_dagv3.py for tasks to queue
[2022-05-01 16:00:25,547] {logging_mixin.py:109} INFO - [2022-05-01 16:00:25,547] {dagbag.py:500} INFO - Filling up the DagBag from /opt/airflow/dags/dataproc_spark_dagv3.py
[2022-05-01 16:00:29,017] {processor.py:654} INFO - DAG(s) dict_keys(['dataproc_bqext_bqpart_dag']) retrieved from /opt/airflow/dags/dataproc_spark_dagv3.py
[2022-05-01 16:00:29,173] {logging_mixin.py:109} INFO - [2022-05-01 16:00:29,173] {dag.py:2396} INFO - Sync 1 DAGs
[2022-05-01 16:00:29,369] {logging_mixin.py:109} INFO - [2022-05-01 16:00:29,354] {dag.py:2935} INFO - Setting next_dagrun for dataproc_bqext_bqpart_dag to 2022-05-01T00:00:00+00:00
[2022-05-01 16:00:29,497] {processor.py:171} INFO - Processing /opt/airflow/dags/dataproc_spark_dagv3.py took 4.015 seconds
[2022-05-01 16:01:00,564] {processor.py:163} INFO - Started process (PID=2264) to work on /opt/airflow/dags/dataproc_spark_dagv3.py
[2022-05-01 16:01:00,586] {processor.py:642} INFO - Processing file /opt/airflow/dags/dataproc_spark_dagv3.py for tasks to queue
[2022-05-01 16:01:00,615] {logging_mixin.py:109} INFO - [2022-05-01 16:01:00,614] {dagbag.py:500} INFO - Filling up the DagBag from /opt/airflow/dags/dataproc_spark_dagv3.py
[2022-05-01 16:01:03,038] {processor.py:654} INFO - DAG(s) dict_keys(['dataproc_bqext_bqpart_dag']) retrieved from /opt/airflow/dags/dataproc_spark_dagv3.py
[2022-05-01 16:01:03,102] {logging_mixin.py:109} INFO - [2022-05-01 16:01:03,087] {dag.py:2396} INFO - Sync 1 DAGs
[2022-05-01 16:01:03,157] {logging_mixin.py:109} INFO - [2022-05-01 16:01:03,157] {dag.py:2935} INFO - Setting next_dagrun for dataproc_bqext_bqpart_dag to 2022-05-01T00:00:00+00:00
[2022-05-01 16:01:03,188] {processor.py:171} INFO - Processing /opt/airflow/dags/dataproc_spark_dagv3.py took 2.680 seconds
[2022-05-01 16:01:33,553] {processor.py:163} INFO - Started process (PID=2293) to work on /opt/airflow/dags/dataproc_spark_dagv3.py
[2022-05-01 16:01:33,562] {processor.py:642} INFO - Processing file /opt/airflow/dags/dataproc_spark_dagv3.py for tasks to queue
[2022-05-01 16:01:33,571] {logging_mixin.py:109} INFO - [2022-05-01 16:01:33,571] {dagbag.py:500} INFO - Filling up the DagBag from /opt/airflow/dags/dataproc_spark_dagv3.py
[2022-05-01 16:01:35,061] {processor.py:654} INFO - DAG(s) dict_keys(['dataproc_bqext_bqpart_dag']) retrieved from /opt/airflow/dags/dataproc_spark_dagv3.py
[2022-05-01 16:01:35,092] {logging_mixin.py:109} INFO - [2022-05-01 16:01:35,092] {dag.py:2396} INFO - Sync 1 DAGs
[2022-05-01 16:01:35,145] {logging_mixin.py:109} INFO - [2022-05-01 16:01:35,145] {dag.py:2935} INFO - Setting next_dagrun for dataproc_bqext_bqpart_dag to 2022-05-01T00:00:00+00:00
[2022-05-01 16:01:35,173] {processor.py:171} INFO - Processing /opt/airflow/dags/dataproc_spark_dagv3.py took 1.629 seconds
[2022-05-01 16:02:05,290] {processor.py:163} INFO - Started process (PID=2322) to work on /opt/airflow/dags/dataproc_spark_dagv3.py
[2022-05-01 16:02:05,295] {processor.py:642} INFO - Processing file /opt/airflow/dags/dataproc_spark_dagv3.py for tasks to queue
[2022-05-01 16:02:05,299] {logging_mixin.py:109} INFO - [2022-05-01 16:02:05,298] {dagbag.py:500} INFO - Filling up the DagBag from /opt/airflow/dags/dataproc_spark_dagv3.py
[2022-05-01 16:02:06,832] {processor.py:654} INFO - DAG(s) dict_keys(['dataproc_bqext_bqpart_dag']) retrieved from /opt/airflow/dags/dataproc_spark_dagv3.py
[2022-05-01 16:02:06,866] {logging_mixin.py:109} INFO - [2022-05-01 16:02:06,865] {dag.py:2396} INFO - Sync 1 DAGs
[2022-05-01 16:02:06,914] {logging_mixin.py:109} INFO - [2022-05-01 16:02:06,914] {dag.py:2935} INFO - Setting next_dagrun for dataproc_bqext_bqpart_dag to 2022-05-01T00:00:00+00:00
[2022-05-01 16:02:06,956] {processor.py:171} INFO - Processing /opt/airflow/dags/dataproc_spark_dagv3.py took 1.676 seconds
[2022-05-01 16:02:37,325] {processor.py:163} INFO - Started process (PID=2350) to work on /opt/airflow/dags/dataproc_spark_dagv3.py
[2022-05-01 16:02:37,331] {processor.py:642} INFO - Processing file /opt/airflow/dags/dataproc_spark_dagv3.py for tasks to queue
[2022-05-01 16:02:37,335] {logging_mixin.py:109} INFO - [2022-05-01 16:02:37,335] {dagbag.py:500} INFO - Filling up the DagBag from /opt/airflow/dags/dataproc_spark_dagv3.py
[2022-05-01 16:02:38,834] {processor.py:654} INFO - DAG(s) dict_keys(['dataproc_bqext_bqpart_dag']) retrieved from /opt/airflow/dags/dataproc_spark_dagv3.py
[2022-05-01 16:02:38,855] {logging_mixin.py:109} INFO - [2022-05-01 16:02:38,854] {dag.py:2396} INFO - Sync 1 DAGs
[2022-05-01 16:02:38,881] {logging_mixin.py:109} INFO - [2022-05-01 16:02:38,881] {dag.py:2935} INFO - Setting next_dagrun for dataproc_bqext_bqpart_dag to 2022-05-01T00:00:00+00:00
[2022-05-01 16:02:38,898] {processor.py:171} INFO - Processing /opt/airflow/dags/dataproc_spark_dagv3.py took 1.581 seconds
[2022-05-01 16:03:09,785] {processor.py:163} INFO - Started process (PID=2378) to work on /opt/airflow/dags/dataproc_spark_dagv3.py
[2022-05-01 16:03:09,788] {processor.py:642} INFO - Processing file /opt/airflow/dags/dataproc_spark_dagv3.py for tasks to queue
[2022-05-01 16:03:09,802] {logging_mixin.py:109} INFO - [2022-05-01 16:03:09,801] {dagbag.py:500} INFO - Filling up the DagBag from /opt/airflow/dags/dataproc_spark_dagv3.py
[2022-05-01 16:03:13,601] {processor.py:654} INFO - DAG(s) dict_keys(['dataproc_bqext_bqpart_dag']) retrieved from /opt/airflow/dags/dataproc_spark_dagv3.py
[2022-05-01 16:03:13,640] {logging_mixin.py:109} INFO - [2022-05-01 16:03:13,640] {dag.py:2396} INFO - Sync 1 DAGs
[2022-05-01 16:03:13,685] {logging_mixin.py:109} INFO - [2022-05-01 16:03:13,685] {dag.py:2935} INFO - Setting next_dagrun for dataproc_bqext_bqpart_dag to 2022-05-01T00:00:00+00:00
[2022-05-01 16:03:13,706] {processor.py:171} INFO - Processing /opt/airflow/dags/dataproc_spark_dagv3.py took 3.960 seconds
[2022-05-01 16:03:44,468] {processor.py:163} INFO - Started process (PID=2408) to work on /opt/airflow/dags/dataproc_spark_dagv3.py
[2022-05-01 16:03:44,482] {processor.py:642} INFO - Processing file /opt/airflow/dags/dataproc_spark_dagv3.py for tasks to queue
[2022-05-01 16:03:44,491] {logging_mixin.py:109} INFO - [2022-05-01 16:03:44,491] {dagbag.py:500} INFO - Filling up the DagBag from /opt/airflow/dags/dataproc_spark_dagv3.py
[2022-05-01 16:03:46,015] {processor.py:654} INFO - DAG(s) dict_keys(['dataproc_bqext_bqpart_dag']) retrieved from /opt/airflow/dags/dataproc_spark_dagv3.py
[2022-05-01 16:03:46,031] {logging_mixin.py:109} INFO - [2022-05-01 16:03:46,030] {dag.py:2396} INFO - Sync 1 DAGs
[2022-05-01 16:03:46,058] {logging_mixin.py:109} INFO - [2022-05-01 16:03:46,058] {dag.py:2935} INFO - Setting next_dagrun for dataproc_bqext_bqpart_dag to 2022-05-01T00:00:00+00:00
[2022-05-01 16:03:46,075] {processor.py:171} INFO - Processing /opt/airflow/dags/dataproc_spark_dagv3.py took 1.663 seconds
[2022-05-01 16:04:16,240] {processor.py:163} INFO - Started process (PID=2436) to work on /opt/airflow/dags/dataproc_spark_dagv3.py
[2022-05-01 16:04:16,247] {processor.py:642} INFO - Processing file /opt/airflow/dags/dataproc_spark_dagv3.py for tasks to queue
[2022-05-01 16:04:16,251] {logging_mixin.py:109} INFO - [2022-05-01 16:04:16,250] {dagbag.py:500} INFO - Filling up the DagBag from /opt/airflow/dags/dataproc_spark_dagv3.py
[2022-05-01 16:04:18,217] {processor.py:654} INFO - DAG(s) dict_keys(['dataproc_bqext_bqpart_dag']) retrieved from /opt/airflow/dags/dataproc_spark_dagv3.py
[2022-05-01 16:04:18,245] {logging_mixin.py:109} INFO - [2022-05-01 16:04:18,244] {dag.py:2396} INFO - Sync 1 DAGs
[2022-05-01 16:04:18,269] {logging_mixin.py:109} INFO - [2022-05-01 16:04:18,269] {dag.py:2935} INFO - Setting next_dagrun for dataproc_bqext_bqpart_dag to 2022-05-01T00:00:00+00:00
[2022-05-01 16:04:18,289] {processor.py:171} INFO - Processing /opt/airflow/dags/dataproc_spark_dagv3.py took 2.058 seconds
[2022-05-01 16:04:48,675] {processor.py:163} INFO - Started process (PID=2465) to work on /opt/airflow/dags/dataproc_spark_dagv3.py
[2022-05-01 16:04:48,683] {processor.py:642} INFO - Processing file /opt/airflow/dags/dataproc_spark_dagv3.py for tasks to queue
[2022-05-01 16:04:48,686] {logging_mixin.py:109} INFO - [2022-05-01 16:04:48,686] {dagbag.py:500} INFO - Filling up the DagBag from /opt/airflow/dags/dataproc_spark_dagv3.py
[2022-05-01 16:04:49,618] {processor.py:654} INFO - DAG(s) dict_keys(['dataproc_bqext_bqpart_dag']) retrieved from /opt/airflow/dags/dataproc_spark_dagv3.py
[2022-05-01 16:04:49,643] {logging_mixin.py:109} INFO - [2022-05-01 16:04:49,642] {dag.py:2396} INFO - Sync 1 DAGs
[2022-05-01 16:04:49,667] {logging_mixin.py:109} INFO - [2022-05-01 16:04:49,667] {dag.py:2935} INFO - Setting next_dagrun for dataproc_bqext_bqpart_dag to 2022-05-01T00:00:00+00:00
[2022-05-01 16:04:49,688] {processor.py:171} INFO - Processing /opt/airflow/dags/dataproc_spark_dagv3.py took 1.020 seconds
[2022-05-01 16:05:19,905] {processor.py:163} INFO - Started process (PID=2493) to work on /opt/airflow/dags/dataproc_spark_dagv3.py
[2022-05-01 16:05:19,910] {processor.py:642} INFO - Processing file /opt/airflow/dags/dataproc_spark_dagv3.py for tasks to queue
[2022-05-01 16:05:19,913] {logging_mixin.py:109} INFO - [2022-05-01 16:05:19,913] {dagbag.py:500} INFO - Filling up the DagBag from /opt/airflow/dags/dataproc_spark_dagv3.py
[2022-05-01 16:05:21,098] {processor.py:654} INFO - DAG(s) dict_keys(['dataproc_bqext_bqpart_dag']) retrieved from /opt/airflow/dags/dataproc_spark_dagv3.py
[2022-05-01 16:05:21,123] {logging_mixin.py:109} INFO - [2022-05-01 16:05:21,122] {dag.py:2396} INFO - Sync 1 DAGs
[2022-05-01 16:05:21,150] {logging_mixin.py:109} INFO - [2022-05-01 16:05:21,150] {dag.py:2935} INFO - Setting next_dagrun for dataproc_bqext_bqpart_dag to 2022-05-01T00:00:00+00:00
[2022-05-01 16:05:21,172] {processor.py:171} INFO - Processing /opt/airflow/dags/dataproc_spark_dagv3.py took 1.271 seconds
[2022-05-01 16:05:51,531] {processor.py:163} INFO - Started process (PID=2523) to work on /opt/airflow/dags/dataproc_spark_dagv3.py
[2022-05-01 16:05:51,540] {processor.py:642} INFO - Processing file /opt/airflow/dags/dataproc_spark_dagv3.py for tasks to queue
[2022-05-01 16:05:51,543] {logging_mixin.py:109} INFO - [2022-05-01 16:05:51,543] {dagbag.py:500} INFO - Filling up the DagBag from /opt/airflow/dags/dataproc_spark_dagv3.py
[2022-05-01 16:05:55,863] {processor.py:654} INFO - DAG(s) dict_keys(['dataproc_bqext_bqpart_dag']) retrieved from /opt/airflow/dags/dataproc_spark_dagv3.py
[2022-05-01 16:05:55,888] {logging_mixin.py:109} INFO - [2022-05-01 16:05:55,887] {dag.py:2396} INFO - Sync 1 DAGs
[2022-05-01 16:05:55,924] {logging_mixin.py:109} INFO - [2022-05-01 16:05:55,924] {dag.py:2935} INFO - Setting next_dagrun for dataproc_bqext_bqpart_dag to 2022-05-01T00:00:00+00:00
[2022-05-01 16:05:55,949] {processor.py:171} INFO - Processing /opt/airflow/dags/dataproc_spark_dagv3.py took 4.431 seconds
[2022-05-01 16:06:26,486] {processor.py:163} INFO - Started process (PID=2554) to work on /opt/airflow/dags/dataproc_spark_dagv3.py
[2022-05-01 16:06:26,503] {processor.py:642} INFO - Processing file /opt/airflow/dags/dataproc_spark_dagv3.py for tasks to queue
[2022-05-01 16:06:26,508] {logging_mixin.py:109} INFO - [2022-05-01 16:06:26,507] {dagbag.py:500} INFO - Filling up the DagBag from /opt/airflow/dags/dataproc_spark_dagv3.py
[2022-05-01 16:06:33,872] {processor.py:654} INFO - DAG(s) dict_keys(['dataproc_bqext_bqpart_dag']) retrieved from /opt/airflow/dags/dataproc_spark_dagv3.py
[2022-05-01 16:06:33,899] {logging_mixin.py:109} INFO - [2022-05-01 16:06:33,898] {dag.py:2396} INFO - Sync 1 DAGs
[2022-05-01 16:06:33,928] {logging_mixin.py:109} INFO - [2022-05-01 16:06:33,927] {dag.py:2935} INFO - Setting next_dagrun for dataproc_bqext_bqpart_dag to 2022-05-01T00:00:00+00:00
[2022-05-01 16:06:33,946] {processor.py:171} INFO - Processing /opt/airflow/dags/dataproc_spark_dagv3.py took 7.547 seconds
[2022-05-01 16:07:04,713] {processor.py:163} INFO - Started process (PID=2575) to work on /opt/airflow/dags/dataproc_spark_dagv3.py
[2022-05-01 16:07:04,720] {processor.py:642} INFO - Processing file /opt/airflow/dags/dataproc_spark_dagv3.py for tasks to queue
[2022-05-01 16:07:04,730] {logging_mixin.py:109} INFO - [2022-05-01 16:07:04,726] {dagbag.py:500} INFO - Filling up the DagBag from /opt/airflow/dags/dataproc_spark_dagv3.py
[2022-05-01 16:07:08,032] {processor.py:654} INFO - DAG(s) dict_keys(['dataproc_bqext_bqpart_dag']) retrieved from /opt/airflow/dags/dataproc_spark_dagv3.py
[2022-05-01 16:07:08,051] {logging_mixin.py:109} INFO - [2022-05-01 16:07:08,050] {dag.py:2396} INFO - Sync 1 DAGs
[2022-05-01 16:07:08,083] {logging_mixin.py:109} INFO - [2022-05-01 16:07:08,083] {dag.py:2935} INFO - Setting next_dagrun for dataproc_bqext_bqpart_dag to 2022-05-01T00:00:00+00:00
[2022-05-01 16:07:08,104] {processor.py:171} INFO - Processing /opt/airflow/dags/dataproc_spark_dagv3.py took 3.397 seconds
[2022-05-01 16:07:38,677] {processor.py:163} INFO - Started process (PID=2614) to work on /opt/airflow/dags/dataproc_spark_dagv3.py
[2022-05-01 16:07:38,685] {processor.py:642} INFO - Processing file /opt/airflow/dags/dataproc_spark_dagv3.py for tasks to queue
[2022-05-01 16:07:38,690] {logging_mixin.py:109} INFO - [2022-05-01 16:07:38,690] {dagbag.py:500} INFO - Filling up the DagBag from /opt/airflow/dags/dataproc_spark_dagv3.py
[2022-05-01 16:07:41,076] {processor.py:654} INFO - DAG(s) dict_keys(['dataproc_bqext_bqpart_dag']) retrieved from /opt/airflow/dags/dataproc_spark_dagv3.py
[2022-05-01 16:07:41,120] {logging_mixin.py:109} INFO - [2022-05-01 16:07:41,111] {dag.py:2396} INFO - Sync 1 DAGs
[2022-05-01 16:07:41,158] {logging_mixin.py:109} INFO - [2022-05-01 16:07:41,158] {dag.py:2935} INFO - Setting next_dagrun for dataproc_bqext_bqpart_dag to 2022-05-01T00:00:00+00:00
[2022-05-01 16:07:41,185] {processor.py:171} INFO - Processing /opt/airflow/dags/dataproc_spark_dagv3.py took 2.519 seconds
[2022-05-01 16:08:11,835] {processor.py:163} INFO - Started process (PID=2644) to work on /opt/airflow/dags/dataproc_spark_dagv3.py
[2022-05-01 16:08:11,845] {processor.py:642} INFO - Processing file /opt/airflow/dags/dataproc_spark_dagv3.py for tasks to queue
[2022-05-01 16:08:11,851] {logging_mixin.py:109} INFO - [2022-05-01 16:08:11,850] {dagbag.py:500} INFO - Filling up the DagBag from /opt/airflow/dags/dataproc_spark_dagv3.py
[2022-05-01 16:08:13,239] {processor.py:654} INFO - DAG(s) dict_keys(['dataproc_bqext_bqpart_dag']) retrieved from /opt/airflow/dags/dataproc_spark_dagv3.py
[2022-05-01 16:08:13,269] {logging_mixin.py:109} INFO - [2022-05-01 16:08:13,268] {dag.py:2396} INFO - Sync 1 DAGs
[2022-05-01 16:08:13,296] {logging_mixin.py:109} INFO - [2022-05-01 16:08:13,296] {dag.py:2935} INFO - Setting next_dagrun for dataproc_bqext_bqpart_dag to 2022-05-01T00:00:00+00:00
[2022-05-01 16:08:13,308] {processor.py:174} ERROR - Got an exception! Propagating...
Traceback (most recent call last):
  File "/home/airflow/.local/lib/python3.7/site-packages/airflow/dag_processing/processor.py", line 168, in _run_file_processor
    callback_requests=callback_requests,
  File "/home/airflow/.local/lib/python3.7/site-packages/airflow/utils/session.py", line 70, in wrapper
    return func(*args, session=session, **kwargs)
  File "/home/airflow/.local/lib/python3.7/site-packages/airflow/dag_processing/processor.py", line 663, in process_file
    dagbag.sync_to_db()
  File "/home/airflow/.local/lib/python3.7/site-packages/airflow/utils/session.py", line 70, in wrapper
    return func(*args, session=session, **kwargs)
  File "/home/airflow/.local/lib/python3.7/site-packages/airflow/models/dagbag.py", line 608, in sync_to_db
    for attempt in run_with_db_retries(logger=self.log):
  File "/home/airflow/.local/lib/python3.7/site-packages/tenacity/__init__.py", line 382, in __iter__
    do = self.iter(retry_state=retry_state)
  File "/home/airflow/.local/lib/python3.7/site-packages/tenacity/__init__.py", line 349, in iter
    return fut.result()
  File "/usr/local/lib/python3.7/concurrent/futures/_base.py", line 428, in result
    return self.__get_result()
  File "/usr/local/lib/python3.7/concurrent/futures/_base.py", line 384, in __get_result
    raise self._exception
  File "/home/airflow/.local/lib/python3.7/site-packages/airflow/models/dagbag.py", line 622, in sync_to_db
    DAG.bulk_write_to_db(self.dags.values(), session=session)
  File "/home/airflow/.local/lib/python3.7/site-packages/airflow/utils/session.py", line 67, in wrapper
    return func(*args, **kwargs)
  File "/home/airflow/.local/lib/python3.7/site-packages/airflow/models/dag.py", line 2485, in bulk_write_to_db
    DagCode.bulk_sync_to_db(filelocs, session=session)
  File "/home/airflow/.local/lib/python3.7/site-packages/airflow/utils/session.py", line 67, in wrapper
    return func(*args, **kwargs)
  File "/home/airflow/.local/lib/python3.7/site-packages/airflow/models/dagcode.py", line 113, in bulk_sync_to_db
    os.path.getmtime(correct_maybe_zipped(fileloc)), tz=timezone.utc
  File "/usr/local/lib/python3.7/genericpath.py", line 55, in getmtime
    return os.stat(filename).st_mtime
FileNotFoundError: [Errno 2] No such file or directory: '/opt/airflow/dags/dataproc_spark_dagv3.py'
