[2022-04-25 02:33:46,595] {taskinstance.py:1032} INFO - Dependencies all met for <TaskInstance: gcs_2_bq_dag.bq_create_clean_crashes_summ_partitioned_table_task scheduled__2022-04-24T00:00:00+00:00 [queued]>
[2022-04-25 02:33:46,641] {taskinstance.py:1032} INFO - Dependencies all met for <TaskInstance: gcs_2_bq_dag.bq_create_clean_crashes_summ_partitioned_table_task scheduled__2022-04-24T00:00:00+00:00 [queued]>
[2022-04-25 02:33:46,643] {taskinstance.py:1238} INFO - 
--------------------------------------------------------------------------------
[2022-04-25 02:33:46,644] {taskinstance.py:1239} INFO - Starting attempt 2 of 2
[2022-04-25 02:33:46,647] {taskinstance.py:1240} INFO - 
--------------------------------------------------------------------------------
[2022-04-25 02:33:46,689] {taskinstance.py:1259} INFO - Executing <Task(BigQueryInsertJobOperator): bq_create_clean_crashes_summ_partitioned_table_task> on 2022-04-24 00:00:00+00:00
[2022-04-25 02:33:46,703] {standard_task_runner.py:52} INFO - Started process 448 to run task
[2022-04-25 02:33:46,724] {standard_task_runner.py:76} INFO - Running: ['***', 'tasks', 'run', 'gcs_2_bq_dag', 'bq_create_clean_crashes_summ_partitioned_table_task', 'scheduled__2022-04-24T00:00:00+00:00', '--job-id', '184', '--raw', '--subdir', 'DAGS_FOLDER/gcs_to_bq_v1.py', '--cfg-path', '/tmp/tmpvsgbdm6e', '--error-file', '/tmp/tmp8wf5axpj']
[2022-04-25 02:33:46,728] {standard_task_runner.py:77} INFO - Job 184: Subtask bq_create_clean_crashes_summ_partitioned_table_task
[2022-04-25 02:33:46,823] {logging_mixin.py:109} INFO - Running <TaskInstance: gcs_2_bq_dag.bq_create_clean_crashes_summ_partitioned_table_task scheduled__2022-04-24T00:00:00+00:00 [running]> on host 2c2e7134f604
[2022-04-25 02:33:46,929] {taskinstance.py:1426} INFO - Exporting the following env vars:
AIRFLOW_CTX_DAG_OWNER=***
AIRFLOW_CTX_DAG_ID=gcs_2_bq_dag
AIRFLOW_CTX_TASK_ID=bq_create_clean_crashes_summ_partitioned_table_task
AIRFLOW_CTX_EXECUTION_DATE=2022-04-24T00:00:00+00:00
AIRFLOW_CTX_DAG_RUN_ID=scheduled__2022-04-24T00:00:00+00:00
[2022-04-25 02:33:46,935] {crypto.py:82} WARNING - empty cryptography key - values will not be stored encrypted.
[2022-04-25 02:33:46,938] {warnings.py:110} WARNING - /home/***/.local/lib/python3.7/site-packages/***/utils/context.py:152: AirflowContextDeprecationWarning: Accessing 'execution_date' from the template is deprecated and will be removed in a future version. Please use 'data_interval_start' or 'logical_date' instead.
  warnings.warn(_create_deprecation_warning(key, self._deprecation_replacements[key]))

[2022-04-25 02:33:46,950] {bigquery.py:1637} INFO - Inserting job ***_gcs_2_bq_dag_bq_create_clean_crashes_summ_partitioned_table_task_2022_04_24T00_00_00_00_00_1ffbc1c7d9d6c6c3cd0176cc1830eb70
[2022-04-25 02:33:47,901] {taskinstance.py:1700} ERROR - Task failed with exception
Traceback (most recent call last):
  File "/home/airflow/.local/lib/python3.7/site-packages/airflow/models/taskinstance.py", line 1329, in _run_raw_task
    self._execute_task_with_callbacks(context)
  File "/home/airflow/.local/lib/python3.7/site-packages/airflow/models/taskinstance.py", line 1455, in _execute_task_with_callbacks
    result = self._execute_task(context, self.task)
  File "/home/airflow/.local/lib/python3.7/site-packages/airflow/models/taskinstance.py", line 1511, in _execute_task
    result = execute_callable(context=context)
  File "/home/airflow/.local/lib/python3.7/site-packages/airflow/providers/google/cloud/operators/bigquery.py", line 2287, in execute
    job = self._submit_job(hook, job_id)
  File "/home/airflow/.local/lib/python3.7/site-packages/airflow/providers/google/cloud/operators/bigquery.py", line 2253, in _submit_job
    job_id=job_id,
  File "/home/airflow/.local/lib/python3.7/site-packages/airflow/providers/google/common/hooks/base_google.py", line 430, in inner_wrapper
    return func(self, *args, **kwargs)
  File "/home/airflow/.local/lib/python3.7/site-packages/airflow/providers/google/cloud/hooks/bigquery.py", line 1639, in insert_job
    job.result()
  File "/home/airflow/.local/lib/python3.7/site-packages/google/cloud/bigquery/job/query.py", line 1447, in result
    do_get_result()
  File "/home/airflow/.local/lib/python3.7/site-packages/google/cloud/bigquery/job/query.py", line 1437, in do_get_result
    super(QueryJob, self).result(retry=retry, timeout=timeout)
  File "/home/airflow/.local/lib/python3.7/site-packages/google/cloud/bigquery/job/base.py", line 727, in result
    return super(_AsyncJob, self).result(timeout=timeout, **kwargs)
  File "/home/airflow/.local/lib/python3.7/site-packages/google/api_core/future/polling.py", line 135, in result
    raise self._exception
google.api_core.exceptions.BadRequest: 400 PARTITION BY expression must be DATE(<timestamp_column>), DATE(<datetime_column>), DATETIME_TRUNC(<datetime_column>, DAY/HOUR/MONTH/YEAR), a DATE column, TIMESTAMP_TRUNC(<timestamp_column>, DAY/HOUR/MONTH/YEAR), DATE_TRUNC(<date_column>, MONTH/YEAR), or RANGE_BUCKET(<int64_column>, GENERATE_ARRAY(<int64_value>, <int64_value>[, <int64_value>]))

(job ID: airflow_gcs_2_bq_dag_bq_create_clean_crashes_summ_partitioned_table_task_2022_04_24T00_00_00_00_00_1ffbc1c7d9d6c6c3cd0176cc1830eb70)

                                                                                      -----Query Job SQL Follows-----                                                                                      

    |    .    |    .    |    .    |    .    |    .    |    .    |    .    |    .    |    .    |    .    |    .    |    .    |    .    |    .    |    .    |    .    |    .    |    .    |    .    |
   1:CREATE OR REPLACE TABLE traffic_crash_data.clean_crashes_summ             PARTITION BY DATE(CRASH_DATE)             AS             SELECT * FROM traffic_crash_data.clean_crashes_summ_external_table;
    |    .    |    .    |    .    |    .    |    .    |    .    |    .    |    .    |    .    |    .    |    .    |    .    |    .    |    .    |    .    |    .    |    .    |    .    |    .    |
[2022-04-25 02:33:47,967] {taskinstance.py:1277} INFO - Marking task as FAILED. dag_id=gcs_2_bq_dag, task_id=bq_create_clean_crashes_summ_partitioned_table_task, execution_date=20220424T000000, start_date=20220425T023346, end_date=20220425T023347
[2022-04-25 02:33:48,001] {standard_task_runner.py:92} ERROR - Failed to execute job 184 for task bq_create_clean_crashes_summ_partitioned_table_task
Traceback (most recent call last):
  File "/home/airflow/.local/lib/python3.7/site-packages/airflow/task/task_runner/standard_task_runner.py", line 85, in _start_by_fork
    args.func(args, dag=self.dag)
  File "/home/airflow/.local/lib/python3.7/site-packages/airflow/cli/cli_parser.py", line 48, in command
    return func(*args, **kwargs)
  File "/home/airflow/.local/lib/python3.7/site-packages/airflow/utils/cli.py", line 92, in wrapper
    return f(*args, **kwargs)
  File "/home/airflow/.local/lib/python3.7/site-packages/airflow/cli/commands/task_command.py", line 298, in task_run
    _run_task_by_selected_method(args, dag, ti)
  File "/home/airflow/.local/lib/python3.7/site-packages/airflow/cli/commands/task_command.py", line 107, in _run_task_by_selected_method
    _run_raw_task(args, ti)
  File "/home/airflow/.local/lib/python3.7/site-packages/airflow/cli/commands/task_command.py", line 184, in _run_raw_task
    error_file=args.error_file,
  File "/home/airflow/.local/lib/python3.7/site-packages/airflow/utils/session.py", line 70, in wrapper
    return func(*args, session=session, **kwargs)
  File "/home/airflow/.local/lib/python3.7/site-packages/airflow/models/taskinstance.py", line 1329, in _run_raw_task
    self._execute_task_with_callbacks(context)
  File "/home/airflow/.local/lib/python3.7/site-packages/airflow/models/taskinstance.py", line 1455, in _execute_task_with_callbacks
    result = self._execute_task(context, self.task)
  File "/home/airflow/.local/lib/python3.7/site-packages/airflow/models/taskinstance.py", line 1511, in _execute_task
    result = execute_callable(context=context)
  File "/home/airflow/.local/lib/python3.7/site-packages/airflow/providers/google/cloud/operators/bigquery.py", line 2287, in execute
    job = self._submit_job(hook, job_id)
  File "/home/airflow/.local/lib/python3.7/site-packages/airflow/providers/google/cloud/operators/bigquery.py", line 2253, in _submit_job
    job_id=job_id,
  File "/home/airflow/.local/lib/python3.7/site-packages/airflow/providers/google/common/hooks/base_google.py", line 430, in inner_wrapper
    return func(self, *args, **kwargs)
  File "/home/airflow/.local/lib/python3.7/site-packages/airflow/providers/google/cloud/hooks/bigquery.py", line 1639, in insert_job
    job.result()
  File "/home/airflow/.local/lib/python3.7/site-packages/google/cloud/bigquery/job/query.py", line 1447, in result
    do_get_result()
  File "/home/airflow/.local/lib/python3.7/site-packages/google/cloud/bigquery/job/query.py", line 1437, in do_get_result
    super(QueryJob, self).result(retry=retry, timeout=timeout)
  File "/home/airflow/.local/lib/python3.7/site-packages/google/cloud/bigquery/job/base.py", line 727, in result
    return super(_AsyncJob, self).result(timeout=timeout, **kwargs)
  File "/home/airflow/.local/lib/python3.7/site-packages/google/api_core/future/polling.py", line 135, in result
    raise self._exception
google.api_core.exceptions.BadRequest: 400 PARTITION BY expression must be DATE(<timestamp_column>), DATE(<datetime_column>), DATETIME_TRUNC(<datetime_column>, DAY/HOUR/MONTH/YEAR), a DATE column, TIMESTAMP_TRUNC(<timestamp_column>, DAY/HOUR/MONTH/YEAR), DATE_TRUNC(<date_column>, MONTH/YEAR), or RANGE_BUCKET(<int64_column>, GENERATE_ARRAY(<int64_value>, <int64_value>[, <int64_value>]))

(job ID: airflow_gcs_2_bq_dag_bq_create_clean_crashes_summ_partitioned_table_task_2022_04_24T00_00_00_00_00_1ffbc1c7d9d6c6c3cd0176cc1830eb70)

                                                                                      -----Query Job SQL Follows-----                                                                                      

    |    .    |    .    |    .    |    .    |    .    |    .    |    .    |    .    |    .    |    .    |    .    |    .    |    .    |    .    |    .    |    .    |    .    |    .    |    .    |
   1:CREATE OR REPLACE TABLE traffic_crash_data.clean_crashes_summ             PARTITION BY DATE(CRASH_DATE)             AS             SELECT * FROM traffic_crash_data.clean_crashes_summ_external_table;
    |    .    |    .    |    .    |    .    |    .    |    .    |    .    |    .    |    .    |    .    |    .    |    .    |    .    |    .    |    .    |    .    |    .    |    .    |    .    |
[2022-04-25 02:33:48,037] {local_task_job.py:154} INFO - Task exited with return code 1
[2022-04-25 02:33:48,101] {local_task_job.py:264} INFO - 0 downstream tasks scheduled from follow-on schedule check
