[2022-04-23 19:55:09,326] {taskinstance.py:1032} INFO - Dependencies all met for <TaskInstance: local_2_gcs_2_bq_dag.local_to_gcs_task scheduled__2022-04-22T00:00:00+00:00 [queued]>
[2022-04-23 19:55:09,363] {taskinstance.py:1032} INFO - Dependencies all met for <TaskInstance: local_2_gcs_2_bq_dag.local_to_gcs_task scheduled__2022-04-22T00:00:00+00:00 [queued]>
[2022-04-23 19:55:09,365] {taskinstance.py:1238} INFO - 
--------------------------------------------------------------------------------
[2022-04-23 19:55:09,367] {taskinstance.py:1239} INFO - Starting attempt 1 of 2
[2022-04-23 19:55:09,368] {taskinstance.py:1240} INFO - 
--------------------------------------------------------------------------------
[2022-04-23 19:55:09,407] {taskinstance.py:1259} INFO - Executing <Task(PythonOperator): local_to_gcs_task> on 2022-04-22 00:00:00+00:00
[2022-04-23 19:55:09,425] {standard_task_runner.py:52} INFO - Started process 219 to run task
[2022-04-23 19:55:09,454] {standard_task_runner.py:76} INFO - Running: ['***', 'tasks', 'run', 'local_2_gcs_2_bq_dag', 'local_to_gcs_task', 'scheduled__2022-04-22T00:00:00+00:00', '--job-id', '5', '--raw', '--subdir', 'DAGS_FOLDER/download_2_gcs_dag.py', '--cfg-path', '/tmp/tmplclki_v5', '--error-file', '/tmp/tmp8nzzir7w']
[2022-04-23 19:55:09,458] {standard_task_runner.py:77} INFO - Job 5: Subtask local_to_gcs_task
[2022-04-23 19:55:09,574] {logging_mixin.py:109} INFO - Running <TaskInstance: local_2_gcs_2_bq_dag.local_to_gcs_task scheduled__2022-04-22T00:00:00+00:00 [running]> on host 6ad9a715895d
[2022-04-23 19:55:09,651] {taskinstance.py:1426} INFO - Exporting the following env vars:
AIRFLOW_CTX_DAG_OWNER=***
AIRFLOW_CTX_DAG_ID=local_2_gcs_2_bq_dag
AIRFLOW_CTX_TASK_ID=local_to_gcs_task
AIRFLOW_CTX_EXECUTION_DATE=2022-04-22T00:00:00+00:00
AIRFLOW_CTX_DAG_RUN_ID=scheduled__2022-04-22T00:00:00+00:00
[2022-04-23 19:55:10,119] {python.py:175} INFO - Done. Returned value was: None
[2022-04-23 19:55:10,153] {taskinstance.py:1277} INFO - Marking task as SUCCESS. dag_id=local_2_gcs_2_bq_dag, task_id=local_to_gcs_task, execution_date=20220422T000000, start_date=20220423T195509, end_date=20220423T195510
[2022-04-23 19:55:10,248] {local_task_job.py:154} INFO - Task exited with return code 0
[2022-04-23 19:55:10,435] {local_task_job.py:264} INFO - 0 downstream tasks scheduled from follow-on schedule check
[2022-04-23 20:12:15,341] {taskinstance.py:1032} INFO - Dependencies all met for <TaskInstance: local_2_gcs_2_bq_dag.local_to_gcs_task scheduled__2022-04-22T00:00:00+00:00 [queued]>
[2022-04-23 20:12:15,366] {taskinstance.py:1032} INFO - Dependencies all met for <TaskInstance: local_2_gcs_2_bq_dag.local_to_gcs_task scheduled__2022-04-22T00:00:00+00:00 [queued]>
[2022-04-23 20:12:15,368] {taskinstance.py:1238} INFO - 
--------------------------------------------------------------------------------
[2022-04-23 20:12:15,370] {taskinstance.py:1239} INFO - Starting attempt 1 of 2
[2022-04-23 20:12:15,372] {taskinstance.py:1240} INFO - 
--------------------------------------------------------------------------------
[2022-04-23 20:12:15,407] {taskinstance.py:1259} INFO - Executing <Task(PythonOperator): local_to_gcs_task> on 2022-04-22 00:00:00+00:00
[2022-04-23 20:12:15,418] {standard_task_runner.py:52} INFO - Started process 189 to run task
[2022-04-23 20:12:15,435] {standard_task_runner.py:76} INFO - Running: ['***', 'tasks', 'run', 'local_2_gcs_2_bq_dag', 'local_to_gcs_task', 'scheduled__2022-04-22T00:00:00+00:00', '--job-id', '5', '--raw', '--subdir', 'DAGS_FOLDER/download_2_gcs_dag.py', '--cfg-path', '/tmp/tmpog2y6ktz', '--error-file', '/tmp/tmp2fxe35i5']
[2022-04-23 20:12:15,440] {standard_task_runner.py:77} INFO - Job 5: Subtask local_to_gcs_task
[2022-04-23 20:12:15,568] {logging_mixin.py:109} INFO - Running <TaskInstance: local_2_gcs_2_bq_dag.local_to_gcs_task scheduled__2022-04-22T00:00:00+00:00 [running]> on host 96670acc8582
[2022-04-23 20:12:15,698] {taskinstance.py:1426} INFO - Exporting the following env vars:
AIRFLOW_CTX_DAG_OWNER=***
AIRFLOW_CTX_DAG_ID=local_2_gcs_2_bq_dag
AIRFLOW_CTX_TASK_ID=local_to_gcs_task
AIRFLOW_CTX_EXECUTION_DATE=2022-04-22T00:00:00+00:00
AIRFLOW_CTX_DAG_RUN_ID=scheduled__2022-04-22T00:00:00+00:00
[2022-04-23 20:12:16,204] {python.py:175} INFO - Done. Returned value was: None
[2022-04-23 20:12:16,226] {taskinstance.py:1277} INFO - Marking task as SUCCESS. dag_id=local_2_gcs_2_bq_dag, task_id=local_to_gcs_task, execution_date=20220422T000000, start_date=20220423T201215, end_date=20220423T201216
[2022-04-23 20:12:16,299] {local_task_job.py:154} INFO - Task exited with return code 0
[2022-04-23 20:12:16,361] {local_task_job.py:264} INFO - 1 downstream tasks scheduled from follow-on schedule check
[2022-04-23 20:38:08,661] {taskinstance.py:1032} INFO - Dependencies all met for <TaskInstance: local_2_gcs_2_bq_dag.local_to_gcs_task scheduled__2022-04-22T00:00:00+00:00 [queued]>
[2022-04-23 20:38:08,685] {taskinstance.py:1032} INFO - Dependencies all met for <TaskInstance: local_2_gcs_2_bq_dag.local_to_gcs_task scheduled__2022-04-22T00:00:00+00:00 [queued]>
[2022-04-23 20:38:08,687] {taskinstance.py:1238} INFO - 
--------------------------------------------------------------------------------
[2022-04-23 20:38:08,689] {taskinstance.py:1239} INFO - Starting attempt 1 of 2
[2022-04-23 20:38:08,691] {taskinstance.py:1240} INFO - 
--------------------------------------------------------------------------------
[2022-04-23 20:38:08,722] {taskinstance.py:1259} INFO - Executing <Task(PythonOperator): local_to_gcs_task> on 2022-04-22 00:00:00+00:00
[2022-04-23 20:38:08,736] {standard_task_runner.py:52} INFO - Started process 288 to run task
[2022-04-23 20:38:08,750] {standard_task_runner.py:76} INFO - Running: ['***', 'tasks', 'run', 'local_2_gcs_2_bq_dag', 'local_to_gcs_task', 'scheduled__2022-04-22T00:00:00+00:00', '--job-id', '5', '--raw', '--subdir', 'DAGS_FOLDER/download_2_gcs_dag.py', '--cfg-path', '/tmp/tmp6i9nlnp_', '--error-file', '/tmp/tmpi52wsp_7']
[2022-04-23 20:38:08,759] {standard_task_runner.py:77} INFO - Job 5: Subtask local_to_gcs_task
[2022-04-23 20:38:08,871] {logging_mixin.py:109} INFO - Running <TaskInstance: local_2_gcs_2_bq_dag.local_to_gcs_task scheduled__2022-04-22T00:00:00+00:00 [running]> on host 48adf994ba41
[2022-04-23 20:38:09,003] {taskinstance.py:1426} INFO - Exporting the following env vars:
AIRFLOW_CTX_DAG_OWNER=***
AIRFLOW_CTX_DAG_ID=local_2_gcs_2_bq_dag
AIRFLOW_CTX_TASK_ID=local_to_gcs_task
AIRFLOW_CTX_EXECUTION_DATE=2022-04-22T00:00:00+00:00
AIRFLOW_CTX_DAG_RUN_ID=scheduled__2022-04-22T00:00:00+00:00
[2022-04-23 20:38:09,484] {python.py:175} INFO - Done. Returned value was: None
[2022-04-23 20:38:09,506] {taskinstance.py:1277} INFO - Marking task as SUCCESS. dag_id=local_2_gcs_2_bq_dag, task_id=local_to_gcs_task, execution_date=20220422T000000, start_date=20220423T203808, end_date=20220423T203809
[2022-04-23 20:38:09,570] {local_task_job.py:154} INFO - Task exited with return code 0
[2022-04-23 20:38:09,651] {local_task_job.py:264} INFO - 1 downstream tasks scheduled from follow-on schedule check
[2022-04-23 20:58:29,943] {taskinstance.py:1032} INFO - Dependencies all met for <TaskInstance: local_2_gcs_2_bq_dag.local_to_gcs_task scheduled__2022-04-22T00:00:00+00:00 [queued]>
[2022-04-23 20:58:30,006] {taskinstance.py:1032} INFO - Dependencies all met for <TaskInstance: local_2_gcs_2_bq_dag.local_to_gcs_task scheduled__2022-04-22T00:00:00+00:00 [queued]>
[2022-04-23 20:58:30,008] {taskinstance.py:1238} INFO - 
--------------------------------------------------------------------------------
[2022-04-23 20:58:30,010] {taskinstance.py:1239} INFO - Starting attempt 1 of 2
[2022-04-23 20:58:30,012] {taskinstance.py:1240} INFO - 
--------------------------------------------------------------------------------
[2022-04-23 20:58:30,086] {taskinstance.py:1259} INFO - Executing <Task(PythonOperator): local_to_gcs_task> on 2022-04-22 00:00:00+00:00
[2022-04-23 20:58:30,113] {standard_task_runner.py:52} INFO - Started process 175 to run task
[2022-04-23 20:58:30,146] {standard_task_runner.py:76} INFO - Running: ['***', 'tasks', 'run', 'local_2_gcs_2_bq_dag', 'local_to_gcs_task', 'scheduled__2022-04-22T00:00:00+00:00', '--job-id', '5', '--raw', '--subdir', 'DAGS_FOLDER/download_2_gcs_dag.py', '--cfg-path', '/tmp/tmps86e0alv', '--error-file', '/tmp/tmp8_lvqmra']
[2022-04-23 20:58:30,154] {standard_task_runner.py:77} INFO - Job 5: Subtask local_to_gcs_task
[2022-04-23 20:58:30,356] {logging_mixin.py:109} INFO - Running <TaskInstance: local_2_gcs_2_bq_dag.local_to_gcs_task scheduled__2022-04-22T00:00:00+00:00 [running]> on host dfdc12da349c
[2022-04-23 20:58:30,474] {taskinstance.py:1426} INFO - Exporting the following env vars:
AIRFLOW_CTX_DAG_OWNER=***
AIRFLOW_CTX_DAG_ID=local_2_gcs_2_bq_dag
AIRFLOW_CTX_TASK_ID=local_to_gcs_task
AIRFLOW_CTX_EXECUTION_DATE=2022-04-22T00:00:00+00:00
AIRFLOW_CTX_DAG_RUN_ID=scheduled__2022-04-22T00:00:00+00:00
[2022-04-23 20:58:30,944] {python.py:175} INFO - Done. Returned value was: None
[2022-04-23 20:58:30,969] {taskinstance.py:1277} INFO - Marking task as SUCCESS. dag_id=local_2_gcs_2_bq_dag, task_id=local_to_gcs_task, execution_date=20220422T000000, start_date=20220423T205829, end_date=20220423T205830
[2022-04-23 20:58:31,027] {local_task_job.py:154} INFO - Task exited with return code 0
[2022-04-23 20:58:31,104] {local_task_job.py:264} INFO - 1 downstream tasks scheduled from follow-on schedule check
