[2022-04-23 20:41:29,998] {taskinstance.py:1032} INFO - Dependencies all met for <TaskInstance: local_2_gcs_2_bq_dag.local_to_gcs_task scheduled__2022-04-22T00:00:00+00:00 [queued]>
[2022-04-23 20:41:30,014] {taskinstance.py:1032} INFO - Dependencies all met for <TaskInstance: local_2_gcs_2_bq_dag.local_to_gcs_task scheduled__2022-04-22T00:00:00+00:00 [queued]>
[2022-04-23 20:41:30,016] {taskinstance.py:1238} INFO - 
--------------------------------------------------------------------------------
[2022-04-23 20:41:30,018] {taskinstance.py:1239} INFO - Starting attempt 2 of 3
[2022-04-23 20:41:30,019] {taskinstance.py:1240} INFO - 
--------------------------------------------------------------------------------
[2022-04-23 20:41:30,039] {taskinstance.py:1259} INFO - Executing <Task(PythonOperator): local_to_gcs_task> on 2022-04-22 00:00:00+00:00
[2022-04-23 20:41:30,048] {standard_task_runner.py:52} INFO - Started process 430 to run task
[2022-04-23 20:41:30,063] {standard_task_runner.py:76} INFO - Running: ['***', 'tasks', 'run', 'local_2_gcs_2_bq_dag', 'local_to_gcs_task', 'scheduled__2022-04-22T00:00:00+00:00', '--job-id', '10', '--raw', '--subdir', 'DAGS_FOLDER/download_2_gcs_dag.py', '--cfg-path', '/tmp/tmp1lbrxmll', '--error-file', '/tmp/tmp0o6q83_l']
[2022-04-23 20:41:30,066] {standard_task_runner.py:77} INFO - Job 10: Subtask local_to_gcs_task
[2022-04-23 20:41:30,176] {logging_mixin.py:109} INFO - Running <TaskInstance: local_2_gcs_2_bq_dag.local_to_gcs_task scheduled__2022-04-22T00:00:00+00:00 [running]> on host 48adf994ba41
[2022-04-23 20:41:30,347] {taskinstance.py:1426} INFO - Exporting the following env vars:
AIRFLOW_CTX_DAG_OWNER=***
AIRFLOW_CTX_DAG_ID=local_2_gcs_2_bq_dag
AIRFLOW_CTX_TASK_ID=local_to_gcs_task
AIRFLOW_CTX_EXECUTION_DATE=2022-04-22T00:00:00+00:00
AIRFLOW_CTX_DAG_RUN_ID=scheduled__2022-04-22T00:00:00+00:00
[2022-04-23 20:41:30,852] {python.py:175} INFO - Done. Returned value was: None
[2022-04-23 20:41:30,872] {taskinstance.py:1277} INFO - Marking task as SUCCESS. dag_id=local_2_gcs_2_bq_dag, task_id=local_to_gcs_task, execution_date=20220422T000000, start_date=20220423T204130, end_date=20220423T204130
[2022-04-23 20:41:31,014] {local_task_job.py:154} INFO - Task exited with return code 0
[2022-04-23 20:41:31,098] {local_task_job.py:264} INFO - 0 downstream tasks scheduled from follow-on schedule check
