[2022-05-01 15:44:38,291] {taskinstance.py:1032} INFO - Dependencies all met for <TaskInstance: local_gcs_sparkdataproc_bq_dag.download_local_and_upload_GCS.crash_local_to_gcs_task scheduled__2022-05-01T00:00:00+00:00 [queued]>
[2022-05-01 15:44:38,523] {taskinstance.py:1032} INFO - Dependencies all met for <TaskInstance: local_gcs_sparkdataproc_bq_dag.download_local_and_upload_GCS.crash_local_to_gcs_task scheduled__2022-05-01T00:00:00+00:00 [queued]>
[2022-05-01 15:44:38,536] {taskinstance.py:1238} INFO - 
--------------------------------------------------------------------------------
[2022-05-01 15:44:38,539] {taskinstance.py:1239} INFO - Starting attempt 1 of 2
[2022-05-01 15:44:38,542] {taskinstance.py:1240} INFO - 
--------------------------------------------------------------------------------
[2022-05-01 15:44:38,715] {taskinstance.py:1259} INFO - Executing <Task(PythonOperator): download_local_and_upload_GCS.crash_local_to_gcs_task> on 2022-05-01 00:00:00+00:00
[2022-05-01 15:44:38,928] {standard_task_runner.py:52} INFO - Started process 1102 to run task
[2022-05-01 15:44:39,061] {standard_task_runner.py:76} INFO - Running: ['***', 'tasks', 'run', 'local_gcs_sparkdataproc_bq_dag', 'download_local_and_upload_GCS.crash_local_to_gcs_task', 'scheduled__2022-05-01T00:00:00+00:00', '--job-id', '20', '--raw', '--subdir', 'DAGS_FOLDER/final_dag.py', '--cfg-path', '/tmp/tmp_ixbiyor', '--error-file', '/tmp/tmpk4k99lrn']
[2022-05-01 15:44:39,099] {standard_task_runner.py:77} INFO - Job 20: Subtask download_local_and_upload_GCS.crash_local_to_gcs_task
[2022-05-01 15:44:40,289] {logging_mixin.py:109} INFO - Running <TaskInstance: local_gcs_sparkdataproc_bq_dag.download_local_and_upload_GCS.crash_local_to_gcs_task scheduled__2022-05-01T00:00:00+00:00 [running]> on host 97b9d78a285f
[2022-05-01 15:44:41,163] {taskinstance.py:1426} INFO - Exporting the following env vars:
AIRFLOW_CTX_DAG_OWNER=***
AIRFLOW_CTX_DAG_ID=local_gcs_sparkdataproc_bq_dag
AIRFLOW_CTX_TASK_ID=download_local_and_upload_GCS.crash_local_to_gcs_task
AIRFLOW_CTX_EXECUTION_DATE=2022-05-01T00:00:00+00:00
AIRFLOW_CTX_DAG_RUN_ID=scheduled__2022-05-01T00:00:00+00:00
[2022-05-01 15:47:15,726] {python.py:175} INFO - Done. Returned value was: None
[2022-05-01 15:47:16,058] {taskinstance.py:1277} INFO - Marking task as SUCCESS. dag_id=local_gcs_sparkdataproc_bq_dag, task_id=download_local_and_upload_GCS.crash_local_to_gcs_task, execution_date=20220501T000000, start_date=20220501T154438, end_date=20220501T154716
[2022-05-01 15:47:16,702] {local_task_job.py:154} INFO - Task exited with return code 0
[2022-05-01 15:47:17,331] {local_task_job.py:264} INFO - 1 downstream tasks scheduled from follow-on schedule check
