[2022-04-28 02:00:24,019] {taskinstance.py:1032} INFO - Dependencies all met for <TaskInstance: local_2_gcs_2_bq_dag.delete_crash_dataset_task scheduled__2022-04-28T00:00:00+00:00 [queued]>
[2022-04-28 02:00:24,042] {taskinstance.py:1032} INFO - Dependencies all met for <TaskInstance: local_2_gcs_2_bq_dag.delete_crash_dataset_task scheduled__2022-04-28T00:00:00+00:00 [queued]>
[2022-04-28 02:00:24,043] {taskinstance.py:1238} INFO - 
--------------------------------------------------------------------------------
[2022-04-28 02:00:24,044] {taskinstance.py:1239} INFO - Starting attempt 1 of 2
[2022-04-28 02:00:24,045] {taskinstance.py:1240} INFO - 
--------------------------------------------------------------------------------
[2022-04-28 02:00:24,071] {taskinstance.py:1259} INFO - Executing <Task(BashOperator): delete_crash_dataset_task> on 2022-04-28 00:00:00+00:00
[2022-04-28 02:00:24,098] {standard_task_runner.py:52} INFO - Started process 754 to run task
[2022-04-28 02:00:24,119] {standard_task_runner.py:76} INFO - Running: ['***', 'tasks', 'run', 'local_2_gcs_2_bq_dag', 'delete_crash_dataset_task', 'scheduled__2022-04-28T00:00:00+00:00', '--job-id', '12', '--raw', '--subdir', 'DAGS_FOLDER/download_2_gcs_dag_V2.py', '--cfg-path', '/tmp/tmpsb078r48', '--error-file', '/tmp/tmpgourq19o']
[2022-04-28 02:00:24,127] {standard_task_runner.py:77} INFO - Job 12: Subtask delete_crash_dataset_task
[2022-04-28 02:00:24,291] {logging_mixin.py:109} INFO - Running <TaskInstance: local_2_gcs_2_bq_dag.delete_crash_dataset_task scheduled__2022-04-28T00:00:00+00:00 [running]> on host 1d2c8c1aba91
[2022-04-28 02:00:24,425] {taskinstance.py:1426} INFO - Exporting the following env vars:
AIRFLOW_CTX_DAG_OWNER=***
AIRFLOW_CTX_DAG_ID=local_2_gcs_2_bq_dag
AIRFLOW_CTX_TASK_ID=delete_crash_dataset_task
AIRFLOW_CTX_EXECUTION_DATE=2022-04-28T00:00:00+00:00
AIRFLOW_CTX_DAG_RUN_ID=scheduled__2022-04-28T00:00:00+00:00
[2022-04-28 02:00:24,428] {subprocess.py:62} INFO - Tmp dir root location: 
 /tmp
[2022-04-28 02:00:24,434] {subprocess.py:74} INFO - Running command: ['bash', '-c', 'rm /opt/***/85ca-t3if.csv /opt/***/85ca-t3if.parquet']
[2022-04-28 02:00:24,464] {subprocess.py:85} INFO - Output:
[2022-04-28 02:00:24,522] {subprocess.py:93} INFO - Command exited with return code 0
[2022-04-28 02:00:24,568] {taskinstance.py:1277} INFO - Marking task as SUCCESS. dag_id=local_2_gcs_2_bq_dag, task_id=delete_crash_dataset_task, execution_date=20220428T000000, start_date=20220428T020024, end_date=20220428T020024
[2022-04-28 02:00:24,620] {local_task_job.py:154} INFO - Task exited with return code 0
[2022-04-28 02:00:24,676] {local_task_job.py:264} INFO - 0 downstream tasks scheduled from follow-on schedule check
