[2022-05-01 15:49:15,293] {taskinstance.py:1032} INFO - Dependencies all met for <TaskInstance: local_gcs_sparkdataproc_bq_dag.download_local_and_upload_GCS.delete_people_dataset_task scheduled__2022-05-01T00:00:00+00:00 [queued]>
[2022-05-01 15:49:15,378] {taskinstance.py:1032} INFO - Dependencies all met for <TaskInstance: local_gcs_sparkdataproc_bq_dag.download_local_and_upload_GCS.delete_people_dataset_task scheduled__2022-05-01T00:00:00+00:00 [queued]>
[2022-05-01 15:49:15,383] {taskinstance.py:1238} INFO - 
--------------------------------------------------------------------------------
[2022-05-01 15:49:15,388] {taskinstance.py:1239} INFO - Starting attempt 1 of 2
[2022-05-01 15:49:15,393] {taskinstance.py:1240} INFO - 
--------------------------------------------------------------------------------
[2022-05-01 15:49:15,562] {taskinstance.py:1259} INFO - Executing <Task(BashOperator): download_local_and_upload_GCS.delete_people_dataset_task> on 2022-05-01 00:00:00+00:00
[2022-05-01 15:49:15,781] {standard_task_runner.py:76} INFO - Running: ['***', 'tasks', 'run', 'local_gcs_sparkdataproc_bq_dag', 'download_local_and_upload_GCS.delete_people_dataset_task', 'scheduled__2022-05-01T00:00:00+00:00', '--job-id', '24', '--raw', '--subdir', 'DAGS_FOLDER/final_dag.py', '--cfg-path', '/tmp/tmpapccdlkd', '--error-file', '/tmp/tmpqvxa3vps']
[2022-05-01 15:49:15,789] {standard_task_runner.py:77} INFO - Job 24: Subtask download_local_and_upload_GCS.delete_people_dataset_task
[2022-05-01 15:49:15,777] {standard_task_runner.py:52} INFO - Started process 1250 to run task
[2022-05-01 15:49:16,777] {logging_mixin.py:109} INFO - Running <TaskInstance: local_gcs_sparkdataproc_bq_dag.download_local_and_upload_GCS.delete_people_dataset_task scheduled__2022-05-01T00:00:00+00:00 [running]> on host 97b9d78a285f
[2022-05-01 15:49:17,253] {taskinstance.py:1426} INFO - Exporting the following env vars:
AIRFLOW_CTX_DAG_OWNER=***
AIRFLOW_CTX_DAG_ID=local_gcs_sparkdataproc_bq_dag
AIRFLOW_CTX_TASK_ID=download_local_and_upload_GCS.delete_people_dataset_task
AIRFLOW_CTX_EXECUTION_DATE=2022-05-01T00:00:00+00:00
AIRFLOW_CTX_DAG_RUN_ID=scheduled__2022-05-01T00:00:00+00:00
[2022-05-01 15:49:17,259] {subprocess.py:62} INFO - Tmp dir root location: 
 /tmp
[2022-05-01 15:49:17,267] {subprocess.py:74} INFO - Running command: ['bash', '-c', 'rm /opt/***/u6pd-qa9d.csv /opt/***/u6pd-qa9d.parquet']
[2022-05-01 15:49:17,528] {subprocess.py:85} INFO - Output:
[2022-05-01 15:49:18,170] {subprocess.py:93} INFO - Command exited with return code 0
[2022-05-01 15:49:18,316] {taskinstance.py:1277} INFO - Marking task as SUCCESS. dag_id=local_gcs_sparkdataproc_bq_dag, task_id=download_local_and_upload_GCS.delete_people_dataset_task, execution_date=20220501T000000, start_date=20220501T154915, end_date=20220501T154918
[2022-05-01 15:49:18,561] {local_task_job.py:154} INFO - Task exited with return code 0
[2022-05-01 15:49:19,418] {local_task_job.py:264} INFO - 0 downstream tasks scheduled from follow-on schedule check
