[2022-04-24 22:29:23,291] {taskinstance.py:1032} INFO - Dependencies all met for <TaskInstance: local_2_gcs_2_bq_dag.format_people_to_parquet_task manual__2022-04-24T22:27:24.245486+00:00 [queued]>
[2022-04-24 22:29:23,335] {taskinstance.py:1032} INFO - Dependencies all met for <TaskInstance: local_2_gcs_2_bq_dag.format_people_to_parquet_task manual__2022-04-24T22:27:24.245486+00:00 [queued]>
[2022-04-24 22:29:23,339] {taskinstance.py:1238} INFO - 
--------------------------------------------------------------------------------
[2022-04-24 22:29:23,343] {taskinstance.py:1239} INFO - Starting attempt 1 of 2
[2022-04-24 22:29:23,346] {taskinstance.py:1240} INFO - 
--------------------------------------------------------------------------------
[2022-04-24 22:29:23,399] {taskinstance.py:1259} INFO - Executing <Task(PythonOperator): format_people_to_parquet_task> on 2022-04-24 22:27:24.245486+00:00
[2022-04-24 22:29:23,423] {standard_task_runner.py:52} INFO - Started process 511 to run task
[2022-04-24 22:29:23,465] {standard_task_runner.py:76} INFO - Running: ['***', 'tasks', 'run', 'local_2_gcs_2_bq_dag', 'format_people_to_parquet_task', 'manual__2022-04-24T22:27:24.245486+00:00', '--job-id', '83', '--raw', '--subdir', 'DAGS_FOLDER/download_2_gcs_dag_V3.py', '--cfg-path', '/tmp/tmpd7hg1v4v', '--error-file', '/tmp/tmplmmncqgm']
[2022-04-24 22:29:23,473] {standard_task_runner.py:77} INFO - Job 83: Subtask format_people_to_parquet_task
[2022-04-24 22:29:23,765] {logging_mixin.py:109} INFO - Running <TaskInstance: local_2_gcs_2_bq_dag.format_people_to_parquet_task manual__2022-04-24T22:27:24.245486+00:00 [running]> on host 2bdc5459fc64
[2022-04-24 22:29:24,127] {taskinstance.py:1426} INFO - Exporting the following env vars:
AIRFLOW_CTX_DAG_OWNER=***
AIRFLOW_CTX_DAG_ID=local_2_gcs_2_bq_dag
AIRFLOW_CTX_TASK_ID=format_people_to_parquet_task
AIRFLOW_CTX_EXECUTION_DATE=2022-04-24T22:27:24.245486+00:00
AIRFLOW_CTX_DAG_RUN_ID=manual__2022-04-24T22:27:24.245486+00:00
[2022-04-24 22:29:36,381] {python.py:175} INFO - Done. Returned value was: None
[2022-04-24 22:29:36,406] {taskinstance.py:1277} INFO - Marking task as SUCCESS. dag_id=local_2_gcs_2_bq_dag, task_id=format_people_to_parquet_task, execution_date=20220424T222724, start_date=20220424T222923, end_date=20220424T222936
[2022-04-24 22:29:36,897] {local_task_job.py:154} INFO - Task exited with return code 0
[2022-04-24 22:29:37,023] {local_task_job.py:264} INFO - 1 downstream tasks scheduled from follow-on schedule check
