[2022-04-24 22:54:18,591] {taskinstance.py:1032} INFO - Dependencies all met for <TaskInstance: local_2_gcs_2_bq_dag.format_people_to_parquet_task manual__2022-04-24T22:27:24.245486+00:00 [queued]>
[2022-04-24 22:54:18,612] {taskinstance.py:1032} INFO - Dependencies all met for <TaskInstance: local_2_gcs_2_bq_dag.format_people_to_parquet_task manual__2022-04-24T22:27:24.245486+00:00 [queued]>
[2022-04-24 22:54:18,614] {taskinstance.py:1238} INFO - 
--------------------------------------------------------------------------------
[2022-04-24 22:54:18,615] {taskinstance.py:1239} INFO - Starting attempt 2 of 3
[2022-04-24 22:54:18,616] {taskinstance.py:1240} INFO - 
--------------------------------------------------------------------------------
[2022-04-24 22:54:18,642] {taskinstance.py:1259} INFO - Executing <Task(PythonOperator): format_people_to_parquet_task> on 2022-04-24 22:27:24.245486+00:00
[2022-04-24 22:54:18,651] {standard_task_runner.py:52} INFO - Started process 1568 to run task
[2022-04-24 22:54:18,664] {standard_task_runner.py:76} INFO - Running: ['***', 'tasks', 'run', 'local_2_gcs_2_bq_dag', 'format_people_to_parquet_task', 'manual__2022-04-24T22:27:24.245486+00:00', '--job-id', '102', '--raw', '--subdir', 'DAGS_FOLDER/download_2_gcs_dag_V3.py', '--cfg-path', '/tmp/tmpmb6jtxoi', '--error-file', '/tmp/tmpf3s28rkn']
[2022-04-24 22:54:18,667] {standard_task_runner.py:77} INFO - Job 102: Subtask format_people_to_parquet_task
[2022-04-24 22:54:18,766] {logging_mixin.py:109} INFO - Running <TaskInstance: local_2_gcs_2_bq_dag.format_people_to_parquet_task manual__2022-04-24T22:27:24.245486+00:00 [running]> on host 2bdc5459fc64
[2022-04-24 22:54:18,870] {taskinstance.py:1426} INFO - Exporting the following env vars:
AIRFLOW_CTX_DAG_OWNER=***
AIRFLOW_CTX_DAG_ID=local_2_gcs_2_bq_dag
AIRFLOW_CTX_TASK_ID=format_people_to_parquet_task
AIRFLOW_CTX_EXECUTION_DATE=2022-04-24T22:27:24.245486+00:00
AIRFLOW_CTX_DAG_RUN_ID=manual__2022-04-24T22:27:24.245486+00:00
[2022-04-24 22:54:28,036] {python.py:175} INFO - Done. Returned value was: None
[2022-04-24 22:54:28,058] {taskinstance.py:1277} INFO - Marking task as SUCCESS. dag_id=local_2_gcs_2_bq_dag, task_id=format_people_to_parquet_task, execution_date=20220424T222724, start_date=20220424T225418, end_date=20220424T225428
[2022-04-24 22:54:28,305] {local_task_job.py:154} INFO - Task exited with return code 0
[2022-04-24 22:54:28,477] {local_task_job.py:264} INFO - 1 downstream tasks scheduled from follow-on schedule check
