[2022-04-24 23:33:51,176] {taskinstance.py:1032} INFO - Dependencies all met for <TaskInstance: local_2_gcs_2_bq_dag.format_people_to_parquet_task manual__2022-04-24T22:27:24.245486+00:00 [queued]>
[2022-04-24 23:33:51,194] {taskinstance.py:1032} INFO - Dependencies all met for <TaskInstance: local_2_gcs_2_bq_dag.format_people_to_parquet_task manual__2022-04-24T22:27:24.245486+00:00 [queued]>
[2022-04-24 23:33:51,196] {taskinstance.py:1238} INFO - 
--------------------------------------------------------------------------------
[2022-04-24 23:33:51,197] {taskinstance.py:1239} INFO - Starting attempt 4 of 5
[2022-04-24 23:33:51,199] {taskinstance.py:1240} INFO - 
--------------------------------------------------------------------------------
[2022-04-24 23:33:51,218] {taskinstance.py:1259} INFO - Executing <Task(PythonOperator): format_people_to_parquet_task> on 2022-04-24 22:27:24.245486+00:00
[2022-04-24 23:33:51,227] {standard_task_runner.py:52} INFO - Started process 3314 to run task
[2022-04-24 23:33:51,235] {standard_task_runner.py:76} INFO - Running: ['***', 'tasks', 'run', 'local_2_gcs_2_bq_dag', 'format_people_to_parquet_task', 'manual__2022-04-24T22:27:24.245486+00:00', '--job-id', '136', '--raw', '--subdir', 'DAGS_FOLDER/download_2_gcs_dag_V3.py', '--cfg-path', '/tmp/tmp18oya3kb', '--error-file', '/tmp/tmpz7dlch34']
[2022-04-24 23:33:51,237] {standard_task_runner.py:77} INFO - Job 136: Subtask format_people_to_parquet_task
[2022-04-24 23:33:51,320] {logging_mixin.py:109} INFO - Running <TaskInstance: local_2_gcs_2_bq_dag.format_people_to_parquet_task manual__2022-04-24T22:27:24.245486+00:00 [running]> on host 2bdc5459fc64
[2022-04-24 23:33:51,397] {taskinstance.py:1426} INFO - Exporting the following env vars:
AIRFLOW_CTX_DAG_OWNER=***
AIRFLOW_CTX_DAG_ID=local_2_gcs_2_bq_dag
AIRFLOW_CTX_TASK_ID=format_people_to_parquet_task
AIRFLOW_CTX_EXECUTION_DATE=2022-04-24T22:27:24.245486+00:00
AIRFLOW_CTX_DAG_RUN_ID=manual__2022-04-24T22:27:24.245486+00:00
[2022-04-24 23:33:56,080] {python.py:175} INFO - Done. Returned value was: None
[2022-04-24 23:33:56,096] {taskinstance.py:1277} INFO - Marking task as SUCCESS. dag_id=local_2_gcs_2_bq_dag, task_id=format_people_to_parquet_task, execution_date=20220424T222724, start_date=20220424T233351, end_date=20220424T233356
[2022-04-24 23:33:56,378] {local_task_job.py:212} WARNING - State of this instance has been externally set to success. Terminating instance.
