[2022-04-25 00:30:26,968] {taskinstance.py:1032} INFO - Dependencies all met for <TaskInstance: local_2_gcs_2_bq_dag.format_people_to_parquet_task manual__2022-04-24T22:27:24.245486+00:00 [queued]>
[2022-04-25 00:30:27,019] {taskinstance.py:1032} INFO - Dependencies all met for <TaskInstance: local_2_gcs_2_bq_dag.format_people_to_parquet_task manual__2022-04-24T22:27:24.245486+00:00 [queued]>
[2022-04-25 00:30:27,021] {taskinstance.py:1238} INFO - 
--------------------------------------------------------------------------------
[2022-04-25 00:30:27,024] {taskinstance.py:1239} INFO - Starting attempt 6 of 7
[2022-04-25 00:30:27,029] {taskinstance.py:1240} INFO - 
--------------------------------------------------------------------------------
[2022-04-25 00:30:27,069] {taskinstance.py:1259} INFO - Executing <Task(PythonOperator): format_people_to_parquet_task> on 2022-04-24 22:27:24.245486+00:00
[2022-04-25 00:30:27,085] {standard_task_runner.py:52} INFO - Started process 5753 to run task
[2022-04-25 00:30:27,114] {standard_task_runner.py:76} INFO - Running: ['***', 'tasks', 'run', 'local_2_gcs_2_bq_dag', 'format_people_to_parquet_task', 'manual__2022-04-24T22:27:24.245486+00:00', '--job-id', '170', '--raw', '--subdir', 'DAGS_FOLDER/download_2_gcs_dag_V3.py', '--cfg-path', '/tmp/tmpcjjfzvzt', '--error-file', '/tmp/tmpq42l_53w']
[2022-04-25 00:30:27,117] {standard_task_runner.py:77} INFO - Job 170: Subtask format_people_to_parquet_task
[2022-04-25 00:30:27,297] {logging_mixin.py:109} INFO - Running <TaskInstance: local_2_gcs_2_bq_dag.format_people_to_parquet_task manual__2022-04-24T22:27:24.245486+00:00 [running]> on host 2bdc5459fc64
[2022-04-25 00:30:27,407] {taskinstance.py:1426} INFO - Exporting the following env vars:
AIRFLOW_CTX_DAG_OWNER=***
AIRFLOW_CTX_DAG_ID=local_2_gcs_2_bq_dag
AIRFLOW_CTX_TASK_ID=format_people_to_parquet_task
AIRFLOW_CTX_EXECUTION_DATE=2022-04-24T22:27:24.245486+00:00
AIRFLOW_CTX_DAG_RUN_ID=manual__2022-04-24T22:27:24.245486+00:00
[2022-04-25 00:30:39,208] {python.py:175} INFO - Done. Returned value was: None
[2022-04-25 00:30:39,231] {taskinstance.py:1277} INFO - Marking task as SUCCESS. dag_id=local_2_gcs_2_bq_dag, task_id=format_people_to_parquet_task, execution_date=20220424T222724, start_date=20220425T003026, end_date=20220425T003039
[2022-04-25 00:30:39,766] {local_task_job.py:154} INFO - Task exited with return code 0
[2022-04-25 00:30:39,853] {local_task_job.py:264} INFO - 1 downstream tasks scheduled from follow-on schedule check
