[2022-04-27 17:29:34,624] {taskinstance.py:1032} INFO - Dependencies all met for <TaskInstance: local_2_gcs_2_bq_dag.format_people_to_parquet_task manual__2022-04-24T22:27:24.245486+00:00 [queued]>
[2022-04-27 17:29:34,797] {taskinstance.py:1032} INFO - Dependencies all met for <TaskInstance: local_2_gcs_2_bq_dag.format_people_to_parquet_task manual__2022-04-24T22:27:24.245486+00:00 [queued]>
[2022-04-27 17:29:34,802] {taskinstance.py:1238} INFO - 
--------------------------------------------------------------------------------
[2022-04-27 17:29:34,812] {taskinstance.py:1239} INFO - Starting attempt 7 of 8
[2022-04-27 17:29:34,827] {taskinstance.py:1240} INFO - 
--------------------------------------------------------------------------------
[2022-04-27 17:29:35,142] {taskinstance.py:1259} INFO - Executing <Task(PythonOperator): format_people_to_parquet_task> on 2022-04-24 22:27:24.245486+00:00
[2022-04-27 17:29:35,364] {standard_task_runner.py:52} INFO - Started process 2751 to run task
[2022-04-27 17:29:35,633] {standard_task_runner.py:76} INFO - Running: ['***', 'tasks', 'run', 'local_2_gcs_2_bq_dag', 'format_people_to_parquet_task', 'manual__2022-04-24T22:27:24.245486+00:00', '--job-id', '223', '--raw', '--subdir', 'DAGS_FOLDER/download_2_gcs_dag_V2.py', '--cfg-path', '/tmp/tmpo690r5it', '--error-file', '/tmp/tmpl_g957v0']
[2022-04-27 17:29:35,663] {standard_task_runner.py:77} INFO - Job 223: Subtask format_people_to_parquet_task
[2022-04-27 17:29:36,813] {logging_mixin.py:109} INFO - Running <TaskInstance: local_2_gcs_2_bq_dag.format_people_to_parquet_task manual__2022-04-24T22:27:24.245486+00:00 [running]> on host 2c2e7134f604
[2022-04-27 17:29:38,003] {taskinstance.py:1426} INFO - Exporting the following env vars:
AIRFLOW_CTX_DAG_OWNER=***
AIRFLOW_CTX_DAG_ID=local_2_gcs_2_bq_dag
AIRFLOW_CTX_TASK_ID=format_people_to_parquet_task
AIRFLOW_CTX_EXECUTION_DATE=2022-04-24T22:27:24.245486+00:00
AIRFLOW_CTX_DAG_RUN_ID=manual__2022-04-24T22:27:24.245486+00:00
[2022-04-27 17:30:39,422] {python.py:175} INFO - Done. Returned value was: None
[2022-04-27 17:30:39,574] {taskinstance.py:1277} INFO - Marking task as SUCCESS. dag_id=local_2_gcs_2_bq_dag, task_id=format_people_to_parquet_task, execution_date=20220424T222724, start_date=20220427T172934, end_date=20220427T173039
[2022-04-27 17:30:40,185] {local_task_job.py:154} INFO - Task exited with return code 0
[2022-04-27 17:30:40,442] {local_task_job.py:264} INFO - 1 downstream tasks scheduled from follow-on schedule check
