[2022-05-01 15:37:59,287] {taskinstance.py:1032} INFO - Dependencies all met for <TaskInstance: local_gcs_sparkdataproc_bq_dag.download_local_and_upload_GCS.download_vehicles_dataset_task scheduled__2022-05-01T00:00:00+00:00 [queued]>
[2022-05-01 15:37:59,401] {taskinstance.py:1032} INFO - Dependencies all met for <TaskInstance: local_gcs_sparkdataproc_bq_dag.download_local_and_upload_GCS.download_vehicles_dataset_task scheduled__2022-05-01T00:00:00+00:00 [queued]>
[2022-05-01 15:37:59,404] {taskinstance.py:1238} INFO - 
--------------------------------------------------------------------------------
[2022-05-01 15:37:59,407] {taskinstance.py:1239} INFO - Starting attempt 1 of 2
[2022-05-01 15:37:59,412] {taskinstance.py:1240} INFO - 
--------------------------------------------------------------------------------
[2022-05-01 15:37:59,482] {taskinstance.py:1259} INFO - Executing <Task(BashOperator): download_local_and_upload_GCS.download_vehicles_dataset_task> on 2022-05-01 00:00:00+00:00
[2022-05-01 15:37:59,519] {standard_task_runner.py:52} INFO - Started process 886 to run task
[2022-05-01 15:37:59,552] {standard_task_runner.py:76} INFO - Running: ['***', 'tasks', 'run', 'local_gcs_sparkdataproc_bq_dag', 'download_local_and_upload_GCS.download_vehicles_dataset_task', 'scheduled__2022-05-01T00:00:00+00:00', '--job-id', '16', '--raw', '--subdir', 'DAGS_FOLDER/final_dag.py', '--cfg-path', '/tmp/tmpedjm4nqk', '--error-file', '/tmp/tmppyu1p_dz']
[2022-05-01 15:37:59,555] {standard_task_runner.py:77} INFO - Job 16: Subtask download_local_and_upload_GCS.download_vehicles_dataset_task
[2022-05-01 15:38:00,169] {logging_mixin.py:109} INFO - Running <TaskInstance: local_gcs_sparkdataproc_bq_dag.download_local_and_upload_GCS.download_vehicles_dataset_task scheduled__2022-05-01T00:00:00+00:00 [running]> on host 97b9d78a285f
[2022-05-01 15:38:00,708] {taskinstance.py:1426} INFO - Exporting the following env vars:
AIRFLOW_CTX_DAG_OWNER=***
AIRFLOW_CTX_DAG_ID=local_gcs_sparkdataproc_bq_dag
AIRFLOW_CTX_TASK_ID=download_local_and_upload_GCS.download_vehicles_dataset_task
AIRFLOW_CTX_EXECUTION_DATE=2022-05-01T00:00:00+00:00
AIRFLOW_CTX_DAG_RUN_ID=scheduled__2022-05-01T00:00:00+00:00
[2022-05-01 15:38:00,725] {subprocess.py:62} INFO - Tmp dir root location: 
 /tmp
[2022-05-01 15:38:00,737] {subprocess.py:74} INFO - Running command: ['bash', '-c', 'curl -sS https://data.cityofchicago.org/api/views/68nd-jvt3/rows.csv?accessType=DOWNLOAD > /opt/***/68nd-jvt3.csv']
[2022-05-01 15:38:00,980] {subprocess.py:85} INFO - Output:
[2022-05-01 15:40:25,340] {subprocess.py:93} INFO - Command exited with return code 0
[2022-05-01 15:40:25,922] {taskinstance.py:1277} INFO - Marking task as SUCCESS. dag_id=local_gcs_sparkdataproc_bq_dag, task_id=download_local_and_upload_GCS.download_vehicles_dataset_task, execution_date=20220501T000000, start_date=20220501T153759, end_date=20220501T154025
[2022-05-01 15:40:26,514] {local_task_job.py:154} INFO - Task exited with return code 0
[2022-05-01 15:40:28,043] {local_task_job.py:264} INFO - 0 downstream tasks scheduled from follow-on schedule check
