[2022-04-23 20:58:44,294] {taskinstance.py:1032} INFO - Dependencies all met for <TaskInstance: local_2_gcs_2_bq_dag.format_to_parquet_task manual__2022-04-23T20:58:13.257581+00:00 [queued]>
[2022-04-23 20:58:44,313] {taskinstance.py:1032} INFO - Dependencies all met for <TaskInstance: local_2_gcs_2_bq_dag.format_to_parquet_task manual__2022-04-23T20:58:13.257581+00:00 [queued]>
[2022-04-23 20:58:44,315] {taskinstance.py:1238} INFO - 
--------------------------------------------------------------------------------
[2022-04-23 20:58:44,317] {taskinstance.py:1239} INFO - Starting attempt 1 of 2
[2022-04-23 20:58:44,318] {taskinstance.py:1240} INFO - 
--------------------------------------------------------------------------------
[2022-04-23 20:58:44,340] {taskinstance.py:1259} INFO - Executing <Task(PythonOperator): format_to_parquet_task> on 2022-04-23 20:58:13.257581+00:00
[2022-04-23 20:58:44,350] {standard_task_runner.py:52} INFO - Started process 200 to run task
[2022-04-23 20:58:44,363] {standard_task_runner.py:76} INFO - Running: ['***', 'tasks', 'run', 'local_2_gcs_2_bq_dag', 'format_to_parquet_task', 'manual__2022-04-23T20:58:13.257581+00:00', '--job-id', '9', '--raw', '--subdir', 'DAGS_FOLDER/download_2_gcs_dag.py', '--cfg-path', '/tmp/tmpgwumj8lz', '--error-file', '/tmp/tmpd_0h_3ab']
[2022-04-23 20:58:44,373] {standard_task_runner.py:77} INFO - Job 9: Subtask format_to_parquet_task
[2022-04-23 20:58:44,567] {logging_mixin.py:109} INFO - Running <TaskInstance: local_2_gcs_2_bq_dag.format_to_parquet_task manual__2022-04-23T20:58:13.257581+00:00 [running]> on host dfdc12da349c
[2022-04-23 20:58:44,698] {taskinstance.py:1426} INFO - Exporting the following env vars:
AIRFLOW_CTX_DAG_OWNER=***
AIRFLOW_CTX_DAG_ID=local_2_gcs_2_bq_dag
AIRFLOW_CTX_TASK_ID=format_to_parquet_task
AIRFLOW_CTX_EXECUTION_DATE=2022-04-23T20:58:13.257581+00:00
AIRFLOW_CTX_DAG_RUN_ID=manual__2022-04-23T20:58:13.257581+00:00
[2022-04-23 20:58:44,898] {python.py:175} INFO - Done. Returned value was: None
[2022-04-23 20:58:44,919] {taskinstance.py:1277} INFO - Marking task as SUCCESS. dag_id=local_2_gcs_2_bq_dag, task_id=format_to_parquet_task, execution_date=20220423T205813, start_date=20220423T205844, end_date=20220423T205844
[2022-04-23 20:58:45,003] {local_task_job.py:154} INFO - Task exited with return code 0
[2022-04-23 20:58:45,109] {local_task_job.py:264} INFO - 1 downstream tasks scheduled from follow-on schedule check
