[2022-04-30 23:45:26,851] {taskinstance.py:1032} INFO - Dependencies all met for <TaskInstance: dataproc_bqext_bqpart_dag.bigquery_external_table_task manual__2022-04-30T23:39:40.736273+00:00 [queued]>
[2022-04-30 23:45:26,879] {taskinstance.py:1032} INFO - Dependencies all met for <TaskInstance: dataproc_bqext_bqpart_dag.bigquery_external_table_task manual__2022-04-30T23:39:40.736273+00:00 [queued]>
[2022-04-30 23:45:26,884] {taskinstance.py:1238} INFO - 
--------------------------------------------------------------------------------
[2022-04-30 23:45:26,887] {taskinstance.py:1239} INFO - Starting attempt 1 of 2
[2022-04-30 23:45:26,888] {taskinstance.py:1240} INFO - 
--------------------------------------------------------------------------------
[2022-04-30 23:45:26,918] {taskinstance.py:1259} INFO - Executing <Task(BigQueryCreateExternalTableOperator): bigquery_external_table_task> on 2022-04-30 23:39:40.736273+00:00
[2022-04-30 23:45:26,928] {standard_task_runner.py:52} INFO - Started process 439 to run task
[2022-04-30 23:45:26,948] {standard_task_runner.py:76} INFO - Running: ['***', 'tasks', 'run', 'dataproc_bqext_bqpart_dag', 'bigquery_external_table_task', 'manual__2022-04-30T23:39:40.736273+00:00', '--job-id', '6', '--raw', '--subdir', 'DAGS_FOLDER/dataproc_spark_dagv3.py', '--cfg-path', '/tmp/tmpdr0_dboc', '--error-file', '/tmp/tmp18qpd_69']
[2022-04-30 23:45:26,956] {standard_task_runner.py:77} INFO - Job 6: Subtask bigquery_external_table_task
[2022-04-30 23:45:27,106] {logging_mixin.py:109} INFO - Running <TaskInstance: dataproc_bqext_bqpart_dag.bigquery_external_table_task manual__2022-04-30T23:39:40.736273+00:00 [running]> on host 87df04080a08
[2022-04-30 23:45:27,251] {taskinstance.py:1426} INFO - Exporting the following env vars:
AIRFLOW_CTX_DAG_OWNER=***
AIRFLOW_CTX_DAG_ID=dataproc_bqext_bqpart_dag
AIRFLOW_CTX_TASK_ID=bigquery_external_table_task
AIRFLOW_CTX_EXECUTION_DATE=2022-04-30T23:39:40.736273+00:00
AIRFLOW_CTX_DAG_RUN_ID=manual__2022-04-30T23:39:40.736273+00:00
[2022-04-30 23:45:27,263] {crypto.py:82} WARNING - empty cryptography key - values will not be stored encrypted.
[2022-04-30 23:45:28,177] {taskinstance.py:1277} INFO - Marking task as SUCCESS. dag_id=dataproc_bqext_bqpart_dag, task_id=bigquery_external_table_task, execution_date=20220430T233940, start_date=20220430T234526, end_date=20220430T234528
[2022-04-30 23:45:28,276] {local_task_job.py:154} INFO - Task exited with return code 0
[2022-04-30 23:45:28,377] {local_task_job.py:264} INFO - 1 downstream tasks scheduled from follow-on schedule check
