[2022-04-30 23:53:46,100] {taskinstance.py:1032} INFO - Dependencies all met for <TaskInstance: dataproc_bqext_bqpart_dag.bigquery_external_table_task manual__2022-04-30T23:39:40.736273+00:00 [queued]>
[2022-04-30 23:53:46,165] {taskinstance.py:1032} INFO - Dependencies all met for <TaskInstance: dataproc_bqext_bqpart_dag.bigquery_external_table_task manual__2022-04-30T23:39:40.736273+00:00 [queued]>
[2022-04-30 23:53:46,167] {taskinstance.py:1238} INFO - 
--------------------------------------------------------------------------------
[2022-04-30 23:53:46,169] {taskinstance.py:1239} INFO - Starting attempt 2 of 3
[2022-04-30 23:53:46,171] {taskinstance.py:1240} INFO - 
--------------------------------------------------------------------------------
[2022-04-30 23:53:46,222] {taskinstance.py:1259} INFO - Executing <Task(BigQueryCreateExternalTableOperator): bigquery_external_table_task> on 2022-04-30 23:39:40.736273+00:00
[2022-04-30 23:53:46,290] {standard_task_runner.py:52} INFO - Started process 722 to run task
[2022-04-30 23:53:46,364] {standard_task_runner.py:76} INFO - Running: ['***', 'tasks', 'run', 'dataproc_bqext_bqpart_dag', 'bigquery_external_table_task', 'manual__2022-04-30T23:39:40.736273+00:00', '--job-id', '8', '--raw', '--subdir', 'DAGS_FOLDER/dataproc_spark_dagv3.py', '--cfg-path', '/tmp/tmp1ofayuzo', '--error-file', '/tmp/tmpuzuruxn8']
[2022-04-30 23:53:46,377] {standard_task_runner.py:77} INFO - Job 8: Subtask bigquery_external_table_task
[2022-04-30 23:53:46,667] {logging_mixin.py:109} INFO - Running <TaskInstance: dataproc_bqext_bqpart_dag.bigquery_external_table_task manual__2022-04-30T23:39:40.736273+00:00 [running]> on host 87df04080a08
[2022-04-30 23:53:46,845] {taskinstance.py:1426} INFO - Exporting the following env vars:
AIRFLOW_CTX_DAG_OWNER=***
AIRFLOW_CTX_DAG_ID=dataproc_bqext_bqpart_dag
AIRFLOW_CTX_TASK_ID=bigquery_external_table_task
AIRFLOW_CTX_EXECUTION_DATE=2022-04-30T23:39:40.736273+00:00
AIRFLOW_CTX_DAG_RUN_ID=manual__2022-04-30T23:39:40.736273+00:00
[2022-04-30 23:53:46,850] {crypto.py:82} WARNING - empty cryptography key - values will not be stored encrypted.
[2022-04-30 23:53:48,031] {taskinstance.py:1277} INFO - Marking task as SUCCESS. dag_id=dataproc_bqext_bqpart_dag, task_id=bigquery_external_table_task, execution_date=20220430T233940, start_date=20220430T235346, end_date=20220430T235348
[2022-04-30 23:53:48,182] {local_task_job.py:154} INFO - Task exited with return code 0
[2022-04-30 23:53:48,426] {local_task_job.py:264} INFO - 1 downstream tasks scheduled from follow-on schedule check
