[2022-04-30 23:43:04,057] {taskinstance.py:1032} INFO - Dependencies all met for <TaskInstance: dataproc_bqext_bqpart_dag.spark_transform_sparksubmit manual__2022-04-30T23:39:40.736273+00:00 [queued]>
[2022-04-30 23:43:04,095] {taskinstance.py:1032} INFO - Dependencies all met for <TaskInstance: dataproc_bqext_bqpart_dag.spark_transform_sparksubmit manual__2022-04-30T23:39:40.736273+00:00 [queued]>
[2022-04-30 23:43:04,098] {taskinstance.py:1238} INFO - 
--------------------------------------------------------------------------------
[2022-04-30 23:43:04,105] {taskinstance.py:1239} INFO - Starting attempt 1 of 2
[2022-04-30 23:43:04,110] {taskinstance.py:1240} INFO - 
--------------------------------------------------------------------------------
[2022-04-30 23:43:04,163] {taskinstance.py:1259} INFO - Executing <Task(DataprocSubmitJobOperator): spark_transform_sparksubmit> on 2022-04-30 23:39:40.736273+00:00
[2022-04-30 23:43:04,177] {standard_task_runner.py:52} INFO - Started process 295 to run task
[2022-04-30 23:43:04,211] {standard_task_runner.py:76} INFO - Running: ['***', 'tasks', 'run', 'dataproc_bqext_bqpart_dag', 'spark_transform_sparksubmit', 'manual__2022-04-30T23:39:40.736273+00:00', '--job-id', '4', '--raw', '--subdir', 'DAGS_FOLDER/dataproc_spark_dagv3.py', '--cfg-path', '/tmp/tmpkylbj53m', '--error-file', '/tmp/tmp5puv5r9m']
[2022-04-30 23:43:04,218] {standard_task_runner.py:77} INFO - Job 4: Subtask spark_transform_sparksubmit
[2022-04-30 23:43:04,386] {logging_mixin.py:109} INFO - Running <TaskInstance: dataproc_bqext_bqpart_dag.spark_transform_sparksubmit manual__2022-04-30T23:39:40.736273+00:00 [running]> on host 87df04080a08
[2022-04-30 23:43:04,530] {taskinstance.py:1426} INFO - Exporting the following env vars:
AIRFLOW_CTX_DAG_OWNER=***
AIRFLOW_CTX_DAG_ID=dataproc_bqext_bqpart_dag
AIRFLOW_CTX_TASK_ID=spark_transform_sparksubmit
AIRFLOW_CTX_EXECUTION_DATE=2022-04-30T23:39:40.736273+00:00
AIRFLOW_CTX_DAG_RUN_ID=manual__2022-04-30T23:39:40.736273+00:00
[2022-04-30 23:43:04,538] {dataproc.py:1997} INFO - Submitting job
[2022-04-30 23:43:04,548] {crypto.py:82} WARNING - empty cryptography key - values will not be stored encrypted.
[2022-04-30 23:43:04,905] {dataproc.py:2009} INFO - Job cb745cc1-1b6e-451e-891b-8c425f72a403 submitted successfully.
[2022-04-30 23:43:04,954] {dataproc.py:2022} INFO - Waiting for job cb745cc1-1b6e-451e-891b-8c425f72a403 to complete
[2022-04-30 23:44:36,864] {dataproc.py:2026} INFO - Job cb745cc1-1b6e-451e-891b-8c425f72a403 completed successfully.
[2022-04-30 23:44:36,984] {taskinstance.py:1277} INFO - Marking task as SUCCESS. dag_id=dataproc_bqext_bqpart_dag, task_id=spark_transform_sparksubmit, execution_date=20220430T233940, start_date=20220430T234304, end_date=20220430T234436
[2022-04-30 23:44:37,095] {local_task_job.py:154} INFO - Task exited with return code 0
[2022-04-30 23:44:37,259] {local_task_job.py:264} INFO - 1 downstream tasks scheduled from follow-on schedule check
