[2022-04-24 01:52:45,535] {taskinstance.py:1032} INFO - Dependencies all met for <TaskInstance: local_2_gcs_2_bq_dag.format_vehicles_to_parquet_task manual__2022-04-24T01:52:31.743537+00:00 [queued]>
[2022-04-24 01:52:45,627] {taskinstance.py:1032} INFO - Dependencies all met for <TaskInstance: local_2_gcs_2_bq_dag.format_vehicles_to_parquet_task manual__2022-04-24T01:52:31.743537+00:00 [queued]>
[2022-04-24 01:52:45,629] {taskinstance.py:1238} INFO - 
--------------------------------------------------------------------------------
[2022-04-24 01:52:45,631] {taskinstance.py:1239} INFO - Starting attempt 1 of 2
[2022-04-24 01:52:45,633] {taskinstance.py:1240} INFO - 
--------------------------------------------------------------------------------
[2022-04-24 01:52:45,761] {taskinstance.py:1259} INFO - Executing <Task(PythonOperator): format_vehicles_to_parquet_task> on 2022-04-24 01:52:31.743537+00:00
[2022-04-24 01:52:45,816] {standard_task_runner.py:52} INFO - Started process 5119 to run task
[2022-04-24 01:52:45,869] {standard_task_runner.py:76} INFO - Running: ['***', 'tasks', 'run', 'local_2_gcs_2_bq_dag', 'format_vehicles_to_parquet_task', 'manual__2022-04-24T01:52:31.743537+00:00', '--job-id', '40', '--raw', '--subdir', 'DAGS_FOLDER/download_2_gcs_dag_V2.py', '--cfg-path', '/tmp/tmpcp39wvie', '--error-file', '/tmp/tmpje2ownba']
[2022-04-24 01:52:45,885] {standard_task_runner.py:77} INFO - Job 40: Subtask format_vehicles_to_parquet_task
[2022-04-24 01:52:46,608] {logging_mixin.py:109} INFO - Running <TaskInstance: local_2_gcs_2_bq_dag.format_vehicles_to_parquet_task manual__2022-04-24T01:52:31.743537+00:00 [running]> on host 65283f82c270
[2022-04-24 01:52:47,556] {taskinstance.py:1426} INFO - Exporting the following env vars:
AIRFLOW_CTX_DAG_OWNER=***
AIRFLOW_CTX_DAG_ID=local_2_gcs_2_bq_dag
AIRFLOW_CTX_TASK_ID=format_vehicles_to_parquet_task
AIRFLOW_CTX_EXECUTION_DATE=2022-04-24T01:52:31.743537+00:00
AIRFLOW_CTX_DAG_RUN_ID=manual__2022-04-24T01:52:31.743537+00:00
[2022-04-24 01:52:48,837] {python.py:175} INFO - Done. Returned value was: None
[2022-04-24 01:52:48,886] {taskinstance.py:1277} INFO - Marking task as SUCCESS. dag_id=local_2_gcs_2_bq_dag, task_id=format_vehicles_to_parquet_task, execution_date=20220424T015231, start_date=20220424T015245, end_date=20220424T015248
[2022-04-24 01:52:49,060] {local_task_job.py:154} INFO - Task exited with return code 0
[2022-04-24 01:52:49,416] {local_task_job.py:264} INFO - 1 downstream tasks scheduled from follow-on schedule check
