[2022-04-24 02:21:07,687] {taskinstance.py:1032} INFO - Dependencies all met for <TaskInstance: local_2_gcs_2_bq_dag.format_vehicles_to_parquet_task manual__2022-04-24T01:52:31.743537+00:00 [queued]>
[2022-04-24 02:21:07,802] {taskinstance.py:1032} INFO - Dependencies all met for <TaskInstance: local_2_gcs_2_bq_dag.format_vehicles_to_parquet_task manual__2022-04-24T01:52:31.743537+00:00 [queued]>
[2022-04-24 02:21:07,804] {taskinstance.py:1238} INFO - 
--------------------------------------------------------------------------------
[2022-04-24 02:21:07,806] {taskinstance.py:1239} INFO - Starting attempt 2 of 3
[2022-04-24 02:21:07,820] {taskinstance.py:1240} INFO - 
--------------------------------------------------------------------------------
[2022-04-24 02:21:07,965] {taskinstance.py:1259} INFO - Executing <Task(PythonOperator): format_vehicles_to_parquet_task> on 2022-04-24 01:52:31.743537+00:00
[2022-04-24 02:21:08,045] {standard_task_runner.py:52} INFO - Started process 255 to run task
[2022-04-24 02:21:08,177] {standard_task_runner.py:76} INFO - Running: ['***', 'tasks', 'run', 'local_2_gcs_2_bq_dag', 'format_vehicles_to_parquet_task', 'manual__2022-04-24T01:52:31.743537+00:00', '--job-id', '61', '--raw', '--subdir', 'DAGS_FOLDER/download_2_gcs_dag_V2.py', '--cfg-path', '/tmp/tmpibq47cjq', '--error-file', '/tmp/tmpg6t0ka__']
[2022-04-24 02:21:08,209] {standard_task_runner.py:77} INFO - Job 61: Subtask format_vehicles_to_parquet_task
[2022-04-24 02:21:08,778] {logging_mixin.py:109} INFO - Running <TaskInstance: local_2_gcs_2_bq_dag.format_vehicles_to_parquet_task manual__2022-04-24T01:52:31.743537+00:00 [running]> on host 1f2512cca76d
[2022-04-24 02:21:09,377] {taskinstance.py:1426} INFO - Exporting the following env vars:
AIRFLOW_CTX_DAG_OWNER=***
AIRFLOW_CTX_DAG_ID=local_2_gcs_2_bq_dag
AIRFLOW_CTX_TASK_ID=format_vehicles_to_parquet_task
AIRFLOW_CTX_EXECUTION_DATE=2022-04-24T01:52:31.743537+00:00
AIRFLOW_CTX_DAG_RUN_ID=manual__2022-04-24T01:52:31.743537+00:00
[2022-04-24 02:22:30,836] {python.py:175} INFO - Done. Returned value was: None
[2022-04-24 02:22:30,883] {taskinstance.py:1277} INFO - Marking task as SUCCESS. dag_id=local_2_gcs_2_bq_dag, task_id=format_vehicles_to_parquet_task, execution_date=20220424T015231, start_date=20220424T022107, end_date=20220424T022230
[2022-04-24 02:22:31,167] {local_task_job.py:154} INFO - Task exited with return code 0
[2022-04-24 02:22:31,338] {local_task_job.py:264} INFO - 1 downstream tasks scheduled from follow-on schedule check
