[2022-04-30 23:44:40,806] {taskinstance.py:1032} INFO - Dependencies all met for <TaskInstance: dataproc_bqext_bqpart_dag.delete_cluster manual__2022-04-30T23:39:40.736273+00:00 [queued]>
[2022-04-30 23:44:40,828] {taskinstance.py:1032} INFO - Dependencies all met for <TaskInstance: dataproc_bqext_bqpart_dag.delete_cluster manual__2022-04-30T23:39:40.736273+00:00 [queued]>
[2022-04-30 23:44:40,835] {taskinstance.py:1238} INFO - 
--------------------------------------------------------------------------------
[2022-04-30 23:44:40,852] {taskinstance.py:1239} INFO - Starting attempt 1 of 2
[2022-04-30 23:44:40,854] {taskinstance.py:1240} INFO - 
--------------------------------------------------------------------------------
[2022-04-30 23:44:40,895] {taskinstance.py:1259} INFO - Executing <Task(DataprocDeleteClusterOperator): delete_cluster> on 2022-04-30 23:39:40.736273+00:00
[2022-04-30 23:44:40,929] {standard_task_runner.py:52} INFO - Started process 396 to run task
[2022-04-30 23:44:40,980] {standard_task_runner.py:76} INFO - Running: ['***', 'tasks', 'run', 'dataproc_bqext_bqpart_dag', 'delete_cluster', 'manual__2022-04-30T23:39:40.736273+00:00', '--job-id', '5', '--raw', '--subdir', 'DAGS_FOLDER/dataproc_spark_dagv3.py', '--cfg-path', '/tmp/tmprwgyqs7a', '--error-file', '/tmp/tmpyh0q2tan']
[2022-04-30 23:44:40,989] {standard_task_runner.py:77} INFO - Job 5: Subtask delete_cluster
[2022-04-30 23:44:41,160] {logging_mixin.py:109} INFO - Running <TaskInstance: dataproc_bqext_bqpart_dag.delete_cluster manual__2022-04-30T23:39:40.736273+00:00 [running]> on host 87df04080a08
[2022-04-30 23:44:41,312] {taskinstance.py:1426} INFO - Exporting the following env vars:
AIRFLOW_CTX_DAG_OWNER=***
AIRFLOW_CTX_DAG_ID=dataproc_bqext_bqpart_dag
AIRFLOW_CTX_TASK_ID=delete_cluster
AIRFLOW_CTX_EXECUTION_DATE=2022-04-30T23:39:40.736273+00:00
AIRFLOW_CTX_DAG_RUN_ID=manual__2022-04-30T23:39:40.736273+00:00
[2022-04-30 23:44:41,317] {crypto.py:82} WARNING - empty cryptography key - values will not be stored encrypted.
[2022-04-30 23:44:41,321] {dataproc.py:918} INFO - Deleting cluster: dtc-capstone-cluster
[2022-04-30 23:45:23,248] {dataproc.py:930} INFO - Cluster deleted.
[2022-04-30 23:45:23,315] {taskinstance.py:1277} INFO - Marking task as SUCCESS. dag_id=dataproc_bqext_bqpart_dag, task_id=delete_cluster, execution_date=20220430T233940, start_date=20220430T234440, end_date=20220430T234523
[2022-04-30 23:45:23,455] {local_task_job.py:154} INFO - Task exited with return code 0
[2022-04-30 23:45:23,679] {local_task_job.py:264} INFO - 0 downstream tasks scheduled from follow-on schedule check
