[2022-04-24 02:24:20,915] {taskinstance.py:1032} INFO - Dependencies all met for <TaskInstance: local_2_gcs_2_bq_dag.delete_crash_dataset_task manual__2022-04-24T01:52:31.743537+00:00 [queued]>
[2022-04-24 02:24:20,953] {taskinstance.py:1032} INFO - Dependencies all met for <TaskInstance: local_2_gcs_2_bq_dag.delete_crash_dataset_task manual__2022-04-24T01:52:31.743537+00:00 [queued]>
[2022-04-24 02:24:20,954] {taskinstance.py:1238} INFO - 
--------------------------------------------------------------------------------
[2022-04-24 02:24:20,957] {taskinstance.py:1239} INFO - Starting attempt 3 of 4
[2022-04-24 02:24:20,959] {taskinstance.py:1240} INFO - 
--------------------------------------------------------------------------------
[2022-04-24 02:24:20,993] {taskinstance.py:1259} INFO - Executing <Task(BashOperator): delete_crash_dataset_task> on 2022-04-24 01:52:31.743537+00:00
[2022-04-24 02:24:21,016] {standard_task_runner.py:52} INFO - Started process 386 to run task
[2022-04-24 02:24:21,041] {standard_task_runner.py:76} INFO - Running: ['***', 'tasks', 'run', 'local_2_gcs_2_bq_dag', 'delete_crash_dataset_task', 'manual__2022-04-24T01:52:31.743537+00:00', '--job-id', '67', '--raw', '--subdir', 'DAGS_FOLDER/download_2_gcs_dag_V2.py', '--cfg-path', '/tmp/tmp_uscuw_i', '--error-file', '/tmp/tmpunll0wjj']
[2022-04-24 02:24:21,045] {standard_task_runner.py:77} INFO - Job 67: Subtask delete_crash_dataset_task
[2022-04-24 02:24:21,179] {logging_mixin.py:109} INFO - Running <TaskInstance: local_2_gcs_2_bq_dag.delete_crash_dataset_task manual__2022-04-24T01:52:31.743537+00:00 [running]> on host 1f2512cca76d
[2022-04-24 02:24:21,298] {taskinstance.py:1426} INFO - Exporting the following env vars:
AIRFLOW_CTX_DAG_OWNER=***
AIRFLOW_CTX_DAG_ID=local_2_gcs_2_bq_dag
AIRFLOW_CTX_TASK_ID=delete_crash_dataset_task
AIRFLOW_CTX_EXECUTION_DATE=2022-04-24T01:52:31.743537+00:00
AIRFLOW_CTX_DAG_RUN_ID=manual__2022-04-24T01:52:31.743537+00:00
[2022-04-24 02:24:21,302] {subprocess.py:62} INFO - Tmp dir root location: 
 /tmp
[2022-04-24 02:24:21,304] {subprocess.py:74} INFO - Running command: ['bash', '-c', 'rm /opt/***/85ca-t3if.csv /opt/***/85ca-t3if.parquet']
[2022-04-24 02:24:21,349] {subprocess.py:85} INFO - Output:
[2022-04-24 02:24:21,402] {subprocess.py:93} INFO - Command exited with return code 0
[2022-04-24 02:24:21,478] {taskinstance.py:1277} INFO - Marking task as SUCCESS. dag_id=local_2_gcs_2_bq_dag, task_id=delete_crash_dataset_task, execution_date=20220424T015231, start_date=20220424T022420, end_date=20220424T022421
[2022-04-24 02:24:21,554] {local_task_job.py:154} INFO - Task exited with return code 0
[2022-04-24 02:24:21,638] {local_task_job.py:264} INFO - 0 downstream tasks scheduled from follow-on schedule check
