[2022-04-24 02:20:38,265] {taskinstance.py:1032} INFO - Dependencies all met for <TaskInstance: local_2_gcs_2_bq_dag.format_crash_to_parquet_task manual__2022-04-24T01:52:31.743537+00:00 [queued]>
[2022-04-24 02:20:38,470] {taskinstance.py:1032} INFO - Dependencies all met for <TaskInstance: local_2_gcs_2_bq_dag.format_crash_to_parquet_task manual__2022-04-24T01:52:31.743537+00:00 [queued]>
[2022-04-24 02:20:38,473] {taskinstance.py:1238} INFO - 
--------------------------------------------------------------------------------
[2022-04-24 02:20:38,478] {taskinstance.py:1239} INFO - Starting attempt 2 of 3
[2022-04-24 02:20:38,480] {taskinstance.py:1240} INFO - 
--------------------------------------------------------------------------------
[2022-04-24 02:20:38,631] {taskinstance.py:1259} INFO - Executing <Task(PythonOperator): format_crash_to_parquet_task> on 2022-04-24 01:52:31.743537+00:00
[2022-04-24 02:20:38,667] {standard_task_runner.py:52} INFO - Started process 231 to run task
[2022-04-24 02:20:38,712] {standard_task_runner.py:76} INFO - Running: ['***', 'tasks', 'run', 'local_2_gcs_2_bq_dag', 'format_crash_to_parquet_task', 'manual__2022-04-24T01:52:31.743537+00:00', '--job-id', '60', '--raw', '--subdir', 'DAGS_FOLDER/download_2_gcs_dag_V2.py', '--cfg-path', '/tmp/tmpdw7g5pt8', '--error-file', '/tmp/tmpw939wnv_']
[2022-04-24 02:20:38,717] {standard_task_runner.py:77} INFO - Job 60: Subtask format_crash_to_parquet_task
[2022-04-24 02:20:39,120] {logging_mixin.py:109} INFO - Running <TaskInstance: local_2_gcs_2_bq_dag.format_crash_to_parquet_task manual__2022-04-24T01:52:31.743537+00:00 [running]> on host 1f2512cca76d
[2022-04-24 02:20:39,494] {taskinstance.py:1426} INFO - Exporting the following env vars:
AIRFLOW_CTX_DAG_OWNER=***
AIRFLOW_CTX_DAG_ID=local_2_gcs_2_bq_dag
AIRFLOW_CTX_TASK_ID=format_crash_to_parquet_task
AIRFLOW_CTX_EXECUTION_DATE=2022-04-24T01:52:31.743537+00:00
AIRFLOW_CTX_DAG_RUN_ID=manual__2022-04-24T01:52:31.743537+00:00
[2022-04-24 02:21:29,996] {python.py:175} INFO - Done. Returned value was: None
[2022-04-24 02:21:30,509] {taskinstance.py:1277} INFO - Marking task as SUCCESS. dag_id=local_2_gcs_2_bq_dag, task_id=format_crash_to_parquet_task, execution_date=20220424T015231, start_date=20220424T022038, end_date=20220424T022130
[2022-04-24 02:21:31,354] {local_task_job.py:154} INFO - Task exited with return code 0
[2022-04-24 02:21:32,068] {local_task_job.py:264} INFO - 1 downstream tasks scheduled from follow-on schedule check
