[2022-04-24 23:37:01,200] {taskinstance.py:1032} INFO - Dependencies all met for <TaskInstance: local_2_gcs_2_bq_dag.crash_local_to_gcs_task manual__2022-04-24T22:27:24.245486+00:00 [queued]>
[2022-04-24 23:37:01,240] {taskinstance.py:1032} INFO - Dependencies all met for <TaskInstance: local_2_gcs_2_bq_dag.crash_local_to_gcs_task manual__2022-04-24T22:27:24.245486+00:00 [queued]>
[2022-04-24 23:37:01,241] {taskinstance.py:1238} INFO - 
--------------------------------------------------------------------------------
[2022-04-24 23:37:01,242] {taskinstance.py:1239} INFO - Starting attempt 6 of 6
[2022-04-24 23:37:01,243] {taskinstance.py:1240} INFO - 
--------------------------------------------------------------------------------
[2022-04-24 23:37:01,281] {taskinstance.py:1259} INFO - Executing <Task(PythonOperator): crash_local_to_gcs_task> on 2022-04-24 22:27:24.245486+00:00
[2022-04-24 23:37:01,297] {standard_task_runner.py:52} INFO - Started process 3456 to run task
[2022-04-24 23:37:01,342] {standard_task_runner.py:76} INFO - Running: ['***', 'tasks', 'run', 'local_2_gcs_2_bq_dag', 'crash_local_to_gcs_task', 'manual__2022-04-24T22:27:24.245486+00:00', '--job-id', '142', '--raw', '--subdir', 'DAGS_FOLDER/download_2_gcs_dag_V3.py', '--cfg-path', '/tmp/tmpk96ibxcs', '--error-file', '/tmp/tmpg4axi65a']
[2022-04-24 23:37:01,347] {standard_task_runner.py:77} INFO - Job 142: Subtask crash_local_to_gcs_task
[2022-04-24 23:37:01,559] {logging_mixin.py:109} INFO - Running <TaskInstance: local_2_gcs_2_bq_dag.crash_local_to_gcs_task manual__2022-04-24T22:27:24.245486+00:00 [running]> on host 2bdc5459fc64
[2022-04-24 23:37:01,827] {taskinstance.py:1426} INFO - Exporting the following env vars:
AIRFLOW_CTX_DAG_OWNER=***
AIRFLOW_CTX_DAG_ID=local_2_gcs_2_bq_dag
AIRFLOW_CTX_TASK_ID=crash_local_to_gcs_task
AIRFLOW_CTX_EXECUTION_DATE=2022-04-24T22:27:24.245486+00:00
AIRFLOW_CTX_DAG_RUN_ID=manual__2022-04-24T22:27:24.245486+00:00
[2022-04-24 23:37:12,157] {python.py:175} INFO - Done. Returned value was: None
[2022-04-24 23:37:12,181] {taskinstance.py:1277} INFO - Marking task as SUCCESS. dag_id=local_2_gcs_2_bq_dag, task_id=crash_local_to_gcs_task, execution_date=20220424T222724, start_date=20220424T233701, end_date=20220424T233712
[2022-04-24 23:37:12,246] {local_task_job.py:154} INFO - Task exited with return code 0
[2022-04-24 23:37:12,303] {local_task_job.py:264} INFO - 0 downstream tasks scheduled from follow-on schedule check
