[2022-04-29 03:23:06,078] {taskinstance.py:1032} INFO - Dependencies all met for <TaskInstance: dataproc_example_dag.spark_transform_sparksubmit manual__2022-04-29T02:03:59.172852+00:00 [queued]>
[2022-04-29 03:23:06,104] {taskinstance.py:1032} INFO - Dependencies all met for <TaskInstance: dataproc_example_dag.spark_transform_sparksubmit manual__2022-04-29T02:03:59.172852+00:00 [queued]>
[2022-04-29 03:23:06,106] {taskinstance.py:1238} INFO - 
--------------------------------------------------------------------------------
[2022-04-29 03:23:06,108] {taskinstance.py:1239} INFO - Starting attempt 10 of 11
[2022-04-29 03:23:06,110] {taskinstance.py:1240} INFO - 
--------------------------------------------------------------------------------
[2022-04-29 03:23:06,141] {taskinstance.py:1259} INFO - Executing <Task(DataprocSubmitJobOperator): spark_transform_sparksubmit> on 2022-04-29 02:03:59.172852+00:00
[2022-04-29 03:23:06,151] {standard_task_runner.py:52} INFO - Started process 3176 to run task
[2022-04-29 03:23:06,167] {standard_task_runner.py:76} INFO - Running: ['***', 'tasks', 'run', 'dataproc_example_dag', 'spark_transform_sparksubmit', 'manual__2022-04-29T02:03:59.172852+00:00', '--job-id', '14', '--raw', '--subdir', 'DAGS_FOLDER/dataproc_spark_dagv2.py', '--cfg-path', '/tmp/tmpnz12pr7x', '--error-file', '/tmp/tmpu6rb6whj']
[2022-04-29 03:23:06,169] {standard_task_runner.py:77} INFO - Job 14: Subtask spark_transform_sparksubmit
[2022-04-29 03:23:06,270] {logging_mixin.py:109} INFO - Running <TaskInstance: dataproc_example_dag.spark_transform_sparksubmit manual__2022-04-29T02:03:59.172852+00:00 [running]> on host c3ee2a0c6e37
[2022-04-29 03:23:06,366] {taskinstance.py:1426} INFO - Exporting the following env vars:
AIRFLOW_CTX_DAG_OWNER=***
AIRFLOW_CTX_DAG_ID=dataproc_example_dag
AIRFLOW_CTX_TASK_ID=spark_transform_sparksubmit
AIRFLOW_CTX_EXECUTION_DATE=2022-04-29T02:03:59.172852+00:00
AIRFLOW_CTX_DAG_RUN_ID=manual__2022-04-29T02:03:59.172852+00:00
[2022-04-29 03:23:06,368] {dataproc.py:1997} INFO - Submitting job
[2022-04-29 03:23:06,373] {crypto.py:82} WARNING - empty cryptography key - values will not be stored encrypted.
[2022-04-29 03:23:06,674] {dataproc.py:2009} INFO - Job 22bd4f88-534b-4efe-961e-102b7d5988e2 submitted successfully.
[2022-04-29 03:23:06,700] {dataproc.py:2022} INFO - Waiting for job 22bd4f88-534b-4efe-961e-102b7d5988e2 to complete
[2022-04-29 03:24:48,758] {dataproc.py:2026} INFO - Job 22bd4f88-534b-4efe-961e-102b7d5988e2 completed successfully.
[2022-04-29 03:24:48,806] {taskinstance.py:1277} INFO - Marking task as SUCCESS. dag_id=dataproc_example_dag, task_id=spark_transform_sparksubmit, execution_date=20220429T020359, start_date=20220429T032306, end_date=20220429T032448
[2022-04-29 03:24:48,877] {local_task_job.py:154} INFO - Task exited with return code 0
[2022-04-29 03:24:48,941] {local_task_job.py:264} INFO - 1 downstream tasks scheduled from follow-on schedule check
