[2022-04-24 00:55:44,855] {taskinstance.py:1032} INFO - Dependencies all met for <TaskInstance: local_2_gcs_2_bq_dag.bigquery_external_table_task scheduled__2022-04-23T00:00:00+00:00 [queued]>
[2022-04-24 00:55:44,885] {taskinstance.py:1032} INFO - Dependencies all met for <TaskInstance: local_2_gcs_2_bq_dag.bigquery_external_table_task scheduled__2022-04-23T00:00:00+00:00 [queued]>
[2022-04-24 00:55:44,888] {taskinstance.py:1238} INFO - 
--------------------------------------------------------------------------------
[2022-04-24 00:55:44,891] {taskinstance.py:1239} INFO - Starting attempt 5 of 6
[2022-04-24 00:55:44,895] {taskinstance.py:1240} INFO - 
--------------------------------------------------------------------------------
[2022-04-24 00:55:44,963] {taskinstance.py:1259} INFO - Executing <Task(BigQueryCreateExternalTableOperator): bigquery_external_table_task> on 2022-04-23 00:00:00+00:00
[2022-04-24 00:55:44,976] {standard_task_runner.py:52} INFO - Started process 2817 to run task
[2022-04-24 00:55:44,987] {standard_task_runner.py:76} INFO - Running: ['***', 'tasks', 'run', 'local_2_gcs_2_bq_dag', 'bigquery_external_table_task', 'scheduled__2022-04-23T00:00:00+00:00', '--job-id', '25', '--raw', '--subdir', 'DAGS_FOLDER/download_2_gcs_dag_V2.py', '--cfg-path', '/tmp/tmp8xvm3ri5', '--error-file', '/tmp/tmpztp4sh2b']
[2022-04-24 00:55:44,990] {standard_task_runner.py:77} INFO - Job 25: Subtask bigquery_external_table_task
[2022-04-24 00:55:45,104] {logging_mixin.py:109} INFO - Running <TaskInstance: local_2_gcs_2_bq_dag.bigquery_external_table_task scheduled__2022-04-23T00:00:00+00:00 [running]> on host 65283f82c270
[2022-04-24 00:55:45,261] {taskinstance.py:1426} INFO - Exporting the following env vars:
AIRFLOW_CTX_DAG_OWNER=***
AIRFLOW_CTX_DAG_ID=local_2_gcs_2_bq_dag
AIRFLOW_CTX_TASK_ID=bigquery_external_table_task
AIRFLOW_CTX_EXECUTION_DATE=2022-04-23T00:00:00+00:00
AIRFLOW_CTX_DAG_RUN_ID=scheduled__2022-04-23T00:00:00+00:00
[2022-04-24 00:55:45,264] {crypto.py:82} WARNING - empty cryptography key - values will not be stored encrypted.
[2022-04-24 00:55:45,993] {taskinstance.py:1277} INFO - Marking task as SUCCESS. dag_id=local_2_gcs_2_bq_dag, task_id=bigquery_external_table_task, execution_date=20220423T000000, start_date=20220424T005544, end_date=20220424T005545
[2022-04-24 00:55:46,056] {local_task_job.py:154} INFO - Task exited with return code 0
[2022-04-24 00:55:46,111] {local_task_job.py:264} INFO - 1 downstream tasks scheduled from follow-on schedule check
