[2022-04-24 01:21:17,364] {taskinstance.py:1032} INFO - Dependencies all met for <TaskInstance: local_2_gcs_2_bq_dag.local_to_gcs_task manual__2022-04-24T01:21:04.443060+00:00 [queued]>
[2022-04-24 01:21:17,423] {taskinstance.py:1032} INFO - Dependencies all met for <TaskInstance: local_2_gcs_2_bq_dag.local_to_gcs_task manual__2022-04-24T01:21:04.443060+00:00 [queued]>
[2022-04-24 01:21:17,425] {taskinstance.py:1238} INFO - 
--------------------------------------------------------------------------------
[2022-04-24 01:21:17,428] {taskinstance.py:1239} INFO - Starting attempt 1 of 2
[2022-04-24 01:21:17,430] {taskinstance.py:1240} INFO - 
--------------------------------------------------------------------------------
[2022-04-24 01:21:17,494] {taskinstance.py:1259} INFO - Executing <Task(PythonOperator): local_to_gcs_task> on 2022-04-24 01:21:04.443060+00:00
[2022-04-24 01:21:17,527] {standard_task_runner.py:52} INFO - Started process 3825 to run task
[2022-04-24 01:21:17,544] {standard_task_runner.py:76} INFO - Running: ['***', 'tasks', 'run', 'local_2_gcs_2_bq_dag', 'local_to_gcs_task', 'manual__2022-04-24T01:21:04.443060+00:00', '--job-id', '34', '--raw', '--subdir', 'DAGS_FOLDER/download_2_gcs_dag_V2.py', '--cfg-path', '/tmp/tmp6rwtomrr', '--error-file', '/tmp/tmp0gwc1x3n']
[2022-04-24 01:21:17,552] {standard_task_runner.py:77} INFO - Job 34: Subtask local_to_gcs_task
[2022-04-24 01:21:17,855] {logging_mixin.py:109} INFO - Running <TaskInstance: local_2_gcs_2_bq_dag.local_to_gcs_task manual__2022-04-24T01:21:04.443060+00:00 [running]> on host 65283f82c270
[2022-04-24 01:21:18,449] {taskinstance.py:1426} INFO - Exporting the following env vars:
AIRFLOW_CTX_DAG_OWNER=***
AIRFLOW_CTX_DAG_ID=local_2_gcs_2_bq_dag
AIRFLOW_CTX_TASK_ID=local_to_gcs_task
AIRFLOW_CTX_EXECUTION_DATE=2022-04-24T01:21:04.443060+00:00
AIRFLOW_CTX_DAG_RUN_ID=manual__2022-04-24T01:21:04.443060+00:00
[2022-04-24 01:21:19,178] {python.py:175} INFO - Done. Returned value was: None
[2022-04-24 01:21:19,214] {taskinstance.py:1277} INFO - Marking task as SUCCESS. dag_id=local_2_gcs_2_bq_dag, task_id=local_to_gcs_task, execution_date=20220424T012104, start_date=20220424T012117, end_date=20220424T012119
[2022-04-24 01:21:19,315] {local_task_job.py:154} INFO - Task exited with return code 0
[2022-04-24 01:21:19,467] {local_task_job.py:264} INFO - 1 downstream tasks scheduled from follow-on schedule check
