[2022-04-28 01:07:27,385] {taskinstance.py:1032} INFO - Dependencies all met for <TaskInstance: local_2_gcs_2_bq_dag.download_people_dataset_task scheduled__2022-04-28T00:00:00+00:00 [queued]>
[2022-04-28 01:07:27,465] {taskinstance.py:1032} INFO - Dependencies all met for <TaskInstance: local_2_gcs_2_bq_dag.download_people_dataset_task scheduled__2022-04-28T00:00:00+00:00 [queued]>
[2022-04-28 01:07:27,470] {taskinstance.py:1238} INFO - 
--------------------------------------------------------------------------------
[2022-04-28 01:07:27,471] {taskinstance.py:1239} INFO - Starting attempt 1 of 2
[2022-04-28 01:07:27,473] {taskinstance.py:1240} INFO - 
--------------------------------------------------------------------------------
[2022-04-28 01:07:27,610] {taskinstance.py:1259} INFO - Executing <Task(BashOperator): download_people_dataset_task> on 2022-04-28 00:00:00+00:00
[2022-04-28 01:07:27,658] {standard_task_runner.py:52} INFO - Started process 151 to run task
[2022-04-28 01:07:27,708] {standard_task_runner.py:76} INFO - Running: ['***', 'tasks', 'run', 'local_2_gcs_2_bq_dag', 'download_people_dataset_task', 'scheduled__2022-04-28T00:00:00+00:00', '--job-id', '5', '--raw', '--subdir', 'DAGS_FOLDER/download_2_gcs_dag_V2.py', '--cfg-path', '/tmp/tmphyxeqlhy', '--error-file', '/tmp/tmp9pfcc_1h']
[2022-04-28 01:07:27,722] {standard_task_runner.py:77} INFO - Job 5: Subtask download_people_dataset_task
[2022-04-28 01:07:28,141] {logging_mixin.py:109} INFO - Running <TaskInstance: local_2_gcs_2_bq_dag.download_people_dataset_task scheduled__2022-04-28T00:00:00+00:00 [running]> on host 130e3b0cefbc
[2022-04-28 01:07:28,343] {taskinstance.py:1426} INFO - Exporting the following env vars:
AIRFLOW_CTX_DAG_OWNER=***
AIRFLOW_CTX_DAG_ID=local_2_gcs_2_bq_dag
AIRFLOW_CTX_TASK_ID=download_people_dataset_task
AIRFLOW_CTX_EXECUTION_DATE=2022-04-28T00:00:00+00:00
AIRFLOW_CTX_DAG_RUN_ID=scheduled__2022-04-28T00:00:00+00:00
[2022-04-28 01:07:28,353] {subprocess.py:62} INFO - Tmp dir root location: 
 /tmp
[2022-04-28 01:07:28,359] {subprocess.py:74} INFO - Running command: ['bash', '-c', 'curl -sS https://data.cityofchicago.org/api/views/u6pd-qa9d/rows.csv?accessType=DOWNLOAD > /opt/***/u6pd-qa9d.csv']
[2022-04-28 01:07:28,420] {subprocess.py:85} INFO - Output:
[2022-04-28 01:08:23,129] {subprocess.py:93} INFO - Command exited with return code 0
[2022-04-28 01:08:23,310] {taskinstance.py:1277} INFO - Marking task as SUCCESS. dag_id=local_2_gcs_2_bq_dag, task_id=download_people_dataset_task, execution_date=20220428T000000, start_date=20220428T010727, end_date=20220428T010823
[2022-04-28 01:08:23,515] {local_task_job.py:154} INFO - Task exited with return code 0
[2022-04-28 01:08:24,189] {local_task_job.py:264} INFO - 0 downstream tasks scheduled from follow-on schedule check
[2022-04-28 01:54:37,145] {taskinstance.py:1032} INFO - Dependencies all met for <TaskInstance: local_2_gcs_2_bq_dag.download_people_dataset_task scheduled__2022-04-28T00:00:00+00:00 [queued]>
[2022-04-28 01:54:37,206] {taskinstance.py:1032} INFO - Dependencies all met for <TaskInstance: local_2_gcs_2_bq_dag.download_people_dataset_task scheduled__2022-04-28T00:00:00+00:00 [queued]>
[2022-04-28 01:54:37,210] {taskinstance.py:1238} INFO - 
--------------------------------------------------------------------------------
[2022-04-28 01:54:37,211] {taskinstance.py:1239} INFO - Starting attempt 1 of 2
[2022-04-28 01:54:37,213] {taskinstance.py:1240} INFO - 
--------------------------------------------------------------------------------
[2022-04-28 01:54:37,247] {taskinstance.py:1259} INFO - Executing <Task(BashOperator): download_people_dataset_task> on 2022-04-28 00:00:00+00:00
[2022-04-28 01:54:37,266] {standard_task_runner.py:52} INFO - Started process 518 to run task
[2022-04-28 01:54:37,302] {standard_task_runner.py:76} INFO - Running: ['***', 'tasks', 'run', 'local_2_gcs_2_bq_dag', 'download_people_dataset_task', 'scheduled__2022-04-28T00:00:00+00:00', '--job-id', '4', '--raw', '--subdir', 'DAGS_FOLDER/download_2_gcs_dag_V2.py', '--cfg-path', '/tmp/tmpi2pvfb8m', '--error-file', '/tmp/tmphepecv32']
[2022-04-28 01:54:37,311] {standard_task_runner.py:77} INFO - Job 4: Subtask download_people_dataset_task
[2022-04-28 01:54:37,542] {logging_mixin.py:109} INFO - Running <TaskInstance: local_2_gcs_2_bq_dag.download_people_dataset_task scheduled__2022-04-28T00:00:00+00:00 [running]> on host 1d2c8c1aba91
[2022-04-28 01:54:37,830] {taskinstance.py:1426} INFO - Exporting the following env vars:
AIRFLOW_CTX_DAG_OWNER=***
AIRFLOW_CTX_DAG_ID=local_2_gcs_2_bq_dag
AIRFLOW_CTX_TASK_ID=download_people_dataset_task
AIRFLOW_CTX_EXECUTION_DATE=2022-04-28T00:00:00+00:00
AIRFLOW_CTX_DAG_RUN_ID=scheduled__2022-04-28T00:00:00+00:00
[2022-04-28 01:54:37,834] {subprocess.py:62} INFO - Tmp dir root location: 
 /tmp
[2022-04-28 01:54:37,838] {subprocess.py:74} INFO - Running command: ['bash', '-c', 'curl -sS https://data.cityofchicago.org/api/views/u6pd-qa9d/rows.csv?accessType=DOWNLOAD > /opt/***/u6pd-qa9d.csv']
[2022-04-28 01:54:37,901] {subprocess.py:85} INFO - Output:
[2022-04-28 01:55:30,176] {subprocess.py:93} INFO - Command exited with return code 0
[2022-04-28 01:55:30,415] {taskinstance.py:1277} INFO - Marking task as SUCCESS. dag_id=local_2_gcs_2_bq_dag, task_id=download_people_dataset_task, execution_date=20220428T000000, start_date=20220428T015437, end_date=20220428T015530
[2022-04-28 01:55:30,753] {local_task_job.py:154} INFO - Task exited with return code 0
[2022-04-28 01:55:31,127] {local_task_job.py:264} INFO - 1 downstream tasks scheduled from follow-on schedule check
