[2022-04-25 02:28:39,534] {taskinstance.py:1032} INFO - Dependencies all met for <TaskInstance: gcs_2_bq_dag.bq_clean_crashes_summ_external_table_task scheduled__2022-04-24T00:00:00+00:00 [queued]>
[2022-04-25 02:28:39,551] {taskinstance.py:1032} INFO - Dependencies all met for <TaskInstance: gcs_2_bq_dag.bq_clean_crashes_summ_external_table_task scheduled__2022-04-24T00:00:00+00:00 [queued]>
[2022-04-25 02:28:39,552] {taskinstance.py:1238} INFO - 
--------------------------------------------------------------------------------
[2022-04-25 02:28:39,554] {taskinstance.py:1239} INFO - Starting attempt 1 of 2
[2022-04-25 02:28:39,555] {taskinstance.py:1240} INFO - 
--------------------------------------------------------------------------------
[2022-04-25 02:28:39,576] {taskinstance.py:1259} INFO - Executing <Task(BigQueryCreateExternalTableOperator): bq_clean_crashes_summ_external_table_task> on 2022-04-24 00:00:00+00:00
[2022-04-25 02:28:39,588] {standard_task_runner.py:52} INFO - Started process 229 to run task
[2022-04-25 02:28:39,603] {standard_task_runner.py:76} INFO - Running: ['***', 'tasks', 'run', 'gcs_2_bq_dag', 'bq_clean_crashes_summ_external_table_task', 'scheduled__2022-04-24T00:00:00+00:00', '--job-id', '182', '--raw', '--subdir', 'DAGS_FOLDER/gcs_to_bq_v1.py', '--cfg-path', '/tmp/tmpnb1xcr66', '--error-file', '/tmp/tmpichrfvih']
[2022-04-25 02:28:39,606] {standard_task_runner.py:77} INFO - Job 182: Subtask bq_clean_crashes_summ_external_table_task
[2022-04-25 02:28:39,706] {logging_mixin.py:109} INFO - Running <TaskInstance: gcs_2_bq_dag.bq_clean_crashes_summ_external_table_task scheduled__2022-04-24T00:00:00+00:00 [running]> on host 2c2e7134f604
[2022-04-25 02:28:39,811] {taskinstance.py:1426} INFO - Exporting the following env vars:
AIRFLOW_CTX_DAG_OWNER=***
AIRFLOW_CTX_DAG_ID=gcs_2_bq_dag
AIRFLOW_CTX_TASK_ID=bq_clean_crashes_summ_external_table_task
AIRFLOW_CTX_EXECUTION_DATE=2022-04-24T00:00:00+00:00
AIRFLOW_CTX_DAG_RUN_ID=scheduled__2022-04-24T00:00:00+00:00
[2022-04-25 02:28:39,815] {crypto.py:82} WARNING - empty cryptography key - values will not be stored encrypted.
[2022-04-25 02:28:40,703] {taskinstance.py:1277} INFO - Marking task as SUCCESS. dag_id=gcs_2_bq_dag, task_id=bq_clean_crashes_summ_external_table_task, execution_date=20220424T000000, start_date=20220425T022839, end_date=20220425T022840
[2022-04-25 02:28:40,913] {local_task_job.py:154} INFO - Task exited with return code 0
[2022-04-25 02:28:41,147] {local_task_job.py:264} INFO - 1 downstream tasks scheduled from follow-on schedule check
