[2022-04-28 01:07:27,207] {taskinstance.py:1032} INFO - Dependencies all met for <TaskInstance: local_2_gcs_2_bq_dag.download_vehicles_dataset_task scheduled__2022-04-28T00:00:00+00:00 [queued]>
[2022-04-28 01:07:27,285] {taskinstance.py:1032} INFO - Dependencies all met for <TaskInstance: local_2_gcs_2_bq_dag.download_vehicles_dataset_task scheduled__2022-04-28T00:00:00+00:00 [queued]>
[2022-04-28 01:07:27,287] {taskinstance.py:1238} INFO - 
--------------------------------------------------------------------------------
[2022-04-28 01:07:27,290] {taskinstance.py:1239} INFO - Starting attempt 1 of 2
[2022-04-28 01:07:27,292] {taskinstance.py:1240} INFO - 
--------------------------------------------------------------------------------
[2022-04-28 01:07:27,343] {taskinstance.py:1259} INFO - Executing <Task(BashOperator): download_vehicles_dataset_task> on 2022-04-28 00:00:00+00:00
[2022-04-28 01:07:27,394] {standard_task_runner.py:52} INFO - Started process 150 to run task
[2022-04-28 01:07:27,465] {standard_task_runner.py:76} INFO - Running: ['***', 'tasks', 'run', 'local_2_gcs_2_bq_dag', 'download_vehicles_dataset_task', 'scheduled__2022-04-28T00:00:00+00:00', '--job-id', '3', '--raw', '--subdir', 'DAGS_FOLDER/download_2_gcs_dag_V2.py', '--cfg-path', '/tmp/tmp40a_vxq9', '--error-file', '/tmp/tmpygtz85m5']
[2022-04-28 01:07:27,485] {standard_task_runner.py:77} INFO - Job 3: Subtask download_vehicles_dataset_task
[2022-04-28 01:07:27,886] {logging_mixin.py:109} INFO - Running <TaskInstance: local_2_gcs_2_bq_dag.download_vehicles_dataset_task scheduled__2022-04-28T00:00:00+00:00 [running]> on host 130e3b0cefbc
[2022-04-28 01:07:28,181] {taskinstance.py:1426} INFO - Exporting the following env vars:
AIRFLOW_CTX_DAG_OWNER=***
AIRFLOW_CTX_DAG_ID=local_2_gcs_2_bq_dag
AIRFLOW_CTX_TASK_ID=download_vehicles_dataset_task
AIRFLOW_CTX_EXECUTION_DATE=2022-04-28T00:00:00+00:00
AIRFLOW_CTX_DAG_RUN_ID=scheduled__2022-04-28T00:00:00+00:00
[2022-04-28 01:07:28,188] {subprocess.py:62} INFO - Tmp dir root location: 
 /tmp
[2022-04-28 01:07:28,193] {subprocess.py:74} INFO - Running command: ['bash', '-c', 'curl -sS https://data.cityofchicago.org/api/views/68nd-jvt3/rows.csv?accessType=DOWNLOAD > /opt/***/68nd-jvt3.csv']
[2022-04-28 01:07:28,280] {subprocess.py:85} INFO - Output:
[2022-04-28 01:08:45,700] {subprocess.py:93} INFO - Command exited with return code 0
[2022-04-28 01:08:46,044] {taskinstance.py:1277} INFO - Marking task as SUCCESS. dag_id=local_2_gcs_2_bq_dag, task_id=download_vehicles_dataset_task, execution_date=20220428T000000, start_date=20220428T010727, end_date=20220428T010846
[2022-04-28 01:08:46,465] {local_task_job.py:154} INFO - Task exited with return code 0
[2022-04-28 01:08:47,056] {local_task_job.py:264} INFO - 1 downstream tasks scheduled from follow-on schedule check
[2022-04-28 01:54:37,022] {taskinstance.py:1032} INFO - Dependencies all met for <TaskInstance: local_2_gcs_2_bq_dag.download_vehicles_dataset_task scheduled__2022-04-28T00:00:00+00:00 [queued]>
[2022-04-28 01:54:37,079] {taskinstance.py:1032} INFO - Dependencies all met for <TaskInstance: local_2_gcs_2_bq_dag.download_vehicles_dataset_task scheduled__2022-04-28T00:00:00+00:00 [queued]>
[2022-04-28 01:54:37,080] {taskinstance.py:1238} INFO - 
--------------------------------------------------------------------------------
[2022-04-28 01:54:37,082] {taskinstance.py:1239} INFO - Starting attempt 1 of 2
[2022-04-28 01:54:37,084] {taskinstance.py:1240} INFO - 
--------------------------------------------------------------------------------
[2022-04-28 01:54:37,124] {taskinstance.py:1259} INFO - Executing <Task(BashOperator): download_vehicles_dataset_task> on 2022-04-28 00:00:00+00:00
[2022-04-28 01:54:37,141] {standard_task_runner.py:52} INFO - Started process 517 to run task
[2022-04-28 01:54:37,165] {standard_task_runner.py:76} INFO - Running: ['***', 'tasks', 'run', 'local_2_gcs_2_bq_dag', 'download_vehicles_dataset_task', 'scheduled__2022-04-28T00:00:00+00:00', '--job-id', '5', '--raw', '--subdir', 'DAGS_FOLDER/download_2_gcs_dag_V2.py', '--cfg-path', '/tmp/tmpo2vyzlg9', '--error-file', '/tmp/tmprgng17fy']
[2022-04-28 01:54:37,172] {standard_task_runner.py:77} INFO - Job 5: Subtask download_vehicles_dataset_task
[2022-04-28 01:54:37,328] {logging_mixin.py:109} INFO - Running <TaskInstance: local_2_gcs_2_bq_dag.download_vehicles_dataset_task scheduled__2022-04-28T00:00:00+00:00 [running]> on host 1d2c8c1aba91
[2022-04-28 01:54:37,611] {taskinstance.py:1426} INFO - Exporting the following env vars:
AIRFLOW_CTX_DAG_OWNER=***
AIRFLOW_CTX_DAG_ID=local_2_gcs_2_bq_dag
AIRFLOW_CTX_TASK_ID=download_vehicles_dataset_task
AIRFLOW_CTX_EXECUTION_DATE=2022-04-28T00:00:00+00:00
AIRFLOW_CTX_DAG_RUN_ID=scheduled__2022-04-28T00:00:00+00:00
[2022-04-28 01:54:37,614] {subprocess.py:62} INFO - Tmp dir root location: 
 /tmp
[2022-04-28 01:54:37,625] {subprocess.py:74} INFO - Running command: ['bash', '-c', 'curl -sS https://data.cityofchicago.org/api/views/68nd-jvt3/rows.csv?accessType=DOWNLOAD > /opt/***/68nd-jvt3.csv']
[2022-04-28 01:54:37,728] {subprocess.py:85} INFO - Output:
[2022-04-28 01:55:47,933] {subprocess.py:93} INFO - Command exited with return code 0
[2022-04-28 01:55:48,331] {taskinstance.py:1277} INFO - Marking task as SUCCESS. dag_id=local_2_gcs_2_bq_dag, task_id=download_vehicles_dataset_task, execution_date=20220428T000000, start_date=20220428T015437, end_date=20220428T015548
[2022-04-28 01:55:48,825] {local_task_job.py:154} INFO - Task exited with return code 0
[2022-04-28 01:55:49,654] {local_task_job.py:264} INFO - 0 downstream tasks scheduled from follow-on schedule check
