[2022-05-01 15:37:59,568] {taskinstance.py:1032} INFO - Dependencies all met for <TaskInstance: local_gcs_sparkdataproc_bq_dag.download_local_and_upload_GCS.download_people_dataset_task scheduled__2022-05-01T00:00:00+00:00 [queued]>
[2022-05-01 15:37:59,615] {taskinstance.py:1032} INFO - Dependencies all met for <TaskInstance: local_gcs_sparkdataproc_bq_dag.download_local_and_upload_GCS.download_people_dataset_task scheduled__2022-05-01T00:00:00+00:00 [queued]>
[2022-05-01 15:37:59,622] {taskinstance.py:1238} INFO - 
--------------------------------------------------------------------------------
[2022-05-01 15:37:59,626] {taskinstance.py:1239} INFO - Starting attempt 1 of 2
[2022-05-01 15:37:59,629] {taskinstance.py:1240} INFO - 
--------------------------------------------------------------------------------
[2022-05-01 15:37:59,699] {taskinstance.py:1259} INFO - Executing <Task(BashOperator): download_local_and_upload_GCS.download_people_dataset_task> on 2022-05-01 00:00:00+00:00
[2022-05-01 15:37:59,840] {standard_task_runner.py:52} INFO - Started process 887 to run task
[2022-05-01 15:37:59,976] {standard_task_runner.py:76} INFO - Running: ['***', 'tasks', 'run', 'local_gcs_sparkdataproc_bq_dag', 'download_local_and_upload_GCS.download_people_dataset_task', 'scheduled__2022-05-01T00:00:00+00:00', '--job-id', '14', '--raw', '--subdir', 'DAGS_FOLDER/final_dag.py', '--cfg-path', '/tmp/tmpvgy_vmve', '--error-file', '/tmp/tmp91gmf97s']
[2022-05-01 15:38:00,010] {standard_task_runner.py:77} INFO - Job 14: Subtask download_local_and_upload_GCS.download_people_dataset_task
[2022-05-01 15:38:00,862] {logging_mixin.py:109} INFO - Running <TaskInstance: local_gcs_sparkdataproc_bq_dag.download_local_and_upload_GCS.download_people_dataset_task scheduled__2022-05-01T00:00:00+00:00 [running]> on host 97b9d78a285f
[2022-05-01 15:38:01,401] {taskinstance.py:1426} INFO - Exporting the following env vars:
AIRFLOW_CTX_DAG_OWNER=***
AIRFLOW_CTX_DAG_ID=local_gcs_sparkdataproc_bq_dag
AIRFLOW_CTX_TASK_ID=download_local_and_upload_GCS.download_people_dataset_task
AIRFLOW_CTX_EXECUTION_DATE=2022-05-01T00:00:00+00:00
AIRFLOW_CTX_DAG_RUN_ID=scheduled__2022-05-01T00:00:00+00:00
[2022-05-01 15:38:01,404] {subprocess.py:62} INFO - Tmp dir root location: 
 /tmp
[2022-05-01 15:38:01,406] {subprocess.py:74} INFO - Running command: ['bash', '-c', 'curl -sS https://data.cityofchicago.org/api/views/u6pd-qa9d/rows.csv?accessType=DOWNLOAD > /opt/***/u6pd-qa9d.csv']
[2022-05-01 15:38:01,564] {subprocess.py:85} INFO - Output:
[2022-05-01 15:40:27,850] {subprocess.py:93} INFO - Command exited with return code 0
[2022-05-01 15:40:28,819] {taskinstance.py:1277} INFO - Marking task as SUCCESS. dag_id=local_gcs_sparkdataproc_bq_dag, task_id=download_local_and_upload_GCS.download_people_dataset_task, execution_date=20220501T000000, start_date=20220501T153759, end_date=20220501T154028
[2022-05-01 15:40:29,340] {local_task_job.py:154} INFO - Task exited with return code 0
[2022-05-01 15:40:30,126] {local_task_job.py:264} INFO - 1 downstream tasks scheduled from follow-on schedule check
