[2022-04-27 16:42:02,588] {taskinstance.py:1032} INFO - Dependencies all met for <TaskInstance: dataproc_example_dag.delete_cluster manual__2022-04-27T05:06:42.499248+00:00 [queued]>
[2022-04-27 16:42:02,608] {taskinstance.py:1032} INFO - Dependencies all met for <TaskInstance: dataproc_example_dag.delete_cluster manual__2022-04-27T05:06:42.499248+00:00 [queued]>
[2022-04-27 16:42:02,610] {taskinstance.py:1238} INFO - 
--------------------------------------------------------------------------------
[2022-04-27 16:42:02,611] {taskinstance.py:1239} INFO - Starting attempt 1 of 2
[2022-04-27 16:42:02,613] {taskinstance.py:1240} INFO - 
--------------------------------------------------------------------------------
[2022-04-27 16:42:02,634] {taskinstance.py:1259} INFO - Executing <Task(DataprocDeleteClusterOperator): delete_cluster> on 2022-04-27 05:06:42.499248+00:00
[2022-04-27 16:42:02,643] {standard_task_runner.py:52} INFO - Started process 931 to run task
[2022-04-27 16:42:02,659] {standard_task_runner.py:76} INFO - Running: ['***', 'tasks', 'run', 'dataproc_example_dag', 'delete_cluster', 'manual__2022-04-27T05:06:42.499248+00:00', '--job-id', '217', '--raw', '--subdir', 'DAGS_FOLDER/dataproc_spark_dagv2.py', '--cfg-path', '/tmp/tmp4kvp80bm', '--error-file', '/tmp/tmpzig0j5lc']
[2022-04-27 16:42:02,662] {standard_task_runner.py:77} INFO - Job 217: Subtask delete_cluster
[2022-04-27 16:42:02,771] {logging_mixin.py:109} INFO - Running <TaskInstance: dataproc_example_dag.delete_cluster manual__2022-04-27T05:06:42.499248+00:00 [running]> on host 2c2e7134f604
[2022-04-27 16:42:02,863] {taskinstance.py:1426} INFO - Exporting the following env vars:
AIRFLOW_CTX_DAG_OWNER=***
AIRFLOW_CTX_DAG_ID=dataproc_example_dag
AIRFLOW_CTX_TASK_ID=delete_cluster
AIRFLOW_CTX_EXECUTION_DATE=2022-04-27T05:06:42.499248+00:00
AIRFLOW_CTX_DAG_RUN_ID=manual__2022-04-27T05:06:42.499248+00:00
[2022-04-27 16:42:02,867] {crypto.py:82} WARNING - empty cryptography key - values will not be stored encrypted.
[2022-04-27 16:42:02,869] {dataproc.py:918} INFO - Deleting cluster: dtc-capstone-cluster
[2022-04-27 16:42:26,453] {dataproc.py:930} INFO - Cluster deleted.
[2022-04-27 16:42:26,499] {taskinstance.py:1277} INFO - Marking task as SUCCESS. dag_id=dataproc_example_dag, task_id=delete_cluster, execution_date=20220427T050642, start_date=20220427T164202, end_date=20220427T164226
[2022-04-27 16:42:26,648] {local_task_job.py:154} INFO - Task exited with return code 0
[2022-04-27 16:42:26,751] {local_task_job.py:264} INFO - 1 downstream tasks scheduled from follow-on schedule check
