[2022-05-01 15:45:16,976] {taskinstance.py:1032} INFO - Dependencies all met for <TaskInstance: local_gcs_sparkdataproc_bq_dag.download_local_and_upload_GCS.people_local_to_gcs_task scheduled__2022-05-01T00:00:00+00:00 [queued]>
[2022-05-01 15:45:17,230] {taskinstance.py:1032} INFO - Dependencies all met for <TaskInstance: local_gcs_sparkdataproc_bq_dag.download_local_and_upload_GCS.people_local_to_gcs_task scheduled__2022-05-01T00:00:00+00:00 [queued]>
[2022-05-01 15:45:17,232] {taskinstance.py:1238} INFO - 
--------------------------------------------------------------------------------
[2022-05-01 15:45:17,236] {taskinstance.py:1239} INFO - Starting attempt 1 of 2
[2022-05-01 15:45:17,240] {taskinstance.py:1240} INFO - 
--------------------------------------------------------------------------------
[2022-05-01 15:45:17,419] {taskinstance.py:1259} INFO - Executing <Task(PythonOperator): download_local_and_upload_GCS.people_local_to_gcs_task> on 2022-05-01 00:00:00+00:00
[2022-05-01 15:45:17,497] {standard_task_runner.py:52} INFO - Started process 1124 to run task
[2022-05-01 15:45:17,633] {standard_task_runner.py:76} INFO - Running: ['***', 'tasks', 'run', 'local_gcs_sparkdataproc_bq_dag', 'download_local_and_upload_GCS.people_local_to_gcs_task', 'scheduled__2022-05-01T00:00:00+00:00', '--job-id', '21', '--raw', '--subdir', 'DAGS_FOLDER/final_dag.py', '--cfg-path', '/tmp/tmp9xqdu74a', '--error-file', '/tmp/tmpvkem3uep']
[2022-05-01 15:45:17,655] {standard_task_runner.py:77} INFO - Job 21: Subtask download_local_and_upload_GCS.people_local_to_gcs_task
[2022-05-01 15:45:18,890] {logging_mixin.py:109} INFO - Running <TaskInstance: local_gcs_sparkdataproc_bq_dag.download_local_and_upload_GCS.people_local_to_gcs_task scheduled__2022-05-01T00:00:00+00:00 [running]> on host 97b9d78a285f
[2022-05-01 15:45:19,579] {taskinstance.py:1426} INFO - Exporting the following env vars:
AIRFLOW_CTX_DAG_OWNER=***
AIRFLOW_CTX_DAG_ID=local_gcs_sparkdataproc_bq_dag
AIRFLOW_CTX_TASK_ID=download_local_and_upload_GCS.people_local_to_gcs_task
AIRFLOW_CTX_EXECUTION_DATE=2022-05-01T00:00:00+00:00
AIRFLOW_CTX_DAG_RUN_ID=scheduled__2022-05-01T00:00:00+00:00
[2022-05-01 15:49:00,245] {python.py:175} INFO - Done. Returned value was: None
[2022-05-01 15:49:00,509] {taskinstance.py:1277} INFO - Marking task as SUCCESS. dag_id=local_gcs_sparkdataproc_bq_dag, task_id=download_local_and_upload_GCS.people_local_to_gcs_task, execution_date=20220501T000000, start_date=20220501T154517, end_date=20220501T154900
[2022-05-01 15:49:01,469] {local_task_job.py:154} INFO - Task exited with return code 0
[2022-05-01 15:49:02,404] {local_task_job.py:264} INFO - 0 downstream tasks scheduled from follow-on schedule check
