[2022-04-28 02:36:48,790] {taskinstance.py:1032} INFO - Dependencies all met for <TaskInstance: dataproc_example_dag.spark_transform_sparksubmit manual__2022-04-28T02:05:18.918210+00:00 [queued]>
[2022-04-28 02:36:48,823] {taskinstance.py:1032} INFO - Dependencies all met for <TaskInstance: dataproc_example_dag.spark_transform_sparksubmit manual__2022-04-28T02:05:18.918210+00:00 [queued]>
[2022-04-28 02:36:48,824] {taskinstance.py:1238} INFO - 
--------------------------------------------------------------------------------
[2022-04-28 02:36:48,828] {taskinstance.py:1239} INFO - Starting attempt 8 of 8
[2022-04-28 02:36:48,831] {taskinstance.py:1240} INFO - 
--------------------------------------------------------------------------------
[2022-04-28 02:36:48,893] {taskinstance.py:1259} INFO - Executing <Task(DataprocSubmitJobOperator): spark_transform_sparksubmit> on 2022-04-28 02:05:18.918210+00:00
[2022-04-28 02:36:48,920] {standard_task_runner.py:52} INFO - Started process 2292 to run task
[2022-04-28 02:36:48,950] {standard_task_runner.py:76} INFO - Running: ['***', 'tasks', 'run', 'dataproc_example_dag', 'spark_transform_sparksubmit', 'manual__2022-04-28T02:05:18.918210+00:00', '--job-id', '23', '--raw', '--subdir', 'DAGS_FOLDER/dataproc_spark_dagv2.py', '--cfg-path', '/tmp/tmpsu2nrpaj', '--error-file', '/tmp/tmpxlrhg_um']
[2022-04-28 02:36:48,956] {standard_task_runner.py:77} INFO - Job 23: Subtask spark_transform_sparksubmit
[2022-04-28 02:36:49,256] {logging_mixin.py:109} INFO - Running <TaskInstance: dataproc_example_dag.spark_transform_sparksubmit manual__2022-04-28T02:05:18.918210+00:00 [running]> on host 1d2c8c1aba91
[2022-04-28 02:36:49,405] {taskinstance.py:1426} INFO - Exporting the following env vars:
AIRFLOW_CTX_DAG_OWNER=***
AIRFLOW_CTX_DAG_ID=dataproc_example_dag
AIRFLOW_CTX_TASK_ID=spark_transform_sparksubmit
AIRFLOW_CTX_EXECUTION_DATE=2022-04-28T02:05:18.918210+00:00
AIRFLOW_CTX_DAG_RUN_ID=manual__2022-04-28T02:05:18.918210+00:00
[2022-04-28 02:36:49,412] {dataproc.py:1997} INFO - Submitting job
[2022-04-28 02:36:49,416] {crypto.py:82} WARNING - empty cryptography key - values will not be stored encrypted.
[2022-04-28 02:36:49,680] {dataproc.py:2009} INFO - Job 89107056-c56c-4eb7-8ac5-9dfc605192bc submitted successfully.
[2022-04-28 02:36:49,711] {dataproc.py:2022} INFO - Waiting for job 89107056-c56c-4eb7-8ac5-9dfc605192bc to complete
[2022-04-28 02:37:20,369] {taskinstance.py:1700} ERROR - Task failed with exception
Traceback (most recent call last):
  File "/home/airflow/.local/lib/python3.7/site-packages/airflow/models/taskinstance.py", line 1329, in _run_raw_task
    self._execute_task_with_callbacks(context)
  File "/home/airflow/.local/lib/python3.7/site-packages/airflow/models/taskinstance.py", line 1455, in _execute_task_with_callbacks
    result = self._execute_task(context, self.task)
  File "/home/airflow/.local/lib/python3.7/site-packages/airflow/models/taskinstance.py", line 1511, in _execute_task
    result = execute_callable(context=context)
  File "/home/airflow/.local/lib/python3.7/site-packages/airflow/providers/google/cloud/operators/dataproc.py", line 2024, in execute
    job_id=job_id, region=self.region, project_id=self.project_id, timeout=self.wait_timeout
  File "/home/airflow/.local/lib/python3.7/site-packages/airflow/providers/google/common/hooks/base_google.py", line 430, in inner_wrapper
    return func(self, *args, **kwargs)
  File "/home/airflow/.local/lib/python3.7/site-packages/airflow/providers/google/cloud/hooks/dataproc.py", line 871, in wait_for_job
    raise AirflowException(f'Job failed:\n{job}')
airflow.exceptions.AirflowException: Job failed:
reference {
  project_id: "quiet-rigging-347402"
  job_id: "89107056-c56c-4eb7-8ac5-9dfc605192bc"
}
placement {
  cluster_name: "dtc-capstone-cluster"
  cluster_uuid: "899f1aeb-8b59-402b-9953-aabf91a0f606"
}
pyspark_job {
  main_python_file_uri: "gs://dtc_capstone_quiet-rigging-347402/dataproc/spark_sql_dataproc.py"
  args: "--input_crashes=gs://dtc_capstone_quiet-rigging-347402/raw/crash/*"
  args: "--input_vehicles=gs://dtc_capstone_quiet-rigging-347402/raw/vehicles/*"
  args: "--output=gs://dtc_capstone_quiet-rigging-347402/clean"
  jar_file_uris: "gs://spark-lib/bigquery/spark-bigquery-latest-latest_2.12.jar"
}
status {
  state: ERROR
  details: "File not found: gs://spark-lib/bigquery/spark-bigquery-latest-latest_2.12.jar"
  state_start_time {
    seconds: 1651113434
    nanos: 933482000
  }
}
status_history {
  state: PENDING
  state_start_time {
    seconds: 1651113409
    nanos: 621872000
  }
}
status_history {
  state: SETUP_DONE
  state_start_time {
    seconds: 1651113409
    nanos: 665116000
  }
}
status_history {
  state: RUNNING
  state_start_time {
    seconds: 1651113409
    nanos: 892793000
  }
}
driver_control_files_uri: "gs://dataproc-staging-us-central1-113206216777-nuq0oayd/google-cloud-dataproc-metainfo/899f1aeb-8b59-402b-9953-aabf91a0f606/jobs/89107056-c56c-4eb7-8ac5-9dfc605192bc/"
driver_output_resource_uri: "gs://dataproc-staging-us-central1-113206216777-nuq0oayd/google-cloud-dataproc-metainfo/899f1aeb-8b59-402b-9953-aabf91a0f606/jobs/89107056-c56c-4eb7-8ac5-9dfc605192bc/driveroutput"
job_uuid: "89107056-c56c-4eb7-8ac5-9dfc605192bc"
done: true

[2022-04-28 02:37:20,386] {taskinstance.py:1277} INFO - Marking task as FAILED. dag_id=dataproc_example_dag, task_id=spark_transform_sparksubmit, execution_date=20220428T020518, start_date=20220428T023648, end_date=20220428T023720
[2022-04-28 02:37:20,414] {standard_task_runner.py:92} ERROR - Failed to execute job 23 for task spark_transform_sparksubmit
Traceback (most recent call last):
  File "/home/airflow/.local/lib/python3.7/site-packages/airflow/task/task_runner/standard_task_runner.py", line 85, in _start_by_fork
    args.func(args, dag=self.dag)
  File "/home/airflow/.local/lib/python3.7/site-packages/airflow/cli/cli_parser.py", line 48, in command
    return func(*args, **kwargs)
  File "/home/airflow/.local/lib/python3.7/site-packages/airflow/utils/cli.py", line 92, in wrapper
    return f(*args, **kwargs)
  File "/home/airflow/.local/lib/python3.7/site-packages/airflow/cli/commands/task_command.py", line 298, in task_run
    _run_task_by_selected_method(args, dag, ti)
  File "/home/airflow/.local/lib/python3.7/site-packages/airflow/cli/commands/task_command.py", line 107, in _run_task_by_selected_method
    _run_raw_task(args, ti)
  File "/home/airflow/.local/lib/python3.7/site-packages/airflow/cli/commands/task_command.py", line 184, in _run_raw_task
    error_file=args.error_file,
  File "/home/airflow/.local/lib/python3.7/site-packages/airflow/utils/session.py", line 70, in wrapper
    return func(*args, session=session, **kwargs)
  File "/home/airflow/.local/lib/python3.7/site-packages/airflow/models/taskinstance.py", line 1329, in _run_raw_task
    self._execute_task_with_callbacks(context)
  File "/home/airflow/.local/lib/python3.7/site-packages/airflow/models/taskinstance.py", line 1455, in _execute_task_with_callbacks
    result = self._execute_task(context, self.task)
  File "/home/airflow/.local/lib/python3.7/site-packages/airflow/models/taskinstance.py", line 1511, in _execute_task
    result = execute_callable(context=context)
  File "/home/airflow/.local/lib/python3.7/site-packages/airflow/providers/google/cloud/operators/dataproc.py", line 2024, in execute
    job_id=job_id, region=self.region, project_id=self.project_id, timeout=self.wait_timeout
  File "/home/airflow/.local/lib/python3.7/site-packages/airflow/providers/google/common/hooks/base_google.py", line 430, in inner_wrapper
    return func(self, *args, **kwargs)
  File "/home/airflow/.local/lib/python3.7/site-packages/airflow/providers/google/cloud/hooks/dataproc.py", line 871, in wait_for_job
    raise AirflowException(f'Job failed:\n{job}')
airflow.exceptions.AirflowException: Job failed:
reference {
  project_id: "quiet-rigging-347402"
  job_id: "89107056-c56c-4eb7-8ac5-9dfc605192bc"
}
placement {
  cluster_name: "dtc-capstone-cluster"
  cluster_uuid: "899f1aeb-8b59-402b-9953-aabf91a0f606"
}
pyspark_job {
  main_python_file_uri: "gs://dtc_capstone_quiet-rigging-347402/dataproc/spark_sql_dataproc.py"
  args: "--input_crashes=gs://dtc_capstone_quiet-rigging-347402/raw/crash/*"
  args: "--input_vehicles=gs://dtc_capstone_quiet-rigging-347402/raw/vehicles/*"
  args: "--output=gs://dtc_capstone_quiet-rigging-347402/clean"
  jar_file_uris: "gs://spark-lib/bigquery/spark-bigquery-latest-latest_2.12.jar"
}
status {
  state: ERROR
  details: "File not found: gs://spark-lib/bigquery/spark-bigquery-latest-latest_2.12.jar"
  state_start_time {
    seconds: 1651113434
    nanos: 933482000
  }
}
status_history {
  state: PENDING
  state_start_time {
    seconds: 1651113409
    nanos: 621872000
  }
}
status_history {
  state: SETUP_DONE
  state_start_time {
    seconds: 1651113409
    nanos: 665116000
  }
}
status_history {
  state: RUNNING
  state_start_time {
    seconds: 1651113409
    nanos: 892793000
  }
}
driver_control_files_uri: "gs://dataproc-staging-us-central1-113206216777-nuq0oayd/google-cloud-dataproc-metainfo/899f1aeb-8b59-402b-9953-aabf91a0f606/jobs/89107056-c56c-4eb7-8ac5-9dfc605192bc/"
driver_output_resource_uri: "gs://dataproc-staging-us-central1-113206216777-nuq0oayd/google-cloud-dataproc-metainfo/899f1aeb-8b59-402b-9953-aabf91a0f606/jobs/89107056-c56c-4eb7-8ac5-9dfc605192bc/driveroutput"
job_uuid: "89107056-c56c-4eb7-8ac5-9dfc605192bc"
done: true

[2022-04-28 02:37:20,457] {local_task_job.py:154} INFO - Task exited with return code 1
[2022-04-28 02:37:20,517] {local_task_job.py:264} INFO - 0 downstream tasks scheduled from follow-on schedule check
