[2022-04-24 22:29:41,074] {taskinstance.py:1032} INFO - Dependencies all met for <TaskInstance: local_2_gcs_2_bq_dag.people_local_to_gcs_task manual__2022-04-24T22:27:24.245486+00:00 [queued]>
[2022-04-24 22:29:41,143] {taskinstance.py:1032} INFO - Dependencies all met for <TaskInstance: local_2_gcs_2_bq_dag.people_local_to_gcs_task manual__2022-04-24T22:27:24.245486+00:00 [queued]>
[2022-04-24 22:29:41,145] {taskinstance.py:1238} INFO - 
--------------------------------------------------------------------------------
[2022-04-24 22:29:41,147] {taskinstance.py:1239} INFO - Starting attempt 1 of 2
[2022-04-24 22:29:41,148] {taskinstance.py:1240} INFO - 
--------------------------------------------------------------------------------
[2022-04-24 22:29:41,185] {taskinstance.py:1259} INFO - Executing <Task(PythonOperator): people_local_to_gcs_task> on 2022-04-24 22:27:24.245486+00:00
[2022-04-24 22:29:41,202] {standard_task_runner.py:52} INFO - Started process 527 to run task
[2022-04-24 22:29:41,241] {standard_task_runner.py:76} INFO - Running: ['***', 'tasks', 'run', 'local_2_gcs_2_bq_dag', 'people_local_to_gcs_task', 'manual__2022-04-24T22:27:24.245486+00:00', '--job-id', '84', '--raw', '--subdir', 'DAGS_FOLDER/download_2_gcs_dag_V3.py', '--cfg-path', '/tmp/tmp6gkzzlwb', '--error-file', '/tmp/tmpoc_ey3m1']
[2022-04-24 22:29:41,251] {standard_task_runner.py:77} INFO - Job 84: Subtask people_local_to_gcs_task
[2022-04-24 22:29:41,557] {logging_mixin.py:109} INFO - Running <TaskInstance: local_2_gcs_2_bq_dag.people_local_to_gcs_task manual__2022-04-24T22:27:24.245486+00:00 [running]> on host 2bdc5459fc64
[2022-04-24 22:29:41,710] {taskinstance.py:1426} INFO - Exporting the following env vars:
AIRFLOW_CTX_DAG_OWNER=***
AIRFLOW_CTX_DAG_ID=local_2_gcs_2_bq_dag
AIRFLOW_CTX_TASK_ID=people_local_to_gcs_task
AIRFLOW_CTX_EXECUTION_DATE=2022-04-24T22:27:24.245486+00:00
AIRFLOW_CTX_DAG_RUN_ID=manual__2022-04-24T22:27:24.245486+00:00
[2022-04-24 22:31:20,127] {python.py:175} INFO - Done. Returned value was: None
[2022-04-24 22:31:20,152] {taskinstance.py:1277} INFO - Marking task as SUCCESS. dag_id=local_2_gcs_2_bq_dag, task_id=people_local_to_gcs_task, execution_date=20220424T222724, start_date=20220424T222941, end_date=20220424T223120
[2022-04-24 22:31:20,237] {local_task_job.py:154} INFO - Task exited with return code 0
[2022-04-24 22:31:20,317] {local_task_job.py:264} INFO - 1 downstream tasks scheduled from follow-on schedule check
