[2022-04-24 23:23:49,741] {taskinstance.py:1032} INFO - Dependencies all met for <TaskInstance: local_2_gcs_2_bq_dag.people_local_to_gcs_task manual__2022-04-24T22:27:24.245486+00:00 [queued]>
[2022-04-24 23:23:49,780] {taskinstance.py:1032} INFO - Dependencies all met for <TaskInstance: local_2_gcs_2_bq_dag.people_local_to_gcs_task manual__2022-04-24T22:27:24.245486+00:00 [queued]>
[2022-04-24 23:23:49,781] {taskinstance.py:1238} INFO - 
--------------------------------------------------------------------------------
[2022-04-24 23:23:49,783] {taskinstance.py:1239} INFO - Starting attempt 3 of 4
[2022-04-24 23:23:49,784] {taskinstance.py:1240} INFO - 
--------------------------------------------------------------------------------
[2022-04-24 23:23:49,808] {taskinstance.py:1259} INFO - Executing <Task(PythonOperator): people_local_to_gcs_task> on 2022-04-24 22:27:24.245486+00:00
[2022-04-24 23:23:49,824] {standard_task_runner.py:52} INFO - Started process 2872 to run task
[2022-04-24 23:23:49,844] {standard_task_runner.py:76} INFO - Running: ['***', 'tasks', 'run', 'local_2_gcs_2_bq_dag', 'people_local_to_gcs_task', 'manual__2022-04-24T22:27:24.245486+00:00', '--job-id', '121', '--raw', '--subdir', 'DAGS_FOLDER/download_2_gcs_dag_V3.py', '--cfg-path', '/tmp/tmp6q1hsllg', '--error-file', '/tmp/tmp5laln_jr']
[2022-04-24 23:23:49,847] {standard_task_runner.py:77} INFO - Job 121: Subtask people_local_to_gcs_task
[2022-04-24 23:23:50,006] {logging_mixin.py:109} INFO - Running <TaskInstance: local_2_gcs_2_bq_dag.people_local_to_gcs_task manual__2022-04-24T22:27:24.245486+00:00 [running]> on host 2bdc5459fc64
[2022-04-24 23:23:50,155] {taskinstance.py:1426} INFO - Exporting the following env vars:
AIRFLOW_CTX_DAG_OWNER=***
AIRFLOW_CTX_DAG_ID=local_2_gcs_2_bq_dag
AIRFLOW_CTX_TASK_ID=people_local_to_gcs_task
AIRFLOW_CTX_EXECUTION_DATE=2022-04-24T22:27:24.245486+00:00
AIRFLOW_CTX_DAG_RUN_ID=manual__2022-04-24T22:27:24.245486+00:00
[2022-04-24 23:26:47,195] {python.py:175} INFO - Done. Returned value was: None
[2022-04-24 23:26:47,237] {taskinstance.py:1277} INFO - Marking task as SUCCESS. dag_id=local_2_gcs_2_bq_dag, task_id=people_local_to_gcs_task, execution_date=20220424T222724, start_date=20220424T232349, end_date=20220424T232647
[2022-04-24 23:26:47,287] {local_task_job.py:154} INFO - Task exited with return code 0
[2022-04-24 23:26:47,379] {local_task_job.py:264} INFO - 1 downstream tasks scheduled from follow-on schedule check
