[2022-04-24 23:31:38,693] {taskinstance.py:1032} INFO - Dependencies all met for <TaskInstance: local_2_gcs_2_bq_dag.vehicles_bigquery_external_table_task manual__2022-04-24T22:27:24.245486+00:00 [queued]>
[2022-04-24 23:31:38,756] {taskinstance.py:1032} INFO - Dependencies all met for <TaskInstance: local_2_gcs_2_bq_dag.vehicles_bigquery_external_table_task manual__2022-04-24T22:27:24.245486+00:00 [queued]>
[2022-04-24 23:31:38,758] {taskinstance.py:1238} INFO - 
--------------------------------------------------------------------------------
[2022-04-24 23:31:38,760] {taskinstance.py:1239} INFO - Starting attempt 4 of 5
[2022-04-24 23:31:38,774] {taskinstance.py:1240} INFO - 
--------------------------------------------------------------------------------
[2022-04-24 23:31:38,840] {taskinstance.py:1259} INFO - Executing <Task(BigQueryCreateExternalTableOperator): vehicles_bigquery_external_table_task> on 2022-04-24 22:27:24.245486+00:00
[2022-04-24 23:31:38,869] {standard_task_runner.py:52} INFO - Started process 3227 to run task
[2022-04-24 23:31:39,000] {standard_task_runner.py:76} INFO - Running: ['***', 'tasks', 'run', 'local_2_gcs_2_bq_dag', 'vehicles_bigquery_external_table_task', 'manual__2022-04-24T22:27:24.245486+00:00', '--job-id', '133', '--raw', '--subdir', 'DAGS_FOLDER/download_2_gcs_dag_V3.py', '--cfg-path', '/tmp/tmphwvea7rb', '--error-file', '/tmp/tmp1stb7n_i']
[2022-04-24 23:31:39,030] {standard_task_runner.py:77} INFO - Job 133: Subtask vehicles_bigquery_external_table_task
[2022-04-24 23:31:39,337] {logging_mixin.py:109} INFO - Running <TaskInstance: local_2_gcs_2_bq_dag.vehicles_bigquery_external_table_task manual__2022-04-24T22:27:24.245486+00:00 [running]> on host 2bdc5459fc64
[2022-04-24 23:31:40,031] {taskinstance.py:1426} INFO - Exporting the following env vars:
AIRFLOW_CTX_DAG_OWNER=***
AIRFLOW_CTX_DAG_ID=local_2_gcs_2_bq_dag
AIRFLOW_CTX_TASK_ID=vehicles_bigquery_external_table_task
AIRFLOW_CTX_EXECUTION_DATE=2022-04-24T22:27:24.245486+00:00
AIRFLOW_CTX_DAG_RUN_ID=manual__2022-04-24T22:27:24.245486+00:00
[2022-04-24 23:31:40,047] {crypto.py:82} WARNING - empty cryptography key - values will not be stored encrypted.
[2022-04-24 23:31:41,173] {taskinstance.py:1277} INFO - Marking task as SUCCESS. dag_id=local_2_gcs_2_bq_dag, task_id=vehicles_bigquery_external_table_task, execution_date=20220424T222724, start_date=20220424T233138, end_date=20220424T233141
[2022-04-24 23:31:41,420] {local_task_job.py:154} INFO - Task exited with return code 0
[2022-04-24 23:31:41,618] {local_task_job.py:264} INFO - 0 downstream tasks scheduled from follow-on schedule check
