[2022-04-24 01:21:13,007] {taskinstance.py:1032} INFO - Dependencies all met for <TaskInstance: local_2_gcs_2_bq_dag.format_to_parquet_task manual__2022-04-24T01:21:04.443060+00:00 [queued]>
[2022-04-24 01:21:13,048] {taskinstance.py:1032} INFO - Dependencies all met for <TaskInstance: local_2_gcs_2_bq_dag.format_to_parquet_task manual__2022-04-24T01:21:04.443060+00:00 [queued]>
[2022-04-24 01:21:13,052] {taskinstance.py:1238} INFO - 
--------------------------------------------------------------------------------
[2022-04-24 01:21:13,053] {taskinstance.py:1239} INFO - Starting attempt 1 of 2
[2022-04-24 01:21:13,054] {taskinstance.py:1240} INFO - 
--------------------------------------------------------------------------------
[2022-04-24 01:21:13,082] {taskinstance.py:1259} INFO - Executing <Task(PythonOperator): format_to_parquet_task> on 2022-04-24 01:21:04.443060+00:00
[2022-04-24 01:21:13,099] {standard_task_runner.py:52} INFO - Started process 3817 to run task
[2022-04-24 01:21:13,117] {standard_task_runner.py:76} INFO - Running: ['***', 'tasks', 'run', 'local_2_gcs_2_bq_dag', 'format_to_parquet_task', 'manual__2022-04-24T01:21:04.443060+00:00', '--job-id', '33', '--raw', '--subdir', 'DAGS_FOLDER/download_2_gcs_dag_V2.py', '--cfg-path', '/tmp/tmpfr6eu1km', '--error-file', '/tmp/tmp17qc409p']
[2022-04-24 01:21:13,121] {standard_task_runner.py:77} INFO - Job 33: Subtask format_to_parquet_task
[2022-04-24 01:21:13,232] {logging_mixin.py:109} INFO - Running <TaskInstance: local_2_gcs_2_bq_dag.format_to_parquet_task manual__2022-04-24T01:21:04.443060+00:00 [running]> on host 65283f82c270
[2022-04-24 01:21:13,347] {taskinstance.py:1426} INFO - Exporting the following env vars:
AIRFLOW_CTX_DAG_OWNER=***
AIRFLOW_CTX_DAG_ID=local_2_gcs_2_bq_dag
AIRFLOW_CTX_TASK_ID=format_to_parquet_task
AIRFLOW_CTX_EXECUTION_DATE=2022-04-24T01:21:04.443060+00:00
AIRFLOW_CTX_DAG_RUN_ID=manual__2022-04-24T01:21:04.443060+00:00
[2022-04-24 01:21:13,497] {python.py:175} INFO - Done. Returned value was: None
[2022-04-24 01:21:13,529] {taskinstance.py:1277} INFO - Marking task as SUCCESS. dag_id=local_2_gcs_2_bq_dag, task_id=format_to_parquet_task, execution_date=20220424T012104, start_date=20220424T012113, end_date=20220424T012113
[2022-04-24 01:21:13,613] {local_task_job.py:154} INFO - Task exited with return code 0
[2022-04-24 01:21:13,763] {local_task_job.py:264} INFO - 1 downstream tasks scheduled from follow-on schedule check
