[2022-04-24 22:27:51,146] {taskinstance.py:1032} INFO - Dependencies all met for <TaskInstance: local_2_gcs_2_bq_dag.download_people_dataset_task manual__2022-04-24T22:27:24.245486+00:00 [queued]>
[2022-04-24 22:27:51,304] {taskinstance.py:1032} INFO - Dependencies all met for <TaskInstance: local_2_gcs_2_bq_dag.download_people_dataset_task manual__2022-04-24T22:27:24.245486+00:00 [queued]>
[2022-04-24 22:27:51,314] {taskinstance.py:1238} INFO - 
--------------------------------------------------------------------------------
[2022-04-24 22:27:51,315] {taskinstance.py:1239} INFO - Starting attempt 1 of 2
[2022-04-24 22:27:51,317] {taskinstance.py:1240} INFO - 
--------------------------------------------------------------------------------
[2022-04-24 22:27:51,418] {taskinstance.py:1259} INFO - Executing <Task(BashOperator): download_people_dataset_task> on 2022-04-24 22:27:24.245486+00:00
[2022-04-24 22:27:51,453] {standard_task_runner.py:52} INFO - Started process 453 to run task
[2022-04-24 22:27:51,520] {standard_task_runner.py:76} INFO - Running: ['***', 'tasks', 'run', 'local_2_gcs_2_bq_dag', 'download_people_dataset_task', 'manual__2022-04-24T22:27:24.245486+00:00', '--job-id', '78', '--raw', '--subdir', 'DAGS_FOLDER/download_2_gcs_dag_V3.py', '--cfg-path', '/tmp/tmphp9yq9k1', '--error-file', '/tmp/tmpfwn82smq']
[2022-04-24 22:27:51,532] {standard_task_runner.py:77} INFO - Job 78: Subtask download_people_dataset_task
[2022-04-24 22:27:52,350] {logging_mixin.py:109} INFO - Running <TaskInstance: local_2_gcs_2_bq_dag.download_people_dataset_task manual__2022-04-24T22:27:24.245486+00:00 [running]> on host 2bdc5459fc64
[2022-04-24 22:27:53,745] {taskinstance.py:1426} INFO - Exporting the following env vars:
AIRFLOW_CTX_DAG_OWNER=***
AIRFLOW_CTX_DAG_ID=local_2_gcs_2_bq_dag
AIRFLOW_CTX_TASK_ID=download_people_dataset_task
AIRFLOW_CTX_EXECUTION_DATE=2022-04-24T22:27:24.245486+00:00
AIRFLOW_CTX_DAG_RUN_ID=manual__2022-04-24T22:27:24.245486+00:00
[2022-04-24 22:27:53,772] {subprocess.py:62} INFO - Tmp dir root location: 
 /tmp
[2022-04-24 22:27:53,807] {subprocess.py:74} INFO - Running command: ['bash', '-c', 'curl -sS https://data.cityofchicago.org/api/views/u6pd-qa9d/rows.csv?accessType=DOWNLOAD > /opt/***/u6pd-qa9d.csv']
[2022-04-24 22:27:54,033] {subprocess.py:85} INFO - Output:
[2022-04-24 22:29:19,586] {subprocess.py:93} INFO - Command exited with return code 0
[2022-04-24 22:29:19,700] {taskinstance.py:1277} INFO - Marking task as SUCCESS. dag_id=local_2_gcs_2_bq_dag, task_id=download_people_dataset_task, execution_date=20220424T222724, start_date=20220424T222751, end_date=20220424T222919
[2022-04-24 22:29:19,811] {local_task_job.py:154} INFO - Task exited with return code 0
[2022-04-24 22:29:19,982] {local_task_job.py:264} INFO - 1 downstream tasks scheduled from follow-on schedule check
