[2022-04-27 17:27:31,539] {taskinstance.py:1032} INFO - Dependencies all met for <TaskInstance: local_2_gcs_2_bq_dag.download_people_dataset_task manual__2022-04-24T22:27:24.245486+00:00 [queued]>
[2022-04-27 17:27:31,632] {taskinstance.py:1032} INFO - Dependencies all met for <TaskInstance: local_2_gcs_2_bq_dag.download_people_dataset_task manual__2022-04-24T22:27:24.245486+00:00 [queued]>
[2022-04-27 17:27:31,635] {taskinstance.py:1238} INFO - 
--------------------------------------------------------------------------------
[2022-04-27 17:27:31,637] {taskinstance.py:1239} INFO - Starting attempt 7 of 8
[2022-04-27 17:27:31,639] {taskinstance.py:1240} INFO - 
--------------------------------------------------------------------------------
[2022-04-27 17:27:31,711] {taskinstance.py:1259} INFO - Executing <Task(BashOperator): download_people_dataset_task> on 2022-04-24 22:27:24.245486+00:00
[2022-04-27 17:27:31,747] {standard_task_runner.py:52} INFO - Started process 2666 to run task
[2022-04-27 17:27:31,825] {standard_task_runner.py:76} INFO - Running: ['***', 'tasks', 'run', 'local_2_gcs_2_bq_dag', 'download_people_dataset_task', 'manual__2022-04-24T22:27:24.245486+00:00', '--job-id', '220', '--raw', '--subdir', 'DAGS_FOLDER/download_2_gcs_dag_V2.py', '--cfg-path', '/tmp/tmp1topp2ok', '--error-file', '/tmp/tmpzo4wctzt']
[2022-04-27 17:27:31,829] {standard_task_runner.py:77} INFO - Job 220: Subtask download_people_dataset_task
[2022-04-27 17:27:32,084] {logging_mixin.py:109} INFO - Running <TaskInstance: local_2_gcs_2_bq_dag.download_people_dataset_task manual__2022-04-24T22:27:24.245486+00:00 [running]> on host 2c2e7134f604
[2022-04-27 17:27:32,246] {taskinstance.py:1426} INFO - Exporting the following env vars:
AIRFLOW_CTX_DAG_OWNER=***
AIRFLOW_CTX_DAG_ID=local_2_gcs_2_bq_dag
AIRFLOW_CTX_TASK_ID=download_people_dataset_task
AIRFLOW_CTX_EXECUTION_DATE=2022-04-24T22:27:24.245486+00:00
AIRFLOW_CTX_DAG_RUN_ID=manual__2022-04-24T22:27:24.245486+00:00
[2022-04-27 17:27:32,251] {subprocess.py:62} INFO - Tmp dir root location: 
 /tmp
[2022-04-27 17:27:32,254] {subprocess.py:74} INFO - Running command: ['bash', '-c', 'curl -sS https://data.cityofchicago.org/api/views/u6pd-qa9d/rows.csv?accessType=DOWNLOAD > /opt/***/u6pd-qa9d.csv']
[2022-04-27 17:27:32,285] {subprocess.py:85} INFO - Output:
[2022-04-27 17:29:20,047] {subprocess.py:93} INFO - Command exited with return code 0
[2022-04-27 17:29:20,324] {taskinstance.py:1277} INFO - Marking task as SUCCESS. dag_id=local_2_gcs_2_bq_dag, task_id=download_people_dataset_task, execution_date=20220424T222724, start_date=20220427T172731, end_date=20220427T172920
[2022-04-27 17:29:20,833] {local_task_job.py:154} INFO - Task exited with return code 0
[2022-04-27 17:29:21,284] {local_task_job.py:264} INFO - 1 downstream tasks scheduled from follow-on schedule check
