[2022-05-01 15:49:35,566] {taskinstance.py:1032} INFO - Dependencies all met for <TaskInstance: local_gcs_sparkdataproc_bq_dag.sparkdataproc_and_bigquery.create_dataproc_cluster scheduled__2022-05-01T00:00:00+00:00 [queued]>
[2022-05-01 15:49:35,718] {taskinstance.py:1032} INFO - Dependencies all met for <TaskInstance: local_gcs_sparkdataproc_bq_dag.sparkdataproc_and_bigquery.create_dataproc_cluster scheduled__2022-05-01T00:00:00+00:00 [queued]>
[2022-05-01 15:49:35,724] {taskinstance.py:1238} INFO - 
--------------------------------------------------------------------------------
[2022-05-01 15:49:35,733] {taskinstance.py:1239} INFO - Starting attempt 1 of 2
[2022-05-01 15:49:35,740] {taskinstance.py:1240} INFO - 
--------------------------------------------------------------------------------
[2022-05-01 15:49:35,813] {taskinstance.py:1259} INFO - Executing <Task(DataprocCreateClusterOperator): sparkdataproc_and_bigquery.create_dataproc_cluster> on 2022-05-01 00:00:00+00:00
[2022-05-01 15:49:35,869] {standard_task_runner.py:52} INFO - Started process 1268 to run task
[2022-05-01 15:49:35,914] {standard_task_runner.py:76} INFO - Running: ['***', 'tasks', 'run', 'local_gcs_sparkdataproc_bq_dag', 'sparkdataproc_and_bigquery.create_dataproc_cluster', 'scheduled__2022-05-01T00:00:00+00:00', '--job-id', '26', '--raw', '--subdir', 'DAGS_FOLDER/final_dag.py', '--cfg-path', '/tmp/tmp9tof9i2p', '--error-file', '/tmp/tmpqgl5m1fl']
[2022-05-01 15:49:35,928] {standard_task_runner.py:77} INFO - Job 26: Subtask sparkdataproc_and_bigquery.create_dataproc_cluster
[2022-05-01 15:49:36,298] {logging_mixin.py:109} INFO - Running <TaskInstance: local_gcs_sparkdataproc_bq_dag.sparkdataproc_and_bigquery.create_dataproc_cluster scheduled__2022-05-01T00:00:00+00:00 [running]> on host 97b9d78a285f
[2022-05-01 15:49:36,763] {taskinstance.py:1426} INFO - Exporting the following env vars:
AIRFLOW_CTX_DAG_OWNER=***
AIRFLOW_CTX_DAG_ID=local_gcs_sparkdataproc_bq_dag
AIRFLOW_CTX_TASK_ID=sparkdataproc_and_bigquery.create_dataproc_cluster
AIRFLOW_CTX_EXECUTION_DATE=2022-05-01T00:00:00+00:00
AIRFLOW_CTX_DAG_RUN_ID=scheduled__2022-05-01T00:00:00+00:00
[2022-05-01 15:49:36,768] {dataproc.py:662} INFO - Creating cluster: dtc-capstone-cluster
[2022-05-01 15:49:36,780] {crypto.py:82} WARNING - empty cryptography key - values will not be stored encrypted.
[2022-05-01 15:52:12,985] {dataproc.py:606} INFO - Cluster created.
[2022-05-01 15:52:13,089] {taskinstance.py:1277} INFO - Marking task as SUCCESS. dag_id=local_gcs_sparkdataproc_bq_dag, task_id=sparkdataproc_and_bigquery.create_dataproc_cluster, execution_date=20220501T000000, start_date=20220501T154935, end_date=20220501T155213
[2022-05-01 15:52:13,207] {local_task_job.py:154} INFO - Task exited with return code 0
[2022-05-01 15:52:13,362] {local_task_job.py:264} INFO - 1 downstream tasks scheduled from follow-on schedule check
