[2022-04-23 20:17:25,089] {taskinstance.py:1032} INFO - Dependencies all met for <TaskInstance: local_2_gcs_2_bq_dag.download_dataset_task manual__2022-04-23T20:11:58.987417+00:00 [queued]>
[2022-04-23 20:17:25,117] {taskinstance.py:1032} INFO - Dependencies all met for <TaskInstance: local_2_gcs_2_bq_dag.download_dataset_task manual__2022-04-23T20:11:58.987417+00:00 [queued]>
[2022-04-23 20:17:25,119] {taskinstance.py:1238} INFO - 
--------------------------------------------------------------------------------
[2022-04-23 20:17:25,121] {taskinstance.py:1239} INFO - Starting attempt 1 of 2
[2022-04-23 20:17:25,123] {taskinstance.py:1240} INFO - 
--------------------------------------------------------------------------------
[2022-04-23 20:17:25,165] {taskinstance.py:1259} INFO - Executing <Task(BashOperator): download_dataset_task> on 2022-04-23 20:11:58.987417+00:00
[2022-04-23 20:17:25,176] {standard_task_runner.py:52} INFO - Started process 400 to run task
[2022-04-23 20:17:25,200] {standard_task_runner.py:76} INFO - Running: ['***', 'tasks', 'run', 'local_2_gcs_2_bq_dag', 'download_dataset_task', 'manual__2022-04-23T20:11:58.987417+00:00', '--job-id', '8', '--raw', '--subdir', 'DAGS_FOLDER/download_2_gcs_dag.py', '--cfg-path', '/tmp/tmpd5sc13s7', '--error-file', '/tmp/tmpkhesxbjo']
[2022-04-23 20:17:25,203] {standard_task_runner.py:77} INFO - Job 8: Subtask download_dataset_task
[2022-04-23 20:17:25,373] {logging_mixin.py:109} INFO - Running <TaskInstance: local_2_gcs_2_bq_dag.download_dataset_task manual__2022-04-23T20:11:58.987417+00:00 [running]> on host 96670acc8582
[2022-04-23 20:17:25,549] {taskinstance.py:1426} INFO - Exporting the following env vars:
AIRFLOW_CTX_DAG_OWNER=***
AIRFLOW_CTX_DAG_ID=local_2_gcs_2_bq_dag
AIRFLOW_CTX_TASK_ID=download_dataset_task
AIRFLOW_CTX_EXECUTION_DATE=2022-04-23T20:11:58.987417+00:00
AIRFLOW_CTX_DAG_RUN_ID=manual__2022-04-23T20:11:58.987417+00:00
[2022-04-23 20:17:25,552] {subprocess.py:62} INFO - Tmp dir root location: 
 /tmp
[2022-04-23 20:17:25,556] {subprocess.py:74} INFO - Running command: ['bash', '-c', 'curl -sS https://data.cityofchicago.org/resource/85ca-t3if.csv > /opt/***/85ca-t3if.csv']
[2022-04-23 20:17:25,582] {subprocess.py:85} INFO - Output:
[2022-04-23 20:17:26,440] {subprocess.py:93} INFO - Command exited with return code 0
[2022-04-23 20:17:26,523] {taskinstance.py:1277} INFO - Marking task as SUCCESS. dag_id=local_2_gcs_2_bq_dag, task_id=download_dataset_task, execution_date=20220423T201158, start_date=20220423T201725, end_date=20220423T201726
[2022-04-23 20:17:26,624] {local_task_job.py:154} INFO - Task exited with return code 0
[2022-04-23 20:17:26,726] {local_task_job.py:264} INFO - 1 downstream tasks scheduled from follow-on schedule check
