[2022-04-24 02:21:51,286] {taskinstance.py:1032} INFO - Dependencies all met for <TaskInstance: local_2_gcs_2_bq_dag.format_people_to_parquet_task manual__2022-04-24T01:52:31.743537+00:00 [queued]>
[2022-04-24 02:21:51,403] {taskinstance.py:1032} INFO - Dependencies all met for <TaskInstance: local_2_gcs_2_bq_dag.format_people_to_parquet_task manual__2022-04-24T01:52:31.743537+00:00 [queued]>
[2022-04-24 02:21:51,405] {taskinstance.py:1238} INFO - 
--------------------------------------------------------------------------------
[2022-04-24 02:21:51,407] {taskinstance.py:1239} INFO - Starting attempt 2 of 3
[2022-04-24 02:21:51,412] {taskinstance.py:1240} INFO - 
--------------------------------------------------------------------------------
[2022-04-24 02:21:51,551] {taskinstance.py:1259} INFO - Executing <Task(PythonOperator): format_people_to_parquet_task> on 2022-04-24 01:52:31.743537+00:00
[2022-04-24 02:21:51,609] {standard_task_runner.py:52} INFO - Started process 285 to run task
[2022-04-24 02:21:51,641] {standard_task_runner.py:76} INFO - Running: ['***', 'tasks', 'run', 'local_2_gcs_2_bq_dag', 'format_people_to_parquet_task', 'manual__2022-04-24T01:52:31.743537+00:00', '--job-id', '63', '--raw', '--subdir', 'DAGS_FOLDER/download_2_gcs_dag_V2.py', '--cfg-path', '/tmp/tmp92fjbxpr', '--error-file', '/tmp/tmp3eyw4qb1']
[2022-04-24 02:21:51,653] {standard_task_runner.py:77} INFO - Job 63: Subtask format_people_to_parquet_task
[2022-04-24 02:21:52,242] {logging_mixin.py:109} INFO - Running <TaskInstance: local_2_gcs_2_bq_dag.format_people_to_parquet_task manual__2022-04-24T01:52:31.743537+00:00 [running]> on host 1f2512cca76d
[2022-04-24 02:21:52,601] {taskinstance.py:1426} INFO - Exporting the following env vars:
AIRFLOW_CTX_DAG_OWNER=***
AIRFLOW_CTX_DAG_ID=local_2_gcs_2_bq_dag
AIRFLOW_CTX_TASK_ID=format_people_to_parquet_task
AIRFLOW_CTX_EXECUTION_DATE=2022-04-24T01:52:31.743537+00:00
AIRFLOW_CTX_DAG_RUN_ID=manual__2022-04-24T01:52:31.743537+00:00
[2022-04-24 02:22:37,963] {python.py:175} INFO - Done. Returned value was: None
[2022-04-24 02:22:38,166] {taskinstance.py:1277} INFO - Marking task as SUCCESS. dag_id=local_2_gcs_2_bq_dag, task_id=format_people_to_parquet_task, execution_date=20220424T015231, start_date=20220424T022151, end_date=20220424T022238
[2022-04-24 02:22:38,892] {local_task_job.py:154} INFO - Task exited with return code 0
[2022-04-24 02:22:39,163] {local_task_job.py:264} INFO - 0 downstream tasks scheduled from follow-on schedule check
