[2022-05-01 15:55:27,708] {taskinstance.py:1032} INFO - Dependencies all met for <TaskInstance: local_gcs_sparkdataproc_bq_dag.sparkdataproc_and_bigquery.bq_create_partitioned_table_task scheduled__2022-05-01T00:00:00+00:00 [queued]>
[2022-05-01 15:55:27,753] {taskinstance.py:1032} INFO - Dependencies all met for <TaskInstance: local_gcs_sparkdataproc_bq_dag.sparkdataproc_and_bigquery.bq_create_partitioned_table_task scheduled__2022-05-01T00:00:00+00:00 [queued]>
[2022-05-01 15:55:27,755] {taskinstance.py:1238} INFO - 
--------------------------------------------------------------------------------
[2022-05-01 15:55:27,757] {taskinstance.py:1239} INFO - Starting attempt 1 of 2
[2022-05-01 15:55:27,760] {taskinstance.py:1240} INFO - 
--------------------------------------------------------------------------------
[2022-05-01 15:55:27,809] {taskinstance.py:1259} INFO - Executing <Task(BigQueryInsertJobOperator): sparkdataproc_and_bigquery.bq_create_partitioned_table_task> on 2022-05-01 00:00:00+00:00
[2022-05-01 15:55:27,824] {standard_task_runner.py:52} INFO - Started process 1546 to run task
[2022-05-01 15:55:27,842] {standard_task_runner.py:76} INFO - Running: ['***', 'tasks', 'run', 'local_gcs_sparkdataproc_bq_dag', 'sparkdataproc_and_bigquery.bq_create_partitioned_table_task', 'scheduled__2022-05-01T00:00:00+00:00', '--job-id', '30', '--raw', '--subdir', 'DAGS_FOLDER/final_dag.py', '--cfg-path', '/tmp/tmp82a62bp3', '--error-file', '/tmp/tmpxapz094c']
[2022-05-01 15:55:27,845] {standard_task_runner.py:77} INFO - Job 30: Subtask sparkdataproc_and_bigquery.bq_create_partitioned_table_task
[2022-05-01 15:55:28,039] {logging_mixin.py:109} INFO - Running <TaskInstance: local_gcs_sparkdataproc_bq_dag.sparkdataproc_and_bigquery.bq_create_partitioned_table_task scheduled__2022-05-01T00:00:00+00:00 [running]> on host 97b9d78a285f
[2022-05-01 15:55:28,242] {taskinstance.py:1426} INFO - Exporting the following env vars:
AIRFLOW_CTX_DAG_OWNER=***
AIRFLOW_CTX_DAG_ID=local_gcs_sparkdataproc_bq_dag
AIRFLOW_CTX_TASK_ID=sparkdataproc_and_bigquery.bq_create_partitioned_table_task
AIRFLOW_CTX_EXECUTION_DATE=2022-05-01T00:00:00+00:00
AIRFLOW_CTX_DAG_RUN_ID=scheduled__2022-05-01T00:00:00+00:00
[2022-05-01 15:55:28,247] {crypto.py:82} WARNING - empty cryptography key - values will not be stored encrypted.
[2022-05-01 15:55:28,256] {warnings.py:110} WARNING - /home/***/.local/lib/python3.7/site-packages/***/utils/context.py:152: AirflowContextDeprecationWarning: Accessing 'execution_date' from the template is deprecated and will be removed in a future version. Please use 'data_interval_start' or 'logical_date' instead.
  warnings.warn(_create_deprecation_warning(key, self._deprecation_replacements[key]))

[2022-05-01 15:55:28,278] {bigquery.py:1637} INFO - Inserting job ***_local_gcs_sparkdataproc_bq_dag_sparkdataproc_and_bigquery_bq_create_partitioned_table_task_2022_05_01T00_00_00_00_00_23d054b503aa8c08bf41b93e3d10c30e
[2022-05-01 15:55:46,202] {taskinstance.py:1277} INFO - Marking task as SUCCESS. dag_id=local_gcs_sparkdataproc_bq_dag, task_id=sparkdataproc_and_bigquery.bq_create_partitioned_table_task, execution_date=20220501T000000, start_date=20220501T155527, end_date=20220501T155546
[2022-05-01 15:55:46,277] {local_task_job.py:154} INFO - Task exited with return code 0
[2022-05-01 15:55:46,408] {local_task_job.py:264} INFO - 1 downstream tasks scheduled from follow-on schedule check
