[2022-04-23 20:46:45,162] {taskinstance.py:1032} INFO - Dependencies all met for <TaskInstance: local_2_gcs_2_bq_dag.download_dataset_task manual__2022-04-23T20:37:53.682800+00:00 [queued]>
[2022-04-23 20:46:45,209] {taskinstance.py:1032} INFO - Dependencies all met for <TaskInstance: local_2_gcs_2_bq_dag.download_dataset_task manual__2022-04-23T20:37:53.682800+00:00 [queued]>
[2022-04-23 20:46:45,212] {taskinstance.py:1238} INFO - 
--------------------------------------------------------------------------------
[2022-04-23 20:46:45,215] {taskinstance.py:1239} INFO - Starting attempt 1 of 2
[2022-04-23 20:46:45,217] {taskinstance.py:1240} INFO - 
--------------------------------------------------------------------------------
[2022-04-23 20:46:45,258] {taskinstance.py:1259} INFO - Executing <Task(BashOperator): download_dataset_task> on 2022-04-23 20:37:53.682800+00:00
[2022-04-23 20:46:45,282] {standard_task_runner.py:52} INFO - Started process 613 to run task
[2022-04-23 20:46:45,309] {standard_task_runner.py:76} INFO - Running: ['***', 'tasks', 'run', 'local_2_gcs_2_bq_dag', 'download_dataset_task', 'manual__2022-04-23T20:37:53.682800+00:00', '--job-id', '13', '--raw', '--subdir', 'DAGS_FOLDER/download_2_gcs_dag.py', '--cfg-path', '/tmp/tmptgwvo8ut', '--error-file', '/tmp/tmp5ac1m_m8']
[2022-04-23 20:46:45,317] {standard_task_runner.py:77} INFO - Job 13: Subtask download_dataset_task
[2022-04-23 20:46:45,481] {logging_mixin.py:109} INFO - Running <TaskInstance: local_2_gcs_2_bq_dag.download_dataset_task manual__2022-04-23T20:37:53.682800+00:00 [running]> on host 48adf994ba41
[2022-04-23 20:46:45,676] {taskinstance.py:1426} INFO - Exporting the following env vars:
AIRFLOW_CTX_DAG_OWNER=***
AIRFLOW_CTX_DAG_ID=local_2_gcs_2_bq_dag
AIRFLOW_CTX_TASK_ID=download_dataset_task
AIRFLOW_CTX_EXECUTION_DATE=2022-04-23T20:37:53.682800+00:00
AIRFLOW_CTX_DAG_RUN_ID=manual__2022-04-23T20:37:53.682800+00:00
[2022-04-23 20:46:45,681] {subprocess.py:62} INFO - Tmp dir root location: 
 /tmp
[2022-04-23 20:46:45,683] {subprocess.py:74} INFO - Running command: ['bash', '-c', 'curl -sS https://data.cityofchicago.org/resource/85ca-t3if.csv > /opt/***/85ca-t3if.csv']
[2022-04-23 20:46:45,724] {subprocess.py:85} INFO - Output:
[2022-04-23 20:46:46,611] {subprocess.py:93} INFO - Command exited with return code 0
[2022-04-23 20:46:46,863] {taskinstance.py:1277} INFO - Marking task as SUCCESS. dag_id=local_2_gcs_2_bq_dag, task_id=download_dataset_task, execution_date=20220423T203753, start_date=20220423T204645, end_date=20220423T204646
[2022-04-23 20:46:46,965] {local_task_job.py:154} INFO - Task exited with return code 0
[2022-04-23 20:46:47,165] {local_task_job.py:264} INFO - 1 downstream tasks scheduled from follow-on schedule check
