[2022-04-25 00:33:34,826] {taskinstance.py:1032} INFO - Dependencies all met for <TaskInstance: local_2_gcs_2_bq_dag.format_crash_to_parquet_task manual__2022-04-24T22:27:24.245486+00:00 [queued]>
[2022-04-25 00:33:34,865] {taskinstance.py:1032} INFO - Dependencies all met for <TaskInstance: local_2_gcs_2_bq_dag.format_crash_to_parquet_task manual__2022-04-24T22:27:24.245486+00:00 [queued]>
[2022-04-25 00:33:34,867] {taskinstance.py:1238} INFO - 
--------------------------------------------------------------------------------
[2022-04-25 00:33:34,869] {taskinstance.py:1239} INFO - Starting attempt 10 of 10
[2022-04-25 00:33:34,872] {taskinstance.py:1240} INFO - 
--------------------------------------------------------------------------------
[2022-04-25 00:33:34,950] {taskinstance.py:1259} INFO - Executing <Task(PythonOperator): format_crash_to_parquet_task> on 2022-04-24 22:27:24.245486+00:00
[2022-04-25 00:33:34,996] {standard_task_runner.py:52} INFO - Started process 5891 to run task
[2022-04-25 00:33:35,070] {standard_task_runner.py:76} INFO - Running: ['***', 'tasks', 'run', 'local_2_gcs_2_bq_dag', 'format_crash_to_parquet_task', 'manual__2022-04-24T22:27:24.245486+00:00', '--job-id', '175', '--raw', '--subdir', 'DAGS_FOLDER/download_2_gcs_dag_V3.py', '--cfg-path', '/tmp/tmpmmmc71jh', '--error-file', '/tmp/tmpqi5olfx1']
[2022-04-25 00:33:35,074] {standard_task_runner.py:77} INFO - Job 175: Subtask format_crash_to_parquet_task
[2022-04-25 00:33:35,229] {logging_mixin.py:109} INFO - Running <TaskInstance: local_2_gcs_2_bq_dag.format_crash_to_parquet_task manual__2022-04-24T22:27:24.245486+00:00 [running]> on host 2bdc5459fc64
[2022-04-25 00:33:35,405] {taskinstance.py:1426} INFO - Exporting the following env vars:
AIRFLOW_CTX_DAG_OWNER=***
AIRFLOW_CTX_DAG_ID=local_2_gcs_2_bq_dag
AIRFLOW_CTX_TASK_ID=format_crash_to_parquet_task
AIRFLOW_CTX_EXECUTION_DATE=2022-04-24T22:27:24.245486+00:00
AIRFLOW_CTX_DAG_RUN_ID=manual__2022-04-24T22:27:24.245486+00:00
[2022-04-25 00:33:50,842] {python.py:175} INFO - Done. Returned value was: None
[2022-04-25 00:33:50,877] {taskinstance.py:1277} INFO - Marking task as SUCCESS. dag_id=local_2_gcs_2_bq_dag, task_id=format_crash_to_parquet_task, execution_date=20220424T222724, start_date=20220425T003334, end_date=20220425T003350
[2022-04-25 00:33:51,046] {local_task_job.py:154} INFO - Task exited with return code 0
[2022-04-25 00:33:51,088] {local_task_job.py:264} INFO - 0 downstream tasks scheduled from follow-on schedule check
