[2022-04-27 17:29:19,491] {taskinstance.py:1032} INFO - Dependencies all met for <TaskInstance: local_2_gcs_2_bq_dag.format_crash_to_parquet_task manual__2022-04-24T22:27:24.245486+00:00 [queued]>
[2022-04-27 17:29:19,713] {taskinstance.py:1032} INFO - Dependencies all met for <TaskInstance: local_2_gcs_2_bq_dag.format_crash_to_parquet_task manual__2022-04-24T22:27:24.245486+00:00 [queued]>
[2022-04-27 17:29:19,717] {taskinstance.py:1238} INFO - 
--------------------------------------------------------------------------------
[2022-04-27 17:29:19,732] {taskinstance.py:1239} INFO - Starting attempt 11 of 12
[2022-04-27 17:29:19,786] {taskinstance.py:1240} INFO - 
--------------------------------------------------------------------------------
[2022-04-27 17:29:20,123] {taskinstance.py:1259} INFO - Executing <Task(PythonOperator): format_crash_to_parquet_task> on 2022-04-24 22:27:24.245486+00:00
[2022-04-27 17:29:20,260] {standard_task_runner.py:52} INFO - Started process 2732 to run task
[2022-04-27 17:29:20,433] {standard_task_runner.py:76} INFO - Running: ['***', 'tasks', 'run', 'local_2_gcs_2_bq_dag', 'format_crash_to_parquet_task', 'manual__2022-04-24T22:27:24.245486+00:00', '--job-id', '221', '--raw', '--subdir', 'DAGS_FOLDER/download_2_gcs_dag_V2.py', '--cfg-path', '/tmp/tmpxvs5txjy', '--error-file', '/tmp/tmpspvh8w6t']
[2022-04-27 17:29:20,502] {standard_task_runner.py:77} INFO - Job 221: Subtask format_crash_to_parquet_task
[2022-04-27 17:29:21,596] {logging_mixin.py:109} INFO - Running <TaskInstance: local_2_gcs_2_bq_dag.format_crash_to_parquet_task manual__2022-04-24T22:27:24.245486+00:00 [running]> on host 2c2e7134f604
[2022-04-27 17:29:22,690] {taskinstance.py:1426} INFO - Exporting the following env vars:
AIRFLOW_CTX_DAG_OWNER=***
AIRFLOW_CTX_DAG_ID=local_2_gcs_2_bq_dag
AIRFLOW_CTX_TASK_ID=format_crash_to_parquet_task
AIRFLOW_CTX_EXECUTION_DATE=2022-04-24T22:27:24.245486+00:00
AIRFLOW_CTX_DAG_RUN_ID=manual__2022-04-24T22:27:24.245486+00:00
[2022-04-27 17:30:25,178] {python.py:175} INFO - Done. Returned value was: None
[2022-04-27 17:30:25,270] {taskinstance.py:1277} INFO - Marking task as SUCCESS. dag_id=local_2_gcs_2_bq_dag, task_id=format_crash_to_parquet_task, execution_date=20220424T222724, start_date=20220427T172919, end_date=20220427T173025
[2022-04-27 17:30:25,716] {local_task_job.py:154} INFO - Task exited with return code 0
[2022-04-27 17:30:26,094] {local_task_job.py:264} INFO - 1 downstream tasks scheduled from follow-on schedule check
