[2022-04-24 23:31:38,055] {taskinstance.py:1032} INFO - Dependencies all met for <TaskInstance: local_2_gcs_2_bq_dag.format_crash_to_parquet_task manual__2022-04-24T22:27:24.245486+00:00 [queued]>
[2022-04-24 23:31:38,131] {taskinstance.py:1032} INFO - Dependencies all met for <TaskInstance: local_2_gcs_2_bq_dag.format_crash_to_parquet_task manual__2022-04-24T22:27:24.245486+00:00 [queued]>
[2022-04-24 23:31:38,134] {taskinstance.py:1238} INFO - 
--------------------------------------------------------------------------------
[2022-04-24 23:31:38,137] {taskinstance.py:1239} INFO - Starting attempt 7 of 8
[2022-04-24 23:31:38,139] {taskinstance.py:1240} INFO - 
--------------------------------------------------------------------------------
[2022-04-24 23:31:38,235] {taskinstance.py:1259} INFO - Executing <Task(PythonOperator): format_crash_to_parquet_task> on 2022-04-24 22:27:24.245486+00:00
[2022-04-24 23:31:38,300] {standard_task_runner.py:52} INFO - Started process 3222 to run task
[2022-04-24 23:31:38,313] {standard_task_runner.py:76} INFO - Running: ['***', 'tasks', 'run', 'local_2_gcs_2_bq_dag', 'format_crash_to_parquet_task', 'manual__2022-04-24T22:27:24.245486+00:00', '--job-id', '128', '--raw', '--subdir', 'DAGS_FOLDER/download_2_gcs_dag_V3.py', '--cfg-path', '/tmp/tmpbdbrqjqn', '--error-file', '/tmp/tmpm2ehn3e9']
[2022-04-24 23:31:38,319] {standard_task_runner.py:77} INFO - Job 128: Subtask format_crash_to_parquet_task
[2022-04-24 23:31:38,638] {logging_mixin.py:109} INFO - Running <TaskInstance: local_2_gcs_2_bq_dag.format_crash_to_parquet_task manual__2022-04-24T22:27:24.245486+00:00 [running]> on host 2bdc5459fc64
[2022-04-24 23:31:38,988] {taskinstance.py:1426} INFO - Exporting the following env vars:
AIRFLOW_CTX_DAG_OWNER=***
AIRFLOW_CTX_DAG_ID=local_2_gcs_2_bq_dag
AIRFLOW_CTX_TASK_ID=format_crash_to_parquet_task
AIRFLOW_CTX_EXECUTION_DATE=2022-04-24T22:27:24.245486+00:00
AIRFLOW_CTX_DAG_RUN_ID=manual__2022-04-24T22:27:24.245486+00:00
[2022-04-24 23:31:42,302] {python.py:175} INFO - Done. Returned value was: None
[2022-04-24 23:31:42,372] {taskinstance.py:1277} INFO - Marking task as SUCCESS. dag_id=local_2_gcs_2_bq_dag, task_id=format_crash_to_parquet_task, execution_date=20220424T222724, start_date=20220424T233138, end_date=20220424T233142
[2022-04-24 23:31:42,549] {local_task_job.py:154} INFO - Task exited with return code 0
[2022-04-24 23:31:42,759] {local_task_job.py:264} INFO - 0 downstream tasks scheduled from follow-on schedule check
