[2022-04-24 22:33:01,141] {taskinstance.py:1032} INFO - Dependencies all met for <TaskInstance: local_2_gcs_2_bq_dag.format_vehicles_to_parquet_task manual__2022-04-24T22:27:24.245486+00:00 [queued]>
[2022-04-24 22:33:01,160] {taskinstance.py:1032} INFO - Dependencies all met for <TaskInstance: local_2_gcs_2_bq_dag.format_vehicles_to_parquet_task manual__2022-04-24T22:27:24.245486+00:00 [queued]>
[2022-04-24 22:33:01,161] {taskinstance.py:1238} INFO - 
--------------------------------------------------------------------------------
[2022-04-24 22:33:01,163] {taskinstance.py:1239} INFO - Starting attempt 2 of 2
[2022-04-24 22:33:01,164] {taskinstance.py:1240} INFO - 
--------------------------------------------------------------------------------
[2022-04-24 22:33:01,184] {taskinstance.py:1259} INFO - Executing <Task(PythonOperator): format_vehicles_to_parquet_task> on 2022-04-24 22:27:24.245486+00:00
[2022-04-24 22:33:01,210] {standard_task_runner.py:52} INFO - Started process 690 to run task
[2022-04-24 22:33:01,272] {standard_task_runner.py:76} INFO - Running: ['***', 'tasks', 'run', 'local_2_gcs_2_bq_dag', 'format_vehicles_to_parquet_task', 'manual__2022-04-24T22:27:24.245486+00:00', '--job-id', '90', '--raw', '--subdir', 'DAGS_FOLDER/download_2_gcs_dag_V3.py', '--cfg-path', '/tmp/tmphiu4cmis', '--error-file', '/tmp/tmp34buqpmx']
[2022-04-24 22:33:01,277] {standard_task_runner.py:77} INFO - Job 90: Subtask format_vehicles_to_parquet_task
[2022-04-24 22:33:01,487] {logging_mixin.py:109} INFO - Running <TaskInstance: local_2_gcs_2_bq_dag.format_vehicles_to_parquet_task manual__2022-04-24T22:27:24.245486+00:00 [running]> on host 2bdc5459fc64
[2022-04-24 22:33:01,669] {taskinstance.py:1426} INFO - Exporting the following env vars:
AIRFLOW_CTX_DAG_OWNER=***
AIRFLOW_CTX_DAG_ID=local_2_gcs_2_bq_dag
AIRFLOW_CTX_TASK_ID=format_vehicles_to_parquet_task
AIRFLOW_CTX_EXECUTION_DATE=2022-04-24T22:27:24.245486+00:00
AIRFLOW_CTX_DAG_RUN_ID=manual__2022-04-24T22:27:24.245486+00:00
[2022-04-24 22:33:21,933] {python.py:175} INFO - Done. Returned value was: None
[2022-04-24 22:33:21,957] {taskinstance.py:1277} INFO - Marking task as SUCCESS. dag_id=local_2_gcs_2_bq_dag, task_id=format_vehicles_to_parquet_task, execution_date=20220424T222724, start_date=20220424T223301, end_date=20220424T223321
[2022-04-24 22:33:22,259] {local_task_job.py:154} INFO - Task exited with return code 0
[2022-04-24 22:33:22,301] {local_task_job.py:264} INFO - 0 downstream tasks scheduled from follow-on schedule check
