[2022-04-24 22:57:12,543] {taskinstance.py:1032} INFO - Dependencies all met for <TaskInstance: local_2_gcs_2_bq_dag.format_vehicles_to_parquet_task manual__2022-04-24T22:27:24.245486+00:00 [queued]>
[2022-04-24 22:57:12,588] {taskinstance.py:1032} INFO - Dependencies all met for <TaskInstance: local_2_gcs_2_bq_dag.format_vehicles_to_parquet_task manual__2022-04-24T22:27:24.245486+00:00 [queued]>
[2022-04-24 22:57:12,589] {taskinstance.py:1238} INFO - 
--------------------------------------------------------------------------------
[2022-04-24 22:57:12,591] {taskinstance.py:1239} INFO - Starting attempt 4 of 4
[2022-04-24 22:57:12,592] {taskinstance.py:1240} INFO - 
--------------------------------------------------------------------------------
[2022-04-24 22:57:12,645] {taskinstance.py:1259} INFO - Executing <Task(PythonOperator): format_vehicles_to_parquet_task> on 2022-04-24 22:27:24.245486+00:00
[2022-04-24 22:57:12,659] {standard_task_runner.py:52} INFO - Started process 1705 to run task
[2022-04-24 22:57:12,672] {standard_task_runner.py:76} INFO - Running: ['***', 'tasks', 'run', 'local_2_gcs_2_bq_dag', 'format_vehicles_to_parquet_task', 'manual__2022-04-24T22:27:24.245486+00:00', '--job-id', '107', '--raw', '--subdir', 'DAGS_FOLDER/download_2_gcs_dag_V3.py', '--cfg-path', '/tmp/tmpw4m5qwyz', '--error-file', '/tmp/tmpuzmbrq8m']
[2022-04-24 22:57:12,676] {standard_task_runner.py:77} INFO - Job 107: Subtask format_vehicles_to_parquet_task
[2022-04-24 22:57:12,789] {logging_mixin.py:109} INFO - Running <TaskInstance: local_2_gcs_2_bq_dag.format_vehicles_to_parquet_task manual__2022-04-24T22:27:24.245486+00:00 [running]> on host 2bdc5459fc64
[2022-04-24 22:57:12,870] {taskinstance.py:1426} INFO - Exporting the following env vars:
AIRFLOW_CTX_DAG_OWNER=***
AIRFLOW_CTX_DAG_ID=local_2_gcs_2_bq_dag
AIRFLOW_CTX_TASK_ID=format_vehicles_to_parquet_task
AIRFLOW_CTX_EXECUTION_DATE=2022-04-24T22:27:24.245486+00:00
AIRFLOW_CTX_DAG_RUN_ID=manual__2022-04-24T22:27:24.245486+00:00
[2022-04-24 22:57:31,311] {python.py:175} INFO - Done. Returned value was: None
[2022-04-24 22:57:31,337] {taskinstance.py:1277} INFO - Marking task as SUCCESS. dag_id=local_2_gcs_2_bq_dag, task_id=format_vehicles_to_parquet_task, execution_date=20220424T222724, start_date=20220424T225712, end_date=20220424T225731
[2022-04-24 22:57:31,758] {local_task_job.py:154} INFO - Task exited with return code 0
[2022-04-24 22:57:31,853] {local_task_job.py:264} INFO - 0 downstream tasks scheduled from follow-on schedule check
