[2022-04-24 23:36:43,052] {taskinstance.py:1032} INFO - Dependencies all met for <TaskInstance: local_2_gcs_2_bq_dag.format_vehicles_to_parquet_task manual__2022-04-24T22:27:24.245486+00:00 [queued]>
[2022-04-24 23:36:43,082] {taskinstance.py:1032} INFO - Dependencies all met for <TaskInstance: local_2_gcs_2_bq_dag.format_vehicles_to_parquet_task manual__2022-04-24T22:27:24.245486+00:00 [queued]>
[2022-04-24 23:36:43,084] {taskinstance.py:1238} INFO - 
--------------------------------------------------------------------------------
[2022-04-24 23:36:43,085] {taskinstance.py:1239} INFO - Starting attempt 8 of 8
[2022-04-24 23:36:43,086] {taskinstance.py:1240} INFO - 
--------------------------------------------------------------------------------
[2022-04-24 23:36:43,109] {taskinstance.py:1259} INFO - Executing <Task(PythonOperator): format_vehicles_to_parquet_task> on 2022-04-24 22:27:24.245486+00:00
[2022-04-24 23:36:43,122] {standard_task_runner.py:52} INFO - Started process 3440 to run task
[2022-04-24 23:36:43,137] {standard_task_runner.py:76} INFO - Running: ['***', 'tasks', 'run', 'local_2_gcs_2_bq_dag', 'format_vehicles_to_parquet_task', 'manual__2022-04-24T22:27:24.245486+00:00', '--job-id', '141', '--raw', '--subdir', 'DAGS_FOLDER/download_2_gcs_dag_V3.py', '--cfg-path', '/tmp/tmppn4idc0y', '--error-file', '/tmp/tmp9s9u84zi']
[2022-04-24 23:36:43,139] {standard_task_runner.py:77} INFO - Job 141: Subtask format_vehicles_to_parquet_task
[2022-04-24 23:36:43,240] {logging_mixin.py:109} INFO - Running <TaskInstance: local_2_gcs_2_bq_dag.format_vehicles_to_parquet_task manual__2022-04-24T22:27:24.245486+00:00 [running]> on host 2bdc5459fc64
[2022-04-24 23:36:43,329] {taskinstance.py:1426} INFO - Exporting the following env vars:
AIRFLOW_CTX_DAG_OWNER=***
AIRFLOW_CTX_DAG_ID=local_2_gcs_2_bq_dag
AIRFLOW_CTX_TASK_ID=format_vehicles_to_parquet_task
AIRFLOW_CTX_EXECUTION_DATE=2022-04-24T22:27:24.245486+00:00
AIRFLOW_CTX_DAG_RUN_ID=manual__2022-04-24T22:27:24.245486+00:00
[2022-04-24 23:37:03,389] {python.py:175} INFO - Done. Returned value was: None
[2022-04-24 23:37:03,431] {taskinstance.py:1277} INFO - Marking task as SUCCESS. dag_id=local_2_gcs_2_bq_dag, task_id=format_vehicles_to_parquet_task, execution_date=20220424T222724, start_date=20220424T233643, end_date=20220424T233703
[2022-04-24 23:37:03,637] {local_task_job.py:154} INFO - Task exited with return code 0
[2022-04-24 23:37:03,715] {local_task_job.py:264} INFO - 0 downstream tasks scheduled from follow-on schedule check
