[2022-04-23 20:46:56,690] {taskinstance.py:1032} INFO - Dependencies all met for <TaskInstance: local_2_gcs_2_bq_dag.local_to_gcs_task manual__2022-04-23T20:37:53.682800+00:00 [queued]>
[2022-04-23 20:46:56,712] {taskinstance.py:1032} INFO - Dependencies all met for <TaskInstance: local_2_gcs_2_bq_dag.local_to_gcs_task manual__2022-04-23T20:37:53.682800+00:00 [queued]>
[2022-04-23 20:46:56,713] {taskinstance.py:1238} INFO - 
--------------------------------------------------------------------------------
[2022-04-23 20:46:56,715] {taskinstance.py:1239} INFO - Starting attempt 1 of 2
[2022-04-23 20:46:56,716] {taskinstance.py:1240} INFO - 
--------------------------------------------------------------------------------
[2022-04-23 20:46:56,737] {taskinstance.py:1259} INFO - Executing <Task(PythonOperator): local_to_gcs_task> on 2022-04-23 20:37:53.682800+00:00
[2022-04-23 20:46:56,746] {standard_task_runner.py:52} INFO - Started process 625 to run task
[2022-04-23 20:46:56,753] {standard_task_runner.py:76} INFO - Running: ['***', 'tasks', 'run', 'local_2_gcs_2_bq_dag', 'local_to_gcs_task', 'manual__2022-04-23T20:37:53.682800+00:00', '--job-id', '15', '--raw', '--subdir', 'DAGS_FOLDER/download_2_gcs_dag.py', '--cfg-path', '/tmp/tmppg8id4js', '--error-file', '/tmp/tmp570ajt79']
[2022-04-23 20:46:56,756] {standard_task_runner.py:77} INFO - Job 15: Subtask local_to_gcs_task
[2022-04-23 20:46:56,845] {logging_mixin.py:109} INFO - Running <TaskInstance: local_2_gcs_2_bq_dag.local_to_gcs_task manual__2022-04-23T20:37:53.682800+00:00 [running]> on host 48adf994ba41
[2022-04-23 20:46:56,925] {taskinstance.py:1426} INFO - Exporting the following env vars:
AIRFLOW_CTX_DAG_OWNER=***
AIRFLOW_CTX_DAG_ID=local_2_gcs_2_bq_dag
AIRFLOW_CTX_TASK_ID=local_to_gcs_task
AIRFLOW_CTX_EXECUTION_DATE=2022-04-23T20:37:53.682800+00:00
AIRFLOW_CTX_DAG_RUN_ID=manual__2022-04-23T20:37:53.682800+00:00
[2022-04-23 20:46:57,353] {python.py:175} INFO - Done. Returned value was: None
[2022-04-23 20:46:57,377] {taskinstance.py:1277} INFO - Marking task as SUCCESS. dag_id=local_2_gcs_2_bq_dag, task_id=local_to_gcs_task, execution_date=20220423T203753, start_date=20220423T204656, end_date=20220423T204657
[2022-04-23 20:46:57,464] {local_task_job.py:154} INFO - Task exited with return code 0
[2022-04-23 20:46:57,581] {local_task_job.py:264} INFO - 1 downstream tasks scheduled from follow-on schedule check
