[2022-04-24 02:24:16,665] {taskinstance.py:1032} INFO - Dependencies all met for <TaskInstance: local_2_gcs_2_bq_dag.crash_bigquery_external_table_task manual__2022-04-24T01:52:31.743537+00:00 [queued]>
[2022-04-24 02:24:16,694] {taskinstance.py:1032} INFO - Dependencies all met for <TaskInstance: local_2_gcs_2_bq_dag.crash_bigquery_external_table_task manual__2022-04-24T01:52:31.743537+00:00 [queued]>
[2022-04-24 02:24:16,696] {taskinstance.py:1238} INFO - 
--------------------------------------------------------------------------------
[2022-04-24 02:24:16,698] {taskinstance.py:1239} INFO - Starting attempt 2 of 3
[2022-04-24 02:24:16,699] {taskinstance.py:1240} INFO - 
--------------------------------------------------------------------------------
[2022-04-24 02:24:16,735] {taskinstance.py:1259} INFO - Executing <Task(BigQueryCreateExternalTableOperator): crash_bigquery_external_table_task> on 2022-04-24 01:52:31.743537+00:00
[2022-04-24 02:24:16,754] {standard_task_runner.py:52} INFO - Started process 373 to run task
[2022-04-24 02:24:16,769] {standard_task_runner.py:76} INFO - Running: ['***', 'tasks', 'run', 'local_2_gcs_2_bq_dag', 'crash_bigquery_external_table_task', 'manual__2022-04-24T01:52:31.743537+00:00', '--job-id', '66', '--raw', '--subdir', 'DAGS_FOLDER/download_2_gcs_dag_V2.py', '--cfg-path', '/tmp/tmpvo2zit7f', '--error-file', '/tmp/tmp06ky1kvv']
[2022-04-24 02:24:16,772] {standard_task_runner.py:77} INFO - Job 66: Subtask crash_bigquery_external_table_task
[2022-04-24 02:24:16,929] {logging_mixin.py:109} INFO - Running <TaskInstance: local_2_gcs_2_bq_dag.crash_bigquery_external_table_task manual__2022-04-24T01:52:31.743537+00:00 [running]> on host 1f2512cca76d
[2022-04-24 02:24:17,169] {taskinstance.py:1426} INFO - Exporting the following env vars:
AIRFLOW_CTX_DAG_OWNER=***
AIRFLOW_CTX_DAG_ID=local_2_gcs_2_bq_dag
AIRFLOW_CTX_TASK_ID=crash_bigquery_external_table_task
AIRFLOW_CTX_EXECUTION_DATE=2022-04-24T01:52:31.743537+00:00
AIRFLOW_CTX_DAG_RUN_ID=manual__2022-04-24T01:52:31.743537+00:00
[2022-04-24 02:24:17,180] {crypto.py:82} WARNING - empty cryptography key - values will not be stored encrypted.
[2022-04-24 02:24:18,178] {taskinstance.py:1277} INFO - Marking task as SUCCESS. dag_id=local_2_gcs_2_bq_dag, task_id=crash_bigquery_external_table_task, execution_date=20220424T015231, start_date=20220424T022416, end_date=20220424T022418
[2022-04-24 02:24:18,285] {local_task_job.py:154} INFO - Task exited with return code 0
[2022-04-24 02:24:18,364] {local_task_job.py:264} INFO - 1 downstream tasks scheduled from follow-on schedule check
