[2022-04-25 02:33:54,520] {taskinstance.py:1032} INFO - Dependencies all met for <TaskInstance: gcs_2_bq_dag.bq_clean_crashes_summ_external_table_task manual__2022-04-25T02:28:33.380840+00:00 [queued]>
[2022-04-25 02:33:54,564] {taskinstance.py:1032} INFO - Dependencies all met for <TaskInstance: gcs_2_bq_dag.bq_clean_crashes_summ_external_table_task manual__2022-04-25T02:28:33.380840+00:00 [queued]>
[2022-04-25 02:33:54,565] {taskinstance.py:1238} INFO - 
--------------------------------------------------------------------------------
[2022-04-25 02:33:54,566] {taskinstance.py:1239} INFO - Starting attempt 1 of 2
[2022-04-25 02:33:54,568] {taskinstance.py:1240} INFO - 
--------------------------------------------------------------------------------
[2022-04-25 02:33:54,604] {taskinstance.py:1259} INFO - Executing <Task(BigQueryCreateExternalTableOperator): bq_clean_crashes_summ_external_table_task> on 2022-04-25 02:28:33.380840+00:00
[2022-04-25 02:33:54,623] {standard_task_runner.py:52} INFO - Started process 462 to run task
[2022-04-25 02:33:54,643] {standard_task_runner.py:76} INFO - Running: ['***', 'tasks', 'run', 'gcs_2_bq_dag', 'bq_clean_crashes_summ_external_table_task', 'manual__2022-04-25T02:28:33.380840+00:00', '--job-id', '185', '--raw', '--subdir', 'DAGS_FOLDER/gcs_to_bq_v1.py', '--cfg-path', '/tmp/tmpb4nwof6i', '--error-file', '/tmp/tmp4ym5wld4']
[2022-04-25 02:33:54,650] {standard_task_runner.py:77} INFO - Job 185: Subtask bq_clean_crashes_summ_external_table_task
[2022-04-25 02:33:54,822] {logging_mixin.py:109} INFO - Running <TaskInstance: gcs_2_bq_dag.bq_clean_crashes_summ_external_table_task manual__2022-04-25T02:28:33.380840+00:00 [running]> on host 2c2e7134f604
[2022-04-25 02:33:54,988] {taskinstance.py:1426} INFO - Exporting the following env vars:
AIRFLOW_CTX_DAG_OWNER=***
AIRFLOW_CTX_DAG_ID=gcs_2_bq_dag
AIRFLOW_CTX_TASK_ID=bq_clean_crashes_summ_external_table_task
AIRFLOW_CTX_EXECUTION_DATE=2022-04-25T02:28:33.380840+00:00
AIRFLOW_CTX_DAG_RUN_ID=manual__2022-04-25T02:28:33.380840+00:00
[2022-04-25 02:33:54,991] {crypto.py:82} WARNING - empty cryptography key - values will not be stored encrypted.
[2022-04-25 02:33:55,981] {taskinstance.py:1277} INFO - Marking task as SUCCESS. dag_id=gcs_2_bq_dag, task_id=bq_clean_crashes_summ_external_table_task, execution_date=20220425T022833, start_date=20220425T023354, end_date=20220425T023355
[2022-04-25 02:33:56,137] {local_task_job.py:154} INFO - Task exited with return code 0
[2022-04-25 02:33:56,320] {local_task_job.py:264} INFO - 1 downstream tasks scheduled from follow-on schedule check
