[2022-04-28 01:08:50,430] {taskinstance.py:1032} INFO - Dependencies all met for <TaskInstance: local_2_gcs_2_bq_dag.format_people_to_parquet_task scheduled__2022-04-28T00:00:00+00:00 [queued]>
[2022-04-28 01:08:50,567] {taskinstance.py:1032} INFO - Dependencies all met for <TaskInstance: local_2_gcs_2_bq_dag.format_people_to_parquet_task scheduled__2022-04-28T00:00:00+00:00 [queued]>
[2022-04-28 01:08:50,573] {taskinstance.py:1238} INFO - 
--------------------------------------------------------------------------------
[2022-04-28 01:08:50,575] {taskinstance.py:1239} INFO - Starting attempt 1 of 2
[2022-04-28 01:08:50,576] {taskinstance.py:1240} INFO - 
--------------------------------------------------------------------------------
[2022-04-28 01:08:50,773] {taskinstance.py:1259} INFO - Executing <Task(PythonOperator): format_people_to_parquet_task> on 2022-04-28 00:00:00+00:00
[2022-04-28 01:08:50,932] {standard_task_runner.py:52} INFO - Started process 200 to run task
[2022-04-28 01:08:51,040] {standard_task_runner.py:76} INFO - Running: ['***', 'tasks', 'run', 'local_2_gcs_2_bq_dag', 'format_people_to_parquet_task', 'scheduled__2022-04-28T00:00:00+00:00', '--job-id', '6', '--raw', '--subdir', 'DAGS_FOLDER/download_2_gcs_dag_V2.py', '--cfg-path', '/tmp/tmp3a86j19f', '--error-file', '/tmp/tmp14bbov37']
[2022-04-28 01:08:51,071] {standard_task_runner.py:77} INFO - Job 6: Subtask format_people_to_parquet_task
[2022-04-28 01:08:52,491] {logging_mixin.py:109} INFO - Running <TaskInstance: local_2_gcs_2_bq_dag.format_people_to_parquet_task scheduled__2022-04-28T00:00:00+00:00 [running]> on host 130e3b0cefbc
[2022-04-28 01:08:53,224] {taskinstance.py:1426} INFO - Exporting the following env vars:
AIRFLOW_CTX_DAG_OWNER=***
AIRFLOW_CTX_DAG_ID=local_2_gcs_2_bq_dag
AIRFLOW_CTX_TASK_ID=format_people_to_parquet_task
AIRFLOW_CTX_EXECUTION_DATE=2022-04-28T00:00:00+00:00
AIRFLOW_CTX_DAG_RUN_ID=scheduled__2022-04-28T00:00:00+00:00
[2022-04-28 01:09:52,503] {python.py:175} INFO - Done. Returned value was: None
[2022-04-28 01:09:52,576] {taskinstance.py:1277} INFO - Marking task as SUCCESS. dag_id=local_2_gcs_2_bq_dag, task_id=format_people_to_parquet_task, execution_date=20220428T000000, start_date=20220428T010850, end_date=20220428T010952
[2022-04-28 01:09:53,021] {local_task_job.py:154} INFO - Task exited with return code 0
[2022-04-28 01:09:53,267] {local_task_job.py:264} INFO - 1 downstream tasks scheduled from follow-on schedule check
[2022-04-28 01:55:44,406] {taskinstance.py:1032} INFO - Dependencies all met for <TaskInstance: local_2_gcs_2_bq_dag.format_people_to_parquet_task scheduled__2022-04-28T00:00:00+00:00 [queued]>
[2022-04-28 01:55:44,700] {taskinstance.py:1032} INFO - Dependencies all met for <TaskInstance: local_2_gcs_2_bq_dag.format_people_to_parquet_task scheduled__2022-04-28T00:00:00+00:00 [queued]>
[2022-04-28 01:55:44,759] {taskinstance.py:1238} INFO - 
--------------------------------------------------------------------------------
[2022-04-28 01:55:44,765] {taskinstance.py:1239} INFO - Starting attempt 1 of 2
[2022-04-28 01:55:44,768] {taskinstance.py:1240} INFO - 
--------------------------------------------------------------------------------
[2022-04-28 01:55:44,950] {taskinstance.py:1259} INFO - Executing <Task(PythonOperator): format_people_to_parquet_task> on 2022-04-28 00:00:00+00:00
[2022-04-28 01:55:45,089] {standard_task_runner.py:52} INFO - Started process 562 to run task
[2022-04-28 01:55:45,180] {standard_task_runner.py:76} INFO - Running: ['***', 'tasks', 'run', 'local_2_gcs_2_bq_dag', 'format_people_to_parquet_task', 'scheduled__2022-04-28T00:00:00+00:00', '--job-id', '7', '--raw', '--subdir', 'DAGS_FOLDER/download_2_gcs_dag_V2.py', '--cfg-path', '/tmp/tmp96h_69w2', '--error-file', '/tmp/tmpewnk3sn4']
[2022-04-28 01:55:45,211] {standard_task_runner.py:77} INFO - Job 7: Subtask format_people_to_parquet_task
[2022-04-28 01:55:46,107] {logging_mixin.py:109} INFO - Running <TaskInstance: local_2_gcs_2_bq_dag.format_people_to_parquet_task scheduled__2022-04-28T00:00:00+00:00 [running]> on host 1d2c8c1aba91
[2022-04-28 01:55:47,057] {taskinstance.py:1426} INFO - Exporting the following env vars:
AIRFLOW_CTX_DAG_OWNER=***
AIRFLOW_CTX_DAG_ID=local_2_gcs_2_bq_dag
AIRFLOW_CTX_TASK_ID=format_people_to_parquet_task
AIRFLOW_CTX_EXECUTION_DATE=2022-04-28T00:00:00+00:00
AIRFLOW_CTX_DAG_RUN_ID=scheduled__2022-04-28T00:00:00+00:00
[2022-04-28 01:56:31,559] {python.py:175} INFO - Done. Returned value was: None
[2022-04-28 01:56:31,607] {taskinstance.py:1277} INFO - Marking task as SUCCESS. dag_id=local_2_gcs_2_bq_dag, task_id=format_people_to_parquet_task, execution_date=20220428T000000, start_date=20220428T015544, end_date=20220428T015631
[2022-04-28 01:56:31,839] {local_task_job.py:154} INFO - Task exited with return code 0
[2022-04-28 01:56:32,077] {local_task_job.py:264} INFO - 0 downstream tasks scheduled from follow-on schedule check
