[2022-04-24 00:11:32,216] {taskinstance.py:1032} INFO - Dependencies all met for <TaskInstance: local_2_gcs_2_bq_dag.format_to_parquet_task scheduled__2022-04-23T00:00:00+00:00 [queued]>
[2022-04-24 00:11:32,259] {taskinstance.py:1032} INFO - Dependencies all met for <TaskInstance: local_2_gcs_2_bq_dag.format_to_parquet_task scheduled__2022-04-23T00:00:00+00:00 [queued]>
[2022-04-24 00:11:32,261] {taskinstance.py:1238} INFO - 
--------------------------------------------------------------------------------
[2022-04-24 00:11:32,262] {taskinstance.py:1239} INFO - Starting attempt 1 of 2
[2022-04-24 00:11:32,264] {taskinstance.py:1240} INFO - 
--------------------------------------------------------------------------------
[2022-04-24 00:11:32,306] {taskinstance.py:1259} INFO - Executing <Task(PythonOperator): format_to_parquet_task> on 2022-04-23 00:00:00+00:00
[2022-04-24 00:11:32,328] {standard_task_runner.py:52} INFO - Started process 979 to run task
[2022-04-24 00:11:32,358] {standard_task_runner.py:76} INFO - Running: ['***', 'tasks', 'run', 'local_2_gcs_2_bq_dag', 'format_to_parquet_task', 'scheduled__2022-04-23T00:00:00+00:00', '--job-id', '8', '--raw', '--subdir', 'DAGS_FOLDER/download_2_gcs_dag_V2.py', '--cfg-path', '/tmp/tmpij01rhp4', '--error-file', '/tmp/tmps9dupkb7']
[2022-04-24 00:11:32,368] {standard_task_runner.py:77} INFO - Job 8: Subtask format_to_parquet_task
[2022-04-24 00:11:32,494] {logging_mixin.py:109} INFO - Running <TaskInstance: local_2_gcs_2_bq_dag.format_to_parquet_task scheduled__2022-04-23T00:00:00+00:00 [running]> on host 65283f82c270
[2022-04-24 00:11:32,630] {taskinstance.py:1426} INFO - Exporting the following env vars:
AIRFLOW_CTX_DAG_OWNER=***
AIRFLOW_CTX_DAG_ID=local_2_gcs_2_bq_dag
AIRFLOW_CTX_TASK_ID=format_to_parquet_task
AIRFLOW_CTX_EXECUTION_DATE=2022-04-23T00:00:00+00:00
AIRFLOW_CTX_DAG_RUN_ID=scheduled__2022-04-23T00:00:00+00:00
[2022-04-24 00:11:32,778] {python.py:175} INFO - Done. Returned value was: None
[2022-04-24 00:11:32,802] {taskinstance.py:1277} INFO - Marking task as SUCCESS. dag_id=local_2_gcs_2_bq_dag, task_id=format_to_parquet_task, execution_date=20220423T000000, start_date=20220424T001132, end_date=20220424T001132
[2022-04-24 00:11:32,865] {local_task_job.py:154} INFO - Task exited with return code 0
[2022-04-24 00:11:32,935] {local_task_job.py:264} INFO - 1 downstream tasks scheduled from follow-on schedule check
