[2022-04-24 00:55:39,200] {taskinstance.py:1032} INFO - Dependencies all met for <TaskInstance: local_2_gcs_2_bq_dag.format_to_parquet_task scheduled__2022-04-23T00:00:00+00:00 [queued]>
[2022-04-24 00:55:39,217] {taskinstance.py:1032} INFO - Dependencies all met for <TaskInstance: local_2_gcs_2_bq_dag.format_to_parquet_task scheduled__2022-04-23T00:00:00+00:00 [queued]>
[2022-04-24 00:55:39,220] {taskinstance.py:1238} INFO - 
--------------------------------------------------------------------------------
[2022-04-24 00:55:39,221] {taskinstance.py:1239} INFO - Starting attempt 3 of 4
[2022-04-24 00:55:39,223] {taskinstance.py:1240} INFO - 
--------------------------------------------------------------------------------
[2022-04-24 00:55:39,244] {taskinstance.py:1259} INFO - Executing <Task(PythonOperator): format_to_parquet_task> on 2022-04-23 00:00:00+00:00
[2022-04-24 00:55:39,252] {standard_task_runner.py:52} INFO - Started process 2808 to run task
[2022-04-24 00:55:39,259] {standard_task_runner.py:76} INFO - Running: ['***', 'tasks', 'run', 'local_2_gcs_2_bq_dag', 'format_to_parquet_task', 'scheduled__2022-04-23T00:00:00+00:00', '--job-id', '23', '--raw', '--subdir', 'DAGS_FOLDER/download_2_gcs_dag_V2.py', '--cfg-path', '/tmp/tmpbjk7mps8', '--error-file', '/tmp/tmpz33qzmq7']
[2022-04-24 00:55:39,261] {standard_task_runner.py:77} INFO - Job 23: Subtask format_to_parquet_task
[2022-04-24 00:55:39,362] {logging_mixin.py:109} INFO - Running <TaskInstance: local_2_gcs_2_bq_dag.format_to_parquet_task scheduled__2022-04-23T00:00:00+00:00 [running]> on host 65283f82c270
[2022-04-24 00:55:39,460] {taskinstance.py:1426} INFO - Exporting the following env vars:
AIRFLOW_CTX_DAG_OWNER=***
AIRFLOW_CTX_DAG_ID=local_2_gcs_2_bq_dag
AIRFLOW_CTX_TASK_ID=format_to_parquet_task
AIRFLOW_CTX_EXECUTION_DATE=2022-04-23T00:00:00+00:00
AIRFLOW_CTX_DAG_RUN_ID=scheduled__2022-04-23T00:00:00+00:00
[2022-04-24 00:55:39,613] {python.py:175} INFO - Done. Returned value was: None
[2022-04-24 00:55:39,634] {taskinstance.py:1277} INFO - Marking task as SUCCESS. dag_id=local_2_gcs_2_bq_dag, task_id=format_to_parquet_task, execution_date=20220423T000000, start_date=20220424T005539, end_date=20220424T005539
[2022-04-24 00:55:39,687] {local_task_job.py:154} INFO - Task exited with return code 0
[2022-04-24 00:55:39,754] {local_task_job.py:264} INFO - 1 downstream tasks scheduled from follow-on schedule check
