[2022-04-24 00:58:55,200] {taskinstance.py:1032} INFO - Dependencies all met for <TaskInstance: local_2_gcs_2_bq_dag.local_to_gcs_task manual__2022-04-24T00:11:17.448389+00:00 [queued]>
[2022-04-24 00:58:55,256] {taskinstance.py:1032} INFO - Dependencies all met for <TaskInstance: local_2_gcs_2_bq_dag.local_to_gcs_task manual__2022-04-24T00:11:17.448389+00:00 [queued]>
[2022-04-24 00:58:55,258] {taskinstance.py:1238} INFO - 
--------------------------------------------------------------------------------
[2022-04-24 00:58:55,260] {taskinstance.py:1239} INFO - Starting attempt 2 of 3
[2022-04-24 00:58:55,262] {taskinstance.py:1240} INFO - 
--------------------------------------------------------------------------------
[2022-04-24 00:58:55,309] {taskinstance.py:1259} INFO - Executing <Task(PythonOperator): local_to_gcs_task> on 2022-04-24 00:11:17.448389+00:00
[2022-04-24 00:58:55,329] {standard_task_runner.py:52} INFO - Started process 2945 to run task
[2022-04-24 00:58:55,371] {standard_task_runner.py:76} INFO - Running: ['***', 'tasks', 'run', 'local_2_gcs_2_bq_dag', 'local_to_gcs_task', 'manual__2022-04-24T00:11:17.448389+00:00', '--job-id', '29', '--raw', '--subdir', 'DAGS_FOLDER/download_2_gcs_dag_V2.py', '--cfg-path', '/tmp/tmpdtwhfe8l', '--error-file', '/tmp/tmpzxti8cl6']
[2022-04-24 00:58:55,381] {standard_task_runner.py:77} INFO - Job 29: Subtask local_to_gcs_task
[2022-04-24 00:58:55,575] {logging_mixin.py:109} INFO - Running <TaskInstance: local_2_gcs_2_bq_dag.local_to_gcs_task manual__2022-04-24T00:11:17.448389+00:00 [running]> on host 65283f82c270
[2022-04-24 00:58:55,913] {taskinstance.py:1426} INFO - Exporting the following env vars:
AIRFLOW_CTX_DAG_OWNER=***
AIRFLOW_CTX_DAG_ID=local_2_gcs_2_bq_dag
AIRFLOW_CTX_TASK_ID=local_to_gcs_task
AIRFLOW_CTX_EXECUTION_DATE=2022-04-24T00:11:17.448389+00:00
AIRFLOW_CTX_DAG_RUN_ID=manual__2022-04-24T00:11:17.448389+00:00
[2022-04-24 00:58:56,358] {python.py:175} INFO - Done. Returned value was: None
[2022-04-24 00:58:56,408] {taskinstance.py:1277} INFO - Marking task as SUCCESS. dag_id=local_2_gcs_2_bq_dag, task_id=local_to_gcs_task, execution_date=20220424T001117, start_date=20220424T005855, end_date=20220424T005856
[2022-04-24 00:58:56,514] {local_task_job.py:154} INFO - Task exited with return code 0
[2022-04-24 00:58:56,609] {local_task_job.py:264} INFO - 1 downstream tasks scheduled from follow-on schedule check
