[2022-04-23 20:46:53,041] {taskinstance.py:1032} INFO - Dependencies all met for <TaskInstance: local_2_gcs_2_bq_dag.format_to_parquet_task manual__2022-04-23T20:37:53.682800+00:00 [queued]>
[2022-04-23 20:46:53,092] {taskinstance.py:1032} INFO - Dependencies all met for <TaskInstance: local_2_gcs_2_bq_dag.format_to_parquet_task manual__2022-04-23T20:37:53.682800+00:00 [queued]>
[2022-04-23 20:46:53,099] {taskinstance.py:1238} INFO - 
--------------------------------------------------------------------------------
[2022-04-23 20:46:53,102] {taskinstance.py:1239} INFO - Starting attempt 1 of 2
[2022-04-23 20:46:53,108] {taskinstance.py:1240} INFO - 
--------------------------------------------------------------------------------
[2022-04-23 20:46:53,240] {taskinstance.py:1259} INFO - Executing <Task(PythonOperator): format_to_parquet_task> on 2022-04-23 20:37:53.682800+00:00
[2022-04-23 20:46:53,319] {standard_task_runner.py:52} INFO - Started process 619 to run task
[2022-04-23 20:46:53,457] {standard_task_runner.py:76} INFO - Running: ['***', 'tasks', 'run', 'local_2_gcs_2_bq_dag', 'format_to_parquet_task', 'manual__2022-04-23T20:37:53.682800+00:00', '--job-id', '14', '--raw', '--subdir', 'DAGS_FOLDER/download_2_gcs_dag.py', '--cfg-path', '/tmp/tmpt_deqe7v', '--error-file', '/tmp/tmpp7jtg4sq']
[2022-04-23 20:46:53,479] {standard_task_runner.py:77} INFO - Job 14: Subtask format_to_parquet_task
[2022-04-23 20:46:54,095] {logging_mixin.py:109} INFO - Running <TaskInstance: local_2_gcs_2_bq_dag.format_to_parquet_task manual__2022-04-23T20:37:53.682800+00:00 [running]> on host 48adf994ba41
[2022-04-23 20:46:54,321] {taskinstance.py:1426} INFO - Exporting the following env vars:
AIRFLOW_CTX_DAG_OWNER=***
AIRFLOW_CTX_DAG_ID=local_2_gcs_2_bq_dag
AIRFLOW_CTX_TASK_ID=format_to_parquet_task
AIRFLOW_CTX_EXECUTION_DATE=2022-04-23T20:37:53.682800+00:00
AIRFLOW_CTX_DAG_RUN_ID=manual__2022-04-23T20:37:53.682800+00:00
[2022-04-23 20:46:54,655] {python.py:175} INFO - Done. Returned value was: None
[2022-04-23 20:46:54,718] {taskinstance.py:1277} INFO - Marking task as SUCCESS. dag_id=local_2_gcs_2_bq_dag, task_id=format_to_parquet_task, execution_date=20220423T203753, start_date=20220423T204653, end_date=20220423T204654
[2022-04-23 20:46:54,782] {local_task_job.py:154} INFO - Task exited with return code 0
[2022-04-23 20:46:54,892] {local_task_job.py:264} INFO - 1 downstream tasks scheduled from follow-on schedule check
