[2022-04-24 02:18:58,831] {taskinstance.py:1032} INFO - Dependencies all met for <TaskInstance: local_2_gcs_2_bq_dag.download_people_dataset_task manual__2022-04-24T01:52:31.743537+00:00 [queued]>
[2022-04-24 02:18:58,871] {taskinstance.py:1032} INFO - Dependencies all met for <TaskInstance: local_2_gcs_2_bq_dag.download_people_dataset_task manual__2022-04-24T01:52:31.743537+00:00 [queued]>
[2022-04-24 02:18:58,874] {taskinstance.py:1238} INFO - 
--------------------------------------------------------------------------------
[2022-04-24 02:18:58,875] {taskinstance.py:1239} INFO - Starting attempt 2 of 3
[2022-04-24 02:18:58,877] {taskinstance.py:1240} INFO - 
--------------------------------------------------------------------------------
[2022-04-24 02:18:58,927] {taskinstance.py:1259} INFO - Executing <Task(BashOperator): download_people_dataset_task> on 2022-04-24 01:52:31.743537+00:00
[2022-04-24 02:18:58,947] {standard_task_runner.py:52} INFO - Started process 166 to run task
[2022-04-24 02:18:58,967] {standard_task_runner.py:76} INFO - Running: ['***', 'tasks', 'run', 'local_2_gcs_2_bq_dag', 'download_people_dataset_task', 'manual__2022-04-24T01:52:31.743537+00:00', '--job-id', '59', '--raw', '--subdir', 'DAGS_FOLDER/download_2_gcs_dag_V2.py', '--cfg-path', '/tmp/tmps1i_9drx', '--error-file', '/tmp/tmp4az0xhq2']
[2022-04-24 02:18:58,980] {standard_task_runner.py:77} INFO - Job 59: Subtask download_people_dataset_task
[2022-04-24 02:18:59,334] {logging_mixin.py:109} INFO - Running <TaskInstance: local_2_gcs_2_bq_dag.download_people_dataset_task manual__2022-04-24T01:52:31.743537+00:00 [running]> on host 1f2512cca76d
[2022-04-24 02:18:59,719] {taskinstance.py:1426} INFO - Exporting the following env vars:
AIRFLOW_CTX_DAG_OWNER=***
AIRFLOW_CTX_DAG_ID=local_2_gcs_2_bq_dag
AIRFLOW_CTX_TASK_ID=download_people_dataset_task
AIRFLOW_CTX_EXECUTION_DATE=2022-04-24T01:52:31.743537+00:00
AIRFLOW_CTX_DAG_RUN_ID=manual__2022-04-24T01:52:31.743537+00:00
[2022-04-24 02:18:59,730] {subprocess.py:62} INFO - Tmp dir root location: 
 /tmp
[2022-04-24 02:18:59,736] {subprocess.py:74} INFO - Running command: ['bash', '-c', 'curl -sS https://data.cityofchicago.org/api/views/u6pd-qa9d/rows.csv?accessType=DOWNLOAD > /opt/***/u6pd-qa9d.csv']
[2022-04-24 02:18:59,769] {subprocess.py:85} INFO - Output:
[2022-04-24 02:21:37,257] {subprocess.py:93} INFO - Command exited with return code 0
[2022-04-24 02:21:37,425] {taskinstance.py:1277} INFO - Marking task as SUCCESS. dag_id=local_2_gcs_2_bq_dag, task_id=download_people_dataset_task, execution_date=20220424T015231, start_date=20220424T021858, end_date=20220424T022137
[2022-04-24 02:21:37,631] {local_task_job.py:154} INFO - Task exited with return code 0
[2022-04-24 02:21:38,966] {local_task_job.py:264} INFO - 1 downstream tasks scheduled from follow-on schedule check
