[2022-04-28 19:27:18,180] {taskinstance.py:1032} INFO - Dependencies all met for <TaskInstance: dataproc_example_dag.create_dataproc_cluster manual__2022-04-28T02:05:18.918210+00:00 [queued]>
[2022-04-28 19:27:18,226] {taskinstance.py:1032} INFO - Dependencies all met for <TaskInstance: dataproc_example_dag.create_dataproc_cluster manual__2022-04-28T02:05:18.918210+00:00 [queued]>
[2022-04-28 19:27:18,228] {taskinstance.py:1238} INFO - 
--------------------------------------------------------------------------------
[2022-04-28 19:27:18,231] {taskinstance.py:1239} INFO - Starting attempt 2 of 3
[2022-04-28 19:27:18,233] {taskinstance.py:1240} INFO - 
--------------------------------------------------------------------------------
[2022-04-28 19:27:18,280] {taskinstance.py:1259} INFO - Executing <Task(DataprocCreateClusterOperator): create_dataproc_cluster> on 2022-04-28 02:05:18.918210+00:00
[2022-04-28 19:27:18,305] {standard_task_runner.py:52} INFO - Started process 152 to run task
[2022-04-28 19:27:18,343] {standard_task_runner.py:76} INFO - Running: ['***', 'tasks', 'run', 'dataproc_example_dag', 'create_dataproc_cluster', 'manual__2022-04-28T02:05:18.918210+00:00', '--job-id', '28', '--raw', '--subdir', 'DAGS_FOLDER/dataproc_spark_dagv2.py', '--cfg-path', '/tmp/tmplibndh6h', '--error-file', '/tmp/tmpbgg0bcon']
[2022-04-28 19:27:18,347] {standard_task_runner.py:77} INFO - Job 28: Subtask create_dataproc_cluster
[2022-04-28 19:27:18,622] {logging_mixin.py:109} INFO - Running <TaskInstance: dataproc_example_dag.create_dataproc_cluster manual__2022-04-28T02:05:18.918210+00:00 [running]> on host 9fde06ef98c5
[2022-04-28 19:27:19,213] {taskinstance.py:1426} INFO - Exporting the following env vars:
AIRFLOW_CTX_DAG_OWNER=***
AIRFLOW_CTX_DAG_ID=dataproc_example_dag
AIRFLOW_CTX_TASK_ID=create_dataproc_cluster
AIRFLOW_CTX_EXECUTION_DATE=2022-04-28T02:05:18.918210+00:00
AIRFLOW_CTX_DAG_RUN_ID=manual__2022-04-28T02:05:18.918210+00:00
[2022-04-28 19:27:19,218] {dataproc.py:662} INFO - Creating cluster: dtc-capstone-cluster
[2022-04-28 19:27:19,239] {crypto.py:82} WARNING - empty cryptography key - values will not be stored encrypted.
[2022-04-28 19:30:20,617] {dataproc.py:606} INFO - Cluster created.
[2022-04-28 19:30:20,795] {taskinstance.py:1277} INFO - Marking task as SUCCESS. dag_id=dataproc_example_dag, task_id=create_dataproc_cluster, execution_date=20220428T020518, start_date=20220428T192718, end_date=20220428T193020
[2022-04-28 19:30:20,904] {local_task_job.py:154} INFO - Task exited with return code 0
[2022-04-28 19:30:21,038] {local_task_job.py:264} INFO - 1 downstream tasks scheduled from follow-on schedule check
