[2022-04-24 00:11:35,078] {taskinstance.py:1032} INFO - Dependencies all met for <TaskInstance: local_2_gcs_2_bq_dag.local_to_gcs_task scheduled__2022-04-23T00:00:00+00:00 [queued]>
[2022-04-24 00:11:35,094] {taskinstance.py:1032} INFO - Dependencies all met for <TaskInstance: local_2_gcs_2_bq_dag.local_to_gcs_task scheduled__2022-04-23T00:00:00+00:00 [queued]>
[2022-04-24 00:11:35,095] {taskinstance.py:1238} INFO - 
--------------------------------------------------------------------------------
[2022-04-24 00:11:35,100] {taskinstance.py:1239} INFO - Starting attempt 1 of 2
[2022-04-24 00:11:35,102] {taskinstance.py:1240} INFO - 
--------------------------------------------------------------------------------
[2022-04-24 00:11:35,121] {taskinstance.py:1259} INFO - Executing <Task(PythonOperator): local_to_gcs_task> on 2022-04-23 00:00:00+00:00
[2022-04-24 00:11:35,128] {standard_task_runner.py:52} INFO - Started process 985 to run task
[2022-04-24 00:11:35,141] {standard_task_runner.py:76} INFO - Running: ['***', 'tasks', 'run', 'local_2_gcs_2_bq_dag', 'local_to_gcs_task', 'scheduled__2022-04-23T00:00:00+00:00', '--job-id', '9', '--raw', '--subdir', 'DAGS_FOLDER/download_2_gcs_dag_V2.py', '--cfg-path', '/tmp/tmp26utpqa4', '--error-file', '/tmp/tmprw0byqhi']
[2022-04-24 00:11:35,144] {standard_task_runner.py:77} INFO - Job 9: Subtask local_to_gcs_task
[2022-04-24 00:11:35,324] {logging_mixin.py:109} INFO - Running <TaskInstance: local_2_gcs_2_bq_dag.local_to_gcs_task scheduled__2022-04-23T00:00:00+00:00 [running]> on host 65283f82c270
[2022-04-24 00:11:35,423] {taskinstance.py:1426} INFO - Exporting the following env vars:
AIRFLOW_CTX_DAG_OWNER=***
AIRFLOW_CTX_DAG_ID=local_2_gcs_2_bq_dag
AIRFLOW_CTX_TASK_ID=local_to_gcs_task
AIRFLOW_CTX_EXECUTION_DATE=2022-04-23T00:00:00+00:00
AIRFLOW_CTX_DAG_RUN_ID=scheduled__2022-04-23T00:00:00+00:00
[2022-04-24 00:11:35,862] {python.py:175} INFO - Done. Returned value was: None
[2022-04-24 00:11:35,893] {taskinstance.py:1277} INFO - Marking task as SUCCESS. dag_id=local_2_gcs_2_bq_dag, task_id=local_to_gcs_task, execution_date=20220423T000000, start_date=20220424T001135, end_date=20220424T001135
[2022-04-24 00:11:35,973] {local_task_job.py:154} INFO - Task exited with return code 0
[2022-04-24 00:11:36,091] {local_task_job.py:264} INFO - 1 downstream tasks scheduled from follow-on schedule check
