[2022-04-24 00:55:42,040] {taskinstance.py:1032} INFO - Dependencies all met for <TaskInstance: local_2_gcs_2_bq_dag.local_to_gcs_task scheduled__2022-04-23T00:00:00+00:00 [queued]>
[2022-04-24 00:55:42,072] {taskinstance.py:1032} INFO - Dependencies all met for <TaskInstance: local_2_gcs_2_bq_dag.local_to_gcs_task scheduled__2022-04-23T00:00:00+00:00 [queued]>
[2022-04-24 00:55:42,073] {taskinstance.py:1238} INFO - 
--------------------------------------------------------------------------------
[2022-04-24 00:55:42,075] {taskinstance.py:1239} INFO - Starting attempt 3 of 4
[2022-04-24 00:55:42,077] {taskinstance.py:1240} INFO - 
--------------------------------------------------------------------------------
[2022-04-24 00:55:42,100] {taskinstance.py:1259} INFO - Executing <Task(PythonOperator): local_to_gcs_task> on 2022-04-23 00:00:00+00:00
[2022-04-24 00:55:42,123] {standard_task_runner.py:52} INFO - Started process 2814 to run task
[2022-04-24 00:55:42,146] {standard_task_runner.py:76} INFO - Running: ['***', 'tasks', 'run', 'local_2_gcs_2_bq_dag', 'local_to_gcs_task', 'scheduled__2022-04-23T00:00:00+00:00', '--job-id', '24', '--raw', '--subdir', 'DAGS_FOLDER/download_2_gcs_dag_V2.py', '--cfg-path', '/tmp/tmpwxtag68e', '--error-file', '/tmp/tmpxct310r9']
[2022-04-24 00:55:42,149] {standard_task_runner.py:77} INFO - Job 24: Subtask local_to_gcs_task
[2022-04-24 00:55:42,294] {logging_mixin.py:109} INFO - Running <TaskInstance: local_2_gcs_2_bq_dag.local_to_gcs_task scheduled__2022-04-23T00:00:00+00:00 [running]> on host 65283f82c270
[2022-04-24 00:55:42,375] {taskinstance.py:1426} INFO - Exporting the following env vars:
AIRFLOW_CTX_DAG_OWNER=***
AIRFLOW_CTX_DAG_ID=local_2_gcs_2_bq_dag
AIRFLOW_CTX_TASK_ID=local_to_gcs_task
AIRFLOW_CTX_EXECUTION_DATE=2022-04-23T00:00:00+00:00
AIRFLOW_CTX_DAG_RUN_ID=scheduled__2022-04-23T00:00:00+00:00
[2022-04-24 00:55:42,779] {python.py:175} INFO - Done. Returned value was: None
[2022-04-24 00:55:42,799] {taskinstance.py:1277} INFO - Marking task as SUCCESS. dag_id=local_2_gcs_2_bq_dag, task_id=local_to_gcs_task, execution_date=20220423T000000, start_date=20220424T005542, end_date=20220424T005542
[2022-04-24 00:55:42,859] {local_task_job.py:154} INFO - Task exited with return code 0
[2022-04-24 00:55:42,928] {local_task_job.py:264} INFO - 1 downstream tasks scheduled from follow-on schedule check
