[2022-04-24 00:55:48,553] {taskinstance.py:1032} INFO - Dependencies all met for <TaskInstance: local_2_gcs_2_bq_dag.delete_dataset_task scheduled__2022-04-23T00:00:00+00:00 [queued]>
[2022-04-24 00:55:48,589] {taskinstance.py:1032} INFO - Dependencies all met for <TaskInstance: local_2_gcs_2_bq_dag.delete_dataset_task scheduled__2022-04-23T00:00:00+00:00 [queued]>
[2022-04-24 00:55:48,591] {taskinstance.py:1238} INFO - 
--------------------------------------------------------------------------------
[2022-04-24 00:55:48,593] {taskinstance.py:1239} INFO - Starting attempt 1 of 2
[2022-04-24 00:55:48,594] {taskinstance.py:1240} INFO - 
--------------------------------------------------------------------------------
[2022-04-24 00:55:48,617] {taskinstance.py:1259} INFO - Executing <Task(BashOperator): delete_dataset_task> on 2022-04-23 00:00:00+00:00
[2022-04-24 00:55:48,626] {standard_task_runner.py:52} INFO - Started process 2828 to run task
[2022-04-24 00:55:48,638] {standard_task_runner.py:76} INFO - Running: ['***', 'tasks', 'run', 'local_2_gcs_2_bq_dag', 'delete_dataset_task', 'scheduled__2022-04-23T00:00:00+00:00', '--job-id', '26', '--raw', '--subdir', 'DAGS_FOLDER/download_2_gcs_dag_V2.py', '--cfg-path', '/tmp/tmps8g7ini3', '--error-file', '/tmp/tmpawikyei4']
[2022-04-24 00:55:48,641] {standard_task_runner.py:77} INFO - Job 26: Subtask delete_dataset_task
[2022-04-24 00:55:48,764] {logging_mixin.py:109} INFO - Running <TaskInstance: local_2_gcs_2_bq_dag.delete_dataset_task scheduled__2022-04-23T00:00:00+00:00 [running]> on host 65283f82c270
[2022-04-24 00:55:48,877] {taskinstance.py:1426} INFO - Exporting the following env vars:
AIRFLOW_CTX_DAG_OWNER=***
AIRFLOW_CTX_DAG_ID=local_2_gcs_2_bq_dag
AIRFLOW_CTX_TASK_ID=delete_dataset_task
AIRFLOW_CTX_EXECUTION_DATE=2022-04-23T00:00:00+00:00
AIRFLOW_CTX_DAG_RUN_ID=scheduled__2022-04-23T00:00:00+00:00
[2022-04-24 00:55:48,880] {subprocess.py:62} INFO - Tmp dir root location: 
 /tmp
[2022-04-24 00:55:48,882] {subprocess.py:74} INFO - Running command: ['bash', '-c', 'rm /opt/***/u6pd-qa9d.csv /opt/***/u6pd-qa9d.parquet']
[2022-04-24 00:55:48,906] {subprocess.py:85} INFO - Output:
[2022-04-24 00:55:48,923] {subprocess.py:93} INFO - Command exited with return code 0
[2022-04-24 00:55:48,987] {taskinstance.py:1277} INFO - Marking task as SUCCESS. dag_id=local_2_gcs_2_bq_dag, task_id=delete_dataset_task, execution_date=20220423T000000, start_date=20220424T005548, end_date=20220424T005548
[2022-04-24 00:55:49,068] {local_task_job.py:154} INFO - Task exited with return code 0
[2022-04-24 00:55:49,155] {local_task_job.py:264} INFO - 0 downstream tasks scheduled from follow-on schedule check
