[2022-05-01 15:46:26,227] {taskinstance.py:1032} INFO - Dependencies all met for <TaskInstance: local_gcs_sparkdataproc_bq_dag.download_local_and_upload_GCS.vehicles_local_to_gcs_task scheduled__2022-05-01T00:00:00+00:00 [queued]>
[2022-05-01 15:46:26,744] {taskinstance.py:1032} INFO - Dependencies all met for <TaskInstance: local_gcs_sparkdataproc_bq_dag.download_local_and_upload_GCS.vehicles_local_to_gcs_task scheduled__2022-05-01T00:00:00+00:00 [queued]>
[2022-05-01 15:46:26,766] {taskinstance.py:1238} INFO - 
--------------------------------------------------------------------------------
[2022-05-01 15:46:26,775] {taskinstance.py:1239} INFO - Starting attempt 1 of 2
[2022-05-01 15:46:26,778] {taskinstance.py:1240} INFO - 
--------------------------------------------------------------------------------
[2022-05-01 15:46:27,396] {taskinstance.py:1259} INFO - Executing <Task(PythonOperator): download_local_and_upload_GCS.vehicles_local_to_gcs_task> on 2022-05-01 00:00:00+00:00
[2022-05-01 15:46:27,531] {standard_task_runner.py:52} INFO - Started process 1160 to run task
[2022-05-01 15:46:27,662] {standard_task_runner.py:76} INFO - Running: ['***', 'tasks', 'run', 'local_gcs_sparkdataproc_bq_dag', 'download_local_and_upload_GCS.vehicles_local_to_gcs_task', 'scheduled__2022-05-01T00:00:00+00:00', '--job-id', '22', '--raw', '--subdir', 'DAGS_FOLDER/final_dag.py', '--cfg-path', '/tmp/tmpx02_7ux8', '--error-file', '/tmp/tmp9il3x97u']
[2022-05-01 15:46:27,678] {standard_task_runner.py:77} INFO - Job 22: Subtask download_local_and_upload_GCS.vehicles_local_to_gcs_task
[2022-05-01 15:46:29,073] {logging_mixin.py:109} INFO - Running <TaskInstance: local_gcs_sparkdataproc_bq_dag.download_local_and_upload_GCS.vehicles_local_to_gcs_task scheduled__2022-05-01T00:00:00+00:00 [running]> on host 97b9d78a285f
[2022-05-01 15:46:30,858] {taskinstance.py:1426} INFO - Exporting the following env vars:
AIRFLOW_CTX_DAG_OWNER=***
AIRFLOW_CTX_DAG_ID=local_gcs_sparkdataproc_bq_dag
AIRFLOW_CTX_TASK_ID=download_local_and_upload_GCS.vehicles_local_to_gcs_task
AIRFLOW_CTX_EXECUTION_DATE=2022-05-01T00:00:00+00:00
AIRFLOW_CTX_DAG_RUN_ID=scheduled__2022-05-01T00:00:00+00:00
[2022-05-01 15:49:17,469] {python.py:175} INFO - Done. Returned value was: None
[2022-05-01 15:49:17,849] {taskinstance.py:1277} INFO - Marking task as SUCCESS. dag_id=local_gcs_sparkdataproc_bq_dag, task_id=download_local_and_upload_GCS.vehicles_local_to_gcs_task, execution_date=20220501T000000, start_date=20220501T154626, end_date=20220501T154917
[2022-05-01 15:49:18,208] {local_task_job.py:154} INFO - Task exited with return code 0
[2022-05-01 15:49:18,632] {local_task_job.py:264} INFO - 1 downstream tasks scheduled from follow-on schedule check
