[2022-04-30 02:46:39,540] {taskinstance.py:1032} INFO - Dependencies all met for <TaskInstance: dataproc_bqext_bqpart_dag.delete_cluster manual__2022-04-30T02:41:16.885061+00:00 [queued]>
[2022-04-30 02:46:39,618] {taskinstance.py:1032} INFO - Dependencies all met for <TaskInstance: dataproc_bqext_bqpart_dag.delete_cluster manual__2022-04-30T02:41:16.885061+00:00 [queued]>
[2022-04-30 02:46:39,625] {taskinstance.py:1238} INFO - 
--------------------------------------------------------------------------------
[2022-04-30 02:46:39,628] {taskinstance.py:1239} INFO - Starting attempt 1 of 2
[2022-04-30 02:46:39,634] {taskinstance.py:1240} INFO - 
--------------------------------------------------------------------------------
[2022-04-30 02:46:39,704] {taskinstance.py:1259} INFO - Executing <Task(DataprocDeleteClusterOperator): delete_cluster> on 2022-04-30 02:41:16.885061+00:00
[2022-04-30 02:46:39,766] {standard_task_runner.py:52} INFO - Started process 547 to run task
[2022-04-30 02:46:39,833] {standard_task_runner.py:76} INFO - Running: ['***', 'tasks', 'run', 'dataproc_bqext_bqpart_dag', 'delete_cluster', 'manual__2022-04-30T02:41:16.885061+00:00', '--job-id', '5', '--raw', '--subdir', 'DAGS_FOLDER/dataproc_spark_dagv3.py', '--cfg-path', '/tmp/tmp9ynhxl00', '--error-file', '/tmp/tmp1wwenblk']
[2022-04-30 02:46:39,887] {standard_task_runner.py:77} INFO - Job 5: Subtask delete_cluster
[2022-04-30 02:46:40,189] {logging_mixin.py:109} INFO - Running <TaskInstance: dataproc_bqext_bqpart_dag.delete_cluster manual__2022-04-30T02:41:16.885061+00:00 [running]> on host 2793a00d8448
[2022-04-30 02:46:40,514] {taskinstance.py:1426} INFO - Exporting the following env vars:
AIRFLOW_CTX_DAG_OWNER=***
AIRFLOW_CTX_DAG_ID=dataproc_bqext_bqpart_dag
AIRFLOW_CTX_TASK_ID=delete_cluster
AIRFLOW_CTX_EXECUTION_DATE=2022-04-30T02:41:16.885061+00:00
AIRFLOW_CTX_DAG_RUN_ID=manual__2022-04-30T02:41:16.885061+00:00
[2022-04-30 02:46:40,521] {crypto.py:82} WARNING - empty cryptography key - values will not be stored encrypted.
[2022-04-30 02:46:40,527] {dataproc.py:918} INFO - Deleting cluster: dtc-capstone-cluster
[2022-04-30 02:47:29,167] {dataproc.py:930} INFO - Cluster deleted.
[2022-04-30 02:47:29,199] {taskinstance.py:1277} INFO - Marking task as SUCCESS. dag_id=dataproc_bqext_bqpart_dag, task_id=delete_cluster, execution_date=20220430T024116, start_date=20220430T024639, end_date=20220430T024729
[2022-04-30 02:47:29,261] {local_task_job.py:154} INFO - Task exited with return code 0
[2022-04-30 02:47:29,340] {local_task_job.py:264} INFO - 1 downstream tasks scheduled from follow-on schedule check
