[2022-04-30 23:21:24,873] {taskinstance.py:1032} INFO - Dependencies all met for <TaskInstance: dataproc_bqext_bqpart_dag.delete_cluster manual__2022-04-30T02:41:16.885061+00:00 [queued]>
[2022-04-30 23:21:24,912] {taskinstance.py:1032} INFO - Dependencies all met for <TaskInstance: dataproc_bqext_bqpart_dag.delete_cluster manual__2022-04-30T02:41:16.885061+00:00 [queued]>
[2022-04-30 23:21:24,914] {taskinstance.py:1238} INFO - 
--------------------------------------------------------------------------------
[2022-04-30 23:21:24,916] {taskinstance.py:1239} INFO - Starting attempt 3 of 4
[2022-04-30 23:21:24,926] {taskinstance.py:1240} INFO - 
--------------------------------------------------------------------------------
[2022-04-30 23:21:24,969] {taskinstance.py:1259} INFO - Executing <Task(DataprocDeleteClusterOperator): delete_cluster> on 2022-04-30 02:41:16.885061+00:00
[2022-04-30 23:21:24,986] {standard_task_runner.py:52} INFO - Started process 1653 to run task
[2022-04-30 23:21:25,013] {standard_task_runner.py:76} INFO - Running: ['***', 'tasks', 'run', 'dataproc_bqext_bqpart_dag', 'delete_cluster', 'manual__2022-04-30T02:41:16.885061+00:00', '--job-id', '30', '--raw', '--subdir', 'DAGS_FOLDER/dataproc_spark_dagv3.py', '--cfg-path', '/tmp/tmpa7yath5v', '--error-file', '/tmp/tmpr8hgsc_d']
[2022-04-30 23:21:25,016] {standard_task_runner.py:77} INFO - Job 30: Subtask delete_cluster
[2022-04-30 23:21:25,241] {logging_mixin.py:109} INFO - Running <TaskInstance: dataproc_bqext_bqpart_dag.delete_cluster manual__2022-04-30T02:41:16.885061+00:00 [running]> on host 5836c044666c
[2022-04-30 23:21:25,362] {taskinstance.py:1426} INFO - Exporting the following env vars:
AIRFLOW_CTX_DAG_OWNER=***
AIRFLOW_CTX_DAG_ID=dataproc_bqext_bqpart_dag
AIRFLOW_CTX_TASK_ID=delete_cluster
AIRFLOW_CTX_EXECUTION_DATE=2022-04-30T02:41:16.885061+00:00
AIRFLOW_CTX_DAG_RUN_ID=manual__2022-04-30T02:41:16.885061+00:00
[2022-04-30 23:21:25,371] {crypto.py:82} WARNING - empty cryptography key - values will not be stored encrypted.
[2022-04-30 23:21:25,374] {dataproc.py:918} INFO - Deleting cluster: dtc-capstone-cluster
[2022-04-30 23:21:48,371] {dataproc.py:930} INFO - Cluster deleted.
[2022-04-30 23:21:48,405] {taskinstance.py:1277} INFO - Marking task as SUCCESS. dag_id=dataproc_bqext_bqpart_dag, task_id=delete_cluster, execution_date=20220430T024116, start_date=20220430T232124, end_date=20220430T232148
[2022-04-30 23:21:48,489] {local_task_job.py:154} INFO - Task exited with return code 0
[2022-04-30 23:21:48,571] {local_task_job.py:264} INFO - 1 downstream tasks scheduled from follow-on schedule check
