[2022-05-01 15:55:23,378] {taskinstance.py:1032} INFO - Dependencies all met for <TaskInstance: local_gcs_sparkdataproc_bq_dag.sparkdataproc_and_bigquery.bigquery_external_table_task scheduled__2022-05-01T00:00:00+00:00 [queued]>
[2022-05-01 15:55:23,398] {taskinstance.py:1032} INFO - Dependencies all met for <TaskInstance: local_gcs_sparkdataproc_bq_dag.sparkdataproc_and_bigquery.bigquery_external_table_task scheduled__2022-05-01T00:00:00+00:00 [queued]>
[2022-05-01 15:55:23,401] {taskinstance.py:1238} INFO - 
--------------------------------------------------------------------------------
[2022-05-01 15:55:23,403] {taskinstance.py:1239} INFO - Starting attempt 1 of 2
[2022-05-01 15:55:23,410] {taskinstance.py:1240} INFO - 
--------------------------------------------------------------------------------
[2022-05-01 15:55:23,438] {taskinstance.py:1259} INFO - Executing <Task(BigQueryCreateExternalTableOperator): sparkdataproc_and_bigquery.bigquery_external_table_task> on 2022-05-01 00:00:00+00:00
[2022-05-01 15:55:23,456] {standard_task_runner.py:52} INFO - Started process 1535 to run task
[2022-05-01 15:55:23,477] {standard_task_runner.py:76} INFO - Running: ['***', 'tasks', 'run', 'local_gcs_sparkdataproc_bq_dag', 'sparkdataproc_and_bigquery.bigquery_external_table_task', 'scheduled__2022-05-01T00:00:00+00:00', '--job-id', '29', '--raw', '--subdir', 'DAGS_FOLDER/final_dag.py', '--cfg-path', '/tmp/tmpfhud1u23', '--error-file', '/tmp/tmpq6s4l06d']
[2022-05-01 15:55:23,481] {standard_task_runner.py:77} INFO - Job 29: Subtask sparkdataproc_and_bigquery.bigquery_external_table_task
[2022-05-01 15:55:23,637] {logging_mixin.py:109} INFO - Running <TaskInstance: local_gcs_sparkdataproc_bq_dag.sparkdataproc_and_bigquery.bigquery_external_table_task scheduled__2022-05-01T00:00:00+00:00 [running]> on host 97b9d78a285f
[2022-05-01 15:55:23,794] {taskinstance.py:1426} INFO - Exporting the following env vars:
AIRFLOW_CTX_DAG_OWNER=***
AIRFLOW_CTX_DAG_ID=local_gcs_sparkdataproc_bq_dag
AIRFLOW_CTX_TASK_ID=sparkdataproc_and_bigquery.bigquery_external_table_task
AIRFLOW_CTX_EXECUTION_DATE=2022-05-01T00:00:00+00:00
AIRFLOW_CTX_DAG_RUN_ID=scheduled__2022-05-01T00:00:00+00:00
[2022-05-01 15:55:23,805] {crypto.py:82} WARNING - empty cryptography key - values will not be stored encrypted.
[2022-05-01 15:55:24,675] {taskinstance.py:1277} INFO - Marking task as SUCCESS. dag_id=local_gcs_sparkdataproc_bq_dag, task_id=sparkdataproc_and_bigquery.bigquery_external_table_task, execution_date=20220501T000000, start_date=20220501T155523, end_date=20220501T155524
[2022-05-01 15:55:24,785] {local_task_job.py:154} INFO - Task exited with return code 0
[2022-05-01 15:55:24,920] {local_task_job.py:264} INFO - 1 downstream tasks scheduled from follow-on schedule check
